{"/home/runner/work/primoPokerServerlessCF/primoPokerServerlessCF/packages/core/src/betting-engine.ts": {"path":"/home/runner/work/primoPokerServerlessCF/primoPokerServerlessCF/packages/core/src/betting-engine.ts","statementMap":{"0":{"start":{"line":11,"column":0},"end":{"line":11,"column":73}},"1":{"start":{"line":56,"column":4},"end":{"line":56,"column":null}},"2":{"start":{"line":57,"column":4},"end":{"line":57,"column":null}},"3":{"start":{"line":69,"column":19},"end":{"line":69,"column":47}},"4":{"start":{"line":70,"column":4},"end":{"line":72,"column":5}},"5":{"start":{"line":71,"column":6},"end":{"line":71,"column":null}},"6":{"start":{"line":74,"column":4},"end":{"line":76,"column":5}},"7":{"start":{"line":75,"column":6},"end":{"line":75,"column":null}},"8":{"start":{"line":78,"column":18},"end":{"line":78,"column":83}},"9":{"start":{"line":80,"column":4},"end":{"line":141,"column":5}},"10":{"start":{"line":82,"column":8},"end":{"line":82,"column":null}},"11":{"start":{"line":85,"column":8},"end":{"line":87,"column":9}},"12":{"start":{"line":86,"column":10},"end":{"line":86,"column":null}},"13":{"start":{"line":88,"column":8},"end":{"line":88,"column":null}},"14":{"start":{"line":91,"column":8},"end":{"line":93,"column":9}},"15":{"start":{"line":92,"column":10},"end":{"line":92,"column":null}},"16":{"start":{"line":94,"column":8},"end":{"line":99,"column":9}},"17":{"start":{"line":95,"column":10},"end":{"line":98,"column":null}},"18":{"start":{"line":100,"column":8},"end":{"line":100,"column":null}},"19":{"start":{"line":103,"column":8},"end":{"line":105,"column":9}},"20":{"start":{"line":104,"column":10},"end":{"line":104,"column":null}},"21":{"start":{"line":106,"column":8},"end":{"line":108,"column":9}},"22":{"start":{"line":107,"column":10},"end":{"line":107,"column":null}},"23":{"start":{"line":109,"column":8},"end":{"line":111,"column":9}},"24":{"start":{"line":110,"column":10},"end":{"line":110,"column":null}},"25":{"start":{"line":112,"column":8},"end":{"line":112,"column":null}},"26":{"start":{"line":115,"column":8},"end":{"line":117,"column":9}},"27":{"start":{"line":116,"column":10},"end":{"line":116,"column":null}},"28":{"start":{"line":118,"column":25},"end":{"line":118,"column":65}},"29":{"start":{"line":119,"column":8},"end":{"line":124,"column":9}},"30":{"start":{"line":120,"column":10},"end":{"line":123,"column":null}},"31":{"start":{"line":125,"column":8},"end":{"line":127,"column":9}},"32":{"start":{"line":126,"column":10},"end":{"line":126,"column":null}},"33":{"start":{"line":128,"column":8},"end":{"line":128,"column":null}},"34":{"start":{"line":131,"column":8},"end":{"line":133,"column":9}},"35":{"start":{"line":132,"column":10},"end":{"line":132,"column":null}},"36":{"start":{"line":134,"column":8},"end":{"line":137,"column":null}},"37":{"start":{"line":140,"column":8},"end":{"line":140,"column":null}},"38":{"start":{"line":153,"column":19},"end":{"line":153,"column":40}},"39":{"start":{"line":154,"column":4},"end":{"line":156,"column":5}},"40":{"start":{"line":155,"column":6},"end":{"line":155,"column":null}},"41":{"start":{"line":158,"column":29},"end":{"line":158,"column":51}},"42":{"start":{"line":159,"column":23},"end":{"line":159,"column":65}},"43":{"start":{"line":160,"column":20},"end":{"line":160,"column":64}},"44":{"start":{"line":161,"column":21},"end":{"line":161,"column":37}},"45":{"start":{"line":162,"column":21},"end":{"line":162,"column":64}},"46":{"start":{"line":163,"column":28},"end":{"line":163,"column":54}},"47":{"start":{"line":166,"column":19},"end":{"line":166,"column":68}},"48":{"start":{"line":167,"column":19},"end":{"line":167,"column":31}},"49":{"start":{"line":168,"column":21},"end":{"line":168,"column":69}},"50":{"start":{"line":170,"column":4},"end":{"line":179,"column":null}},"51":{"start":{"line":190,"column":27},"end":{"line":190,"column":43}},"52":{"start":{"line":191,"column":19},"end":{"line":191,"column":55}},"53":{"start":{"line":193,"column":4},"end":{"line":228,"column":5}},"54":{"start":{"line":195,"column":8},"end":{"line":195,"column":null}},"55":{"start":{"line":196,"column":8},"end":{"line":196,"column":null}},"56":{"start":{"line":197,"column":8},"end":{"line":197,"column":13}},"57":{"start":{"line":200,"column":8},"end":{"line":200,"column":null}},"58":{"start":{"line":201,"column":8},"end":{"line":201,"column":13}},"59":{"start":{"line":204,"column":27},"end":{"line":204,"column":64}},"60":{"start":{"line":205,"column":8},"end":{"line":205,"column":null}},"61":{"start":{"line":206,"column":8},"end":{"line":206,"column":null}},"62":{"start":{"line":207,"column":8},"end":{"line":207,"column":null}},"63":{"start":{"line":208,"column":8},"end":{"line":208,"column":null}},"64":{"start":{"line":209,"column":8},"end":{"line":209,"column":13}},"65":{"start":{"line":213,"column":8},"end":{"line":213,"column":null}},"66":{"start":{"line":214,"column":8},"end":{"line":214,"column":null}},"67":{"start":{"line":215,"column":8},"end":{"line":215,"column":null}},"68":{"start":{"line":216,"column":8},"end":{"line":216,"column":null}},"69":{"start":{"line":217,"column":8},"end":{"line":217,"column":13}},"70":{"start":{"line":220,"column":28},"end":{"line":220,"column":40}},"71":{"start":{"line":221,"column":8},"end":{"line":221,"column":null}},"72":{"start":{"line":222,"column":8},"end":{"line":222,"column":null}},"73":{"start":{"line":223,"column":8},"end":{"line":223,"column":null}},"74":{"start":{"line":224,"column":8},"end":{"line":224,"column":null}},"75":{"start":{"line":225,"column":8},"end":{"line":225,"column":null}},"76":{"start":{"line":226,"column":8},"end":{"line":226,"column":null}},"77":{"start":{"line":227,"column":8},"end":{"line":227,"column":13}},"78":{"start":{"line":230,"column":4},"end":{"line":230,"column":null}},"79":{"start":{"line":237,"column":25},"end":{"line":237,"column":53}},"80":{"start":{"line":238,"column":26},"end":{"line":238,"column":83}},"81":{"start":{"line":238,"column":51},"end":{"line":238,"column":82}},"82":{"start":{"line":240,"column":4},"end":{"line":242,"column":5}},"83":{"start":{"line":241,"column":6},"end":{"line":241,"column":null}},"84":{"start":{"line":245,"column":4},"end":{"line":245,"column":null}},"85":{"start":{"line":245,"column":33},"end":{"line":245,"column":74}},"86":{"start":{"line":247,"column":32},"end":{"line":247,"column":34}},"87":{"start":{"line":248,"column":22},"end":{"line":248,"column":23}},"88":{"start":{"line":250,"column":4},"end":{"line":270,"column":5}},"89":{"start":{"line":250,"column":17},"end":{"line":250,"column":18}},"90":{"start":{"line":251,"column":25},"end":{"line":251,"column":58}},"91":{"start":{"line":252,"column":28},"end":{"line":252,"column":52}},"92":{"start":{"line":254,"column":6},"end":{"line":269,"column":7}},"93":{"start":{"line":255,"column":32},"end":{"line":258,"column":41}},"94":{"start":{"line":257,"column":20},"end":{"line":257,"column":24}},"95":{"start":{"line":258,"column":24},"end":{"line":258,"column":40}},"96":{"start":{"line":260,"column":26},"end":{"line":260,"column":64}},"97":{"start":{"line":262,"column":8},"end":{"line":266,"column":null}},"98":{"start":{"line":268,"column":8},"end":{"line":268,"column":null}},"99":{"start":{"line":272,"column":4},"end":{"line":272,"column":null}},"100":{"start":{"line":282,"column":26},"end":{"line":283,"column":null}},"101":{"start":{"line":283,"column":11},"end":{"line":283,"column":58}},"102":{"start":{"line":287,"column":4},"end":{"line":289,"column":5}},"103":{"start":{"line":288,"column":6},"end":{"line":288,"column":null}},"104":{"start":{"line":292,"column":4},"end":{"line":295,"column":null}},"105":{"start":{"line":293,"column":6},"end":{"line":294,"column":45}},"106":{"start":{"line":305,"column":25},"end":{"line":305,"column":53}},"107":{"start":{"line":306,"column":26},"end":{"line":306,"column":63}},"108":{"start":{"line":306,"column":51},"end":{"line":306,"column":62}},"109":{"start":{"line":308,"column":4},"end":{"line":310,"column":5}},"110":{"start":{"line":309,"column":6},"end":{"line":309,"column":null}},"111":{"start":{"line":312,"column":27},"end":{"line":312,"column":43}},"112":{"start":{"line":313,"column":14},"end":{"line":313,"column":15}},"113":{"start":{"line":316,"column":29},"end":{"line":316,"column":89}},"114":{"start":{"line":317,"column":27},"end":{"line":317,"column":87}},"115":{"start":{"line":320,"column":4},"end":{"line":325,"column":5}},"116":{"start":{"line":321,"column":23},"end":{"line":321,"column":72}},"117":{"start":{"line":322,"column":6},"end":{"line":322,"column":null}},"118":{"start":{"line":323,"column":6},"end":{"line":323,"column":null}},"119":{"start":{"line":324,"column":6},"end":{"line":324,"column":null}},"120":{"start":{"line":328,"column":4},"end":{"line":333,"column":5}},"121":{"start":{"line":329,"column":23},"end":{"line":329,"column":68}},"122":{"start":{"line":330,"column":6},"end":{"line":330,"column":null}},"123":{"start":{"line":331,"column":6},"end":{"line":331,"column":null}},"124":{"start":{"line":332,"column":6},"end":{"line":332,"column":null}},"125":{"start":{"line":335,"column":4},"end":{"line":335,"column":null}},"126":{"start":{"line":339,"column":25},"end":{"line":339,"column":53}},"127":{"start":{"line":340,"column":26},"end":{"line":340,"column":63}},"128":{"start":{"line":340,"column":51},"end":{"line":340,"column":62}},"129":{"start":{"line":342,"column":4},"end":{"line":342,"column":null}},"130":{"start":{"line":342,"column":36},"end":{"line":342,"column":null}},"131":{"start":{"line":344,"column":29},"end":{"line":344,"column":60}},"132":{"start":{"line":345,"column":4},"end":{"line":345,"column":null}},"133":{"start":{"line":352,"column":27},"end":{"line":352,"column":43}},"134":{"start":{"line":354,"column":4},"end":{"line":357,"column":null}},"135":{"start":{"line":355,"column":6},"end":{"line":355,"column":null}},"136":{"start":{"line":356,"column":6},"end":{"line":356,"column":null}},"137":{"start":{"line":359,"column":4},"end":{"line":359,"column":null}},"138":{"start":{"line":51,"column":0},"end":{"line":51,"column":13}}},"fnMap":{"0":{"name":"(anonymous_0)","decl":{"start":{"line":55,"column":2},"end":{"line":55,"column":14}},"loc":{"start":{"line":55,"column":60},"end":{"line":58,"column":3}}},"1":{"name":"(anonymous_1)","decl":{"start":{"line":63,"column":2},"end":{"line":63,"column":16}},"loc":{"start":{"line":67,"column":20},"end":{"line":142,"column":3}}},"2":{"name":"(anonymous_2)","decl":{"start":{"line":147,"column":2},"end":{"line":147,"column":17}},"loc":{"start":{"line":151,"column":20},"end":{"line":180,"column":3}}},"3":{"name":"(anonymous_3)","decl":{"start":{"line":185,"column":2},"end":{"line":185,"column":15}},"loc":{"start":{"line":188,"column":15},"end":{"line":231,"column":3}}},"4":{"name":"(anonymous_4)","decl":{"start":{"line":236,"column":2},"end":{"line":236,"column":19}},"loc":{"start":{"line":236,"column":52},"end":{"line":273,"column":3}}},"5":{"name":"(anonymous_5)","decl":{"start":{"line":238,"column":46},"end":{"line":238,"column":47}},"loc":{"start":{"line":238,"column":51},"end":{"line":238,"column":82}}},"6":{"name":"(anonymous_6)","decl":{"start":{"line":245,"column":23},"end":{"line":245,"column":24}},"loc":{"start":{"line":245,"column":33},"end":{"line":245,"column":74}}},"7":{"name":"(anonymous_7)","decl":{"start":{"line":257,"column":15},"end":{"line":257,"column":16}},"loc":{"start":{"line":257,"column":20},"end":{"line":257,"column":24}}},"8":{"name":"(anonymous_8)","decl":{"start":{"line":258,"column":18},"end":{"line":258,"column":20}},"loc":{"start":{"line":258,"column":24},"end":{"line":258,"column":40}}},"9":{"name":"(anonymous_9)","decl":{"start":{"line":278,"column":2},"end":{"line":278,"column":24}},"loc":{"start":{"line":280,"column":22},"end":{"line":296,"column":3}}},"10":{"name":"(anonymous_10)","decl":{"start":{"line":283,"column":6},"end":{"line":283,"column":7}},"loc":{"start":{"line":283,"column":11},"end":{"line":283,"column":58}}},"11":{"name":"(anonymous_11)","decl":{"start":{"line":292,"column":31},"end":{"line":292,"column":37}},"loc":{"start":{"line":293,"column":6},"end":{"line":294,"column":45}}},"12":{"name":"(anonymous_12)","decl":{"start":{"line":301,"column":2},"end":{"line":301,"column":12}},"loc":{"start":{"line":303,"column":26},"end":{"line":336,"column":3}}},"13":{"name":"(anonymous_13)","decl":{"start":{"line":306,"column":46},"end":{"line":306,"column":47}},"loc":{"start":{"line":306,"column":51},"end":{"line":306,"column":62}}},"14":{"name":"(anonymous_14)","decl":{"start":{"line":338,"column":10},"end":{"line":338,"column":29}},"loc":{"start":{"line":338,"column":80},"end":{"line":346,"column":3}}},"15":{"name":"(anonymous_15)","decl":{"start":{"line":340,"column":46},"end":{"line":340,"column":47}},"loc":{"start":{"line":340,"column":51},"end":{"line":340,"column":62}}},"16":{"name":"(anonymous_16)","decl":{"start":{"line":351,"column":2},"end":{"line":351,"column":18}},"loc":{"start":{"line":351,"column":51},"end":{"line":360,"column":3}}},"17":{"name":"(anonymous_17)","decl":{"start":{"line":354,"column":27},"end":{"line":354,"column":33}},"loc":{"start":{"line":354,"column":36},"end":{"line":357,"column":5}}}},"branchMap":{"0":{"loc":{"start":{"line":55,"column":14},"end":{"line":55,"column":37}},"type":"default-arg","locations":[{"start":{"line":55,"column":35},"end":{"line":55,"column":37}}]},"1":{"loc":{"start":{"line":55,"column":39},"end":{"line":55,"column":60}},"type":"default-arg","locations":[{"start":{"line":55,"column":58},"end":{"line":55,"column":60}}]},"2":{"loc":{"start":{"line":70,"column":4},"end":{"line":72,"column":5}},"type":"if","locations":[{"start":{"line":70,"column":4},"end":{"line":72,"column":5}}]},"3":{"loc":{"start":{"line":74,"column":4},"end":{"line":76,"column":5}},"type":"if","locations":[{"start":{"line":74,"column":4},"end":{"line":76,"column":5}}]},"4":{"loc":{"start":{"line":74,"column":8},"end":{"line":74,"column":51}},"type":"binary-expr","locations":[{"start":{"line":74,"column":8},"end":{"line":74,"column":25}},{"start":{"line":74,"column":29},"end":{"line":74,"column":51}}]},"5":{"loc":{"start":{"line":80,"column":4},"end":{"line":141,"column":5}},"type":"switch","locations":[{"start":{"line":81,"column":6},"end":{"line":82,"column":null}},{"start":{"line":84,"column":6},"end":{"line":88,"column":null}},{"start":{"line":90,"column":6},"end":{"line":100,"column":null}},{"start":{"line":102,"column":6},"end":{"line":112,"column":null}},{"start":{"line":114,"column":6},"end":{"line":128,"column":null}},{"start":{"line":130,"column":6},"end":{"line":137,"column":null}},{"start":{"line":139,"column":6},"end":{"line":140,"column":null}}]},"6":{"loc":{"start":{"line":85,"column":8},"end":{"line":87,"column":9}},"type":"if","locations":[{"start":{"line":85,"column":8},"end":{"line":87,"column":9}}]},"7":{"loc":{"start":{"line":91,"column":8},"end":{"line":93,"column":9}},"type":"if","locations":[{"start":{"line":91,"column":8},"end":{"line":93,"column":9}}]},"8":{"loc":{"start":{"line":94,"column":8},"end":{"line":99,"column":9}},"type":"if","locations":[{"start":{"line":94,"column":8},"end":{"line":99,"column":9}}]},"9":{"loc":{"start":{"line":103,"column":8},"end":{"line":105,"column":9}},"type":"if","locations":[{"start":{"line":103,"column":8},"end":{"line":105,"column":9}}]},"10":{"loc":{"start":{"line":106,"column":8},"end":{"line":108,"column":9}},"type":"if","locations":[{"start":{"line":106,"column":8},"end":{"line":108,"column":9}}]},"11":{"loc":{"start":{"line":109,"column":8},"end":{"line":111,"column":9}},"type":"if","locations":[{"start":{"line":109,"column":8},"end":{"line":111,"column":9}}]},"12":{"loc":{"start":{"line":115,"column":8},"end":{"line":117,"column":9}},"type":"if","locations":[{"start":{"line":115,"column":8},"end":{"line":117,"column":9}}]},"13":{"loc":{"start":{"line":118,"column":42},"end":{"line":118,"column":64}},"type":"binary-expr","locations":[{"start":{"line":118,"column":42},"end":{"line":118,"column":59}},{"start":{"line":118,"column":63},"end":{"line":118,"column":64}}]},"14":{"loc":{"start":{"line":119,"column":8},"end":{"line":124,"column":9}},"type":"if","locations":[{"start":{"line":119,"column":8},"end":{"line":124,"column":9}}]},"15":{"loc":{"start":{"line":125,"column":8},"end":{"line":127,"column":9}},"type":"if","locations":[{"start":{"line":125,"column":8},"end":{"line":127,"column":9}}]},"16":{"loc":{"start":{"line":131,"column":8},"end":{"line":133,"column":9}},"type":"if","locations":[{"start":{"line":131,"column":8},"end":{"line":133,"column":9}}]},"17":{"loc":{"start":{"line":154,"column":4},"end":{"line":156,"column":5}},"type":"if","locations":[{"start":{"line":154,"column":4},"end":{"line":156,"column":5}}]},"18":{"loc":{"start":{"line":158,"column":29},"end":{"line":158,"column":51}},"type":"binary-expr","locations":[{"start":{"line":158,"column":29},"end":{"line":158,"column":46}},{"start":{"line":158,"column":50},"end":{"line":158,"column":51}}]},"19":{"loc":{"start":{"line":160,"column":20},"end":{"line":160,"column":64}},"type":"binary-expr","locations":[{"start":{"line":160,"column":20},"end":{"line":160,"column":34}},{"start":{"line":160,"column":38},"end":{"line":160,"column":64}}]},"20":{"loc":{"start":{"line":162,"column":21},"end":{"line":162,"column":64}},"type":"binary-expr","locations":[{"start":{"line":162,"column":21},"end":{"line":162,"column":35}},{"start":{"line":162,"column":39},"end":{"line":162,"column":64}}]},"21":{"loc":{"start":{"line":166,"column":19},"end":{"line":166,"column":68}},"type":"cond-expr","locations":[{"start":{"line":166,"column":38},"end":{"line":166,"column":51}},{"start":{"line":166,"column":54},"end":{"line":166,"column":68}}]},"22":{"loc":{"start":{"line":168,"column":21},"end":{"line":168,"column":69}},"type":"cond-expr","locations":[{"start":{"line":168,"column":40},"end":{"line":168,"column":53}},{"start":{"line":168,"column":56},"end":{"line":168,"column":69}}]},"23":{"loc":{"start":{"line":193,"column":4},"end":{"line":228,"column":5}},"type":"switch","locations":[{"start":{"line":194,"column":6},"end":{"line":197,"column":13}},{"start":{"line":199,"column":6},"end":{"line":201,"column":13}},{"start":{"line":203,"column":6},"end":{"line":209,"column":13}},{"start":{"line":211,"column":6},"end":{"line":211,"column":17}},{"start":{"line":212,"column":6},"end":{"line":217,"column":13}},{"start":{"line":219,"column":6},"end":{"line":227,"column":13}}]},"24":{"loc":{"start":{"line":206,"column":29},"end":{"line":206,"column":51}},"type":"binary-expr","locations":[{"start":{"line":206,"column":29},"end":{"line":206,"column":46}},{"start":{"line":206,"column":50},"end":{"line":206,"column":51}}]},"25":{"loc":{"start":{"line":214,"column":29},"end":{"line":214,"column":51}},"type":"binary-expr","locations":[{"start":{"line":214,"column":29},"end":{"line":214,"column":46}},{"start":{"line":214,"column":50},"end":{"line":214,"column":51}}]},"26":{"loc":{"start":{"line":222,"column":29},"end":{"line":222,"column":51}},"type":"binary-expr","locations":[{"start":{"line":222,"column":29},"end":{"line":222,"column":46}},{"start":{"line":222,"column":50},"end":{"line":222,"column":51}}]},"27":{"loc":{"start":{"line":238,"column":51},"end":{"line":238,"column":82}},"type":"binary-expr","locations":[{"start":{"line":238,"column":51},"end":{"line":238,"column":62}},{"start":{"line":238,"column":66},"end":{"line":238,"column":82}}]},"28":{"loc":{"start":{"line":240,"column":4},"end":{"line":242,"column":5}},"type":"if","locations":[{"start":{"line":240,"column":4},"end":{"line":242,"column":5}}]},"29":{"loc":{"start":{"line":245,"column":34},"end":{"line":245,"column":51}},"type":"binary-expr","locations":[{"start":{"line":245,"column":34},"end":{"line":245,"column":46}},{"start":{"line":245,"column":50},"end":{"line":245,"column":51}}]},"30":{"loc":{"start":{"line":245,"column":56},"end":{"line":245,"column":73}},"type":"binary-expr","locations":[{"start":{"line":245,"column":56},"end":{"line":245,"column":68}},{"start":{"line":245,"column":72},"end":{"line":245,"column":73}}]},"31":{"loc":{"start":{"line":251,"column":25},"end":{"line":251,"column":58}},"type":"binary-expr","locations":[{"start":{"line":251,"column":25},"end":{"line":251,"column":53}},{"start":{"line":251,"column":57},"end":{"line":251,"column":58}}]},"32":{"loc":{"start":{"line":254,"column":6},"end":{"line":269,"column":7}},"type":"if","locations":[{"start":{"line":254,"column":6},"end":{"line":269,"column":7}}]},"33":{"loc":{"start":{"line":283,"column":11},"end":{"line":283,"column":58}},"type":"binary-expr","locations":[{"start":{"line":283,"column":11},"end":{"line":283,"column":22}},{"start":{"line":283,"column":26},"end":{"line":283,"column":58}}]},"34":{"loc":{"start":{"line":287,"column":4},"end":{"line":289,"column":5}},"type":"if","locations":[{"start":{"line":287,"column":4},"end":{"line":289,"column":5}}]},"35":{"loc":{"start":{"line":293,"column":6},"end":{"line":294,"column":45}},"type":"binary-expr","locations":[{"start":{"line":293,"column":6},"end":{"line":293,"column":21}},{"start":{"line":294,"column":6},"end":{"line":294,"column":45}}]},"36":{"loc":{"start":{"line":294,"column":7},"end":{"line":294,"column":29}},"type":"binary-expr","locations":[{"start":{"line":294,"column":7},"end":{"line":294,"column":24}},{"start":{"line":294,"column":28},"end":{"line":294,"column":29}}]},"37":{"loc":{"start":{"line":308,"column":4},"end":{"line":310,"column":5}},"type":"if","locations":[{"start":{"line":308,"column":4},"end":{"line":310,"column":5}}]},"38":{"loc":{"start":{"line":320,"column":4},"end":{"line":325,"column":5}},"type":"if","locations":[{"start":{"line":320,"column":4},"end":{"line":325,"column":5}}]},"39":{"loc":{"start":{"line":328,"column":4},"end":{"line":333,"column":5}},"type":"if","locations":[{"start":{"line":328,"column":4},"end":{"line":333,"column":5}}]},"40":{"loc":{"start":{"line":342,"column":4},"end":{"line":342,"column":null}},"type":"if","locations":[{"start":{"line":342,"column":4},"end":{"line":342,"column":null}}]},"41":{"loc":{"start":{"line":345,"column":11},"end":{"line":345,"column":50}},"type":"binary-expr","locations":[{"start":{"line":345,"column":11},"end":{"line":345,"column":42}},{"start":{"line":345,"column":46},"end":{"line":345,"column":50}}]}},"s":{"0":0,"1":0,"2":0,"3":0,"4":0,"5":0,"6":0,"7":0,"8":0,"9":0,"10":0,"11":0,"12":0,"13":0,"14":0,"15":0,"16":0,"17":0,"18":0,"19":0,"20":0,"21":0,"22":0,"23":0,"24":0,"25":0,"26":0,"27":0,"28":0,"29":0,"30":0,"31":0,"32":0,"33":0,"34":0,"35":0,"36":0,"37":0,"38":0,"39":0,"40":0,"41":0,"42":0,"43":0,"44":0,"45":0,"46":0,"47":0,"48":0,"49":0,"50":0,"51":0,"52":0,"53":0,"54":0,"55":0,"56":0,"57":0,"58":0,"59":0,"60":0,"61":0,"62":0,"63":0,"64":0,"65":0,"66":0,"67":0,"68":0,"69":0,"70":0,"71":0,"72":0,"73":0,"74":0,"75":0,"76":0,"77":0,"78":0,"79":0,"80":0,"81":0,"82":0,"83":0,"84":0,"85":0,"86":0,"87":0,"88":0,"89":0,"90":0,"91":0,"92":0,"93":0,"94":0,"95":0,"96":0,"97":0,"98":0,"99":0,"100":0,"101":0,"102":0,"103":0,"104":0,"105":0,"106":0,"107":0,"108":0,"109":0,"110":0,"111":0,"112":0,"113":0,"114":0,"115":0,"116":0,"117":0,"118":0,"119":0,"120":0,"121":0,"122":0,"123":0,"124":0,"125":0,"126":0,"127":0,"128":0,"129":0,"130":0,"131":0,"132":0,"133":0,"134":0,"135":0,"136":0,"137":0,"138":0},"f":{"0":0,"1":0,"2":0,"3":0,"4":0,"5":0,"6":0,"7":0,"8":0,"9":0,"10":0,"11":0,"12":0,"13":0,"14":0,"15":0,"16":0,"17":0},"b":{"0":[0],"1":[0],"2":[0],"3":[0],"4":[0,0],"5":[0,0,0,0,0,0,0],"6":[0],"7":[0],"8":[0],"9":[0],"10":[0],"11":[0],"12":[0],"13":[0,0],"14":[0],"15":[0],"16":[0],"17":[0],"18":[0,0],"19":[0,0],"20":[0,0],"21":[0,0],"22":[0,0],"23":[0,0,0,0,0,0],"24":[0,0],"25":[0,0],"26":[0,0],"27":[0,0],"28":[0],"29":[0,0],"30":[0,0],"31":[0,0],"32":[0],"33":[0,0],"34":[0],"35":[0,0],"36":[0,0],"37":[0],"38":[0],"39":[0],"40":[0],"41":[0,0]}}
,"/home/runner/work/primoPokerServerlessCF/primoPokerServerlessCF/packages/core/src/deck-manager.ts": {"path":"/home/runner/work/primoPokerServerlessCF/primoPokerServerlessCF/packages/core/src/deck-manager.ts","statementMap":{"0":{"start":{"line":7,"column":0},"end":{"line":7,"column":54}},"1":{"start":{"line":26,"column":4},"end":{"line":26,"column":null}},"2":{"start":{"line":27,"column":4},"end":{"line":27,"column":null}},"3":{"start":{"line":28,"column":4},"end":{"line":28,"column":null}},"4":{"start":{"line":35,"column":25},"end":{"line":35,"column":27}},"5":{"start":{"line":36,"column":18},"end":{"line":36,"column":37}},"6":{"start":{"line":37,"column":18},"end":{"line":37,"column":37}},"7":{"start":{"line":39,"column":4},"end":{"line":43,"column":5}},"8":{"start":{"line":40,"column":6},"end":{"line":42,"column":7}},"9":{"start":{"line":41,"column":8},"end":{"line":41,"column":null}},"10":{"start":{"line":45,"column":4},"end":{"line":45,"column":null}},"11":{"start":{"line":53,"column":4},"end":{"line":53,"column":119}},"12":{"start":{"line":55,"column":4},"end":{"line":62,"column":5}},"13":{"start":{"line":55,"column":17},"end":{"line":55,"column":38}},"14":{"start":{"line":57,"column":26},"end":{"line":57,"column":68}},"15":{"start":{"line":58,"column":16},"end":{"line":58,"column":74}},"16":{"start":{"line":59,"column":19},"end":{"line":59,"column":33}},"17":{"start":{"line":60,"column":6},"end":{"line":60,"column":null}},"18":{"start":{"line":61,"column":6},"end":{"line":61,"column":null}},"19":{"start":{"line":69,"column":4},"end":{"line":71,"column":5}},"20":{"start":{"line":70,"column":6},"end":{"line":70,"column":null}},"21":{"start":{"line":73,"column":4},"end":{"line":73,"column":null}},"22":{"start":{"line":80,"column":4},"end":{"line":82,"column":5}},"23":{"start":{"line":81,"column":6},"end":{"line":81,"column":null}},"24":{"start":{"line":84,"column":17},"end":{"line":84,"column":35}},"25":{"start":{"line":85,"column":4},"end":{"line":87,"column":5}},"26":{"start":{"line":86,"column":6},"end":{"line":86,"column":null}},"27":{"start":{"line":88,"column":4},"end":{"line":88,"column":null}},"28":{"start":{"line":95,"column":4},"end":{"line":95,"column":null}},"29":{"start":{"line":96,"column":4},"end":{"line":96,"column":null}},"30":{"start":{"line":103,"column":4},"end":{"line":103,"column":null}},"31":{"start":{"line":110,"column":4},"end":{"line":110,"column":16}},"32":{"start":{"line":111,"column":4},"end":{"line":111,"column":null}},"33":{"start":{"line":118,"column":4},"end":{"line":118,"column":16}},"34":{"start":{"line":119,"column":18},"end":{"line":119,"column":30}},"35":{"start":{"line":120,"column":4},"end":{"line":122,"column":5}},"36":{"start":{"line":121,"column":6},"end":{"line":121,"column":null}},"37":{"start":{"line":123,"column":4},"end":{"line":123,"column":null}},"38":{"start":{"line":130,"column":4},"end":{"line":130,"column":16}},"39":{"start":{"line":131,"column":18},"end":{"line":131,"column":30}},"40":{"start":{"line":132,"column":4},"end":{"line":134,"column":5}},"41":{"start":{"line":133,"column":6},"end":{"line":133,"column":null}},"42":{"start":{"line":135,"column":4},"end":{"line":135,"column":null}},"43":{"start":{"line":142,"column":4},"end":{"line":144,"column":5}},"44":{"start":{"line":143,"column":6},"end":{"line":143,"column":null}},"45":{"start":{"line":146,"column":4},"end":{"line":148,"column":5}},"46":{"start":{"line":147,"column":6},"end":{"line":147,"column":null}},"47":{"start":{"line":150,"column":32},"end":{"line":150,"column":34}},"48":{"start":{"line":153,"column":4},"end":{"line":155,"column":5}},"49":{"start":{"line":153,"column":22},"end":{"line":153,"column":23}},"50":{"start":{"line":154,"column":6},"end":{"line":154,"column":null}},"51":{"start":{"line":158,"column":4},"end":{"line":166,"column":5}},"52":{"start":{"line":158,"column":21},"end":{"line":158,"column":22}},"53":{"start":{"line":159,"column":6},"end":{"line":165,"column":7}},"54":{"start":{"line":159,"column":24},"end":{"line":159,"column":25}},"55":{"start":{"line":160,"column":22},"end":{"line":160,"column":34}},"56":{"start":{"line":161,"column":8},"end":{"line":163,"column":9}},"57":{"start":{"line":162,"column":10},"end":{"line":162,"column":null}},"58":{"start":{"line":164,"column":8},"end":{"line":164,"column":null}},"59":{"start":{"line":168,"column":4},"end":{"line":168,"column":null}},"60":{"start":{"line":175,"column":4},"end":{"line":175,"column":null}},"61":{"start":{"line":182,"column":18},"end":{"line":182,"column":37}},"62":{"start":{"line":183,"column":18},"end":{"line":183,"column":37}},"63":{"start":{"line":185,"column":4},"end":{"line":185,"column":null}},"64":{"start":{"line":192,"column":4},"end":{"line":192,"column":null}},"65":{"start":{"line":199,"column":4},"end":{"line":201,"column":5}},"66":{"start":{"line":200,"column":6},"end":{"line":200,"column":null}},"67":{"start":{"line":203,"column":20},"end":{"line":203,"column":43}},"68":{"start":{"line":204,"column":21},"end":{"line":204,"column":55}},"69":{"start":{"line":206,"column":17},"end":{"line":206,"column":61}},"70":{"start":{"line":206,"column":47},"end":{"line":206,"column":60}},"71":{"start":{"line":207,"column":4},"end":{"line":209,"column":5}},"72":{"start":{"line":208,"column":6},"end":{"line":208,"column":null}},"73":{"start":{"line":211,"column":45},"end":{"line":216,"column":null}},"74":{"start":{"line":218,"column":17},"end":{"line":218,"column":34}},"75":{"start":{"line":219,"column":4},"end":{"line":221,"column":5}},"76":{"start":{"line":220,"column":6},"end":{"line":220,"column":null}},"77":{"start":{"line":223,"column":4},"end":{"line":223,"column":null}},"78":{"start":{"line":21,"column":0},"end":{"line":21,"column":13}}},"fnMap":{"0":{"name":"(anonymous_0)","decl":{"start":{"line":25,"column":2},"end":{"line":25,"column":null}},"loc":{"start":{"line":25,"column":2},"end":{"line":29,"column":3}}},"1":{"name":"(anonymous_1)","decl":{"start":{"line":34,"column":10},"end":{"line":34,"column":28}},"loc":{"start":{"line":34,"column":28},"end":{"line":46,"column":3}}},"2":{"name":"(anonymous_2)","decl":{"start":{"line":52,"column":2},"end":{"line":52,"column":9}},"loc":{"start":{"line":52,"column":9},"end":{"line":63,"column":3}}},"3":{"name":"(anonymous_3)","decl":{"start":{"line":68,"column":2},"end":{"line":68,"column":6}},"loc":{"start":{"line":68,"column":20},"end":{"line":74,"column":3}}},"4":{"name":"(anonymous_4)","decl":{"start":{"line":79,"column":2},"end":{"line":79,"column":6}},"loc":{"start":{"line":79,"column":6},"end":{"line":89,"column":3}}},"5":{"name":"(anonymous_5)","decl":{"start":{"line":94,"column":2},"end":{"line":94,"column":7}},"loc":{"start":{"line":94,"column":7},"end":{"line":97,"column":3}}},"6":{"name":"(anonymous_6)","decl":{"start":{"line":102,"column":2},"end":{"line":102,"column":11}},"loc":{"start":{"line":102,"column":11},"end":{"line":104,"column":3}}},"7":{"name":"(anonymous_7)","decl":{"start":{"line":109,"column":2},"end":{"line":109,"column":10}},"loc":{"start":{"line":109,"column":10},"end":{"line":112,"column":3}}},"8":{"name":"(anonymous_8)","decl":{"start":{"line":117,"column":2},"end":{"line":117,"column":10}},"loc":{"start":{"line":117,"column":10},"end":{"line":124,"column":3}}},"9":{"name":"(anonymous_9)","decl":{"start":{"line":129,"column":2},"end":{"line":129,"column":11}},"loc":{"start":{"line":129,"column":11},"end":{"line":136,"column":3}}},"10":{"name":"(anonymous_10)","decl":{"start":{"line":141,"column":2},"end":{"line":141,"column":15}},"loc":{"start":{"line":141,"column":35},"end":{"line":169,"column":3}}},"11":{"name":"(anonymous_11)","decl":{"start":{"line":174,"column":2},"end":{"line":174,"column":14}},"loc":{"start":{"line":174,"column":14},"end":{"line":176,"column":3}}},"12":{"name":"(anonymous_12)","decl":{"start":{"line":181,"column":2},"end":{"line":181,"column":8}},"loc":{"start":{"line":181,"column":31},"end":{"line":186,"column":3}}},"13":{"name":"(anonymous_13)","decl":{"start":{"line":191,"column":2},"end":{"line":191,"column":8}},"loc":{"start":{"line":191,"column":32},"end":{"line":193,"column":3}}},"14":{"name":"(anonymous_14)","decl":{"start":{"line":198,"column":2},"end":{"line":198,"column":8}},"loc":{"start":{"line":198,"column":40},"end":{"line":224,"column":3}}},"15":{"name":"(anonymous_15)","decl":{"start":{"line":206,"column":42},"end":{"line":206,"column":43}},"loc":{"start":{"line":206,"column":47},"end":{"line":206,"column":60}}}},"branchMap":{"0":{"loc":{"start":{"line":58,"column":29},"end":{"line":58,"column":48}},"type":"binary-expr","locations":[{"start":{"line":58,"column":29},"end":{"line":58,"column":43}},{"start":{"line":58,"column":47},"end":{"line":58,"column":48}}]},"1":{"loc":{"start":{"line":69,"column":4},"end":{"line":71,"column":5}},"type":"if","locations":[{"start":{"line":69,"column":4},"end":{"line":71,"column":5}}]},"2":{"loc":{"start":{"line":80,"column":4},"end":{"line":82,"column":5}},"type":"if","locations":[{"start":{"line":80,"column":4},"end":{"line":82,"column":5}}]},"3":{"loc":{"start":{"line":85,"column":4},"end":{"line":87,"column":5}},"type":"if","locations":[{"start":{"line":85,"column":4},"end":{"line":87,"column":5}}]},"4":{"loc":{"start":{"line":120,"column":4},"end":{"line":122,"column":5}},"type":"if","locations":[{"start":{"line":120,"column":4},"end":{"line":122,"column":5}}]},"5":{"loc":{"start":{"line":132,"column":4},"end":{"line":134,"column":5}},"type":"if","locations":[{"start":{"line":132,"column":4},"end":{"line":134,"column":5}}]},"6":{"loc":{"start":{"line":142,"column":4},"end":{"line":144,"column":5}},"type":"if","locations":[{"start":{"line":142,"column":4},"end":{"line":144,"column":5}}]},"7":{"loc":{"start":{"line":142,"column":8},"end":{"line":142,"column":43}},"type":"binary-expr","locations":[{"start":{"line":142,"column":8},"end":{"line":142,"column":23}},{"start":{"line":142,"column":27},"end":{"line":142,"column":43}}]},"8":{"loc":{"start":{"line":146,"column":4},"end":{"line":148,"column":5}},"type":"if","locations":[{"start":{"line":146,"column":4},"end":{"line":148,"column":5}}]},"9":{"loc":{"start":{"line":161,"column":8},"end":{"line":163,"column":9}},"type":"if","locations":[{"start":{"line":161,"column":8},"end":{"line":163,"column":9}}]},"10":{"loc":{"start":{"line":185,"column":11},"end":{"line":185,"column":65}},"type":"binary-expr","locations":[{"start":{"line":185,"column":11},"end":{"line":185,"column":36}},{"start":{"line":185,"column":40},"end":{"line":185,"column":65}}]},"11":{"loc":{"start":{"line":199,"column":4},"end":{"line":201,"column":5}},"type":"if","locations":[{"start":{"line":199,"column":4},"end":{"line":201,"column":5}}]},"12":{"loc":{"start":{"line":207,"column":4},"end":{"line":209,"column":5}},"type":"if","locations":[{"start":{"line":207,"column":4},"end":{"line":209,"column":5}}]},"13":{"loc":{"start":{"line":219,"column":4},"end":{"line":221,"column":5}},"type":"if","locations":[{"start":{"line":219,"column":4},"end":{"line":221,"column":5}}]}},"s":{"0":0,"1":0,"2":0,"3":0,"4":0,"5":0,"6":0,"7":0,"8":0,"9":0,"10":0,"11":0,"12":0,"13":0,"14":0,"15":0,"16":0,"17":0,"18":0,"19":0,"20":0,"21":0,"22":0,"23":0,"24":0,"25":0,"26":0,"27":0,"28":0,"29":0,"30":0,"31":0,"32":0,"33":0,"34":0,"35":0,"36":0,"37":0,"38":0,"39":0,"40":0,"41":0,"42":0,"43":0,"44":0,"45":0,"46":0,"47":0,"48":0,"49":0,"50":0,"51":0,"52":0,"53":0,"54":0,"55":0,"56":0,"57":0,"58":0,"59":0,"60":0,"61":0,"62":0,"63":0,"64":0,"65":0,"66":0,"67":0,"68":0,"69":0,"70":0,"71":0,"72":0,"73":0,"74":0,"75":0,"76":0,"77":0,"78":0},"f":{"0":0,"1":0,"2":0,"3":0,"4":0,"5":0,"6":0,"7":0,"8":0,"9":0,"10":0,"11":0,"12":0,"13":0,"14":0,"15":0},"b":{"0":[0,0],"1":[0],"2":[0],"3":[0],"4":[0],"5":[0],"6":[0],"7":[0,0],"8":[0],"9":[0],"10":[0,0],"11":[0],"12":[0],"13":[0]}}
,"/home/runner/work/primoPokerServerlessCF/primoPokerServerlessCF/packages/core/src/hand-evaluator.ts": {"path":"/home/runner/work/primoPokerServerlessCF/primoPokerServerlessCF/packages/core/src/hand-evaluator.ts","statementMap":{"0":{"start":{"line":1,"column":0},"end":{"line":1,"column":null}},"1":{"start":{"line":10,"column":22},"end":{"line":10,"column":35}},"2":{"start":{"line":11,"column":4},"end":{"line":13,"column":5}},"3":{"start":{"line":12,"column":6},"end":{"line":12,"column":68}},"4":{"start":{"line":17,"column":17},"end":{"line":17,"column":32}},"5":{"start":{"line":18,"column":4},"end":{"line":18,"column":27}},"6":{"start":{"line":22,"column":24},"end":{"line":22,"column":55}},"7":{"start":{"line":25,"column":23},"end":{"line":25,"column":56}},"8":{"start":{"line":26,"column":4},"end":{"line":26,"column":38}},"9":{"start":{"line":26,"column":20},"end":{"line":26,"column":38}},"10":{"start":{"line":28,"column":26},"end":{"line":28,"column":62}},"11":{"start":{"line":29,"column":4},"end":{"line":29,"column":44}},"12":{"start":{"line":29,"column":23},"end":{"line":29,"column":44}},"13":{"start":{"line":31,"column":24},"end":{"line":31,"column":58}},"14":{"start":{"line":32,"column":4},"end":{"line":32,"column":40}},"15":{"start":{"line":32,"column":21},"end":{"line":32,"column":40}},"16":{"start":{"line":34,"column":22},"end":{"line":34,"column":54}},"17":{"start":{"line":35,"column":4},"end":{"line":35,"column":36}},"18":{"start":{"line":35,"column":19},"end":{"line":35,"column":36}},"19":{"start":{"line":37,"column":18},"end":{"line":37,"column":46}},"20":{"start":{"line":38,"column":4},"end":{"line":38,"column":28}},"21":{"start":{"line":38,"column":15},"end":{"line":38,"column":28}},"22":{"start":{"line":40,"column":21},"end":{"line":40,"column":52}},"23":{"start":{"line":41,"column":4},"end":{"line":41,"column":34}},"24":{"start":{"line":41,"column":18},"end":{"line":41,"column":34}},"25":{"start":{"line":43,"column":25},"end":{"line":43,"column":60}},"26":{"start":{"line":44,"column":4},"end":{"line":44,"column":42}},"27":{"start":{"line":44,"column":22},"end":{"line":44,"column":42}},"28":{"start":{"line":46,"column":20},"end":{"line":46,"column":50}},"29":{"start":{"line":47,"column":4},"end":{"line":47,"column":32}},"30":{"start":{"line":47,"column":17},"end":{"line":47,"column":32}},"31":{"start":{"line":49,"column":17},"end":{"line":49,"column":44}},"32":{"start":{"line":50,"column":4},"end":{"line":50,"column":26}},"33":{"start":{"line":50,"column":14},"end":{"line":50,"column":26}},"34":{"start":{"line":52,"column":4},"end":{"line":52,"column":43}},"35":{"start":{"line":57,"column":23},"end":{"line":57,"column":46}},"36":{"start":{"line":58,"column":23},"end":{"line":58,"column":77}},"37":{"start":{"line":60,"column":4},"end":{"line":82,"column":5}},"38":{"start":{"line":61,"column":24},"end":{"line":61,"column":48}},"39":{"start":{"line":62,"column":6},"end":{"line":81,"column":7}},"40":{"start":{"line":64,"column":33},"end":{"line":65,"column":null}},"41":{"start":{"line":65,"column":10},"end":{"line":65,"column":52}},"42":{"start":{"line":65,"column":33},"end":{"line":65,"column":51}},"43":{"start":{"line":68,"column":8},"end":{"line":80,"column":9}},"44":{"start":{"line":69,"column":29},"end":{"line":70,"column":null}},"45":{"start":{"line":70,"column":12},"end":{"line":70,"column":55}},"46":{"start":{"line":70,"column":35},"end":{"line":70,"column":53}},"47":{"start":{"line":73,"column":10},"end":{"line":79,"column":12}},"48":{"start":{"line":83,"column":4},"end":{"line":83,"column":16}},"49":{"start":{"line":88,"column":23},"end":{"line":88,"column":46}},"50":{"start":{"line":89,"column":4},"end":{"line":103,"column":5}},"51":{"start":{"line":90,"column":24},"end":{"line":90,"column":48}},"52":{"start":{"line":91,"column":6},"end":{"line":102,"column":7}},"53":{"start":{"line":92,"column":31},"end":{"line":92,"column":66}},"54":{"start":{"line":93,"column":8},"end":{"line":101,"column":9}},"55":{"start":{"line":94,"column":10},"end":{"line":100,"column":12}},"56":{"start":{"line":104,"column":4},"end":{"line":104,"column":16}},"57":{"start":{"line":108,"column":23},"end":{"line":108,"column":46}},"58":{"start":{"line":109,"column":28},"end":{"line":110,"column":null}},"59":{"start":{"line":110,"column":14},"end":{"line":110,"column":52}},"60":{"start":{"line":113,"column":4},"end":{"line":124,"column":5}},"61":{"start":{"line":114,"column":24},"end":{"line":114,"column":52}},"62":{"start":{"line":115,"column":21},"end":{"line":115,"column":70}},"63":{"start":{"line":115,"column":40},"end":{"line":115,"column":69}},"64":{"start":{"line":117,"column":6},"end":{"line":123,"column":8}},"65":{"start":{"line":125,"column":4},"end":{"line":125,"column":16}},"66":{"start":{"line":129,"column":23},"end":{"line":129,"column":46}},"67":{"start":{"line":130,"column":29},"end":{"line":131,"column":null}},"68":{"start":{"line":131,"column":14},"end":{"line":131,"column":52}},"69":{"start":{"line":134,"column":21},"end":{"line":135,"column":null}},"70":{"start":{"line":135,"column":14},"end":{"line":135,"column":80}},"71":{"start":{"line":138,"column":4},"end":{"line":149,"column":5}},"72":{"start":{"line":139,"column":24},"end":{"line":139,"column":65}},"73":{"start":{"line":140,"column":24},"end":{"line":140,"column":57}},"74":{"start":{"line":142,"column":6},"end":{"line":148,"column":8}},"75":{"start":{"line":150,"column":4},"end":{"line":150,"column":16}},"76":{"start":{"line":154,"column":23},"end":{"line":154,"column":46}},"77":{"start":{"line":156,"column":4},"end":{"line":170,"column":5}},"78":{"start":{"line":157,"column":24},"end":{"line":157,"column":48}},"79":{"start":{"line":158,"column":6},"end":{"line":169,"column":7}},"80":{"start":{"line":159,"column":27},"end":{"line":159,"column":69}},"81":{"start":{"line":160,"column":8},"end":{"line":168,"column":9}},"82":{"start":{"line":161,"column":10},"end":{"line":167,"column":12}},"83":{"start":{"line":165,"column":53},"end":{"line":165,"column":62}},"84":{"start":{"line":171,"column":4},"end":{"line":171,"column":16}},"85":{"start":{"line":175,"column":26},"end":{"line":175,"column":57}},"86":{"start":{"line":176,"column":4},"end":{"line":184,"column":5}},"87":{"start":{"line":177,"column":6},"end":{"line":183,"column":8}},"88":{"start":{"line":185,"column":4},"end":{"line":185,"column":16}},"89":{"start":{"line":189,"column":23},"end":{"line":189,"column":46}},"90":{"start":{"line":190,"column":29},"end":{"line":191,"column":null}},"91":{"start":{"line":191,"column":14},"end":{"line":191,"column":52}},"92":{"start":{"line":194,"column":4},"end":{"line":208,"column":5}},"93":{"start":{"line":195,"column":24},"end":{"line":195,"column":53}},"94":{"start":{"line":196,"column":22},"end":{"line":199,"column":20}},"95":{"start":{"line":197,"column":24},"end":{"line":197,"column":54}},"96":{"start":{"line":198,"column":24},"end":{"line":198,"column":87}},"97":{"start":{"line":201,"column":6},"end":{"line":207,"column":8}},"98":{"start":{"line":205,"column":37},"end":{"line":205,"column":46}},"99":{"start":{"line":209,"column":4},"end":{"line":209,"column":16}},"100":{"start":{"line":213,"column":23},"end":{"line":213,"column":46}},"101":{"start":{"line":214,"column":18},"end":{"line":217,"column":76}},"102":{"start":{"line":215,"column":22},"end":{"line":215,"column":60}},"103":{"start":{"line":216,"column":19},"end":{"line":216,"column":31}},"104":{"start":{"line":217,"column":22},"end":{"line":217,"column":75}},"105":{"start":{"line":219,"column":4},"end":{"line":233,"column":5}},"106":{"start":{"line":220,"column":23},"end":{"line":220,"column":44}},"107":{"start":{"line":221,"column":22},"end":{"line":221,"column":43}},"108":{"start":{"line":222,"column":21},"end":{"line":223,"column":null}},"109":{"start":{"line":223,"column":8},"end":{"line":223,"column":56}},"110":{"start":{"line":226,"column":6},"end":{"line":232,"column":8}},"111":{"start":{"line":234,"column":4},"end":{"line":234,"column":16}},"112":{"start":{"line":238,"column":23},"end":{"line":238,"column":46}},"113":{"start":{"line":239,"column":21},"end":{"line":240,"column":null}},"114":{"start":{"line":240,"column":14},"end":{"line":240,"column":52}},"115":{"start":{"line":243,"column":4},"end":{"line":257,"column":5}},"116":{"start":{"line":244,"column":24},"end":{"line":244,"column":45}},"117":{"start":{"line":245,"column":22},"end":{"line":248,"column":20}},"118":{"start":{"line":246,"column":24},"end":{"line":246,"column":46}},"119":{"start":{"line":247,"column":24},"end":{"line":247,"column":87}},"120":{"start":{"line":250,"column":6},"end":{"line":256,"column":8}},"121":{"start":{"line":254,"column":37},"end":{"line":254,"column":46}},"122":{"start":{"line":258,"column":4},"end":{"line":258,"column":16}},"123":{"start":{"line":262,"column":24},"end":{"line":262,"column":62}},"124":{"start":{"line":263,"column":4},"end":{"line":265,"column":5}},"125":{"start":{"line":264,"column":6},"end":{"line":264,"column":73}},"126":{"start":{"line":266,"column":4},"end":{"line":272,"column":6}},"127":{"start":{"line":270,"column":48},"end":{"line":270,"column":57}},"128":{"start":{"line":276,"column":50},"end":{"line":276,"column":52}},"129":{"start":{"line":277,"column":4},"end":{"line":282,"column":5}},"130":{"start":{"line":278,"column":6},"end":{"line":280,"column":7}},"131":{"start":{"line":279,"column":8},"end":{"line":279,"column":31}},"132":{"start":{"line":281,"column":6},"end":{"line":281,"column":36}},"133":{"start":{"line":283,"column":4},"end":{"line":283,"column":42}},"134":{"start":{"line":287,"column":50},"end":{"line":287,"column":52}},"135":{"start":{"line":288,"column":4},"end":{"line":293,"column":5}},"136":{"start":{"line":289,"column":6},"end":{"line":291,"column":7}},"137":{"start":{"line":290,"column":8},"end":{"line":290,"column":31}},"138":{"start":{"line":292,"column":6},"end":{"line":292,"column":36}},"139":{"start":{"line":294,"column":4},"end":{"line":294,"column":42}},"140":{"start":{"line":298,"column":24},"end":{"line":298,"column":66}},"141":{"start":{"line":298,"column":54},"end":{"line":298,"column":63}},"142":{"start":{"line":299,"column":23},"end":{"line":301,"column":40}},"143":{"start":{"line":300,"column":20},"end":{"line":300,"column":65}},"144":{"start":{"line":301,"column":22},"end":{"line":301,"column":39}},"145":{"start":{"line":304,"column":4},"end":{"line":317,"column":5}},"146":{"start":{"line":304,"column":17},"end":{"line":304,"column":18}},"147":{"start":{"line":305,"column":31},"end":{"line":305,"column":57}},"148":{"start":{"line":306,"column":28},"end":{"line":308,"column":null}},"149":{"start":{"line":308,"column":10},"end":{"line":308,"column":85}},"150":{"start":{"line":311,"column":6},"end":{"line":316,"column":7}},"151":{"start":{"line":312,"column":30},"end":{"line":313,"column":null}},"152":{"start":{"line":313,"column":10},"end":{"line":313,"column":49}},"153":{"start":{"line":313,"column":29},"end":{"line":313,"column":47}},"154":{"start":{"line":315,"column":8},"end":{"line":315,"column":29}},"155":{"start":{"line":320,"column":23},"end":{"line":320,"column":77}},"156":{"start":{"line":321,"column":26},"end":{"line":322,"column":null}},"157":{"start":{"line":322,"column":6},"end":{"line":322,"column":32}},"158":{"start":{"line":325,"column":4},"end":{"line":330,"column":5}},"159":{"start":{"line":326,"column":25},"end":{"line":327,"column":null}},"160":{"start":{"line":327,"column":8},"end":{"line":327,"column":47}},"161":{"start":{"line":327,"column":27},"end":{"line":327,"column":45}},"162":{"start":{"line":329,"column":6},"end":{"line":329,"column":24}},"163":{"start":{"line":332,"column":4},"end":{"line":332,"column":16}},"164":{"start":{"line":337,"column":4},"end":{"line":339,"column":5}},"165":{"start":{"line":338,"column":6},"end":{"line":338,"column":43}},"166":{"start":{"line":342,"column":27},"end":{"line":342,"column":65}},"167":{"start":{"line":343,"column":27},"end":{"line":343,"column":65}},"168":{"start":{"line":345,"column":4},"end":{"line":347,"column":5}},"169":{"start":{"line":346,"column":6},"end":{"line":346,"column":45}},"170":{"start":{"line":350,"column":4},"end":{"line":364,"column":5}},"171":{"start":{"line":350,"column":17},"end":{"line":350,"column":18}},"172":{"start":{"line":351,"column":22},"end":{"line":351,"column":38}},"173":{"start":{"line":352,"column":22},"end":{"line":352,"column":38}},"174":{"start":{"line":354,"column":6},"end":{"line":354,"column":41}},"175":{"start":{"line":354,"column":32},"end":{"line":354,"column":41}},"176":{"start":{"line":355,"column":6},"end":{"line":355,"column":29}},"177":{"start":{"line":355,"column":20},"end":{"line":355,"column":29}},"178":{"start":{"line":356,"column":6},"end":{"line":356,"column":30}},"179":{"start":{"line":356,"column":20},"end":{"line":356,"column":30}},"180":{"start":{"line":358,"column":27},"end":{"line":358,"column":58}},"181":{"start":{"line":359,"column":27},"end":{"line":359,"column":58}},"182":{"start":{"line":361,"column":6},"end":{"line":363,"column":7}},"183":{"start":{"line":362,"column":8},"end":{"line":362,"column":43}},"184":{"start":{"line":366,"column":4},"end":{"line":366,"column":13}},"185":{"start":{"line":9,"column":0},"end":{"line":9,"column":13}}},"fnMap":{"0":{"name":"(anonymous_0)","decl":{"start":{"line":10,"column":2},"end":{"line":10,"column":22}},"loc":{"start":{"line":10,"column":35},"end":{"line":14,"column":3}}},"1":{"name":"(anonymous_1)","decl":{"start":{"line":16,"column":2},"end":{"line":16,"column":8}},"loc":{"start":{"line":16,"column":31},"end":{"line":19,"column":3}}},"2":{"name":"(anonymous_2)","decl":{"start":{"line":21,"column":10},"end":{"line":21,"column":18}},"loc":{"start":{"line":21,"column":18},"end":{"line":53,"column":3}}},"3":{"name":"(anonymous_3)","decl":{"start":{"line":55,"column":10},"end":{"line":55,"column":25}},"loc":{"start":{"line":55,"column":39},"end":{"line":84,"column":3}}},"4":{"name":"(anonymous_4)","decl":{"start":{"line":64,"column":50},"end":{"line":64,"column":54}},"loc":{"start":{"line":65,"column":10},"end":{"line":65,"column":52}}},"5":{"name":"(anonymous_5)","decl":{"start":{"line":65,"column":25},"end":{"line":65,"column":29}},"loc":{"start":{"line":65,"column":33},"end":{"line":65,"column":51}}},"6":{"name":"(anonymous_6)","decl":{"start":{"line":69,"column":44},"end":{"line":69,"column":48}},"loc":{"start":{"line":70,"column":12},"end":{"line":70,"column":55}}},"7":{"name":"(anonymous_7)","decl":{"start":{"line":70,"column":27},"end":{"line":70,"column":31}},"loc":{"start":{"line":70,"column":35},"end":{"line":70,"column":53}}},"8":{"name":"(anonymous_8)","decl":{"start":{"line":86,"column":10},"end":{"line":86,"column":28}},"loc":{"start":{"line":86,"column":42},"end":{"line":105,"column":3}}},"9":{"name":"(anonymous_9)","decl":{"start":{"line":107,"column":10},"end":{"line":107,"column":26}},"loc":{"start":{"line":107,"column":40},"end":{"line":126,"column":3}}},"10":{"name":"(anonymous_10)","decl":{"start":{"line":110,"column":6},"end":{"line":110,"column":10}},"loc":{"start":{"line":110,"column":14},"end":{"line":110,"column":52}}},"11":{"name":"(anonymous_11)","decl":{"start":{"line":115,"column":32},"end":{"line":115,"column":36}},"loc":{"start":{"line":115,"column":40},"end":{"line":115,"column":69}}},"12":{"name":"(anonymous_12)","decl":{"start":{"line":128,"column":10},"end":{"line":128,"column":24}},"loc":{"start":{"line":128,"column":38},"end":{"line":151,"column":3}}},"13":{"name":"(anonymous_13)","decl":{"start":{"line":131,"column":6},"end":{"line":131,"column":10}},"loc":{"start":{"line":131,"column":14},"end":{"line":131,"column":52}}},"14":{"name":"(anonymous_14)","decl":{"start":{"line":135,"column":6},"end":{"line":135,"column":10}},"loc":{"start":{"line":135,"column":14},"end":{"line":135,"column":80}}},"15":{"name":"(anonymous_15)","decl":{"start":{"line":153,"column":10},"end":{"line":153,"column":20}},"loc":{"start":{"line":153,"column":34},"end":{"line":172,"column":3}}},"16":{"name":"(anonymous_16)","decl":{"start":{"line":165,"column":45},"end":{"line":165,"column":49}},"loc":{"start":{"line":165,"column":53},"end":{"line":165,"column":62}}},"17":{"name":"(anonymous_17)","decl":{"start":{"line":174,"column":10},"end":{"line":174,"column":23}},"loc":{"start":{"line":174,"column":37},"end":{"line":186,"column":3}}},"18":{"name":"(anonymous_18)","decl":{"start":{"line":188,"column":10},"end":{"line":188,"column":27}},"loc":{"start":{"line":188,"column":41},"end":{"line":210,"column":3}}},"19":{"name":"(anonymous_19)","decl":{"start":{"line":191,"column":6},"end":{"line":191,"column":10}},"loc":{"start":{"line":191,"column":14},"end":{"line":191,"column":52}}},"20":{"name":"(anonymous_20)","decl":{"start":{"line":197,"column":16},"end":{"line":197,"column":20}},"loc":{"start":{"line":197,"column":24},"end":{"line":197,"column":54}}},"21":{"name":"(anonymous_21)","decl":{"start":{"line":198,"column":14},"end":{"line":198,"column":15}},"loc":{"start":{"line":198,"column":24},"end":{"line":198,"column":87}}},"22":{"name":"(anonymous_22)","decl":{"start":{"line":205,"column":29},"end":{"line":205,"column":33}},"loc":{"start":{"line":205,"column":37},"end":{"line":205,"column":46}}},"23":{"name":"(anonymous_23)","decl":{"start":{"line":212,"column":10},"end":{"line":212,"column":22}},"loc":{"start":{"line":212,"column":36},"end":{"line":235,"column":3}}},"24":{"name":"(anonymous_24)","decl":{"start":{"line":215,"column":14},"end":{"line":215,"column":18}},"loc":{"start":{"line":215,"column":22},"end":{"line":215,"column":60}}},"25":{"name":"(anonymous_25)","decl":{"start":{"line":216,"column":11},"end":{"line":216,"column":15}},"loc":{"start":{"line":216,"column":19},"end":{"line":216,"column":31}}},"26":{"name":"(anonymous_26)","decl":{"start":{"line":217,"column":12},"end":{"line":217,"column":13}},"loc":{"start":{"line":217,"column":22},"end":{"line":217,"column":75}}},"27":{"name":"(anonymous_27)","decl":{"start":{"line":222,"column":32},"end":{"line":222,"column":36}},"loc":{"start":{"line":223,"column":8},"end":{"line":223,"column":56}}},"28":{"name":"(anonymous_28)","decl":{"start":{"line":237,"column":10},"end":{"line":237,"column":19}},"loc":{"start":{"line":237,"column":33},"end":{"line":259,"column":3}}},"29":{"name":"(anonymous_29)","decl":{"start":{"line":240,"column":6},"end":{"line":240,"column":10}},"loc":{"start":{"line":240,"column":14},"end":{"line":240,"column":52}}},"30":{"name":"(anonymous_30)","decl":{"start":{"line":246,"column":16},"end":{"line":246,"column":20}},"loc":{"start":{"line":246,"column":24},"end":{"line":246,"column":46}}},"31":{"name":"(anonymous_31)","decl":{"start":{"line":247,"column":14},"end":{"line":247,"column":15}},"loc":{"start":{"line":247,"column":24},"end":{"line":247,"column":87}}},"32":{"name":"(anonymous_32)","decl":{"start":{"line":254,"column":29},"end":{"line":254,"column":33}},"loc":{"start":{"line":254,"column":37},"end":{"line":254,"column":46}}},"33":{"name":"(anonymous_33)","decl":{"start":{"line":261,"column":10},"end":{"line":261,"column":23}},"loc":{"start":{"line":261,"column":37},"end":{"line":273,"column":3}}},"34":{"name":"(anonymous_34)","decl":{"start":{"line":270,"column":40},"end":{"line":270,"column":44}},"loc":{"start":{"line":270,"column":48},"end":{"line":270,"column":57}}},"35":{"name":"(anonymous_35)","decl":{"start":{"line":275,"column":10},"end":{"line":275,"column":21}},"loc":{"start":{"line":275,"column":35},"end":{"line":284,"column":3}}},"36":{"name":"(anonymous_36)","decl":{"start":{"line":286,"column":10},"end":{"line":286,"column":21}},"loc":{"start":{"line":286,"column":35},"end":{"line":295,"column":3}}},"37":{"name":"(anonymous_37)","decl":{"start":{"line":297,"column":10},"end":{"line":297,"column":29}},"loc":{"start":{"line":297,"column":43},"end":{"line":333,"column":3}}},"38":{"name":"(anonymous_38)","decl":{"start":{"line":298,"column":46},"end":{"line":298,"column":50}},"loc":{"start":{"line":298,"column":54},"end":{"line":298,"column":63}}},"39":{"name":"(anonymous_39)","decl":{"start":{"line":300,"column":11},"end":{"line":300,"column":15}},"loc":{"start":{"line":300,"column":20},"end":{"line":300,"column":65}}},"40":{"name":"(anonymous_40)","decl":{"start":{"line":301,"column":12},"end":{"line":301,"column":13}},"loc":{"start":{"line":301,"column":22},"end":{"line":301,"column":39}}},"41":{"name":"(anonymous_41)","decl":{"start":{"line":307,"column":8},"end":{"line":307,"column":9}},"loc":{"start":{"line":308,"column":10},"end":{"line":308,"column":85}}},"42":{"name":"(anonymous_42)","decl":{"start":{"line":312,"column":51},"end":{"line":312,"column":52}},"loc":{"start":{"line":313,"column":10},"end":{"line":313,"column":49}}},"43":{"name":"(anonymous_43)","decl":{"start":{"line":313,"column":21},"end":{"line":313,"column":25}},"loc":{"start":{"line":313,"column":29},"end":{"line":313,"column":47}}},"44":{"name":"(anonymous_44)","decl":{"start":{"line":321,"column":43},"end":{"line":321,"column":47}},"loc":{"start":{"line":322,"column":6},"end":{"line":322,"column":32}}},"45":{"name":"(anonymous_45)","decl":{"start":{"line":326,"column":40},"end":{"line":326,"column":44}},"loc":{"start":{"line":327,"column":8},"end":{"line":327,"column":47}}},"46":{"name":"(anonymous_46)","decl":{"start":{"line":327,"column":19},"end":{"line":327,"column":23}},"loc":{"start":{"line":327,"column":27},"end":{"line":327,"column":45}}},"47":{"name":"(anonymous_47)","decl":{"start":{"line":335,"column":2},"end":{"line":335,"column":8}},"loc":{"start":{"line":335,"column":66},"end":{"line":367,"column":3}}}},"branchMap":{"0":{"loc":{"start":{"line":11,"column":4},"end":{"line":13,"column":5}},"type":"if","locations":[{"start":{"line":11,"column":4},"end":{"line":13,"column":5}}]},"1":{"loc":{"start":{"line":11,"column":8},"end":{"line":11,"column":44}},"type":"binary-expr","locations":[{"start":{"line":11,"column":8},"end":{"line":11,"column":24}},{"start":{"line":11,"column":28},"end":{"line":11,"column":44}}]},"2":{"loc":{"start":{"line":26,"column":4},"end":{"line":26,"column":38}},"type":"if","locations":[{"start":{"line":26,"column":4},"end":{"line":26,"column":38}}]},"3":{"loc":{"start":{"line":29,"column":4},"end":{"line":29,"column":44}},"type":"if","locations":[{"start":{"line":29,"column":4},"end":{"line":29,"column":44}}]},"4":{"loc":{"start":{"line":32,"column":4},"end":{"line":32,"column":40}},"type":"if","locations":[{"start":{"line":32,"column":4},"end":{"line":32,"column":40}}]},"5":{"loc":{"start":{"line":35,"column":4},"end":{"line":35,"column":36}},"type":"if","locations":[{"start":{"line":35,"column":4},"end":{"line":35,"column":36}}]},"6":{"loc":{"start":{"line":38,"column":4},"end":{"line":38,"column":28}},"type":"if","locations":[{"start":{"line":38,"column":4},"end":{"line":38,"column":28}}]},"7":{"loc":{"start":{"line":41,"column":4},"end":{"line":41,"column":34}},"type":"if","locations":[{"start":{"line":41,"column":4},"end":{"line":41,"column":34}}]},"8":{"loc":{"start":{"line":44,"column":4},"end":{"line":44,"column":42}},"type":"if","locations":[{"start":{"line":44,"column":4},"end":{"line":44,"column":42}}]},"9":{"loc":{"start":{"line":47,"column":4},"end":{"line":47,"column":32}},"type":"if","locations":[{"start":{"line":47,"column":4},"end":{"line":47,"column":32}}]},"10":{"loc":{"start":{"line":50,"column":4},"end":{"line":50,"column":26}},"type":"if","locations":[{"start":{"line":50,"column":4},"end":{"line":50,"column":26}}]},"11":{"loc":{"start":{"line":62,"column":6},"end":{"line":81,"column":7}},"type":"if","locations":[{"start":{"line":62,"column":6},"end":{"line":81,"column":7}}]},"12":{"loc":{"start":{"line":62,"column":10},"end":{"line":62,"column":44}},"type":"binary-expr","locations":[{"start":{"line":62,"column":10},"end":{"line":62,"column":19}},{"start":{"line":62,"column":23},"end":{"line":62,"column":44}}]},"13":{"loc":{"start":{"line":68,"column":8},"end":{"line":80,"column":9}},"type":"if","locations":[{"start":{"line":68,"column":8},"end":{"line":80,"column":9}}]},"14":{"loc":{"start":{"line":91,"column":6},"end":{"line":102,"column":7}},"type":"if","locations":[{"start":{"line":91,"column":6},"end":{"line":102,"column":7}}]},"15":{"loc":{"start":{"line":91,"column":10},"end":{"line":91,"column":44}},"type":"binary-expr","locations":[{"start":{"line":91,"column":10},"end":{"line":91,"column":19}},{"start":{"line":91,"column":23},"end":{"line":91,"column":44}}]},"16":{"loc":{"start":{"line":93,"column":8},"end":{"line":101,"column":9}},"type":"if","locations":[{"start":{"line":93,"column":8},"end":{"line":101,"column":9}}]},"17":{"loc":{"start":{"line":93,"column":12},"end":{"line":93,"column":47}},"type":"binary-expr","locations":[{"start":{"line":93,"column":12},"end":{"line":93,"column":26}},{"start":{"line":93,"column":30},"end":{"line":93,"column":47}}]},"18":{"loc":{"start":{"line":113,"column":4},"end":{"line":124,"column":5}},"type":"if","locations":[{"start":{"line":113,"column":4},"end":{"line":124,"column":5}}]},"19":{"loc":{"start":{"line":119,"column":34},"end":{"line":119,"column":56}},"type":"cond-expr","locations":[{"start":{"line":119,"column":43},"end":{"line":119,"column":51}},{"start":{"line":119,"column":54},"end":{"line":119,"column":56}}]},"20":{"loc":{"start":{"line":121,"column":17},"end":{"line":121,"column":44}},"type":"cond-expr","locations":[{"start":{"line":121,"column":26},"end":{"line":121,"column":39}},{"start":{"line":121,"column":42},"end":{"line":121,"column":44}}]},"21":{"loc":{"start":{"line":135,"column":14},"end":{"line":135,"column":80}},"type":"binary-expr","locations":[{"start":{"line":135,"column":14},"end":{"line":135,"column":39}},{"start":{"line":135,"column":43},"end":{"line":135,"column":80}}]},"22":{"loc":{"start":{"line":138,"column":4},"end":{"line":149,"column":5}},"type":"if","locations":[{"start":{"line":138,"column":4},"end":{"line":149,"column":5}}]},"23":{"loc":{"start":{"line":138,"column":8},"end":{"line":138,"column":36}},"type":"binary-expr","locations":[{"start":{"line":138,"column":8},"end":{"line":138,"column":24}},{"start":{"line":138,"column":28},"end":{"line":138,"column":36}}]},"24":{"loc":{"start":{"line":158,"column":6},"end":{"line":169,"column":7}},"type":"if","locations":[{"start":{"line":158,"column":6},"end":{"line":169,"column":7}}]},"25":{"loc":{"start":{"line":158,"column":10},"end":{"line":158,"column":44}},"type":"binary-expr","locations":[{"start":{"line":158,"column":10},"end":{"line":158,"column":19}},{"start":{"line":158,"column":23},"end":{"line":158,"column":44}}]},"26":{"loc":{"start":{"line":160,"column":8},"end":{"line":168,"column":9}},"type":"if","locations":[{"start":{"line":160,"column":8},"end":{"line":168,"column":9}}]},"27":{"loc":{"start":{"line":176,"column":4},"end":{"line":184,"column":5}},"type":"if","locations":[{"start":{"line":176,"column":4},"end":{"line":184,"column":5}}]},"28":{"loc":{"start":{"line":176,"column":8},"end":{"line":176,"column":41}},"type":"binary-expr","locations":[{"start":{"line":176,"column":8},"end":{"line":176,"column":21}},{"start":{"line":176,"column":25},"end":{"line":176,"column":41}}]},"29":{"loc":{"start":{"line":194,"column":4},"end":{"line":208,"column":5}},"type":"if","locations":[{"start":{"line":194,"column":4},"end":{"line":208,"column":5}}]},"30":{"loc":{"start":{"line":219,"column":4},"end":{"line":233,"column":5}},"type":"if","locations":[{"start":{"line":219,"column":4},"end":{"line":233,"column":5}}]},"31":{"loc":{"start":{"line":219,"column":8},"end":{"line":219,"column":49}},"type":"binary-expr","locations":[{"start":{"line":219,"column":8},"end":{"line":219,"column":25}},{"start":{"line":219,"column":29},"end":{"line":219,"column":37}},{"start":{"line":219,"column":41},"end":{"line":219,"column":49}}]},"32":{"loc":{"start":{"line":223,"column":8},"end":{"line":223,"column":56}},"type":"binary-expr","locations":[{"start":{"line":223,"column":8},"end":{"line":223,"column":30}},{"start":{"line":223,"column":34},"end":{"line":223,"column":56}}]},"33":{"loc":{"start":{"line":228,"column":45},"end":{"line":228,"column":67}},"type":"cond-expr","locations":[{"start":{"line":228,"column":54},"end":{"line":228,"column":62}},{"start":{"line":228,"column":65},"end":{"line":228,"column":67}}]},"34":{"loc":{"start":{"line":230,"column":32},"end":{"line":230,"column":59}},"type":"cond-expr","locations":[{"start":{"line":230,"column":41},"end":{"line":230,"column":54}},{"start":{"line":230,"column":57},"end":{"line":230,"column":59}}]},"35":{"loc":{"start":{"line":243,"column":4},"end":{"line":257,"column":5}},"type":"if","locations":[{"start":{"line":243,"column":4},"end":{"line":257,"column":5}}]},"36":{"loc":{"start":{"line":263,"column":4},"end":{"line":265,"column":5}},"type":"if","locations":[{"start":{"line":263,"column":4},"end":{"line":265,"column":5}}]},"37":{"loc":{"start":{"line":278,"column":6},"end":{"line":280,"column":7}},"type":"if","locations":[{"start":{"line":278,"column":6},"end":{"line":280,"column":7}}]},"38":{"loc":{"start":{"line":289,"column":6},"end":{"line":291,"column":7}},"type":"if","locations":[{"start":{"line":289,"column":6},"end":{"line":291,"column":7}}]},"39":{"loc":{"start":{"line":308,"column":10},"end":{"line":308,"column":85}},"type":"binary-expr","locations":[{"start":{"line":308,"column":10},"end":{"line":308,"column":21}},{"start":{"line":308,"column":26},"end":{"line":308,"column":40}},{"start":{"line":308,"column":44},"end":{"line":308,"column":84}}]},"40":{"loc":{"start":{"line":311,"column":6},"end":{"line":316,"column":7}},"type":"if","locations":[{"start":{"line":311,"column":6},"end":{"line":316,"column":7}}]},"41":{"loc":{"start":{"line":325,"column":4},"end":{"line":330,"column":5}},"type":"if","locations":[{"start":{"line":325,"column":4},"end":{"line":330,"column":5}}]},"42":{"loc":{"start":{"line":337,"column":4},"end":{"line":339,"column":5}},"type":"if","locations":[{"start":{"line":337,"column":4},"end":{"line":339,"column":5}}]},"43":{"loc":{"start":{"line":345,"column":4},"end":{"line":347,"column":5}},"type":"if","locations":[{"start":{"line":345,"column":4},"end":{"line":347,"column":5}}]},"44":{"loc":{"start":{"line":354,"column":6},"end":{"line":354,"column":41}},"type":"if","locations":[{"start":{"line":354,"column":6},"end":{"line":354,"column":41}}]},"45":{"loc":{"start":{"line":354,"column":10},"end":{"line":354,"column":30}},"type":"binary-expr","locations":[{"start":{"line":354,"column":10},"end":{"line":354,"column":18}},{"start":{"line":354,"column":22},"end":{"line":354,"column":30}}]},"46":{"loc":{"start":{"line":355,"column":6},"end":{"line":355,"column":29}},"type":"if","locations":[{"start":{"line":355,"column":6},"end":{"line":355,"column":29}}]},"47":{"loc":{"start":{"line":356,"column":6},"end":{"line":356,"column":30}},"type":"if","locations":[{"start":{"line":356,"column":6},"end":{"line":356,"column":30}}]},"48":{"loc":{"start":{"line":361,"column":6},"end":{"line":363,"column":7}},"type":"if","locations":[{"start":{"line":361,"column":6},"end":{"line":363,"column":7}}]}},"s":{"0":0,"1":0,"2":0,"3":0,"4":0,"5":0,"6":0,"7":0,"8":0,"9":0,"10":0,"11":0,"12":0,"13":0,"14":0,"15":0,"16":0,"17":0,"18":0,"19":0,"20":0,"21":0,"22":0,"23":0,"24":0,"25":0,"26":0,"27":0,"28":0,"29":0,"30":0,"31":0,"32":0,"33":0,"34":0,"35":0,"36":0,"37":0,"38":0,"39":0,"40":0,"41":0,"42":0,"43":0,"44":0,"45":0,"46":0,"47":0,"48":0,"49":0,"50":0,"51":0,"52":0,"53":0,"54":0,"55":0,"56":0,"57":0,"58":0,"59":0,"60":0,"61":0,"62":0,"63":0,"64":0,"65":0,"66":0,"67":0,"68":0,"69":0,"70":0,"71":0,"72":0,"73":0,"74":0,"75":0,"76":0,"77":0,"78":0,"79":0,"80":0,"81":0,"82":0,"83":0,"84":0,"85":0,"86":0,"87":0,"88":0,"89":0,"90":0,"91":0,"92":0,"93":0,"94":0,"95":0,"96":0,"97":0,"98":0,"99":0,"100":0,"101":0,"102":0,"103":0,"104":0,"105":0,"106":0,"107":0,"108":0,"109":0,"110":0,"111":0,"112":0,"113":0,"114":0,"115":0,"116":0,"117":0,"118":0,"119":0,"120":0,"121":0,"122":0,"123":0,"124":0,"125":0,"126":0,"127":0,"128":0,"129":0,"130":0,"131":0,"132":0,"133":0,"134":0,"135":0,"136":0,"137":0,"138":0,"139":0,"140":0,"141":0,"142":0,"143":0,"144":0,"145":0,"146":0,"147":0,"148":0,"149":0,"150":0,"151":0,"152":0,"153":0,"154":0,"155":0,"156":0,"157":0,"158":0,"159":0,"160":0,"161":0,"162":0,"163":0,"164":0,"165":0,"166":0,"167":0,"168":0,"169":0,"170":0,"171":0,"172":0,"173":0,"174":0,"175":0,"176":0,"177":0,"178":0,"179":0,"180":0,"181":0,"182":0,"183":0,"184":0,"185":0},"f":{"0":0,"1":0,"2":0,"3":0,"4":0,"5":0,"6":0,"7":0,"8":0,"9":0,"10":0,"11":0,"12":0,"13":0,"14":0,"15":0,"16":0,"17":0,"18":0,"19":0,"20":0,"21":0,"22":0,"23":0,"24":0,"25":0,"26":0,"27":0,"28":0,"29":0,"30":0,"31":0,"32":0,"33":0,"34":0,"35":0,"36":0,"37":0,"38":0,"39":0,"40":0,"41":0,"42":0,"43":0,"44":0,"45":0,"46":0,"47":0},"b":{"0":[0],"1":[0,0],"2":[0],"3":[0],"4":[0],"5":[0],"6":[0],"7":[0],"8":[0],"9":[0],"10":[0],"11":[0],"12":[0,0],"13":[0],"14":[0],"15":[0,0],"16":[0],"17":[0,0],"18":[0],"19":[0,0],"20":[0,0],"21":[0,0],"22":[0],"23":[0,0],"24":[0],"25":[0,0],"26":[0],"27":[0],"28":[0,0],"29":[0],"30":[0],"31":[0,0,0],"32":[0,0],"33":[0,0],"34":[0,0],"35":[0],"36":[0],"37":[0],"38":[0],"39":[0,0,0],"40":[0],"41":[0],"42":[0],"43":[0],"44":[0],"45":[0,0],"46":[0],"47":[0],"48":[0]}}
,"/home/runner/work/primoPokerServerlessCF/primoPokerServerlessCF/packages/core/src/poker-game.ts": {"path":"/home/runner/work/primoPokerServerlessCF/primoPokerServerlessCF/packages/core/src/poker-game.ts","statementMap":{"0":{"start":{"line":1,"column":0},"end":{"line":1,"column":null}},"1":{"start":{"line":20,"column":0},"end":{"line":20,"column":56}},"2":{"start":{"line":31,"column":41},"end":{"line":31,"column":50}},"3":{"start":{"line":32,"column":25},"end":{"line":32,"column":27}},"4":{"start":{"line":33,"column":45},"end":{"line":33,"column":54}},"5":{"start":{"line":34,"column":45},"end":{"line":34,"column":54}},"6":{"start":{"line":37,"column":12},"end":{"line":37,"column":36}},"7":{"start":{"line":40,"column":4},"end":{"line":40,"column":62}},"8":{"start":{"line":41,"column":4},"end":{"line":44,"column":7}},"9":{"start":{"line":42,"column":6},"end":{"line":42,"column":42}},"10":{"start":{"line":43,"column":6},"end":{"line":43,"column":41}},"11":{"start":{"line":49,"column":24},"end":{"line":49,"column":66}},"12":{"start":{"line":50,"column":24},"end":{"line":50,"column":62}},"13":{"start":{"line":51,"column":19},"end":{"line":51,"column":39}},"14":{"start":{"line":53,"column":27},"end":{"line":53,"column":77}},"15":{"start":{"line":54,"column":29},"end":{"line":54,"column":63}},"16":{"start":{"line":55,"column":27},"end":{"line":55,"column":59}},"17":{"start":{"line":57,"column":4},"end":{"line":72,"column":6}},"18":{"start":{"line":76,"column":4},"end":{"line":78,"column":5}},"19":{"start":{"line":77,"column":6},"end":{"line":77,"column":73}},"20":{"start":{"line":81,"column":4},"end":{"line":81,"column":57}},"21":{"start":{"line":84,"column":27},"end":{"line":84,"column":51}},"22":{"start":{"line":85,"column":4},"end":{"line":93,"column":5}},"23":{"start":{"line":86,"column":32},"end":{"line":86,"column":34}},"24":{"start":{"line":87,"column":6},"end":{"line":91,"column":7}},"25":{"start":{"line":87,"column":19},"end":{"line":87,"column":20}},"26":{"start":{"line":88,"column":21},"end":{"line":88,"column":36}},"27":{"start":{"line":89,"column":8},"end":{"line":89,"column":73}},"28":{"start":{"line":89,"column":19},"end":{"line":89,"column":73}},"29":{"start":{"line":90,"column":8},"end":{"line":90,"column":29}},"30":{"start":{"line":92,"column":6},"end":{"line":92,"column":48}},"31":{"start":{"line":96,"column":4},"end":{"line":96,"column":28}},"32":{"start":{"line":98,"column":4},"end":{"line":98,"column":46}},"33":{"start":{"line":99,"column":4},"end":{"line":99,"column":42}},"34":{"start":{"line":103,"column":19},"end":{"line":103,"column":45}},"35":{"start":{"line":104,"column":4},"end":{"line":106,"column":5}},"36":{"start":{"line":105,"column":6},"end":{"line":105,"column":59}},"37":{"start":{"line":108,"column":4},"end":{"line":110,"column":5}},"38":{"start":{"line":109,"column":6},"end":{"line":109,"column":56}},"39":{"start":{"line":112,"column":4},"end":{"line":127,"column":5}},"40":{"start":{"line":113,"column":21},"end":{"line":113,"column":59}},"41":{"start":{"line":114,"column":21},"end":{"line":114,"column":71}},"42":{"start":{"line":116,"column":6},"end":{"line":119,"column":7}},"43":{"start":{"line":117,"column":8},"end":{"line":117,"column":35}},"44":{"start":{"line":118,"column":8},"end":{"line":118,"column":42}},"45":{"start":{"line":121,"column":6},"end":{"line":121,"column":20}},"46":{"start":{"line":123,"column":6},"end":{"line":126,"column":8}},"47":{"start":{"line":131,"column":4},"end":{"line":133,"column":5}},"48":{"start":{"line":132,"column":6},"end":{"line":132,"column":75}},"49":{"start":{"line":135,"column":26},"end":{"line":136,"column":null}},"50":{"start":{"line":136,"column":16},"end":{"line":136,"column":53}},"51":{"start":{"line":143,"column":9},"end":{"line":143,"column":11}},"52":{"start":{"line":146,"column":4},"end":{"line":156,"column":5}},"53":{"start":{"line":147,"column":24},"end":{"line":147,"column":61}},"54":{"start":{"line":148,"column":23},"end":{"line":148,"column":71}},"55":{"start":{"line":149,"column":25},"end":{"line":149,"column":48}},"56":{"start":{"line":151,"column":6},"end":{"line":155,"column":9}},"57":{"start":{"line":159,"column":4},"end":{"line":161,"column":6}},"58":{"start":{"line":160,"column":6},"end":{"line":160,"column":51}},"59":{"start":{"line":164,"column":20},"end":{"line":164,"column":58}},"60":{"start":{"line":165,"column":4},"end":{"line":165,"column":38}},"61":{"start":{"line":167,"column":4},"end":{"line":174,"column":6}},"62":{"start":{"line":168,"column":38},"end":{"line":173,"column":8}},"63":{"start":{"line":178,"column":4},"end":{"line":178,"column":33}},"64":{"start":{"line":182,"column":4},"end":{"line":182,"column":42}},"65":{"start":{"line":186,"column":4},"end":{"line":199,"column":5}},"66":{"start":{"line":188,"column":8},"end":{"line":188,"column":17}},"67":{"start":{"line":190,"column":8},"end":{"line":190,"column":17}},"68":{"start":{"line":192,"column":8},"end":{"line":192,"column":17}},"69":{"start":{"line":194,"column":8},"end":{"line":194,"column":17}},"70":{"start":{"line":196,"column":8},"end":{"line":196,"column":17}},"71":{"start":{"line":198,"column":8},"end":{"line":198,"column":17}},"72":{"start":{"line":206,"column":4},"end":{"line":206,"column":74}},"73":{"start":{"line":210,"column":29},"end":{"line":210,"column":74}},"74":{"start":{"line":211,"column":27},"end":{"line":211,"column":70}},"75":{"start":{"line":213,"column":4},"end":{"line":215,"column":5}},"76":{"start":{"line":214,"column":6},"end":{"line":214,"column":57}},"77":{"start":{"line":218,"column":29},"end":{"line":220,"column":null}},"78":{"start":{"line":222,"column":4},"end":{"line":222,"column":51}},"79":{"start":{"line":223,"column":4},"end":{"line":223,"column":64}},"80":{"start":{"line":224,"column":4},"end":{"line":224,"column":43}},"81":{"start":{"line":227,"column":27},"end":{"line":229,"column":null}},"82":{"start":{"line":231,"column":4},"end":{"line":231,"column":47}},"83":{"start":{"line":232,"column":4},"end":{"line":232,"column":60}},"84":{"start":{"line":233,"column":4},"end":{"line":233,"column":41}},"85":{"start":{"line":235,"column":4},"end":{"line":235,"column":47}},"86":{"start":{"line":239,"column":23},"end":{"line":239,"column":58}},"87":{"start":{"line":240,"column":23},"end":{"line":240,"column":61}},"88":{"start":{"line":242,"column":4},"end":{"line":244,"column":5}},"89":{"start":{"line":243,"column":6},"end":{"line":243,"column":71}},"90":{"start":{"line":246,"column":4},"end":{"line":248,"column":5}},"91":{"start":{"line":247,"column":6},"end":{"line":247,"column":31}},"92":{"start":{"line":250,"column":4},"end":{"line":252,"column":5}},"93":{"start":{"line":251,"column":6},"end":{"line":251,"column":70}},"94":{"start":{"line":254,"column":4},"end":{"line":254,"column":29}},"95":{"start":{"line":262,"column":19},"end":{"line":262,"column":45}},"96":{"start":{"line":263,"column":4},"end":{"line":265,"column":5}},"97":{"start":{"line":264,"column":6},"end":{"line":264,"column":42}},"98":{"start":{"line":267,"column":4},"end":{"line":312,"column":5}},"99":{"start":{"line":269,"column":8},"end":{"line":269,"column":49}},"100":{"start":{"line":270,"column":8},"end":{"line":270,"column":14}},"101":{"start":{"line":273,"column":8},"end":{"line":275,"column":9}},"102":{"start":{"line":274,"column":10},"end":{"line":274,"column":97}},"103":{"start":{"line":276,"column":8},"end":{"line":276,"column":14}},"104":{"start":{"line":279,"column":27},"end":{"line":279,"column":92}},"105":{"start":{"line":280,"column":8},"end":{"line":282,"column":9}},"106":{"start":{"line":281,"column":10},"end":{"line":281,"column":73}},"107":{"start":{"line":283,"column":8},"end":{"line":283,"column":39}},"108":{"start":{"line":284,"column":8},"end":{"line":284,"column":66}},"109":{"start":{"line":285,"column":8},"end":{"line":285,"column":41}},"110":{"start":{"line":286,"column":8},"end":{"line":286,"column":14}},"111":{"start":{"line":290,"column":8},"end":{"line":292,"column":9}},"112":{"start":{"line":291,"column":10},"end":{"line":291,"column":69}},"113":{"start":{"line":294,"column":23},"end":{"line":294,"column":69}},"114":{"start":{"line":295,"column":8},"end":{"line":297,"column":9}},"115":{"start":{"line":296,"column":10},"end":{"line":296,"column":60}},"116":{"start":{"line":299,"column":8},"end":{"line":299,"column":35}},"117":{"start":{"line":300,"column":8},"end":{"line":300,"column":47}},"118":{"start":{"line":301,"column":8},"end":{"line":301,"column":37}},"119":{"start":{"line":302,"column":8},"end":{"line":302,"column":43}},"120":{"start":{"line":303,"column":8},"end":{"line":303,"column":41}},"121":{"start":{"line":304,"column":8},"end":{"line":304,"column":14}},"122":{"start":{"line":307,"column":28},"end":{"line":307,"column":44}},"123":{"start":{"line":308,"column":8},"end":{"line":308,"column":29}},"124":{"start":{"line":309,"column":8},"end":{"line":309,"column":92}},"125":{"start":{"line":310,"column":8},"end":{"line":310,"column":42}},"126":{"start":{"line":311,"column":8},"end":{"line":311,"column":14}},"127":{"start":{"line":314,"column":4},"end":{"line":318,"column":6}},"128":{"start":{"line":322,"column":26},"end":{"line":323,"column":null}},"129":{"start":{"line":323,"column":16},"end":{"line":323,"column":53}},"130":{"start":{"line":326,"column":4},"end":{"line":328,"column":5}},"131":{"start":{"line":327,"column":6},"end":{"line":327,"column":13}},"132":{"start":{"line":330,"column":25},"end":{"line":331,"column":null}},"133":{"start":{"line":331,"column":16},"end":{"line":331,"column":59}},"134":{"start":{"line":334,"column":22},"end":{"line":334,"column":63}},"135":{"start":{"line":335,"column":4},"end":{"line":335,"column":65}},"136":{"start":{"line":339,"column":26},"end":{"line":340,"column":null}},"137":{"start":{"line":340,"column":16},"end":{"line":340,"column":53}},"138":{"start":{"line":343,"column":25},"end":{"line":344,"column":null}},"139":{"start":{"line":344,"column":16},"end":{"line":344,"column":45}},"140":{"start":{"line":347,"column":22},"end":{"line":347,"column":63}},"141":{"start":{"line":348,"column":4},"end":{"line":348,"column":40}},"142":{"start":{"line":352,"column":26},"end":{"line":353,"column":null}},"143":{"start":{"line":353,"column":16},"end":{"line":353,"column":53}},"144":{"start":{"line":357,"column":28},"end":{"line":360,"column":6}},"145":{"start":{"line":358,"column":24},"end":{"line":358,"column":60}},"146":{"start":{"line":359,"column":6},"end":{"line":359,"column":79}},"147":{"start":{"line":362,"column":4},"end":{"line":364,"column":5}},"148":{"start":{"line":363,"column":6},"end":{"line":363,"column":13}},"149":{"start":{"line":367,"column":4},"end":{"line":380,"column":5}},"150":{"start":{"line":369,"column":8},"end":{"line":369,"column"
[...]
,"/home/runner/work/primoPokerServerlessCF/primoPokerServerlessCF/packages/core/src/table-manager.ts": {"path":"/home/runner/work/primoPokerServerlessCF/primoPokerServerlessCF/packages/core/src/table-manager.ts","statementMap":{"0":{"start":{"line":1,"column":0},"end":{"line":1,"column":null}},"1":{"start":{"line":14,"column":0},"end":{"line":14,"column":41}},"2":{"start":{"line":27,"column":39},"end":{"line":27,"column":48}},"3":{"start":{"line":30,"column":25},"end":{"line":48,"column":6}},"4":{"start":{"line":50,"column":4},"end":{"line":50,"column":38}},"5":{"start":{"line":51,"column":4},"end":{"line":51,"column":17}},"6":{"start":{"line":55,"column":18},"end":{"line":55,"column":42}},"7":{"start":{"line":56,"column":4},"end":{"line":58,"column":5}},"8":{"start":{"line":57,"column":6},"end":{"line":57,"column":58}},"9":{"start":{"line":61,"column":4},"end":{"line":63,"column":5}},"10":{"start":{"line":62,"column":6},"end":{"line":62,"column":40}},"11":{"start":{"line":66,"column":4},"end":{"line":68,"column":5}},"12":{"start":{"line":67,"column":6},"end":{"line":67,"column":66}},"13":{"start":{"line":71,"column":21},"end":{"line":71,"column":50}},"14":{"start":{"line":72,"column":4},"end":{"line":74,"column":5}},"15":{"start":{"line":73,"column":6},"end":{"line":73,"column":61}},"16":{"start":{"line":77,"column":27},"end":{"line":86,"column":6}},"17":{"start":{"line":88,"column":4},"end":{"line":88,"column":40}},"18":{"start":{"line":89,"column":4},"end":{"line":89,"column":36}},"19":{"start":{"line":92,"column":4},"end":{"line":94,"column":5}},"20":{"start":{"line":93,"column":6},"end":{"line":93,"column":34}},"21":{"start":{"line":96,"column":31},"end":{"line":99,"column":6}},"22":{"start":{"line":101,"column":4},"end":{"line":103,"column":5}},"23":{"start":{"line":102,"column":6},"end":{"line":102,"column":42}},"24":{"start":{"line":105,"column":4},"end":{"line":105,"column":18}},"25":{"start":{"line":109,"column":18},"end":{"line":109,"column":42}},"26":{"start":{"line":110,"column":4},"end":{"line":112,"column":5}},"27":{"start":{"line":111,"column":6},"end":{"line":111,"column":41}},"28":{"start":{"line":114,"column":19},"end":{"line":114,"column":46}},"29":{"start":{"line":115,"column":4},"end":{"line":117,"column":5}},"30":{"start":{"line":116,"column":6},"end":{"line":116,"column":46}},"31":{"start":{"line":120,"column":4},"end":{"line":120,"column":35}},"32":{"start":{"line":121,"column":4},"end":{"line":121,"column":36}},"33":{"start":{"line":124,"column":4},"end":{"line":127,"column":5}},"34":{"start":{"line":125,"column":6},"end":{"line":125,"column":24}},"35":{"start":{"line":126,"column":6},"end":{"line":126,"column":29}},"36":{"start":{"line":130,"column":4},"end":{"line":132,"column":5}},"37":{"start":{"line":131,"column":6},"end":{"line":131,"column":34}},"38":{"start":{"line":136,"column":4},"end":{"line":136,"column":44}},"39":{"start":{"line":140,"column":18},"end":{"line":140,"column":42}},"40":{"start":{"line":141,"column":4},"end":{"line":143,"column":5}},"41":{"start":{"line":142,"column":6},"end":{"line":142,"column":41}},"42":{"start":{"line":145,"column":4},"end":{"line":145,"column":32}},"43":{"start":{"line":146,"column":4},"end":{"line":146,"column":36}},"44":{"start":{"line":150,"column":26},"end":{"line":153,"column":null}},"45":{"start":{"line":152,"column":23},"end":{"line":152,"column":44}},"46":{"start":{"line":153,"column":24},"end":{"line":153,"column":42}},"47":{"start":{"line":156,"column":4},"end":{"line":165,"column":5}},"48":{"start":{"line":156,"column":20},"end":{"line":156,"column":21}},"49":{"start":{"line":157,"column":6},"end":{"line":164,"column":7}},"50":{"start":{"line":158,"column":8},"end":{"line":163,"column":10}},"51":{"start":{"line":167,"column":4},"end":{"line":167,"column":16}},"52":{"start":{"line":171,"column":20},"end":{"line":171,"column":54}},"53":{"start":{"line":173,"column":4},"end":{"line":175,"column":5}},"54":{"start":{"line":174,"column":6},"end":{"line":174,"column":13}},"55":{"start":{"line":178,"column":24},"end":{"line":178,"column":66}},"56":{"start":{"line":179,"column":4},"end":{"line":185,"column":7}},"57":{"start":{"line":180,"column":6},"end":{"line":184,"column":7}},"58":{"start":{"line":181,"column":8},"end":{"line":181,"column":57}},"59":{"start":{"line":182,"column":8},"end":{"line":182,"column":45}},"60":{"start":{"line":183,"column":8},"end":{"line":183,"column":43}},"61":{"start":{"line":188,"column":27},"end":{"line":188,"column":84}},"62":{"start":{"line":189,"column":4},"end":{"line":191,"column":5}},"63":{"start":{"line":190,"column":6},"end":{"line":190,"column":72}},"64":{"start":{"line":192,"column":4},"end":{"line":194,"column":5}},"65":{"start":{"line":193,"column":6},"end":{"line":193,"column":68}},"66":{"start":{"line":197,"column":4},"end":{"line":197,"column":54}},"67":{"start":{"line":200,"column":4},"end":{"line":200,"column":33}},"68":{"start":{"line":203,"column":4},"end":{"line":203,"column":48}},"69":{"start":{"line":210,"column":4},"end":{"line":215,"column":5}},"70":{"start":{"line":211,"column":6},"end":{"line":214,"column":8}},"71":{"start":{"line":217,"column":4},"end":{"line":220,"column":6}},"72":{"start":{"line":225,"column":4},"end":{"line":225,"column":76}},"73":{"start":{"line":225,"column":60},"end":{"line":225,"column":74}},"74":{"start":{"line":229,"column":4},"end":{"line":231,"column":6}},"75":{"start":{"line":230,"column":6},"end":{"line":230,"column":33}},"76":{"start":{"line":235,"column":16},"end":{"line":235,"column":26}},"77":{"start":{"line":236,"column":37},"end":{"line":236,"column":39}},"78":{"start":{"line":238,"column":4},"end":{"line":244,"column":5}},"79":{"start":{"line":239,"column":27},"end":{"line":239,"column":71}},"80":{"start":{"line":241,"column":6},"end":{"line":243,"column":7}},"81":{"start":{"line":242,"column":8},"end":{"line":242,"column":37}},"82":{"start":{"line":246,"column":4},"end":{"line":248,"column":7}},"83":{"start":{"line":247,"column":6},"end":{"line":247,"column":34}},"84":{"start":{"line":252,"column":18},"end":{"line":252,"column":42}},"85":{"start":{"line":253,"column":4},"end":{"line":255,"column":5}},"86":{"start":{"line":254,"column":6},"end":{"line":254,"column":13}},"87":{"start":{"line":257,"column":20},"end":{"line":258,"column":null}},"88":{"start":{"line":258,"column":16},"end":{"line":258,"column":53}},"89":{"start":{"line":261,"column":4},"end":{"line":263,"column":5}},"90":{"start":{"line":262,"column":6},"end":{"line":262,"column":13}},"91":{"start":{"line":266,"column":31},"end":{"line":267,"column":null}},"92":{"start":{"line":267,"column":6},"end":{"line":267,"column":31}},"93":{"start":{"line":270,"column":4},"end":{"line":272,"column":5}},"94":{"start":{"line":271,"column":6},"end":{"line":271,"column":13}},"95":{"start":{"line":275,"column":4},"end":{"line":281,"column":7}},"96":{"start":{"line":276,"column":6},"end":{"line":280,"column":7}},"97":{"start":{"line":277,"column":8},"end":{"line":277,"column":41}},"98":{"start":{"line":278,"column":8},"end":{"line":278,"column":45}},"99":{"start":{"line":279,"column":8},"end":{"line":279,"column":43}},"100":{"start":{"line":284,"column":27},"end":{"line":284,"column":68}},"101":{"start":{"line":285,"column":4},"end":{"line":287,"column":5}},"102":{"start":{"line":286,"column":6},"end":{"line":286,"column":57}},"103":{"start":{"line":290,"column":27},"end":{"line":290,"column":87}},"104":{"start":{"line":291,"column":4},"end":{"line":293,"column":5}},"105":{"start":{"line":292,"column":6},"end":{"line":292,"column":72}},"106":{"start":{"line":294,"column":4},"end":{"line":296,"column":5}},"107":{"start":{"line":295,"column":6},"end":{"line":295,"column":68}},"108":{"start":{"line":26,"column":0},"end":{"line":26,"column":13}}},"fnMap":{"0":{"name":"(anonymous_0)","decl":{"start":{"line":29,"column":2},"end":{"line":29,"column":7}},"loc":{"start":{"line":29,"column":39},"end":{"line":52,"column":3}}},"1":{"name":"(anonymous_1)","decl":{"start":{"line":54,"column":2},"end":{"line":54,"column":7}},"loc":{"start":{"line":54,"column":51},"end":{"line":106,"column":3}}},"2":{"name":"(anonymous_2)","decl":{"start":{"line":108,"column":2},"end":{"line":108,"column":7}},"loc":{"start":{"line":108,"column":52},"end":{"line":133,"column":3}}},"3":{"name":"(anonymous_3)","decl":{"start":{"line":135,"column":2},"end":{"line":135,"column":7}},"loc":{"start":{"line":135,"column":32},"end":{"line":137,"column":3}}},"4":{"name":"(anonymous_4)","decl":{"start":{"line":139,"column":2},"end":{"line":139,"column":7}},"loc":{"start":{"line":139,"column":62},"end":{"line":147,"column":3}}},"5":{"name":"(anonymous_5)","decl":{"start":{"line":149,"column":10},"end":{"line":149,"column":27}},"loc":{"start":{"line":149,"column":40},"end":{"line":168,"column":3}}},"6":{"name":"(anonymous_6)","decl":{"start":{"line":152,"column":13},"end":{"line":152,"column":19}},"loc":{"start":{"line":152,"column":23},"end":{"line":152,"column":44}}},"7":{"name":"(anonymous_7)","decl":{"start":{"line":153,"column":16},"end":{"line":153,"column":20}},"loc":{"start":{"line":153,"column":24},"end":{"line":153,"column":42}}},"8":{"name":"(anonymous_8)","decl":{"start":{"line":170,"column":10},"end":{"line":170,"column":15}},"loc":{"start":{"line":170,"column":38},"end":{"line":204,"column":3}}},"9":{"name":"(anonymous_9)","decl":{"start":{"line":179,"column":20},"end":{"line":179,"column":21}},"loc":{"start":{"line":179,"column":38},"end":{"line":185,"column":5}}},"10":{"name":"(anonymous_10)","decl":{"start":{"line":206,"column":10},"end":{"line":206,"column":33}},"loc":{"start":{"line":206,"column":77},"end":{"line":221,"column":3}}},"11":{"name":"(anonymous_11)","decl":{"start":{"line":224,"column":2},"end":{"line":224,"column":7}},"loc":{"start":{"line":224,"column":23},"end":{"line":226,"column":3}}},"12":{"name":"(anonymous_12)","decl":{"start":{"line":225,"column":51},"end":{"line":225,"column":56}},"loc":{"start":{"line":225,"column":60},"end":{"line":225,"column":74}}},"13":{"name":"(anonymous_13)","decl":{"start":{"line":228,"column":2},"end":{"line":228,"column":7}},"loc":{"start":{"line":228,"column":42},"end":{"line":232,"column":3}}},"14":{"name":"(anonymous_14)","decl":{"start":{"line":229,"column":51},"end":{"line":229,"column":56}},"loc":{"start":{"line":230,"column":6},"end":{"line":230,"column":33}}},"15":{"name":"(anonymous_15)","decl":{"start":{"line":234,"column":2},"end":{"line":234,"column":7}},"loc":{"start":{"line":234,"column":63},"end":{"line":249,"column":3}}},"16":{"name":"(anonymous_16)","decl":{"start":{"line":246,"column":27},"end":{"line":246,"column":34}},"loc":{"start":{"line":246,"column":37},"end":{"line":248,"column":5}}},"17":{"name":"(anonymous_17)","decl":{"start":{"line":251,"column":2},"end":{"line":251,"column":7}},"loc":{"start":{"line":251,"column":34},"end":{"line":297,"column":3}}},"18":{"name":"(anonymous_18)","decl":{"start":{"line":258,"column":6},"end":{"line":258,"column":12}},"loc":{"start":{"line":258,"column":16},"end":{"line":258,"column":53}}},"19":{"name":"(anonymous_19)","decl":{"start":{"line":266,"column":49},"end":{"line":266,"column":55}},"loc":{"start":{"line":267,"column":6},"end":{"line":267,"column":31}}},"20":{"name":"(anonymous_20)","decl":{"start":{"line":275,"column":20},"end":{"line":275,"column":26}},"loc":{"start":{"line":275,"column":29},"end":{"line":281,"column":5}}}},"branchMap":{"0":{"loc":{"start":{"line":56,"column":4},"end":{"line":58,"column":5}},"type":"if","locations":[{"start":{"line":56,"column":4},"end":{"line":58,"column":5}}]},"1":{"loc":{"start":{"line":61,"column":4},"end":{"line":63,"column":5}},"type":"if","locations":[{"start":{"line":61,"column":4},"end":{"line":63,"column":5}}]},"2":{"loc":{"start":{"line":66,"column":4},"end":{"line":68,"column":5}},"type":"if","locations":[{"start":{"line":66,"column":4},"end":{"line":68,"column":5}}]},"3":{"loc":{"start":{"line":72,"column":4},"end":{"line":74,"column":5}},"type":"if","locations":[{"start":{"line":72,"column":4},"end":{"line":74,"column":5}}]},"4":{"loc":{"start":{"line":92,"column":4},"end":{"line":94,"column":5}},"type":"if","locations":[{"start":{"line":92,"column":4},"end":{"line":94,"column":5}}]},"5":{"loc":{"start":{"line":92,"column":8},"end":{"line":92,"column":82}},"type":"binary-expr","locations":[{"start":{"line":92,"column":8},"end":{"line":92,"column":67}},{"start":{"line":92,"column":71},"end":{"line":92,"column":82}}]},"6":{"loc":{"start":{"line":101,"column":4},"end":{"line":103,"column":5}},"type":"if","locations":[{"start":{"line":101,"column":4},"end":{"line":103,"column":5}}]},"7":{"loc":{"start":{"line":110,"column":4},"end":{"line":112,"column":5}},"type":"if","locations":[{"start":{"line":110,"column":4},"end":{"line":112,"column":5}}]},"8":{"loc":{"start":{"line":115,"column":4},"end":{"line":117,"column":5}},"type":"if","locations":[{"start":{"line":115,"column":4},"end":{"line":117,"column":5}}]},"9":{"loc":{"start":{"line":124,"column":4},"end":{"line":127,"column":5}},"type":"if","locations":[{"start":{"line":124,"column":4},"end":{"line":127,"column":5}}]},"10":{"loc":{"start":{"line":124,"column":8},"end":{"line":124,"column":80}},"type":"binary-expr","locations":[{"start":{"line":124,"column":8},"end":{"line":124,"column":66}},{"start":{"line":124,"column":70},"end":{"line":124,"column":80}}]},"11":{"loc":{"start":{"line":130,"column":4},"end":{"line":132,"column":5}},"type":"if","locations":[{"start":{"line":130,"column":4},"end":{"line":132,"column":5}}]},"12":{"loc":{"start":{"line":136,"column":11},"end":{"line":136,"column":43}},"type":"binary-expr","locations":[{"start":{"line":136,"column":11},"end":{"line":136,"column":35}},{"start":{"line":136,"column":39},"end":{"line":136,"column":43}}]},"13":{"loc":{"start":{"line":141,"column":4},"end":{"line":143,"column":5}},"type":"if","locations":[{"start":{"line":141,"column":4},"end":{"line":143,"column":5}}]},"14":{"loc":{"start":{"line":157,"column":6},"end":{"line":164,"column":7}},"type":"if","locations":[{"start":{"line":157,"column":6},"end":{"line":164,"column":7}}]},"15":{"loc":{"start":{"line":173,"column":4},"end":{"line":175,"column":5}},"type":"if","locations":[{"start":{"line":173,"column":4},"end":{"line":175,"column":5}}]},"16":{"loc":{"start":{"line":180,"column":6},"end":{"line":184,"column":7}},"type":"if","locations":[{"start":{"line":180,"column":6},"end":{"line":184,"column":7}}]},"17":{"loc":{"start":{"line":189,"column":4},"end":{"line":191,"column":5}},"type":"if","locations":[{"start":{"line":189,"column":4},"end":{"line":191,"column":5}}]},"18":{"loc":{"start":{"line":192,"column":4},"end":{"line":194,"column":5}},"type":"if","locations":[{"start":{"line":192,"column":4},"end":{"line":194,"column":5}}]},"19":{"loc":{"start":{"line":210,"column":4},"end":{"line":215,"column":5}},"type":"if","locations":[{"start":{"line":210,"column":4},"end":{"line":215,"column":5}}]},"20":{"loc":{"start":{"line":234,"column":30},"end":{"line":234,"column":63}},"type":"default-arg","locations":[{"start":{"line":234,"column":56},"end":{"line":234,"column":63}}]},"21":{"loc":{"start":{"line":241,"column":6},"end":{"line":243,"column":7}},"type":"if","locations":[{"start":{"line":241,"column":6},"end":{"line":243,"column":7}}]},"22":{"loc":{"start":{"line":241,"column":10},"end":{"line":241,"column":68}},"type":"binary-expr","locations":[{"start":{"line":241,"column":10},"end":{"line":241,"column":40}},{"start":{"line":241,"column":44},"end":{"line":241,"column":68}}]},"23":{"loc":{"start":{"line":253,"column":4},"end":{"line":255,"column":5}},"type":"if","locations":[{"start":{"line":253,"column":4},"end":{"line":255,"column":5}}]},"24":{"loc":{"start":{"line":253,"column":8},"end":{"line":253,"column":29}},"type":"binary-expr","locations":[{"start":{"line":253,"column":8},"end":{"line":253,"column":14}},{"start":{"line":253,"column":18},"end":{"line":253,"column":29}}]},"25":{"loc":{"start":{"line":261,"column":4},"end":{"line":263,"column":5}},"type":"if","locations":[{"start":{"line":261,"column":4},"end":{"line":263,"column":5}}]},"26":{"loc":{"start":{"line":270,"column":4},"end":{"line":272,"column":5}},"type":"if","locations":[{"start":{"line":270,"column":4},"end":{"line":272,"column":5}}]},"27":{"loc":{"start":{"line":276,"column":6},"end":{"line":280,"column":7}},"type":"if","locations":[{"start":{"line":276,"column":6},"end":{"line":280,"column":7}}]},"28":{"loc":{"start":{"line":285,"column":4},"end":{"line":287,"column":5}},"type":"if","locations":[{"start":{"line":285,"column":4},"end":{"line":287,"column":5}}]},"29":{"loc":{"start":{"line":291,"column":4},"end":{"line":293,"column":5}},"type":"if","locations":[{"start":{"line":291,"column":4},"end":{"line":293,"column":5}}]},"30":{"loc":{"start":{"line":294,"column":4},"end":{"line":296,"column":5}},"type":"if","locations":[{"start":{"line":294,"column":4},"end":{"line":296,"column":5}}]}},"s":{"0":0,"1":0,"2":0,"3":0,"4":0,"5":0,"6":0,"7":0,"8":0,"9":0,"10":0,"11":0,"12":0,"13":0,"14":0,"15":0,"16":0,"17":0,"18":0,"19":0,"20":0,"21":0,"22":0,"23":0,"24":0,"25":0,"26":0,"27":0,"28":0,"29":0,"30":0,"31":0,"32":0,"33":0,"34":0,"35":0,"36":0,"37":0,"38":0,"39":0,"40":0,"41":0,"42":0,"43":0,"44":0,"45":0,"46":0,"47":0,"48":0,"49":0,"50":0,"51":0,"52":0,"53":0,"54":0,"55":0,"56":0,"57":0,"58":0,"59":0,"60":0,"61":0,"62":0,"63":0,"64":0,"65":0,"66":0,"67":0,"68":0,"69":0,"70":0,"71":0,"72":0,"73":0,"74":0,"75":0,"76":0,"77":0,"78":0,"79":0,"80":0,"81":0,"82":0,"83":0,"84":0,"85":0,"86":0,"87":0,"88":0,"89":0,"90":0,"91":0,"92":0,"93":0,"94":0,"95":0,"96":0,"97":0,"98":0,"99":0,"100":0,"101":0,"102":0,"103":0,"104":0,"105":0,"106":0,"107":0,"108":0},"f":{"0":0,"1":0,"2":0,"3":0,"4":0,"5":0,"6":0,"7":0,"8":0,"9":0,"10":0,"11":0,"12":0,"13":0,"14":0,"15":0,"16":0,"17":0,"18":0,"19":0,"20":0},"b":{"0":[0],"1":[0],"2":[0],"3":[0],"4":[0],"5":[0,0],"6":[0],"7":[0],"8":[0],"9":[0],"10":[0,0],"11":[0],"12":[0,0],"13":[0],"14":[0],"15":[0],"16":[0],"17":[0],"18":[0],"19":[0],"20":[0],"21":[0],"22":[0,0],"23":[0],"24":[0,0],"25":[0],"26":[0],"27":[0],"28":[0],"29":[0],"30":[0]}}
}
