TN:
SF:src/betting-engine.ts
FN:55,(anonymous_0)
FN:63,(anonymous_1)
FN:147,(anonymous_2)
FN:185,(anonymous_3)
FN:236,(anonymous_4)
FN:238,(anonymous_5)
FN:245,(anonymous_6)
FN:257,(anonymous_7)
FN:258,(anonymous_8)
FN:278,(anonymous_9)
FN:283,(anonymous_10)
FN:292,(anonymous_11)
FN:301,(anonymous_12)
FN:306,(anonymous_13)
FN:338,(anonymous_14)
FN:340,(anonymous_15)
FN:351,(anonymous_16)
FN:354,(anonymous_17)
FNF:18
FNH:0
FNDA:0,(anonymous_0)
FNDA:0,(anonymous_1)
FNDA:0,(anonymous_2)
FNDA:0,(anonymous_3)
FNDA:0,(anonymous_4)
FNDA:0,(anonymous_5)
FNDA:0,(anonymous_6)
FNDA:0,(anonymous_7)
FNDA:0,(anonymous_8)
FNDA:0,(anonymous_9)
FNDA:0,(anonymous_10)
FNDA:0,(anonymous_11)
FNDA:0,(anonymous_12)
FNDA:0,(anonymous_13)
FNDA:0,(anonymous_14)
FNDA:0,(anonymous_15)
FNDA:0,(anonymous_16)
FNDA:0,(anonymous_17)
DA:11,0
DA:51,0
DA:56,0
DA:57,0
DA:69,0
DA:70,0
DA:71,0
DA:74,0
DA:75,0
DA:78,0
DA:80,0
DA:82,0
DA:85,0
DA:86,0
DA:88,0
DA:91,0
DA:92,0
DA:94,0
DA:95,0
DA:100,0
DA:103,0
DA:104,0
DA:106,0
DA:107,0
DA:109,0
DA:110,0
DA:112,0
DA:115,0
DA:116,0
DA:118,0
DA:119,0
DA:120,0
DA:125,0
DA:126,0
DA:128,0
DA:131,0
DA:132,0
DA:134,0
DA:140,0
DA:153,0
DA:154,0
DA:155,0
DA:158,0
DA:159,0
DA:160,0
DA:161,0
DA:162,0
DA:163,0
DA:166,0
DA:167,0
DA:168,0
DA:170,0
DA:190,0
DA:191,0
DA:193,0
DA:195,0
DA:196,0
DA:197,0
DA:200,0
DA:201,0
DA:204,0
DA:205,0
DA:206,0
DA:207,0
DA:208,0
DA:209,0
DA:213,0
DA:214,0
DA:215,0
DA:216,0
DA:217,0
DA:220,0
DA:221,0
DA:222,0
DA:223,0
DA:224,0
DA:225,0
DA:226,0
DA:227,0
DA:230,0
DA:237,0
DA:238,0
DA:240,0
DA:241,0
DA:245,0
DA:247,0
DA:248,0
DA:250,0
DA:251,0
DA:252,0
DA:254,0
DA:255,0
DA:257,0
DA:258,0
DA:260,0
DA:262,0
DA:268,0
DA:272,0
DA:282,0
DA:283,0
DA:287,0
DA:288,0
DA:292,0
DA:293,0
DA:305,0
DA:306,0
DA:308,0
DA:309,0
DA:312,0
DA:313,0
DA:316,0
DA:317,0
DA:320,0
DA:321,0
DA:322,0
DA:323,0
DA:324,0
DA:328,0
DA:329,0
DA:330,0
DA:331,0
DA:332,0
DA:335,0
DA:339,0
DA:340,0
DA:342,0
DA:344,0
DA:345,0
DA:352,0
DA:354,0
DA:355,0
DA:356,0
DA:359,0
LF:133
LH:0
BRDA:55,0,0,0
BRDA:55,1,0,0
BRDA:70,2,0,0
BRDA:74,3,0,0
BRDA:74,4,0,0
BRDA:74,4,1,0
BRDA:80,5,0,0
BRDA:80,5,1,0
BRDA:80,5,2,0
BRDA:80,5,3,0
BRDA:80,5,4,0
BRDA:80,5,5,0
BRDA:80,5,6,0
BRDA:85,6,0,0
BRDA:91,7,0,0
BRDA:94,8,0,0
BRDA:103,9,0,0
BRDA:106,10,0,0
BRDA:109,11,0,0
BRDA:115,12,0,0
BRDA:118,13,0,0
BRDA:118,13,1,0
BRDA:119,14,0,0
BRDA:125,15,0,0
BRDA:131,16,0,0
BRDA:154,17,0,0
BRDA:158,18,0,0
BRDA:158,18,1,0
BRDA:160,19,0,0
BRDA:160,19,1,0
BRDA:162,20,0,0
BRDA:162,20,1,0
BRDA:166,21,0,0
BRDA:166,21,1,0
BRDA:168,22,0,0
BRDA:168,22,1,0
BRDA:193,23,0,0
BRDA:193,23,1,0
BRDA:193,23,2,0
BRDA:193,23,3,0
BRDA:193,23,4,0
BRDA:193,23,5,0
BRDA:206,24,0,0
BRDA:206,24,1,0
BRDA:214,25,0,0
BRDA:214,25,1,0
BRDA:222,26,0,0
BRDA:222,26,1,0
BRDA:238,27,0,0
BRDA:238,27,1,0
BRDA:240,28,0,0
BRDA:245,29,0,0
BRDA:245,29,1,0
BRDA:245,30,0,0
BRDA:245,30,1,0
BRDA:251,31,0,0
BRDA:251,31,1,0
BRDA:254,32,0,0
BRDA:283,33,0,0
BRDA:283,33,1,0
BRDA:287,34,0,0
BRDA:293,35,0,0
BRDA:293,35,1,0
BRDA:294,36,0,0
BRDA:294,36,1,0
BRDA:308,37,0,0
BRDA:320,38,0,0
BRDA:328,39,0,0
BRDA:342,40,0,0
BRDA:345,41,0,0
BRDA:345,41,1,0
BRF:71
BRH:0
end_of_record
TN:
SF:src/deck-manager.ts
FN:25,(anonymous_0)
FN:34,(anonymous_1)
FN:52,(anonymous_2)
FN:68,(anonymous_3)
FN:79,(anonymous_4)
FN:94,(anonymous_5)
FN:102,(anonymous_6)
FN:109,(anonymous_7)
FN:117,(anonymous_8)
FN:129,(anonymous_9)
FN:141,(anonymous_10)
FN:174,(anonymous_11)
FN:181,(anonymous_12)
FN:191,(anonymous_13)
FN:198,(anonymous_14)
FN:206,(anonymous_15)
FNF:16
FNH:0
FNDA:0,(anonymous_0)
FNDA:0,(anonymous_1)
FNDA:0,(anonymous_2)
FNDA:0,(anonymous_3)
FNDA:0,(anonymous_4)
FNDA:0,(anonymous_5)
FNDA:0,(anonymous_6)
FNDA:0,(anonymous_7)
FNDA:0,(anonymous_8)
FNDA:0,(anonymous_9)
FNDA:0,(anonymous_10)
FNDA:0,(anonymous_11)
FNDA:0,(anonymous_12)
FNDA:0,(anonymous_13)
FNDA:0,(anonymous_14)
FNDA:0,(anonymous_15)
DA:7,0
DA:21,0
DA:26,0
DA:27,0
DA:28,0
DA:35,0
DA:36,0
DA:37,0
DA:39,0
DA:40,0
DA:41,0
DA:45,0
DA:53,0
DA:55,0
DA:57,0
DA:58,0
DA:59,0
DA:60,0
DA:61,0
DA:69,0
DA:70,0
DA:73,0
DA:80,0
DA:81,0
DA:84,0
DA:85,0
DA:86,0
DA:88,0
DA:95,0
DA:96,0
DA:103,0
DA:110,0
DA:111,0
DA:118,0
DA:119,0
DA:120,0
DA:121,0
DA:123,0
DA:130,0
DA:131,0
DA:132,0
DA:133,0
DA:135,0
DA:142,0
DA:143,0
DA:146,0
DA:147,0
DA:150,0
DA:153,0
DA:154,0
DA:158,0
DA:159,0
DA:160,0
DA:161,0
DA:162,0
DA:164,0
DA:168,0
DA:175,0
DA:182,0
DA:183,0
DA:185,0
DA:192,0
DA:199,0
DA:200,0
DA:203,0
DA:204,0
DA:206,0
DA:207,0
DA:208,0
DA:211,0
DA:218,0
DA:219,0
DA:220,0
DA:223,0
LF:74
LH:0
BRDA:58,0,0,0
BRDA:58,0,1,0
BRDA:69,1,0,0
BRDA:80,2,0,0
BRDA:85,3,0,0
BRDA:120,4,0,0
BRDA:132,5,0,0
BRDA:142,6,0,0
BRDA:142,7,0,0
BRDA:142,7,1,0
BRDA:146,8,0,0
BRDA:161,9,0,0
BRDA:185,10,0,0
BRDA:185,10,1,0
BRDA:199,11,0,0
BRDA:207,12,0,0
BRDA:219,13,0,0
BRF:17
BRH:0
end_of_record
TN:
SF:src/hand-evaluator.ts
FN:10,(anonymous_0)
FN:16,(anonymous_1)
FN:21,(anonymous_2)
FN:55,(anonymous_3)
FN:64,(anonymous_4)
FN:65,(anonymous_5)
FN:69,(anonymous_6)
FN:70,(anonymous_7)
FN:86,(anonymous_8)
FN:107,(anonymous_9)
FN:110,(anonymous_10)
FN:115,(anonymous_11)
FN:128,(anonymous_12)
FN:131,(anonymous_13)
FN:135,(anonymous_14)
FN:153,(anonymous_15)
FN:165,(anonymous_16)
FN:174,(anonymous_17)
FN:188,(anonymous_18)
FN:191,(anonymous_19)
FN:197,(anonymous_20)
FN:198,(anonymous_21)
FN:205,(anonymous_22)
FN:212,(anonymous_23)
FN:215,(anonymous_24)
FN:216,(anonymous_25)
FN:217,(anonymous_26)
FN:222,(anonymous_27)
FN:237,(anonymous_28)
FN:240,(anonymous_29)
FN:246,(anonymous_30)
FN:247,(anonymous_31)
FN:254,(anonymous_32)
FN:261,(anonymous_33)
FN:270,(anonymous_34)
FN:275,(anonymous_35)
FN:286,(anonymous_36)
FN:297,(anonymous_37)
FN:298,(anonymous_38)
FN:300,(anonymous_39)
FN:301,(anonymous_40)
FN:307,(anonymous_41)
FN:312,(anonymous_42)
FN:313,(anonymous_43)
FN:321,(anonymous_44)
FN:326,(anonymous_45)
FN:327,(anonymous_46)
FN:335,(anonymous_47)
FNF:48
FNH:0
FNDA:0,(anonymous_0)
FNDA:0,(anonymous_1)
FNDA:0,(anonymous_2)
FNDA:0,(anonymous_3)
FNDA:0,(anonymous_4)
FNDA:0,(anonymous_5)
FNDA:0,(anonymous_6)
FNDA:0,(anonymous_7)
FNDA:0,(anonymous_8)
FNDA:0,(anonymous_9)
FNDA:0,(anonymous_10)
FNDA:0,(anonymous_11)
FNDA:0,(anonymous_12)
FNDA:0,(anonymous_13)
FNDA:0,(anonymous_14)
FNDA:0,(anonymous_15)
FNDA:0,(anonymous_16)
FNDA:0,(anonymous_17)
FNDA:0,(anonymous_18)
FNDA:0,(anonymous_19)
FNDA:0,(anonymous_20)
FNDA:0,(anonymous_21)
FNDA:0,(anonymous_22)
FNDA:0,(anonymous_23)
FNDA:0,(anonymous_24)
FNDA:0,(anonymous_25)
FNDA:0,(anonymous_26)
FNDA:0,(anonymous_27)
FNDA:0,(anonymous_28)
FNDA:0,(anonymous_29)
FNDA:0,(anonymous_30)
FNDA:0,(anonymous_31)
FNDA:0,(anonymous_32)
FNDA:0,(anonymous_33)
FNDA:0,(anonymous_34)
FNDA:0,(anonymous_35)
FNDA:0,(anonymous_36)
FNDA:0,(anonymous_37)
FNDA:0,(anonymous_38)
FNDA:0,(anonymous_39)
FNDA:0,(anonymous_40)
FNDA:0,(anonymous_41)
FNDA:0,(anonymous_42)
FNDA:0,(anonymous_43)
FNDA:0,(anonymous_44)
FNDA:0,(anonymous_45)
FNDA:0,(anonymous_46)
FNDA:0,(anonymous_47)
DA:1,0
DA:9,0
DA:10,0
DA:11,0
DA:12,0
DA:17,0
DA:18,0
DA:22,0
DA:25,0
DA:26,0
DA:28,0
DA:29,0
DA:31,0
DA:32,0
DA:34,0
DA:35,0
DA:37,0
DA:38,0
DA:40,0
DA:41,0
DA:43,0
DA:44,0
DA:46,0
DA:47,0
DA:49,0
DA:50,0
DA:52,0
DA:57,0
DA:58,0
DA:60,0
DA:61,0
DA:62,0
DA:64,0
DA:65,0
DA:68,0
DA:69,0
DA:70,0
DA:73,0
DA:83,0
DA:88,0
DA:89,0
DA:90,0
DA:91,0
DA:92,0
DA:93,0
DA:94,0
DA:104,0
DA:108,0
DA:109,0
DA:110,0
DA:113,0
DA:114,0
DA:115,0
DA:117,0
DA:125,0
DA:129,0
DA:130,0
DA:131,0
DA:134,0
DA:135,0
DA:138,0
DA:139,0
DA:140,0
DA:142,0
DA:150,0
DA:154,0
DA:156,0
DA:157,0
DA:158,0
DA:159,0
DA:160,0
DA:161,0
DA:165,0
DA:171,0
DA:175,0
DA:176,0
DA:177,0
DA:185,0
DA:189,0
DA:190,0
DA:191,0
DA:194,0
DA:195,0
DA:196,0
DA:197,0
DA:198,0
DA:201,0
DA:205,0
DA:209,0
DA:213,0
DA:214,0
DA:215,0
DA:216,0
DA:217,0
DA:219,0
DA:220,0
DA:221,0
DA:222,0
DA:223,0
DA:226,0
DA:234,0
DA:238,0
DA:239,0
DA:240,0
DA:243,0
DA:244,0
DA:245,0
DA:246,0
DA:247,0
DA:250,0
DA:254,0
DA:258,0
DA:262,0
DA:263,0
DA:264,0
DA:266,0
DA:270,0
DA:276,0
DA:277,0
DA:278,0
DA:279,0
DA:281,0
DA:283,0
DA:287,0
DA:288,0
DA:289,0
DA:290,0
DA:292,0
DA:294,0
DA:298,0
DA:299,0
DA:300,0
DA:301,0
DA:304,0
DA:305,0
DA:306,0
DA:308,0
DA:311,0
DA:312,0
DA:313,0
DA:315,0
DA:320,0
DA:321,0
DA:322,0
DA:325,0
DA:326,0
DA:327,0
DA:329,0
DA:332,0
DA:337,0
DA:338,0
DA:342,0
DA:343,0
DA:345,0
DA:346,0
DA:350,0
DA:351,0
DA:352,0
DA:354,0
DA:355,0
DA:356,0
DA:358,0
DA:359,0
DA:361,0
DA:362,0
DA:366,0
LF:166
LH:0
BRDA:11,0,0,0
BRDA:11,1,0,0
BRDA:11,1,1,0
BRDA:26,2,0,0
BRDA:29,3,0,0
BRDA:32,4,0,0
BRDA:35,5,0,0
BRDA:38,6,0,0
BRDA:41,7,0,0
BRDA:44,8,0,0
BRDA:47,9,0,0
BRDA:50,10,0,0
BRDA:62,11,0,0
BRDA:62,12,0,0
BRDA:62,12,1,0
BRDA:68,13,0,0
BRDA:91,14,0,0
BRDA:91,15,0,0
BRDA:91,15,1,0
BRDA:93,16,0,0
BRDA:93,17,0,0
BRDA:93,17,1,0
BRDA:113,18,0,0
BRDA:119,19,0,0
BRDA:119,19,1,0
BRDA:121,20,0,0
BRDA:121,20,1,0
BRDA:135,21,0,0
BRDA:135,21,1,0
BRDA:138,22,0,0
BRDA:138,23,0,0
BRDA:138,23,1,0
BRDA:158,24,0,0
BRDA:158,25,0,0
BRDA:158,25,1,0
BRDA:160,26,0,0
BRDA:176,27,0,0
BRDA:176,28,0,0
BRDA:176,28,1,0
BRDA:194,29,0,0
BRDA:219,30,0,0
BRDA:219,31,0,0
BRDA:219,31,1,0
BRDA:219,31,2,0
BRDA:223,32,0,0
BRDA:223,32,1,0
BRDA:228,33,0,0
BRDA:228,33,1,0
BRDA:230,34,0,0
BRDA:230,34,1,0
BRDA:243,35,0,0
BRDA:263,36,0,0
BRDA:278,37,0,0
BRDA:289,38,0,0
BRDA:308,39,0,0
BRDA:308,39,1,0
BRDA:308,39,2,0
BRDA:311,40,0,0
BRDA:325,41,0,0
BRDA:337,42,0,0
BRDA:345,43,0,0
BRDA:354,44,0,0
BRDA:354,45,0,0
BRDA:354,45,1,0
BRDA:355,46,0,0
BRDA:356,47,0,0
BRDA:361,48,0,0
BRF:67
BRH:0
end_of_record
TN:
SF:src/poker-game.ts
FN:36,(anonymous_0)
FN:41,(anonymous_1)
FN:47,(anonymous_2)
FN:75,(anonymous_3)
FN:102,(anonymous_4)
FN:130,(anonymous_5)
FN:136,(anonymous_6)
FN:159,(anonymous_7)
FN:168,(anonymous_8)
FN:177,(anonymous_9)
FN:181,(anonymous_10)
FN:185,(anonymous_11)
FN:202,(anonymous_12)
FN:209,(anonymous_13)
FN:238,(anonymous_14)
FN:257,(anonymous_15)
FN:321,(anonymous_16)
FN:323,(anonymous_17)
FN:331,(anonymous_18)
FN:338,(anonymous_19)
FN:340,(anonymous_20)
FN:344,(anonymous_21)
FN:351,(anonymous_22)
FN:353,(anonymous_23)
FN:357,(anonymous_24)
FN:387,(anonymous_25)
FN:394,(anonymous_26)
FN:408,(anonymous_27)
FN:420,(anonymous_28)
FN:432,(anonymous_29)
FN:457,(anonymous_30)
FN:464,(anonymous_31)
FN:474,(anonymous_32)
FNF:33
FNH:0
FNDA:0,(anonymous_0)
FNDA:0,(anonymous_1)
FNDA:0,(anonymous_2)
FNDA:0,(anonymous_3)
FNDA:0,(anonymous_4)
FNDA:0,(anonymous_5)
FNDA:0,(anonymous_6)
FNDA:0,(anonymous_7)
FNDA:0,(anonymous_8)
FNDA:0,(anonymous_9)
FNDA:0,(anonymous_10)
FNDA:0,(anonymous_11)
FNDA:0,(anonymous_12)
FNDA:0,(anonymous_13)
FNDA:0,(anonymous_14)
FNDA:0,(anonymous_15)
FNDA:0,(anonymous_16)
FNDA:0,(anonymous_17)
FNDA:0,(anonymous_18)
FNDA:0,(anonymous_19)
FNDA:0,(anonymous_20)
FNDA:0,(anonymous_21)
FNDA:0,(anonymous_22)
FNDA:0,(anonymous_23)
FNDA:0,(anonymous_24)
FNDA:0,(anonymous_25)
FNDA:0,(anonymous_26)
FNDA:0,(anonymous_27)
FNDA:0,(anonymous_28)
FNDA:0,(anonymous_29)
FNDA:0,(anonymous_30)
FNDA:0,(anonymous_31)
FNDA:0,(anonymous_32)
DA:1,0
DA:20,0
DA:29,0
DA:31,0
DA:32,0
DA:33,0
DA:34,0
DA:37,0
DA:40,0
DA:41,0
DA:42,0
DA:43,0
DA:49,0
DA:50,0
DA:51,0
DA:53,0
DA:54,0
DA:55,0
DA:57,0
DA:76,0
DA:77,0
DA:81,0
DA:84,0
DA:85,0
DA:86,0
DA:87,0
DA:88,0
DA:89,0
DA:90,0
DA:92,0
DA:96,0
DA:98,0
DA:99,0
DA:103,0
DA:104,0
DA:105,0
DA:108,0
DA:109,0
DA:112,0
DA:113,0
DA:114,0
DA:116,0
DA:117,0
DA:118,0
DA:121,0
DA:123,0
DA:131,0
DA:132,0
DA:135,0
DA:136,0
DA:143,0
DA:146,0
DA:147,0
DA:148,0
DA:149,0
DA:151,0
DA:159,0
DA:160,0
DA:164,0
DA:165,0
DA:167,0
DA:168,0
DA:178,0
DA:182,0
DA:186,0
DA:188,0
DA:190,0
DA:192,0
DA:194,0
DA:196,0
DA:198,0
DA:206,0
DA:210,0
DA:211,0
DA:213,0
DA:214,0
DA:218,0
DA:222,0
DA:223,0
DA:224,0
DA:227,0
DA:231,0
DA:232,0
DA:233,0
DA:235,0
DA:239,0
DA:240,0
DA:242,0
DA:243,0
DA:246,0
DA:247,0
DA:250,0
DA:251,0
DA:254,0
DA:262,0
DA:263,0
DA:264,0
DA:267,0
DA:269,0
DA:270,0
DA:273,0
DA:274,0
DA:276,0
DA:279,0
DA:280,0
DA:281,0
DA:283,0
DA:284,0
DA:285,0
DA:286,0
DA:290,0
DA:291,0
DA:294,0
DA:295,0
DA:296,0
DA:299,0
DA:300,0
DA:301,0
DA:302,0
DA:303,0
DA:304,0
DA:307,0
DA:308,0
DA:309,0
DA:310,0
DA:311,0
DA:314,0
DA:322,0
DA:323,0
DA:326,0
DA:327,0
DA:330,0
DA:331,0
DA:334,0
DA:335,0
DA:339,0
DA:340,0
DA:343,0
DA:344,0
DA:347,0
DA:348,0
DA:352,0
DA:353,0
DA:357,0
DA:358,0
DA:359,0
DA:362,0
DA:363,0
DA:367,0
DA:369,0
DA:370,0
DA:372,0
DA:373,0
DA:375,0
DA:376,0
DA:378,0
DA:379,0
DA:383,0
DA:384,0
DA:385,0
DA:386,0
DA:387,0
DA:390,0
DA:396,0
DA:399,0
DA:400,0
DA:401,0
DA:402,0
DA:405,0
DA:410,0
DA:413,0
DA:414,0
DA:415,0
DA:417,0
DA:422,0
DA:425,0
DA:426,0
DA:427,0
DA:429,0
DA:449,0
DA:451,0
DA:452,0
DA:456,0
DA:457,0
DA:458,0
DA:462,0
DA:464,0
DA:465,0
DA:471,0
DA:482,0
DA:483,0
DA:484,0
DA:485,0
DA:489,0
DA:490,0
LF:195
LH:0
BRDA:50,0,0,0
BRDA:50,0,1,0
BRDA:66,1,0,0
BRDA:66,1,1,0
BRDA:76,2,0,0
BRDA:89,3,0,0
BRDA:104,4,0,0
BRDA:108,5,0,0
BRDA:116,6,0,0
BRDA:125,7,0,0
BRDA:125,7,1,0
BRDA:131,8,0,0
BRDA:147,9,0,0
BRDA:147,9,1,0
BRDA:186,10,0,0
BRDA:186,10,1,0
BRDA:186,10,2,0
BRDA:186,10,3,0
BRDA:186,10,4,0
BRDA:186,10,5,0
BRDA:213,11,0,0
BRDA:213,12,0,0
BRDA:213,12,1,0
BRDA:239,13,0,0
BRDA:239,13,1,0
BRDA:242,14,0,0
BRDA:243,15,0,0
BRDA:243,15,1,0
BRDA:246,16,0,0
BRDA:250,17,0,0
BRDA:251,18,0,0
BRDA:251,18,1,0
BRDA:263,19,0,0
BRDA:267,20,0,0
BRDA:267,20,1,0
BRDA:267,20,2,0
BRDA:267,20,3,0
BRDA:267,20,4,0
BRDA:267,20,5,0
BRDA:273,21,0,0
BRDA:273,22,0,0
BRDA:273,22,1,0
BRDA:279,23,0,0
BRDA:279,23,1,0
BRDA:280,24,0,0
BRDA:290,25,0,0
BRDA:294,26,0,0
BRDA:294,26,1,0
BRDA:295,27,0,0
BRDA:309,28,0,0
BRDA:309,28,1,0
BRDA:326,29,0,0
BRDA:358,30,0,0
BRDA:358,30,1,0
BRDA:359,31,0,0
BRDA:359,31,1,0
BRDA:362,32,0,0
BRDA:367,33,0,0
BRDA:367,33,1,0
BRDA:367,33,2,0
BRDA:367,33,3,0
BRDA:383,34,0,0
BRDA:401,35,0,0
BRDA:414,36,0,0
BRDA:426,37,0,0
BRDA:451,38,0,0
BRDA:484,39,0,0
BRF:67
BRH:0
end_of_record
TN:
SF:src/secure-deck-manager.ts
FN:65,(anonymous_0)
FN:73,(anonymous_1)
FN:87,(anonymous_2)
FN:113,(anonymous_3)
FN:147,(anonymous_4)
FN:189,(anonymous_5)
FN:211,(anonymous_6)
FN:246,(anonymous_7)
FN:254,(anonymous_8)
FN:264,(anonymous_9)
FN:307,(anonymous_10)
FN:347,(anonymous_11)
FN:363,(anonymous_12)
FN:386,(anonymous_13)
FN:399,(anonymous_14)
FN:413,(anonymous_15)
FN:417,(anonymous_16)
FN:422,(anonymous_17)
FN:428,(anonymous_18)
FN:431,(anonymous_19)
FN:454,(anonymous_20)
FN:464,(anonymous_21)
FN:475,(anonymous_22)
FN:494,(anonymous_23)
FN:509,(anonymous_24)
FN:526,(anonymous_25)
FN:527,(anonymous_26)
FN:533,(anonymous_27)
FN:534,(anonymous_28)
FNF:29
FNH:0
FNDA:0,(anonymous_0)
FNDA:0,(anonymous_1)
FNDA:0,(anonymous_2)
FNDA:0,(anonymous_3)
FNDA:0,(anonymous_4)
FNDA:0,(anonymous_5)
FNDA:0,(anonymous_6)
FNDA:0,(anonymous_7)
FNDA:0,(anonymous_8)
FNDA:0,(anonymous_9)
FNDA:0,(anonymous_10)
FNDA:0,(anonymous_11)
FNDA:0,(anonymous_12)
FNDA:0,(anonymous_13)
FNDA:0,(anonymous_14)
FNDA:0,(anonymous_15)
FNDA:0,(anonymous_16)
FNDA:0,(anonymous_17)
FNDA:0,(anonymous_18)
FNDA:0,(anonymous_19)
FNDA:0,(anonymous_20)
FNDA:0,(anonymous_21)
FNDA:0,(anonymous_22)
FNDA:0,(anonymous_23)
FNDA:0,(anonymous_24)
FNDA:0,(anonymous_25)
FNDA:0,(anonymous_26)
FNDA:0,(anonymous_27)
FNDA:0,(anonymous_28)
DA:8,0
DA:61,0
DA:66,0
DA:67,0
DA:74,0
DA:76,0
DA:88,0
DA:89,0
DA:92,0
DA:99,0
DA:100,0
DA:103,0
DA:114,0
DA:115,0
DA:118,0
DA:125,0
DA:126,0
DA:129,0
DA:137,0
DA:153,0
DA:154,0
DA:156,0
DA:157,0
DA:160,0
DA:161,0
DA:164,0
DA:166,0
DA:174,0
DA:179,0
DA:190,0
DA:191,0
DA:194,0
DA:195,0
DA:197,0
DA:202,0
DA:212,0
DA:214,0
DA:215,0
DA:219,0
DA:220,0
DA:227,0
DA:228,0
DA:231,0
DA:232,0
DA:237,0
DA:239,0
DA:247,0
DA:254,0
DA:269,0
DA:270,0
DA:273,0
DA:274,0
DA:275,0
DA:278,0
DA:279,0
DA:282,0
DA:283,0
DA:287,0
DA:288,0
DA:289,0
DA:296,0
DA:297,0
DA:301,0
DA:311,0
DA:314,0
DA:315,0
DA:319,0
DA:321,0
DA:322,0
DA:325,0
DA:326,0
DA:328,0
DA:331,0
DA:338,0
DA:348,0
DA:357,0
DA:367,0
DA:370,0
DA:371,0
DA:375,0
DA:376,0
DA:380,0
DA:381,0
DA:382,0
DA:386,0
DA:387,0
DA:388,0
DA:391,0
DA:400,0
DA:401,0
DA:402,0
DA:404,0
DA:405,0
DA:406,0
DA:410,0
DA:414,0
DA:415,0
DA:417,0
DA:418,0
DA:423,0
DA:424,0
DA:425,0
DA:426,0
DA:427,0
DA:428,0
DA:432,0
DA:440,0
DA:441,0
DA:444,0
DA:450,0
DA:458,0
DA:459,0
DA:462,0
DA:463,0
DA:464,0
DA:465,0
DA:469,0
DA:480,0
DA:481,0
DA:482,0
DA:484,0
DA:485,0
DA:486,0
DA:487,0
DA:489,0
DA:490,0
DA:494,0
DA:495,0
DA:496,0
DA:499,0
DA:510,0
DA:511,0
DA:512,0
DA:514,0
DA:515,0
DA:516,0
DA:520,0
DA:527,0
DA:534,0
DA:535,0
DA:536,0
DA:538,0
DA:545,0
DA:546,0
DA:547,0
DA:550,0
LF:146
LH:0
BRDA:88,0,0,0
BRDA:99,1,0,0
BRDA:114,2,0,0
BRDA:125,3,0,0
BRDA:153,4,0,0
BRDA:156,5,0,0
BRDA:190,6,0,0
BRDA:214,7,0,0
BRDA:219,8,0,0
BRDA:227,9,0,0
BRDA:232,10,0,0
BRDA:232,10,1,0
BRDA:232,10,2,0
BRDA:267,11,0,0
BRDA:269,12,0,0
BRDA:269,13,0,0
BRDA:269,13,1,0
BRDA:274,14,0,0
BRDA:319,15,0,0
BRDA:319,15,1,0
BRDA:319,15,2,0
BRDA:319,15,3,0
BRDA:370,16,0,0
BRDA:375,17,0,0
BRDA:381,18,0,0
BRDA:387,19,0,0
BRDA:418,20,0,0
BRDA:418,20,1,0
BRDA:440,21,0,0
BRDA:458,22,0,0
BRDA:458,23,0,0
BRDA:458,23,1,0
BRDA:465,24,0,0
BRDA:465,24,1,0
BRDA:486,25,0,0
BRDA:486,25,1,0
BRDA:500,26,0,0
BRDA:500,26,1,0
BRDA:546,27,0,0
BRF:39
BRH:0
end_of_record
TN:
SF:src/secure-poker-game.ts
FN:55,(anonymous_0)
FN:62,(anonymous_1)
FN:68,(anonymous_2)
FN:106,(anonymous_3)
FN:176,(anonymous_4)
FN:224,(anonymous_5)
FN:230,(anonymous_6)
FN:253,(anonymous_7)
FN:266,(anonymous_8)
FN:276,(anonymous_9)
FN:285,(anonymous_10)
FN:289,(anonymous_11)
FN:293,(anonymous_12)
FN:305,(anonymous_13)
FN:320,(anonymous_14)
FN:327,(anonymous_15)
FN:365,(anonymous_16)
FN:384,(anonymous_17)
FN:448,(anonymous_18)
FN:450,(anonymous_19)
FN:458,(anonymous_20)
FN:465,(anonymous_21)
FN:467,(anonymous_22)
FN:471,(anonymous_23)
FN:478,(anonymous_24)
FN:480,(anonymous_25)
FN:484,(anonymous_26)
FN:514,(anonymous_27)
FN:521,(anonymous_28)
FN:544,(anonymous_29)
FN:567,(anonymous_30)
FN:590,(anonymous_31)
FN:615,(anonymous_32)
FN:622,(anonymous_33)
FN:632,(anonymous_34)
FN:654,(anonymous_35)
FNF:36
FNH:0
FNDA:0,(anonymous_0)
FNDA:0,(anonymous_1)
FNDA:0,(anonymous_2)
FNDA:0,(anonymous_3)
FNDA:0,(anonymous_4)
FNDA:0,(anonymous_5)
FNDA:0,(anonymous_6)
FNDA:0,(anonymous_7)
FNDA:0,(anonymous_8)
FNDA:0,(anonymous_9)
FNDA:0,(anonymous_10)
FNDA:0,(anonymous_11)
FNDA:0,(anonymous_12)
FNDA:0,(anonymous_13)
FNDA:0,(anonymous_14)
FNDA:0,(anonymous_15)
FNDA:0,(anonymous_16)
FNDA:0,(anonymous_17)
FNDA:0,(anonymous_18)
FNDA:0,(anonymous_19)
FNDA:0,(anonymous_20)
FNDA:0,(anonymous_21)
FNDA:0,(anonymous_22)
FNDA:0,(anonymous_23)
FNDA:0,(anonymous_24)
FNDA:0,(anonymous_25)
FNDA:0,(anonymous_26)
FNDA:0,(anonymous_27)
FNDA:0,(anonymous_28)
FNDA:0,(anonymous_29)
FNDA:0,(anonymous_30)
FNDA:0,(anonymous_31)
FNDA:0,(anonymous_32)
FNDA:0,(anonymous_33)
FNDA:0,(anonymous_34)
FNDA:0,(anonymous_35)
DA:8,0
DA:26,0
DA:27,0
DA:28,0
DA:46,0
DA:48,0
DA:51,0
DA:52,0
DA:53,0
DA:56,0
DA:58,0
DA:60,0
DA:61,0
DA:62,0
DA:63,0
DA:64,0
DA:70,0
DA:71,0
DA:73,0
DA:74,0
DA:75,0
DA:77,0
DA:88,0
DA:107,0
DA:108,0
DA:111,0
DA:113,0
DA:114,0
DA:117,0
DA:119,0
DA:120,0
DA:131,0
DA:137,0
DA:140,0
DA:141,0
DA:142,0
DA:143,0
DA:144,0
DA:146,0
DA:155,0
DA:159,0
DA:161,0
DA:162,0
DA:165,0
DA:172,0
DA:177,0
DA:178,0
DA:179,0
DA:182,0
DA:183,0
DA:186,0
DA:187,0
DA:188,0
DA:190,0
DA:191,0
DA:202,0
DA:203,0
DA:206,0
DA:208,0
DA:217,0
DA:225,0
DA:226,0
DA:229,0
DA:230,0
DA:237,0
DA:240,0
DA:241,0
DA:242,0
DA:243,0
DA:245,0
DA:253,0
DA:254,0
DA:258,0
DA:259,0
DA:262,0
DA:266,0
DA:275,0
DA:276,0
DA:286,0
DA:290,0
DA:294,0
DA:300,0
DA:301,0
DA:306,0
DA:308,0
DA:311,0
DA:314,0
DA:316,0
DA:324,0
DA:328,0
DA:329,0
DA:331,0
DA:332,0
DA:336,0
DA:340,0
DA:341,0
DA:342,0
DA:345,0
DA:349,0
DA:350,0
DA:351,0
DA:353,0
DA:355,0
DA:366,0
DA:367,0
DA:369,0
DA:370,0
DA:373,0
DA:374,0
DA:377,0
DA:378,0
DA:381,0
DA:389,0
DA:390,0
DA:391,0
DA:394,0
DA:396,0
DA:397,0
DA:400,0
DA:401,0
DA:403,0
DA:406,0
DA:407,0
DA:408,0
DA:410,0
DA:411,0
DA:412,0
DA:413,0
DA:417,0
DA:418,0
DA:421,0
DA:422,0
DA:423,0
DA:426,0
DA:427,0
DA:428,0
DA:429,0
DA:430,0
DA:431,0
DA:434,0
DA:435,0
DA:436,0
DA:437,0
DA:438,0
DA:441,0
DA:449,0
DA:450,0
DA:453,0
DA:454,0
DA:457,0
DA:458,0
DA:461,0
DA:462,0
DA:466,0
DA:467,0
DA:470,0
DA:471,0
DA:474,0
DA:475,0
DA:479,0
DA:480,0
DA:484,0
DA:485,0
DA:486,0
DA:489,0
DA:490,0
DA:494,0
DA:496,0
DA:497,0
DA:499,0
DA:500,0
DA:502,0
DA:503,0
DA:505,0
DA:506,0
DA:510,0
DA:511,0
DA:512,0
DA:513,0
DA:514,0
DA:517,0
DA:522,0
DA:523,0
DA:526,0
DA:531,0
DA:532,0
DA:533,0
DA:535,0
DA:545,0
DA:546,0
DA:549,0
DA:554,0
DA:555,0
DA:556,0
DA:558,0
DA:568,0
DA:569,0
DA:572,0
DA:577,0
DA:578,0
DA:579,0
DA:581,0
DA:607,0
DA:609,0
DA:610,0
DA:614,0
DA:615,0
DA:616,0
DA:620,0
DA:622,0
DA:623,0
DA:629,0
DA:640,0
DA:641,0
DA:642,0
DA:643,0
DA:647,0
DA:648,0
DA:660,0
DA:663,0
LF:220
LH:0
BRDA:97,0,0,0
BRDA:97,0,1,0
BRDA:107,1,0,0
BRDA:127,2,0,0
BRDA:127,2,1,0
BRDA:143,3,0,0
BRDA:168,4,0,0
BRDA:168,4,1,0
BRDA:178,5,0,0
BRDA:182,6,0,0
BRDA:190,7,0,0
BRDA:212,8,0,0
BRDA:212,8,1,0
BRDA:219,9,0,0
BRDA:219,9,1,0
BRDA:225,10,0,0
BRDA:241,11,0,0
BRDA:241,11,1,0
BRDA:300,12,0,0
BRDA:306,13,0,0
BRDA:306,13,1,0
BRDA:306,13,2,0
BRDA:306,13,3,0
BRDA:306,13,4,0
BRDA:306,13,5,0
BRDA:331,14,0,0
BRDA:331,15,0,0
BRDA:331,15,1,0
BRDA:366,16,0,0
BRDA:366,16,1,0
BRDA:369,17,0,0
BRDA:370,18,0,0
BRDA:370,18,1,0
BRDA:373,19,0,0
BRDA:377,20,0,0
BRDA:378,21,0,0
BRDA:378,21,1,0
BRDA:390,22,0,0
BRDA:394,23,0,0
BRDA:394,23,1,0
BRDA:394,23,2,0
BRDA:394,23,3,0
BRDA:394,23,4,0
BRDA:394,23,5,0
BRDA:400,24,0,0
BRDA:400,25,0,0
BRDA:400,25,1,0
BRDA:406,26,0,0
BRDA:406,26,1,0
BRDA:407,27,0,0
BRDA:417,28,0,0
BRDA:421,29,0,0
BRDA:421,29,1,0
BRDA:422,30,0,0
BRDA:436,31,0,0
BRDA:436,31,1,0
BRDA:453,32,0,0
BRDA:485,33,0,0
BRDA:485,33,1,0
BRDA:486,34,0,0
BRDA:486,34,1,0
BRDA:489,35,0,0
BRDA:494,36,0,0
BRDA:494,36,1,0
BRDA:494,36,2,0
BRDA:494,36,3,0
BRDA:510,37,0,0
BRDA:522,38,0,0
BRDA:545,39,0,0
BRDA:568,40,0,0
BRDA:609,41,0,0
BRDA:642,42,0,0
BRDA:660,43,0,0
BRDA:660,43,1,0
BRF:74
BRH:0
end_of_record
TN:
SF:src/state-snapshot.ts
FN:64,(anonymous_0)
FNF:1
FNH:0
FNDA:0,(anonymous_0)
DA:64,0
DA:65,0
DA:66,0
DA:67,0
LF:4
LH:0
BRDA:64,0,0,0
BRDA:64,0,1,0
BRF:2
BRH:0
end_of_record
TN:
SF:src/state-synchronizer.ts
FN:24,(anonymous_4)
FN:42,(anonymous_5)
FN:76,(anonymous_6)
FN:99,(anonymous_7)
FN:124,(anonymous_8)
FN:155,(anonymous_9)
FN:172,(anonymous_10)
FN:173,(anonymous_11)
FN:187,(anonymous_12)
FN:201,(anonymous_13)
FN:208,(anonymous_14)
FN:210,(anonymous_15)
FN:219,(anonymous_16)
FN:230,(anonymous_17)
FN:241,(anonymous_18)
FN:261,(anonymous_19)
FN:277,(anonymous_20)
FN:303,(anonymous_21)
FN:307,(anonymous_22)
FN:309,(anonymous_23)
FN:314,(anonymous_24)
FN:328,(anonymous_25)
FN:348,(anonymous_26)
FN:351,(anonymous_27)
FN:356,(anonymous_28)
FN:377,(anonymous_29)
FN:408,(anonymous_30)
FN:444,(anonymous_31)
FNF:28
FNH:0
FNDA:0,(anonymous_4)
FNDA:0,(anonymous_5)
FNDA:0,(anonymous_6)
FNDA:0,(anonymous_7)
FNDA:0,(anonymous_8)
FNDA:0,(anonymous_9)
FNDA:0,(anonymous_10)
FNDA:0,(anonymous_11)
FNDA:0,(anonymous_12)
FNDA:0,(anonymous_13)
FNDA:0,(anonymous_14)
FNDA:0,(anonymous_15)
FNDA:0,(anonymous_16)
FNDA:0,(anonymous_17)
FNDA:0,(anonymous_18)
FNDA:0,(anonymous_19)
FNDA:0,(anonymous_20)
FNDA:0,(anonymous_21)
FNDA:0,(anonymous_22)
FNDA:0,(anonymous_23)
FNDA:0,(anonymous_24)
FNDA:0,(anonymous_25)
FNDA:0,(anonymous_26)
FNDA:0,(anonymous_27)
FNDA:0,(anonymous_28)
FNDA:0,(anonymous_29)
FNDA:0,(anonymous_30)
FNDA:0,(anonymous_31)
DA:2,0
DA:3,0
DA:16,0
DA:18,0
DA:19,0
DA:20,0
DA:21,0
DA:22,0
DA:28,0
DA:30,0
DA:38,0
DA:39,0
DA:47,0
DA:50,0
DA:51,0
DA:58,0
DA:59,0
DA:60,0
DA:66,0
DA:68,0
DA:77,0
DA:80,0
DA:83,0
DA:85,0
DA:93,0
DA:94,0
DA:96,0
DA:100,0
DA:101,0
DA:105,0
DA:114,0
DA:115,0
DA:119,0
DA:121,0
DA:125,0
DA:127,0
DA:128,0
DA:132,0
DA:133,0
DA:137,0
DA:138,0
DA:141,0
DA:142,0
DA:143,0
DA:148,0
DA:149,0
DA:151,0
DA:159,0
DA:160,0
DA:163,0
DA:164,0
DA:165,0
DA:167,0
DA:171,0
DA:172,0
DA:173,0
DA:176,0
DA:177,0
DA:185,0
DA:186,0
DA:187,0
DA:190,0
DA:191,0
DA:198,0
DA:205,0
DA:208,0
DA:209,0
DA:210,0
DA:211,0
DA:212,0
DA:213,0
DA:214,0
DA:219,0
DA:223,0
DA:226,0
DA:234,0
DA:246,0
DA:248,0
DA:249,0
DA:250,0
DA:257,0
DA:260,0
DA:261,0
DA:264,0
DA:270,0
DA:278,0
DA:279,0
DA:282,0
DA:285,0
DA:286,0
DA:287,0
DA:292,0
DA:293,0
DA:295,0
DA:304,0
DA:308,0
DA:309,0
DA:311,0
DA:316,0
DA:325,0
DA:329,0
DA:331,0
DA:332,0
DA:333,0
DA:334,0
DA:337,0
DA:338,0
DA:339,0
DA:344,0
DA:349,0
DA:351,0
DA:353,0
DA:362,0
DA:363,0
DA:364,0
DA:365,0
DA:367,0
DA:368,0
DA:369,0
DA:371,0
DA:383,0
DA:384,0
DA:385,0
DA:386,0
DA:388,0
DA:397,0
DA:398,0
DA:399,0
DA:409,0
DA:410,0
DA:412,0
DA:413,0
DA:414,0
DA:415,0
DA:416,0
DA:417,0
DA:419,0
DA:420,0
DA:422,0
DA:424,0
DA:427,0
DA:428,0
DA:430,0
DA:431,0
DA:434,0
DA:438,0
DA:439,0
DA:440,0
DA:445,0
DA:446,0
DA:447,0
DA:448,0
DA:449,0
DA:452,0
LF:154
LH:0
BRDA:50,0,0,0
BRDA:50,1,0,0
BRDA:50,1,1,0
BRDA:50,1,2,0
BRDA:59,2,0,0
BRDA:100,3,0,0
BRDA:127,4,0,0
BRDA:127,5,0,0
BRDA:127,5,1,0
BRDA:127,5,2,0
BRDA:127,5,3,0
BRDA:132,6,0,0
BRDA:137,7,0,0
BRDA:142,8,0,0
BRDA:142,9,0,0
BRDA:142,9,1,0
BRDA:164,10,0,0
BRDA:176,11,0,0
BRDA:185,12,0,0
BRDA:205,13,0,0
BRDA:205,13,1,0
BRDA:205,13,2,0
BRDA:205,13,3,0
BRDA:212,14,0,0
BRDA:249,15,0,0
BRDA:249,16,0,0
BRDA:249,16,1,0
BRDA:272,17,0,0
BRDA:272,17,1,0
BRDA:278,18,0,0
BRDA:308,19,0,0
BRDA:309,20,0,0
BRDA:309,20,1,0
BRDA:311,21,0,0
BRDA:311,21,1,0
BRDA:333,22,0,0
BRDA:333,22,1,0
BRDA:338,23,0,0
BRDA:367,24,0,0
BRDA:368,25,0,0
BRDA:368,25,1,0
BRDA:368,26,0,0
BRDA:368,26,1,0
BRDA:368,26,2,0
BRDA:369,27,0,0
BRDA:369,27,1,0
BRDA:385,28,0,0
BRDA:385,28,1,0
BRDA:398,29,0,0
BRDA:414,30,0,0
BRDA:414,30,1,0
BRDA:417,31,0,0
BRDA:417,31,1,0
BRDA:419,32,0,0
BRDA:419,32,1,0
BRDA:427,33,0,0
BRDA:439,34,0,0
BRDA:448,35,0,0
BRF:58
BRH:0
end_of_record
TN:
SF:src/table-manager.ts
FN:29,(anonymous_0)
FN:54,(anonymous_1)
FN:108,(anonymous_2)
FN:135,(anonymous_3)
FN:139,(anonymous_4)
FN:149,(anonymous_5)
FN:152,(anonymous_6)
FN:153,(anonymous_7)
FN:170,(anonymous_8)
FN:179,(anonymous_9)
FN:206,(anonymous_10)
FN:224,(anonymous_11)
FN:225,(anonymous_12)
FN:228,(anonymous_13)
FN:229,(anonymous_14)
FN:234,(anonymous_15)
FN:246,(anonymous_16)
FN:251,(anonymous_17)
FN:258,(anonymous_18)
FN:266,(anonymous_19)
FN:275,(anonymous_20)
FNF:21
FNH:0
FNDA:0,(anonymous_0)
FNDA:0,(anonymous_1)
FNDA:0,(anonymous_2)
FNDA:0,(anonymous_3)
FNDA:0,(anonymous_4)
FNDA:0,(anonymous_5)
FNDA:0,(anonymous_6)
FNDA:0,(anonymous_7)
FNDA:0,(anonymous_8)
FNDA:0,(anonymous_9)
FNDA:0,(anonymous_10)
FNDA:0,(anonymous_11)
FNDA:0,(anonymous_12)
FNDA:0,(anonymous_13)
FNDA:0,(anonymous_14)
FNDA:0,(anonymous_15)
FNDA:0,(anonymous_16)
FNDA:0,(anonymous_17)
FNDA:0,(anonymous_18)
FNDA:0,(anonymous_19)
FNDA:0,(anonymous_20)
DA:1,0
DA:14,0
DA:26,0
DA:27,0
DA:30,0
DA:50,0
DA:51,0
DA:55,0
DA:56,0
DA:57,0
DA:61,0
DA:62,0
DA:66,0
DA:67,0
DA:71,0
DA:72,0
DA:73,0
DA:77,0
DA:88,0
DA:89,0
DA:92,0
DA:93,0
DA:96,0
DA:101,0
DA:102,0
DA:105,0
DA:109,0
DA:110,0
DA:111,0
DA:114,0
DA:115,0
DA:116,0
DA:120,0
DA:121,0
DA:124,0
DA:125,0
DA:126,0
DA:130,0
DA:131,0
DA:136,0
DA:140,0
DA:141,0
DA:142,0
DA:145,0
DA:146,0
DA:150,0
DA:152,0
DA:153,0
DA:156,0
DA:157,0
DA:158,0
DA:167,0
DA:171,0
DA:173,0
DA:174,0
DA:178,0
DA:179,0
DA:180,0
DA:181,0
DA:182,0
DA:183,0
DA:188,0
DA:189,0
DA:190,0
DA:192,0
DA:193,0
DA:197,0
DA:200,0
DA:203,0
DA:210,0
DA:211,0
DA:217,0
DA:225,0
DA:229,0
DA:230,0
DA:235,0
DA:236,0
DA:238,0
DA:239,0
DA:241,0
DA:242,0
DA:246,0
DA:247,0
DA:252,0
DA:253,0
DA:254,0
DA:257,0
DA:258,0
DA:261,0
DA:262,0
DA:266,0
DA:267,0
DA:270,0
DA:271,0
DA:275,0
DA:276,0
DA:277,0
DA:278,0
DA:279,0
DA:284,0
DA:285,0
DA:286,0
DA:290,0
DA:291,0
DA:292,0
DA:294,0
DA:295,0
LF:107
LH:0
BRDA:56,0,0,0
BRDA:61,1,0,0
BRDA:66,2,0,0
BRDA:72,3,0,0
BRDA:92,4,0,0
BRDA:92,5,0,0
BRDA:92,5,1,0
BRDA:101,6,0,0
BRDA:110,7,0,0
BRDA:115,8,0,0
BRDA:124,9,0,0
BRDA:124,10,0,0
BRDA:124,10,1,0
BRDA:130,11,0,0
BRDA:136,12,0,0
BRDA:136,12,1,0
BRDA:141,13,0,0
BRDA:157,14,0,0
BRDA:173,15,0,0
BRDA:180,16,0,0
BRDA:189,17,0,0
BRDA:192,18,0,0
BRDA:210,19,0,0
BRDA:234,20,0,0
BRDA:241,21,0,0
BRDA:241,22,0,0
BRDA:241,22,1,0
BRDA:253,23,0,0
BRDA:253,24,0,0
BRDA:253,24,1,0
BRDA:261,25,0,0
BRDA:270,26,0,0
BRDA:276,27,0,0
BRDA:285,28,0,0
BRDA:291,29,0,0
BRDA:294,30,0,0
BRF:36
BRH:0
end_of_record
