TN:
SF:src/betting-engine-optimized.ts
FN:52,(anonymous_0)
FN:64,(anonymous_1)
FN:87,(anonymous_2)
FN:120,(anonymous_3)
FN:179,(anonymous_4)
FN:188,(anonymous_5)
FN:220,(anonymous_6)
FN:279,(anonymous_7)
FN:285,(anonymous_8)
FN:309,(anonymous_9)
FN:322,(anonymous_10)
FN:370,(anonymous_11)
FN:378,(anonymous_12)
FN:447,(anonymous_13)
FN:451,(anonymous_14)
FN:483,(anonymous_15)
FN:495,(anonymous_16)
FN:497,(anonymous_17)
FN:502,(anonymous_18)
FN:520,(anonymous_19)
FN:521,(anonymous_20)
FN:527,(anonymous_21)
FN:538,(anonymous_22)
FN:539,(anonymous_23)
FN:556,(anonymous_24)
FN:561,(anonymous_25)
FN:578,(anonymous_26)
FNF:27
FNH:0
FNDA:0,(anonymous_0)
FNDA:0,(anonymous_1)
FNDA:0,(anonymous_2)
FNDA:0,(anonymous_3)
FNDA:0,(anonymous_4)
FNDA:0,(anonymous_5)
FNDA:0,(anonymous_6)
FNDA:0,(anonymous_7)
FNDA:0,(anonymous_8)
FNDA:0,(anonymous_9)
FNDA:0,(anonymous_10)
FNDA:0,(anonymous_11)
FNDA:0,(anonymous_12)
FNDA:0,(anonymous_13)
FNDA:0,(anonymous_14)
FNDA:0,(anonymous_15)
FNDA:0,(anonymous_16)
FNDA:0,(anonymous_17)
FNDA:0,(anonymous_18)
FNDA:0,(anonymous_19)
FNDA:0,(anonymous_20)
FNDA:0,(anonymous_21)
FNDA:0,(anonymous_22)
FNDA:0,(anonymous_23)
FNDA:0,(anonymous_24)
FNDA:0,(anonymous_25)
FNDA:0,(anonymous_26)
DA:1,0
DA:6,0
DA:51,0
DA:53,0
DA:54,0
DA:59,0
DA:63,0
DA:69,0
DA:71,0
DA:72,0
DA:82,0
DA:86,0
DA:92,0
DA:94,0
DA:95,0
DA:104,0
DA:105,0
DA:115,0
DA:119,0
DA:125,0
DA:126,0
DA:135,0
DA:136,0
DA:145,0
DA:146,0
DA:148,0
DA:149,0
DA:160,0
DA:161,0
DA:172,0
DA:176,0
DA:177,0
DA:185,0
DA:193,0
DA:200,0
DA:201,0
DA:202,0
DA:205,0
DA:206,0
DA:208,0
DA:210,0
DA:211,0
DA:212,0
DA:213,0
DA:217,0
DA:225,0
DA:226,0
DA:235,0
DA:236,0
DA:245,0
DA:246,0
DA:247,0
DA:248,0
DA:249,0
DA:250,0
DA:252,0
DA:253,0
DA:264,0
DA:265,0
DA:276,0
DA:280,0
DA:284,0
DA:290,0
DA:291,0
DA:300,0
DA:304,0
DA:307,0
DA:310,0
DA:319,0
DA:327,0
DA:329,0
DA:330,0
DA:339,0
DA:340,0
DA:349,0
DA:350,0
DA:351,0
DA:352,0
DA:355,0
DA:356,0
DA:358,0
DA:360,0
DA:361,0
DA:362,0
DA:363,0
DA:367,0
DA:375,0
DA:387,0
DA:388,0
DA:389,0
DA:392,0
DA:393,0
DA:394,0
DA:396,0
DA:398,0
DA:399,0
DA:402,0
DA:405,0
DA:406,0
DA:407,0
DA:408,0
DA:409,0
DA:412,0
DA:413,0
DA:414,0
DA:415,0
DA:416,0
DA:419,0
DA:420,0
DA:421,0
DA:422,0
DA:423,0
DA:424,0
DA:425,0
DA:428,0
DA:429,0
DA:430,0
DA:431,0
DA:432,0
DA:433,0
DA:435,0
DA:438,0
DA:440,0
DA:448,0
DA:455,0
DA:456,0
DA:459,0
DA:460,0
DA:462,0
DA:463,0
DA:464,0
DA:465,0
DA:468,0
DA:469,0
DA:471,0
DA:472,0
DA:476,0
DA:477,0
DA:480,0
DA:484,0
DA:485,0
DA:486,0
DA:487,0
DA:492,0
DA:493,0
DA:496,0
DA:497,0
DA:503,0
DA:504,0
DA:505,0
DA:506,0
DA:509,0
DA:510,0
DA:512,0
DA:513,0
DA:514,0
DA:517,0
DA:521,0
DA:523,0
DA:524,0
DA:527,0
DA:528,0
DA:529,0
DA:531,0
DA:532,0
DA:533,0
DA:535,0
DA:536,0
DA:538,0
DA:539,0
DA:541,0
DA:542,0
DA:543,0
DA:549,0
DA:553,0
DA:557,0
DA:559,0
DA:560,0
DA:561,0
DA:565,0
DA:566,0
DA:568,0
DA:575,0
DA:579,0
LF:184
LH:0
BRDA:53,0,0,0
BRDA:71,1,0,0
BRDA:94,2,0,0
BRDA:104,3,0,0
BRDA:125,4,0,0
BRDA:125,5,0,0
BRDA:125,5,1,0
BRDA:135,6,0,0
BRDA:148,7,0,0
BRDA:160,8,0,0
BRDA:195,9,0,0
BRDA:195,9,1,0
BRDA:201,10,0,0
BRDA:208,11,0,0
BRDA:225,12,0,0
BRDA:225,13,0,0
BRDA:225,13,1,0
BRDA:235,14,0,0
BRDA:252,15,0,0
BRDA:264,16,0,0
BRDA:290,17,0,0
BRDA:329,18,0,0
BRDA:339,19,0,0
BRDA:351,20,0,0
BRDA:358,21,0,0
BRDA:375,22,0,0
BRDA:375,22,1,0
BRDA:388,23,0,0
BRDA:396,24,0,0
BRDA:396,24,1,0
BRDA:396,24,2,0
BRDA:396,24,3,0
BRDA:396,24,4,0
BRDA:396,24,5,0
BRDA:432,25,0,0
BRDA:455,26,0,0
BRDA:462,27,0,0
BRDA:462,27,1,0
BRDA:464,28,0,0
BRDA:468,29,0,0
BRDA:471,30,0,0
BRDA:476,31,0,0
BRDA:486,32,0,0
BRDA:505,33,0,0
BRDA:512,34,0,0
BRDA:521,35,0,0
BRDA:521,35,1,0
BRDA:523,36,0,0
BRDA:535,37,0,0
BRDA:541,38,0,0
BRDA:565,39,0,0
BRDA:565,39,1,0
BRF:52
BRH:0
end_of_record
TN:
SF:src/betting-engine.ts
FN:55,(anonymous_0)
FN:63,(anonymous_1)
FN:147,(anonymous_2)
FN:185,(anonymous_3)
FN:236,(anonymous_4)
FN:238,(anonymous_5)
FN:245,(anonymous_6)
FN:257,(anonymous_7)
FN:258,(anonymous_8)
FN:278,(anonymous_9)
FN:283,(anonymous_10)
FN:292,(anonymous_11)
FN:301,(anonymous_12)
FN:306,(anonymous_13)
FN:338,(anonymous_14)
FN:340,(anonymous_15)
FN:351,(anonymous_16)
FN:354,(anonymous_17)
FNF:18
FNH:0
FNDA:0,(anonymous_0)
FNDA:0,(anonymous_1)
FNDA:0,(anonymous_2)
FNDA:0,(anonymous_3)
FNDA:0,(anonymous_4)
FNDA:0,(anonymous_5)
FNDA:0,(anonymous_6)
FNDA:0,(anonymous_7)
FNDA:0,(anonymous_8)
FNDA:0,(anonymous_9)
FNDA:0,(anonymous_10)
FNDA:0,(anonymous_11)
FNDA:0,(anonymous_12)
FNDA:0,(anonymous_13)
FNDA:0,(anonymous_14)
FNDA:0,(anonymous_15)
FNDA:0,(anonymous_16)
FNDA:0,(anonymous_17)
DA:11,0
DA:51,0
DA:56,0
DA:57,0
DA:69,0
DA:70,0
DA:71,0
DA:74,0
DA:75,0
DA:78,0
DA:80,0
DA:82,0
DA:85,0
DA:86,0
DA:88,0
DA:91,0
DA:92,0
DA:94,0
DA:95,0
DA:100,0
DA:103,0
DA:104,0
DA:106,0
DA:107,0
DA:109,0
DA:110,0
DA:112,0
DA:115,0
DA:116,0
DA:118,0
DA:119,0
DA:120,0
DA:125,0
DA:126,0
DA:128,0
DA:131,0
DA:132,0
DA:134,0
DA:140,0
DA:153,0
DA:154,0
DA:155,0
DA:158,0
DA:159,0
DA:160,0
DA:161,0
DA:162,0
DA:163,0
DA:166,0
DA:167,0
DA:168,0
DA:170,0
DA:190,0
DA:191,0
DA:193,0
DA:195,0
DA:196,0
DA:197,0
DA:200,0
DA:201,0
DA:204,0
DA:205,0
DA:206,0
DA:207,0
DA:208,0
DA:209,0
DA:213,0
DA:214,0
DA:215,0
DA:216,0
DA:217,0
DA:220,0
DA:221,0
DA:222,0
DA:223,0
DA:224,0
DA:225,0
DA:226,0
DA:227,0
DA:230,0
DA:237,0
DA:238,0
DA:240,0
DA:241,0
DA:245,0
DA:247,0
DA:248,0
DA:250,0
DA:251,0
DA:252,0
DA:254,0
DA:255,0
DA:257,0
DA:258,0
DA:260,0
DA:262,0
DA:268,0
DA:272,0
DA:282,0
DA:283,0
DA:287,0
DA:288,0
DA:292,0
DA:293,0
DA:305,0
DA:306,0
DA:308,0
DA:309,0
DA:312,0
DA:313,0
DA:316,0
DA:317,0
DA:320,0
DA:321,0
DA:322,0
DA:323,0
DA:324,0
DA:328,0
DA:329,0
DA:330,0
DA:331,0
DA:332,0
DA:335,0
DA:339,0
DA:340,0
DA:342,0
DA:344,0
DA:345,0
DA:352,0
DA:354,0
DA:355,0
DA:356,0
DA:359,0
LF:133
LH:0
BRDA:55,0,0,0
BRDA:55,1,0,0
BRDA:70,2,0,0
BRDA:74,3,0,0
BRDA:74,4,0,0
BRDA:74,4,1,0
BRDA:80,5,0,0
BRDA:80,5,1,0
BRDA:80,5,2,0
BRDA:80,5,3,0
BRDA:80,5,4,0
BRDA:80,5,5,0
BRDA:80,5,6,0
BRDA:85,6,0,0
BRDA:91,7,0,0
BRDA:94,8,0,0
BRDA:103,9,0,0
BRDA:106,10,0,0
BRDA:109,11,0,0
BRDA:115,12,0,0
BRDA:118,13,0,0
BRDA:118,13,1,0
BRDA:119,14,0,0
BRDA:125,15,0,0
BRDA:131,16,0,0
BRDA:154,17,0,0
BRDA:158,18,0,0
BRDA:158,18,1,0
BRDA:160,19,0,0
BRDA:160,19,1,0
BRDA:162,20,0,0
BRDA:162,20,1,0
BRDA:166,21,0,0
BRDA:166,21,1,0
BRDA:168,22,0,0
BRDA:168,22,1,0
BRDA:193,23,0,0
BRDA:193,23,1,0
BRDA:193,23,2,0
BRDA:193,23,3,0
BRDA:193,23,4,0
BRDA:193,23,5,0
BRDA:206,24,0,0
BRDA:206,24,1,0
BRDA:214,25,0,0
BRDA:214,25,1,0
BRDA:222,26,0,0
BRDA:222,26,1,0
BRDA:238,27,0,0
BRDA:238,27,1,0
BRDA:240,28,0,0
BRDA:245,29,0,0
BRDA:245,29,1,0
BRDA:245,30,0,0
BRDA:245,30,1,0
BRDA:251,31,0,0
BRDA:251,31,1,0
BRDA:254,32,0,0
BRDA:283,33,0,0
BRDA:283,33,1,0
BRDA:287,34,0,0
BRDA:293,35,0,0
BRDA:293,35,1,0
BRDA:294,36,0,0
BRDA:294,36,1,0
BRDA:308,37,0,0
BRDA:320,38,0,0
BRDA:328,39,0,0
BRDA:342,40,0,0
BRDA:345,41,0,0
BRDA:345,41,1,0
BRF:71
BRH:0
end_of_record
TN:
SF:src/deck-manager.ts
FN:25,(anonymous_0)
FN:34,(anonymous_1)
FN:52,(anonymous_2)
FN:68,(anonymous_3)
FN:79,(anonymous_4)
FN:94,(anonymous_5)
FN:102,(anonymous_6)
FN:109,(anonymous_7)
FN:117,(anonymous_8)
FN:129,(anonymous_9)
FN:141,(anonymous_10)
FN:174,(anonymous_11)
FN:181,(anonymous_12)
FN:191,(anonymous_13)
FN:198,(anonymous_14)
FN:206,(anonymous_15)
FNF:16
FNH:0
FNDA:0,(anonymous_0)
FNDA:0,(anonymous_1)
FNDA:0,(anonymous_2)
FNDA:0,(anonymous_3)
FNDA:0,(anonymous_4)
FNDA:0,(anonymous_5)
FNDA:0,(anonymous_6)
FNDA:0,(anonymous_7)
FNDA:0,(anonymous_8)
FNDA:0,(anonymous_9)
FNDA:0,(anonymous_10)
FNDA:0,(anonymous_11)
FNDA:0,(anonymous_12)
FNDA:0,(anonymous_13)
FNDA:0,(anonymous_14)
FNDA:0,(anonymous_15)
DA:7,0
DA:21,0
DA:26,0
DA:27,0
DA:28,0
DA:35,0
DA:36,0
DA:37,0
DA:39,0
DA:40,0
DA:41,0
DA:45,0
DA:53,0
DA:55,0
DA:57,0
DA:58,0
DA:59,0
DA:60,0
DA:61,0
DA:69,0
DA:70,0
DA:73,0
DA:80,0
DA:81,0
DA:84,0
DA:85,0
DA:86,0
DA:88,0
DA:95,0
DA:96,0
DA:103,0
DA:110,0
DA:111,0
DA:118,0
DA:119,0
DA:120,0
DA:121,0
DA:123,0
DA:130,0
DA:131,0
DA:132,0
DA:133,0
DA:135,0
DA:142,0
DA:143,0
DA:146,0
DA:147,0
DA:150,0
DA:153,0
DA:154,0
DA:158,0
DA:159,0
DA:160,0
DA:161,0
DA:162,0
DA:164,0
DA:168,0
DA:175,0
DA:182,0
DA:183,0
DA:185,0
DA:192,0
DA:199,0
DA:200,0
DA:203,0
DA:204,0
DA:206,0
DA:207,0
DA:208,0
DA:211,0
DA:218,0
DA:219,0
DA:220,0
DA:223,0
LF:74
LH:0
BRDA:58,0,0,0
BRDA:58,0,1,0
BRDA:69,1,0,0
BRDA:80,2,0,0
BRDA:85,3,0,0
BRDA:120,4,0,0
BRDA:132,5,0,0
BRDA:142,6,0,0
BRDA:142,7,0,0
BRDA:142,7,1,0
BRDA:146,8,0,0
BRDA:161,9,0,0
BRDA:185,10,0,0
BRDA:185,10,1,0
BRDA:199,11,0,0
BRDA:207,12,0,0
BRDA:219,13,0,0
BRF:17
BRH:0
end_of_record
TN:
SF:src/game-table-service.ts
FN:47,(anonymous_0)
FN:65,(anonymous_1)
FN:94,(anonymous_2)
FN:123,(anonymous_3)
FN:158,(anonymous_4)
FN:212,(anonymous_5)
FN:216,(anonymous_6)
FN:221,(anonymous_7)
FN:241,(anonymous_8)
FN:248,(anonymous_9)
FN:252,(anonymous_10)
FN:256,(anonymous_11)
FN:260,(anonymous_12)
FN:281,(anonymous_13)
FN:320,(anonymous_14)
FN:344,(anonymous_15)
FN:377,(anonymous_16)
FN:379,(anonymous_17)
FN:386,(anonymous_18)
FN:395,(anonymous_19)
FN:411,(anonymous_20)
FN:419,(anonymous_21)
FN:424,(anonymous_22)
FN:425,(anonymous_23)
FN:429,(anonymous_24)
FN:438,(anonymous_25)
FN:439,(anonymous_26)
FN:450,(anonymous_27)
FN:453,(anonymous_28)
FN:463,(anonymous_29)
FN:471,(anonymous_30)
FN:482,(anonymous_31)
FN:484,(anonymous_32)
FN:491,(anonymous_33)
FN:497,(anonymous_34)
FN:500,(anonymous_35)
FN:501,(anonymous_36)
FN:504,(anonymous_37)
FN:506,(anonymous_38)
FN:510,(anonymous_39)
FN:523,(anonymous_40)
FN:525,(anonymous_41)
FN:538,(anonymous_42)
FN:541,(anonymous_43)
FN:557,(anonymous_44)
FN:573,(anonymous_45)
FN:584,(anonymous_46)
FN:592,(anonymous_47)
FNF:48
FNH:0
FNDA:0,(anonymous_0)
FNDA:0,(anonymous_1)
FNDA:0,(anonymous_2)
FNDA:0,(anonymous_3)
FNDA:0,(anonymous_4)
FNDA:0,(anonymous_5)
FNDA:0,(anonymous_6)
FNDA:0,(anonymous_7)
FNDA:0,(anonymous_8)
FNDA:0,(anonymous_9)
FNDA:0,(anonymous_10)
FNDA:0,(anonymous_11)
FNDA:0,(anonymous_12)
FNDA:0,(anonymous_13)
FNDA:0,(anonymous_14)
FNDA:0,(anonymous_15)
FNDA:0,(anonymous_16)
FNDA:0,(anonymous_17)
FNDA:0,(anonymous_18)
FNDA:0,(anonymous_19)
FNDA:0,(anonymous_20)
FNDA:0,(anonymous_21)
FNDA:0,(anonymous_22)
FNDA:0,(anonymous_23)
FNDA:0,(anonymous_24)
FNDA:0,(anonymous_25)
FNDA:0,(anonymous_26)
FNDA:0,(anonymous_27)
FNDA:0,(anonymous_28)
FNDA:0,(anonymous_29)
FNDA:0,(anonymous_30)
FNDA:0,(anonymous_31)
FNDA:0,(anonymous_32)
FNDA:0,(anonymous_33)
FNDA:0,(anonymous_34)
FNDA:0,(anonymous_35)
FNDA:0,(anonymous_36)
FNDA:0,(anonymous_37)
FNDA:0,(anonymous_38)
FNDA:0,(anonymous_39)
FNDA:0,(anonymous_40)
FNDA:0,(anonymous_41)
FNDA:0,(anonymous_42)
FNDA:0,(anonymous_43)
FNDA:0,(anonymous_44)
FNDA:0,(anonymous_45)
FNDA:0,(anonymous_46)
FNDA:0,(anonymous_47)
DA:1,0
DA:10,0
DA:11,0
DA:12,0
DA:13,0
DA:14,0
DA:15,0
DA:35,0
DA:42,0
DA:48,0
DA:49,0
DA:55,0
DA:56,0
DA:57,0
DA:58,0
DA:59,0
DA:60,0
DA:66,0
DA:67,0
DA:68,0
DA:74,0
DA:81,0
DA:87,0
DA:89,0
DA:90,0
DA:95,0
DA:96,0
DA:97,0
DA:98,0
DA:101,0
DA:102,0
DA:105,0
DA:107,0
DA:112,0
DA:114,0
DA:115,0
DA:118,0
DA:119,0
DA:124,0
DA:125,0
DA:127,0
DA:128,0
DA:134,0
DA:135,0
DA:141,0
DA:143,0
DA:148,0
DA:150,0
DA:151,0
DA:153,0
DA:154,0
DA:159,0
DA:160,0
DA:161,0
DA:163,0
DA:164,0
DA:170,0
DA:171,0
DA:177,0
DA:187,0
DA:189,0
DA:190,0
DA:191,0
DA:193,0
DA:199,0
DA:201,0
DA:202,0
DA:204,0
DA:207,0
DA:208,0
DA:213,0
DA:217,0
DA:218,0
DA:222,0
DA:223,0
DA:225,0
DA:226,0
DA:229,0
DA:239,0
DA:241,0
DA:249,0
DA:253,0
DA:257,0
DA:258,0
DA:260,0
DA:261,0
DA:262,0
DA:266,0
DA:273,0
DA:278,0
DA:282,0
DA:283,0
DA:284,0
DA:286,0
DA:287,0
DA:288,0
DA:294,0
DA:297,0
DA:298,0
DA:299,0
DA:305,0
DA:306,0
DA:309,0
DA:317,0
DA:321,0
DA:322,0
DA:324,0
DA:325,0
DA:326,0
DA:329,0
DA:330,0
DA:332,0
DA:333,0
DA:336,0
DA:341,0
DA:345,0
DA:346,0
DA:348,0
DA:349,0
DA:352,0
DA:353,0
DA:355,0
DA:357,0
DA:358,0
DA:360,0
DA:361,0
DA:363,0
DA:364,0
DA:367,0
DA:369,0
DA:374,0
DA:378,0
DA:379,0
DA:381,0
DA:382,0
DA:383,0
DA:386,0
DA:395,0
DA:397,0
DA:399,0
DA:401,0
DA:406,0
DA:408,0
DA:415,0
DA:417,0
DA:418,0
DA:419,0
DA:422,0
DA:424,0
DA:425,0
DA:427,0
DA:429,0
DA:430,0
DA:431,0
DA:435,0
DA:439,0
DA:440,0
DA:441,0
DA:442,0
DA:451,0
DA:453,0
DA:454,0
DA:455,0
DA:459,0
DA:460,0
DA:463,0
DA:464,0
DA:465,0
DA:466,0
DA:467,0
DA:472,0
DA:474,0
DA:479,0
DA:483,0
DA:484,0
DA:486,0
DA:487,0
DA:490,0
DA:491,0
DA:494,0
DA:498,0
DA:499,0
DA:500,0
DA:501,0
DA:505,0
DA:506,0
DA:507,0
DA:511,0
DA:519,0
DA:520,0
DA:524,0
DA:525,0
DA:527,0
DA:529,0
DA:531,0
DA:532,0
DA:535,0
DA:539,0
DA:541,0
DA:542,0
DA:543,0
DA:551,0
DA:553,0
DA:554,0
DA:558,0
DA:559,0
DA:563,0
DA:565,0
DA:566,0
DA:567,0
DA:570,0
DA:574,0
DA:579,0
DA:580,0
DA:585,0
DA:586,0
DA:587,0
DA:588,0
DA:593,0
DA:594,0
DA:595,0
LF:221
LH:0
BRDA:67,0,0,0
BRDA:67,1,0,0
BRDA:67,1,1,0
BRDA:97,2,0,0
BRDA:101,3,0,0
BRDA:101,4,0,0
BRDA:101,4,1,0
BRDA:114,5,0,0
BRDA:127,6,0,0
BRDA:134,7,0,0
BRDA:163,8,0,0
BRDA:170,9,0,0
BRDA:201,10,0,0
BRDA:201,10,1,0
BRDA:225,11,0,0
BRDA:225,12,0,0
BRDA:225,12,1,0
BRDA:252,13,0,0
BRDA:261,14,0,0
BRDA:286,15,0,0
BRDA:297,16,0,0
BRDA:324,17,0,0
BRDA:332,18,0,0
BRDA:348,19,0,0
BRDA:355,20,0,0
BRDA:355,20,1,0
BRDA:355,20,2,0
BRDA:381,21,0,0
BRDA:422,22,0,0
BRDA:430,23,0,0
BRDA:430,23,1,0
BRDA:441,24,0,0
BRDA:453,25,0,0
BRDA:459,26,0,0
BRDA:486,27,0,0
BRDA:491,28,0,0
BRDA:491,28,1,0
BRDA:494,29,0,0
BRDA:494,29,1,0
BRDA:500,30,0,0
BRDA:500,30,1,0
BRDA:520,31,0,0
BRDA:520,31,1,0
BRDA:525,32,0,0
BRDA:525,32,1,0
BRDA:527,33,0,0
BRDA:531,34,0,0
BRDA:531,34,1,0
BRDA:542,35,0,0
BRDA:559,36,0,0
BRDA:559,36,1,0
BRDA:565,37,0,0
BRDA:565,37,1,0
BRDA:567,38,0,0
BRDA:579,39,0,0
BRDA:585,40,0,0
BRDA:593,41,0,0
BRF:57
BRH:0
end_of_record
TN:
SF:src/hand-evaluator.ts
FN:10,(anonymous_0)
FN:16,(anonymous_1)
FN:21,(anonymous_2)
FN:55,(anonymous_3)
FN:64,(anonymous_4)
FN:65,(anonymous_5)
FN:69,(anonymous_6)
FN:70,(anonymous_7)
FN:86,(anonymous_8)
FN:107,(anonymous_9)
FN:110,(anonymous_10)
FN:115,(anonymous_11)
FN:128,(anonymous_12)
FN:131,(anonymous_13)
FN:135,(anonymous_14)
FN:153,(anonymous_15)
FN:165,(anonymous_16)
FN:174,(anonymous_17)
FN:188,(anonymous_18)
FN:191,(anonymous_19)
FN:197,(anonymous_20)
FN:198,(anonymous_21)
FN:205,(anonymous_22)
FN:212,(anonymous_23)
FN:215,(anonymous_24)
FN:216,(anonymous_25)
FN:217,(anonymous_26)
FN:222,(anonymous_27)
FN:237,(anonymous_28)
FN:240,(anonymous_29)
FN:246,(anonymous_30)
FN:247,(anonymous_31)
FN:254,(anonymous_32)
FN:261,(anonymous_33)
FN:270,(anonymous_34)
FN:275,(anonymous_35)
FN:286,(anonymous_36)
FN:297,(anonymous_37)
FN:298,(anonymous_38)
FN:300,(anonymous_39)
FN:301,(anonymous_40)
FN:307,(anonymous_41)
FN:312,(anonymous_42)
FN:313,(anonymous_43)
FN:321,(anonymous_44)
FN:326,(anonymous_45)
FN:327,(anonymous_46)
FN:335,(anonymous_47)
FNF:48
FNH:0
FNDA:0,(anonymous_0)
FNDA:0,(anonymous_1)
FNDA:0,(anonymous_2)
FNDA:0,(anonymous_3)
FNDA:0,(anonymous_4)
FNDA:0,(anonymous_5)
FNDA:0,(anonymous_6)
FNDA:0,(anonymous_7)
FNDA:0,(anonymous_8)
FNDA:0,(anonymous_9)
FNDA:0,(anonymous_10)
FNDA:0,(anonymous_11)
FNDA:0,(anonymous_12)
FNDA:0,(anonymous_13)
FNDA:0,(anonymous_14)
FNDA:0,(anonymous_15)
FNDA:0,(anonymous_16)
FNDA:0,(anonymous_17)
FNDA:0,(anonymous_18)
FNDA:0,(anonymous_19)
FNDA:0,(anonymous_20)
FNDA:0,(anonymous_21)
FNDA:0,(anonymous_22)
FNDA:0,(anonymous_23)
FNDA:0,(anonymous_24)
FNDA:0,(anonymous_25)
FNDA:0,(anonymous_26)
FNDA:0,(anonymous_27)
FNDA:0,(anonymous_28)
FNDA:0,(anonymous_29)
FNDA:0,(anonymous_30)
FNDA:0,(anonymous_31)
FNDA:0,(anonymous_32)
FNDA:0,(anonymous_33)
FNDA:0,(anonymous_34)
FNDA:0,(anonymous_35)
FNDA:0,(anonymous_36)
FNDA:0,(anonymous_37)
FNDA:0,(anonymous_38)
FNDA:0,(anonymous_39)
FNDA:0,(anonymous_40)
FNDA:0,(anonymous_41)
FNDA:0,(anonymous_42)
FNDA:0,(anonymous_43)
FNDA:0,(anonymous_44)
FNDA:0,(anonymous_45)
FNDA:0,(anonymous_46)
FNDA:0,(anonymous_47)
DA:1,0
DA:9,0
DA:10,0
DA:11,0
DA:12,0
DA:17,0
DA:18,0
DA:22,0
DA:25,0
DA:26,0
DA:28,0
DA:29,0
DA:31,0
DA:32,0
DA:34,0
DA:35,0
DA:37,0
DA:38,0
DA:40,0
DA:41,0
DA:43,0
DA:44,0
DA:46,0
DA:47,0
DA:49,0
DA:50,0
DA:52,0
DA:57,0
DA:58,0
DA:60,0
DA:61,0
DA:62,0
DA:64,0
DA:65,0
DA:68,0
DA:69,0
DA:70,0
DA:73,0
DA:83,0
DA:88,0
DA:89,0
DA:90,0
DA:91,0
DA:92,0
DA:93,0
DA:94,0
DA:104,0
DA:108,0
DA:109,0
DA:110,0
DA:113,0
DA:114,0
DA:115,0
DA:117,0
DA:125,0
DA:129,0
DA:130,0
DA:131,0
DA:134,0
DA:135,0
DA:138,0
DA:139,0
DA:140,0
DA:142,0
DA:150,0
DA:154,0
DA:156,0
DA:157,0
DA:158,0
DA:159,0
DA:160,0
DA:161,0
DA:165,0
DA:171,0
DA:175,0
DA:176,0
DA:177,0
DA:185,0
DA:189,0
DA:190,0
DA:191,0
DA:194,0
DA:195,0
DA:196,0
DA:197,0
DA:198,0
DA:201,0
DA:205,0
DA:209,0
DA:213,0
DA:214,0
DA:215,0
DA:216,0
DA:217,0
DA:219,0
DA:220,0
DA:221,0
DA:222,0
DA:223,0
DA:226,0
DA:234,0
DA:238,0
DA:239,0
DA:240,0
DA:243,0
DA:244,0
DA:245,0
DA:246,0
DA:247,0
DA:250,0
DA:254,0
DA:258,0
DA:262,0
DA:263,0
DA:264,0
DA:266,0
DA:270,0
DA:276,0
DA:277,0
DA:278,0
DA:279,0
DA:281,0
DA:283,0
DA:287,0
DA:288,0
DA:289,0
DA:290,0
DA:292,0
DA:294,0
DA:298,0
DA:299,0
DA:300,0
DA:301,0
DA:304,0
DA:305,0
DA:306,0
DA:308,0
DA:311,0
DA:312,0
DA:313,0
DA:315,0
DA:320,0
DA:321,0
DA:322,0
DA:325,0
DA:326,0
DA:327,0
DA:329,0
DA:332,0
DA:337,0
DA:338,0
DA:342,0
DA:343,0
DA:345,0
DA:346,0
DA:350,0
DA:351,0
DA:352,0
DA:354,0
DA:355,0
DA:356,0
DA:358,0
DA:359,0
DA:361,0
DA:362,0
DA:366,0
LF:166
LH:0
BRDA:11,0,0,0
BRDA:11,1,0,0
BRDA:11,1,1,0
BRDA:26,2,0,0
BRDA:29,3,0,0
BRDA:32,4,0,0
BRDA:35,5,0,0
BRDA:38,6,0,0
BRDA:41,7,0,0
BRDA:44,8,0,0
BRDA:47,9,0,0
BRDA:50,10,0,0
BRDA:62,11,0,0
BRDA:62,12,0,0
BRDA:62,12,1,0
BRDA:68,13,0,0
BRDA:91,14,0,0
BRDA:91,15,0,0
BRDA:91,15,1,0
BRDA:93,16,0,0
BRDA:93,17,0,0
BRDA:93,17,1,0
BRDA:113,18,0,0
BRDA:119,19,0,0
BRDA:119,19,1,0
BRDA:121,20,0,0
BRDA:121,20,1,0
BRDA:135,21,0,0
BRDA:135,21,1,0
BRDA:138,22,0,0
BRDA:138,23,0,0
BRDA:138,23,1,0
BRDA:158,24,0,0
BRDA:158,25,0,0
BRDA:158,25,1,0
BRDA:160,26,0,0
BRDA:176,27,0,0
BRDA:176,28,0,0
BRDA:176,28,1,0
BRDA:194,29,0,0
BRDA:219,30,0,0
BRDA:219,31,0,0
BRDA:219,31,1,0
BRDA:219,31,2,0
BRDA:223,32,0,0
BRDA:223,32,1,0
BRDA:228,33,0,0
BRDA:228,33,1,0
BRDA:230,34,0,0
BRDA:230,34,1,0
BRDA:243,35,0,0
BRDA:263,36,0,0
BRDA:278,37,0,0
BRDA:289,38,0,0
BRDA:308,39,0,0
BRDA:308,39,1,0
BRDA:308,39,2,0
BRDA:311,40,0,0
BRDA:325,41,0,0
BRDA:337,42,0,0
BRDA:345,43,0,0
BRDA:354,44,0,0
BRDA:354,45,0,0
BRDA:354,45,1,0
BRDA:355,46,0,0
BRDA:356,47,0,0
BRDA:361,48,0,0
BRF:67
BRH:0
end_of_record
TN:
SF:src/poker-game.ts
FN:36,(anonymous_0)
FN:41,(anonymous_1)
FN:47,(anonymous_2)
FN:75,(anonymous_3)
FN:102,(anonymous_4)
FN:130,(anonymous_5)
FN:136,(anonymous_6)
FN:159,(anonymous_7)
FN:168,(anonymous_8)
FN:177,(anonymous_9)
FN:181,(anonymous_10)
FN:185,(anonymous_11)
FN:202,(anonymous_12)
FN:209,(anonymous_13)
FN:238,(anonymous_14)
FN:257,(anonymous_15)
FN:321,(anonymous_16)
FN:323,(anonymous_17)
FN:331,(anonymous_18)
FN:338,(anonymous_19)
FN:340,(anonymous_20)
FN:344,(anonymous_21)
FN:351,(anonymous_22)
FN:353,(anonymous_23)
FN:357,(anonymous_24)
FN:387,(anonymous_25)
FN:394,(anonymous_26)
FN:408,(anonymous_27)
FN:420,(anonymous_28)
FN:432,(anonymous_29)
FN:457,(anonymous_30)
FN:464,(anonymous_31)
FN:474,(anonymous_32)
FNF:33
FNH:0
FNDA:0,(anonymous_0)
FNDA:0,(anonymous_1)
FNDA:0,(anonymous_2)
FNDA:0,(anonymous_3)
FNDA:0,(anonymous_4)
FNDA:0,(anonymous_5)
FNDA:0,(anonymous_6)
FNDA:0,(anonymous_7)
FNDA:0,(anonymous_8)
FNDA:0,(anonymous_9)
FNDA:0,(anonymous_10)
FNDA:0,(anonymous_11)
FNDA:0,(anonymous_12)
FNDA:0,(anonymous_13)
FNDA:0,(anonymous_14)
FNDA:0,(anonymous_15)
FNDA:0,(anonymous_16)
FNDA:0,(anonymous_17)
FNDA:0,(anonymous_18)
FNDA:0,(anonymous_19)
FNDA:0,(anonymous_20)
FNDA:0,(anonymous_21)
FNDA:0,(anonymous_22)
FNDA:0,(anonymous_23)
FNDA:0,(anonymous_24)
FNDA:0,(anonymous_25)
FNDA:0,(anonymous_26)
FNDA:0,(anonymous_27)
FNDA:0,(anonymous_28)
FNDA:0,(anonymous_29)
FNDA:0,(anonymous_30)
FNDA:0,(anonymous_31)
FNDA:0,(anonymous_32)
DA:1,0
DA:20,0
DA:29,0
DA:31,0
DA:32,0
DA:33,0
DA:34,0
DA:37,0
DA:40,0
DA:41,0
DA:42,0
DA:43,0
DA:49,0
DA:50,0
DA:51,0
DA:53,0
DA:54,0
DA:55,0
DA:57,0
DA:76,0
DA:77,0
DA:81,0
DA:84,0
DA:85,0
DA:86,0
DA:87,0
DA:88,0
DA:89,0
DA:90,0
DA:92,0
DA:96,0
DA:98,0
DA:99,0
DA:103,0
DA:104,0
DA:105,0
DA:108,0
DA:109,0
DA:112,0
DA:113,0
DA:114,0
DA:116,0
DA:117,0
DA:118,0
DA:121,0
DA:123,0
DA:131,0
DA:132,0
DA:135,0
DA:136,0
DA:143,0
DA:146,0
DA:147,0
DA:148,0
DA:149,0
DA:151,0
DA:159,0
DA:160,0
DA:164,0
DA:165,0
DA:167,0
DA:168,0
DA:178,0
DA:182,0
DA:186,0
DA:188,0
DA:190,0
DA:192,0
DA:194,0
DA:196,0
DA:198,0
DA:206,0
DA:210,0
DA:211,0
DA:213,0
DA:214,0
DA:218,0
DA:222,0
DA:223,0
DA:224,0
DA:227,0
DA:231,0
DA:232,0
DA:233,0
DA:235,0
DA:239,0
DA:240,0
DA:242,0
DA:243,0
DA:246,0
DA:247,0
DA:250,0
DA:251,0
DA:254,0
DA:262,0
DA:263,0
DA:264,0
DA:267,0
DA:269,0
DA:270,0
DA:273,0
DA:274,0
DA:276,0
DA:279,0
DA:280,0
DA:281,0
DA:283,0
DA:284,0
DA:285,0
DA:286,0
DA:290,0
DA:291,0
DA:294,0
DA:295,0
DA:296,0
DA:299,0
DA:300,0
DA:301,0
DA:302,0
DA:303,0
DA:304,0
DA:307,0
DA:308,0
DA:309,0
DA:310,0
DA:311,0
DA:314,0
DA:322,0
DA:323,0
DA:326,0
DA:327,0
DA:330,0
DA:331,0
DA:334,0
DA:335,0
DA:339,0
DA:340,0
DA:343,0
DA:344,0
DA:347,0
DA:348,0
DA:352,0
DA:353,0
DA:357,0
DA:358,0
DA:359,0
DA:362,0
DA:363,0
DA:367,0
DA:369,0
DA:370,0
DA:372,0
DA:373,0
DA:375,0
DA:376,0
DA:378,0
DA:379,0
DA:383,0
DA:384,0
DA:385,0
DA:386,0
DA:387,0
DA:390,0
DA:396,0
DA:399,0
DA:400,0
DA:401,0
DA:402,0
DA:405,0
DA:410,0
DA:413,0
DA:414,0
DA:415,0
DA:417,0
DA:422,0
DA:425,0
DA:426,0
DA:427,0
DA:429,0
DA:449,0
DA:451,0
DA:452,0
DA:456,0
DA:457,0
DA:458,0
DA:462,0
DA:464,0
DA:465,0
DA:471,0
DA:482,0
DA:483,0
DA:484,0
DA:485,0
DA:489,0
DA:490,0
LF:195
LH:0
BRDA:50,0,0,0
BRDA:50,0,1,0
BRDA:66,1,0,0
BRDA:66,1,1,0
BRDA:76,2,0,0
BRDA:89,3,0,0
BRDA:104,4,0,0
BRDA:108,5,0,0
BRDA:116,6,0,0
BRDA:125,7,0,0
BRDA:125,7,1,0
BRDA:131,8,0,0
BRDA:147,9,0,0
BRDA:147,9,1,0
BRDA:186,10,0,0
BRDA:186,10,1,0
BRDA:186,10,2,0
BRDA:186,10,3,0
BRDA:186,10,4,0
BRDA:186,10,5,0
BRDA:213,11,0,0
BRDA:213,12,0,0
BRDA:213,12,1,0
BRDA:239,13,0,0
BRDA:239,13,1,0
BRDA:242,14,0,0
BRDA:243,15,0,0
BRDA:243,15,1,0
BRDA:246,16,0,0
BRDA:250,17,0,0
BRDA:251,18,0,0
BRDA:251,18,1,0
BRDA:263,19,0,0
BRDA:267,20,0,0
BRDA:267,20,1,0
BRDA:267,20,2,0
BRDA:267,20,3,0
BRDA:267,20,4,0
BRDA:267,20,5,0
BRDA:273,21,0,0
BRDA:273,22,0,0
BRDA:273,22,1,0
BRDA:279,23,0,0
BRDA:279,23,1,0
BRDA:280,24,0,0
BRDA:290,25,0,0
BRDA:294,26,0,0
BRDA:294,26,1,0
BRDA:295,27,0,0
BRDA:309,28,0,0
BRDA:309,28,1,0
BRDA:326,29,0,0
BRDA:358,30,0,0
BRDA:358,30,1,0
BRDA:359,31,0,0
BRDA:359,31,1,0
BRDA:362,32,0,0
BRDA:367,33,0,0
BRDA:367,33,1,0
BRDA:367,33,2,0
BRDA:367,33,3,0
BRDA:383,34,0,0
BRDA:401,35,0,0
BRDA:414,36,0,0
BRDA:426,37,0,0
BRDA:451,38,0,0
BRDA:484,39,0,0
BRF:67
BRH:0
end_of_record
TN:
SF:src/secure-deck-manager.ts
FN:65,(anonymous_0)
FN:73,(anonymous_1)
FN:87,(anonymous_2)
FN:113,(anonymous_3)
FN:147,(anonymous_4)
FN:189,(anonymous_5)
FN:211,(anonymous_6)
FN:246,(anonymous_7)
FN:254,(anonymous_8)
FN:264,(anonymous_9)
FN:307,(anonymous_10)
FN:347,(anonymous_11)
FN:363,(anonymous_12)
FN:386,(anonymous_13)
FN:399,(anonymous_14)
FN:413,(anonymous_15)
FN:417,(anonymous_16)
FN:422,(anonymous_17)
FN:428,(anonymous_18)
FN:431,(anonymous_19)
FN:454,(anonymous_20)
FN:464,(anonymous_21)
FN:475,(anonymous_22)
FN:494,(anonymous_23)
FN:509,(anonymous_24)
FN:526,(anonymous_25)
FN:527,(anonymous_26)
FN:533,(anonymous_27)
FN:534,(anonymous_28)
FNF:29
FNH:0
FNDA:0,(anonymous_0)
FNDA:0,(anonymous_1)
FNDA:0,(anonymous_2)
FNDA:0,(anonymous_3)
FNDA:0,(anonymous_4)
FNDA:0,(anonymous_5)
FNDA:0,(anonymous_6)
FNDA:0,(anonymous_7)
FNDA:0,(anonymous_8)
FNDA:0,(anonymous_9)
FNDA:0,(anonymous_10)
FNDA:0,(anonymous_11)
FNDA:0,(anonymous_12)
FNDA:0,(anonymous_13)
FNDA:0,(anonymous_14)
FNDA:0,(anonymous_15)
FNDA:0,(anonymous_16)
FNDA:0,(anonymous_17)
FNDA:0,(anonymous_18)
FNDA:0,(anonymous_19)
FNDA:0,(anonymous_20)
FNDA:0,(anonymous_21)
FNDA:0,(anonymous_22)
FNDA:0,(anonymous_23)
FNDA:0,(anonymous_24)
FNDA:0,(anonymous_25)
FNDA:0,(anonymous_26)
FNDA:0,(anonymous_27)
FNDA:0,(anonymous_28)
DA:8,0
DA:61,0
DA:66,0
DA:67,0
DA:74,0
DA:76,0
DA:88,0
DA:89,0
DA:92,0
DA:99,0
DA:100,0
DA:103,0
DA:114,0
DA:115,0
DA:118,0
DA:125,0
DA:126,0
DA:129,0
DA:137,0
DA:153,0
DA:154,0
DA:156,0
DA:157,0
DA:160,0
DA:161,0
DA:164,0
DA:166,0
DA:174,0
DA:179,0
DA:190,0
DA:191,0
DA:194,0
DA:195,0
DA:197,0
DA:202,0
DA:212,0
DA:214,0
DA:215,0
DA:219,0
DA:220,0
DA:227,0
DA:228,0
DA:231,0
DA:232,0
DA:237,0
DA:239,0
DA:247,0
DA:254,0
DA:269,0
DA:270,0
DA:273,0
DA:274,0
DA:275,0
DA:278,0
DA:279,0
DA:282,0
DA:283,0
DA:287,0
DA:288,0
DA:289,0
DA:296,0
DA:297,0
DA:301,0
DA:311,0
DA:314,0
DA:315,0
DA:319,0
DA:321,0
DA:322,0
DA:325,0
DA:326,0
DA:328,0
DA:331,0
DA:338,0
DA:348,0
DA:357,0
DA:367,0
DA:370,0
DA:371,0
DA:375,0
DA:376,0
DA:380,0
DA:381,0
DA:382,0
DA:386,0
DA:387,0
DA:388,0
DA:391,0
DA:400,0
DA:401,0
DA:402,0
DA:404,0
DA:405,0
DA:406,0
DA:410,0
DA:414,0
DA:415,0
DA:417,0
DA:418,0
DA:423,0
DA:424,0
DA:425,0
DA:426,0
DA:427,0
DA:428,0
DA:432,0
DA:440,0
DA:441,0
DA:444,0
DA:450,0
DA:458,0
DA:459,0
DA:462,0
DA:463,0
DA:464,0
DA:465,0
DA:469,0
DA:480,0
DA:481,0
DA:482,0
DA:484,0
DA:485,0
DA:486,0
DA:487,0
DA:489,0
DA:490,0
DA:494,0
DA:495,0
DA:496,0
DA:499,0
DA:510,0
DA:511,0
DA:512,0
DA:514,0
DA:515,0
DA:516,0
DA:520,0
DA:527,0
DA:534,0
DA:535,0
DA:536,0
DA:538,0
DA:545,0
DA:546,0
DA:547,0
DA:550,0
LF:146
LH:0
BRDA:88,0,0,0
BRDA:99,1,0,0
BRDA:114,2,0,0
BRDA:125,3,0,0
BRDA:153,4,0,0
BRDA:156,5,0,0
BRDA:190,6,0,0
BRDA:214,7,0,0
BRDA:219,8,0,0
BRDA:227,9,0,0
BRDA:232,10,0,0
BRDA:232,10,1,0
BRDA:232,10,2,0
BRDA:267,11,0,0
BRDA:269,12,0,0
BRDA:269,13,0,0
BRDA:269,13,1,0
BRDA:274,14,0,0
BRDA:319,15,0,0
BRDA:319,15,1,0
BRDA:319,15,2,0
BRDA:319,15,3,0
BRDA:370,16,0,0
BRDA:375,17,0,0
BRDA:381,18,0,0
BRDA:387,19,0,0
BRDA:418,20,0,0
BRDA:418,20,1,0
BRDA:440,21,0,0
BRDA:458,22,0,0
BRDA:458,23,0,0
BRDA:458,23,1,0
BRDA:465,24,0,0
BRDA:465,24,1,0
BRDA:486,25,0,0
BRDA:486,25,1,0
BRDA:500,26,0,0
BRDA:500,26,1,0
BRDA:546,27,0,0
BRF:39
BRH:0
end_of_record
TN:
SF:src/secure-poker-game.ts
FN:55,(anonymous_0)
FN:62,(anonymous_1)
FN:68,(anonymous_2)
FN:106,(anonymous_3)
FN:176,(anonymous_4)
FN:224,(anonymous_5)
FN:230,(anonymous_6)
FN:253,(anonymous_7)
FN:266,(anonymous_8)
FN:276,(anonymous_9)
FN:285,(anonymous_10)
FN:289,(anonymous_11)
FN:293,(anonymous_12)
FN:305,(anonymous_13)
FN:320,(anonymous_14)
FN:327,(anonymous_15)
FN:365,(anonymous_16)
FN:384,(anonymous_17)
FN:448,(anonymous_18)
FN:450,(anonymous_19)
FN:458,(anonymous_20)
FN:465,(anonymous_21)
FN:467,(anonymous_22)
FN:471,(anonymous_23)
FN:478,(anonymous_24)
FN:480,(anonymous_25)
FN:484,(anonymous_26)
FN:514,(anonymous_27)
FN:521,(anonymous_28)
FN:544,(anonymous_29)
FN:567,(anonymous_30)
FN:590,(anonymous_31)
FN:615,(anonymous_32)
FN:622,(anonymous_33)
FN:632,(anonymous_34)
FN:654,(anonymous_35)
FNF:36
FNH:0
FNDA:0,(anonymous_0)
FNDA:0,(anonymous_1)
FNDA:0,(anonymous_2)
FNDA:0,(anonymous_3)
FNDA:0,(anonymous_4)
FNDA:0,(anonymous_5)
FNDA:0,(anonymous_6)
FNDA:0,(anonymous_7)
FNDA:0,(anonymous_8)
FNDA:0,(anonymous_9)
FNDA:0,(anonymous_10)
FNDA:0,(anonymous_11)
FNDA:0,(anonymous_12)
FNDA:0,(anonymous_13)
FNDA:0,(anonymous_14)
FNDA:0,(anonymous_15)
FNDA:0,(anonymous_16)
FNDA:0,(anonymous_17)
FNDA:0,(anonymous_18)
FNDA:0,(anonymous_19)
FNDA:0,(anonymous_20)
FNDA:0,(anonymous_21)
FNDA:0,(anonymous_22)
FNDA:0,(anonymous_23)
FNDA:0,(anonymous_24)
FNDA:0,(anonymous_25)
FNDA:0,(anonymous_26)
FNDA:0,(anonymous_27)
FNDA:0,(anonymous_28)
FNDA:0,(anonymous_29)
FNDA:0,(anonymous_30)
FNDA:0,(anonymous_31)
FNDA:0,(anonymous_32)
FNDA:0,(anonymous_33)
FNDA:0,(anonymous_34)
FNDA:0,(anonymous_35)
DA:8,0
DA:26,0
DA:27,0
DA:28,0
DA:46,0
DA:48,0
DA:51,0
DA:52,0
DA:53,0
DA:56,0
DA:58,0
DA:60,0
DA:61,0
DA:62,0
DA:63,0
DA:64,0
DA:70,0
DA:71,0
DA:73,0
DA:74,0
DA:75,0
DA:77,0
DA:88,0
DA:107,0
DA:108,0
DA:111,0
DA:113,0
DA:114,0
DA:117,0
DA:119,0
DA:120,0
DA:131,0
DA:137,0
DA:140,0
DA:141,0
DA:142,0
DA:143,0
DA:144,0
DA:146,0
DA:155,0
DA:159,0
DA:161,0
DA:162,0
DA:165,0
DA:172,0
DA:177,0
DA:178,0
DA:179,0
DA:182,0
DA:183,0
DA:186,0
DA:187,0
DA:188,0
DA:190,0
DA:191,0
DA:202,0
DA:203,0
DA:206,0
DA:208,0
DA:217,0
DA:225,0
DA:226,0
DA:229,0
DA:230,0
DA:237,0
DA:240,0
DA:241,0
DA:242,0
DA:243,0
DA:245,0
DA:253,0
DA:254,0
DA:258,0
DA:259,0
DA:262,0
DA:266,0
DA:275,0
DA:276,0
DA:286,0
DA:290,0
DA:294,0
DA:300,0
DA:301,0
DA:306,0
DA:308,0
DA:311,0
DA:314,0
DA:316,0
DA:324,0
DA:328,0
DA:329,0
DA:331,0
DA:332,0
DA:336,0
DA:340,0
DA:341,0
DA:342,0
DA:345,0
DA:349,0
DA:350,0
DA:351,0
DA:353,0
DA:355,0
DA:366,0
DA:367,0
DA:369,0
DA:370,0
DA:373,0
DA:374,0
DA:377,0
DA:378,0
DA:381,0
DA:389,0
DA:390,0
DA:391,0
DA:394,0
DA:396,0
DA:397,0
DA:400,0
DA:401,0
DA:403,0
DA:406,0
DA:407,0
DA:408,0
DA:410,0
DA:411,0
DA:412,0
DA:413,0
DA:417,0
DA:418,0
DA:421,0
DA:422,0
DA:423,0
DA:426,0
DA:427,0
DA:428,0
DA:429,0
DA:430,0
DA:431,0
DA:434,0
DA:435,0
DA:436,0
DA:437,0
DA:438,0
DA:441,0
DA:449,0
DA:450,0
DA:453,0
DA:454,0
DA:457,0
DA:458,0
DA:461,0
DA:462,0
DA:466,0
DA:467,0
DA:470,0
DA:471,0
DA:474,0
DA:475,0
DA:479,0
DA:480,0
DA:484,0
DA:485,0
DA:486,0
DA:489,0
DA:490,0
DA:494,0
DA:496,0
DA:497,0
DA:499,0
DA:500,0
DA:502,0
DA:503,0
DA:505,0
DA:506,0
DA:510,0
DA:511,0
DA:512,0
DA:513,0
DA:514,0
DA:517,0
DA:522,0
DA:523,0
DA:526,0
DA:531,0
DA:532,0
DA:533,0
DA:535,0
DA:545,0
DA:546,0
DA:549,0
DA:554,0
DA:555,0
DA:556,0
DA:558,0
DA:568,0
DA:569,0
DA:572,0
DA:577,0
DA:578,0
DA:579,0
DA:581,0
DA:607,0
DA:609,0
DA:610,0
DA:614,0
DA:615,0
DA:616,0
DA:620,0
DA:622,0
DA:623,0
DA:629,0
DA:640,0
DA:641,0
DA:642,0
DA:643,0
DA:647,0
DA:648,0
DA:660,0
DA:663,0
LF:220
LH:0
BRDA:97,0,0,0
BRDA:97,0,1,0
BRDA:107,1,0,0
BRDA:127,2,0,0
BRDA:127,2,1,0
BRDA:143,3,0,0
BRDA:168,4,0,0
BRDA:168,4,1,0
BRDA:178,5,0,0
BRDA:182,6,0,0
BRDA:190,7,0,0
BRDA:212,8,0,0
BRDA:212,8,1,0
BRDA:219,9,0,0
BRDA:219,9,1,0
BRDA:225,10,0,0
BRDA:241,11,0,0
BRDA:241,11,1,0
BRDA:300,12,0,0
BRDA:306,13,0,0
BRDA:306,13,1,0
BRDA:306,13,2,0
BRDA:306,13,3,0
BRDA:306,13,4,0
BRDA:306,13,5,0
BRDA:331,14,0,0
BRDA:331,15,0,0
BRDA:331,15,1,0
BRDA:366,16,0,0
BRDA:366,16,1,0
BRDA:369,17,0,0
BRDA:370,18,0,0
BRDA:370,18,1,0
BRDA:373,19,0,0
BRDA:377,20,0,0
BRDA:378,21,0,0
BRDA:378,21,1,0
BRDA:390,22,0,0
BRDA:394,23,0,0
BRDA:394,23,1,0
BRDA:394,23,2,0
BRDA:394,23,3,0
BRDA:394,23,4,0
BRDA:394,23,5,0
BRDA:400,24,0,0
BRDA:400,25,0,0
BRDA:400,25,1,0
BRDA:406,26,0,0
BRDA:406,26,1,0
BRDA:407,27,0,0
BRDA:417,28,0,0
BRDA:421,29,0,0
BRDA:421,29,1,0
BRDA:422,30,0,0
BRDA:436,31,0,0
BRDA:436,31,1,0
BRDA:453,32,0,0
BRDA:485,33,0,0
BRDA:485,33,1,0
BRDA:486,34,0,0
BRDA:486,34,1,0
BRDA:489,35,0,0
BRDA:494,36,0,0
BRDA:494,36,1,0
BRDA:494,36,2,0
BRDA:494,36,3,0
BRDA:510,37,0,0
BRDA:522,38,0,0
BRDA:545,39,0,0
BRDA:568,40,0,0
BRDA:609,41,0,0
BRDA:642,42,0,0
BRDA:660,43,0,0
BRDA:660,43,1,0
BRF:74
BRH:0
end_of_record
TN:
SF:src/state-snapshot.ts
FN:25,(anonymous_0)
FN:31,(anonymous_1)
FN:80,(anonymous_2)
FNF:3
FNH:3
FNDA:2,(anonymous_0)
FNDA:2,(anonymous_1)
FNDA:2,(anonymous_2)
DA:25,2
DA:26,2
DA:27,2
DA:28,2
DA:31,2
DA:32,2
DA:33,2
DA:34,2
DA:80,2
DA:81,2
DA:82,2
DA:83,2
LF:12
LH:12
BRDA:25,0,0,2
BRDA:25,0,1,2
BRDA:31,1,0,2
BRDA:31,1,1,2
BRDA:80,2,0,2
BRDA:80,2,1,2
BRF:6
BRH:6
end_of_record
TN:
SF:src/state-sync-optimized.ts
FN:24,(anonymous_0)
FN:30,(anonymous_1)
FN:72,(anonymous_2)
FN:101,(anonymous_3)
FN:134,(anonymous_4)
FN:138,(anonymous_5)
FN:152,(anonymous_6)
FN:165,(anonymous_7)
FN:181,(anonymous_8)
FN:236,(anonymous_9)
FN:249,(anonymous_10)
FN:261,(anonymous_11)
FN:269,(anonymous_12)
FN:273,(anonymous_13)
FN:283,(anonymous_14)
FN:303,(anonymous_15)
FN:321,(anonymous_16)
FN:329,(anonymous_17)
FN:333,(anonymous_18)
FN:337,(anonymous_19)
FN:351,(anonymous_20)
FN:366,deepDiff
FNF:22
FNH:0
FNDA:0,(anonymous_0)
FNDA:0,(anonymous_1)
FNDA:0,(anonymous_2)
FNDA:0,(anonymous_3)
FNDA:0,(anonymous_4)
FNDA:0,(anonymous_5)
FNDA:0,(anonymous_6)
FNDA:0,(anonymous_7)
FNDA:0,(anonymous_8)
FNDA:0,(anonymous_9)
FNDA:0,(anonymous_10)
FNDA:0,(anonymous_11)
FNDA:0,(anonymous_12)
FNDA:0,(anonymous_13)
FNDA:0,(anonymous_14)
FNDA:0,(anonymous_15)
FNDA:0,(anonymous_16)
FNDA:0,(anonymous_17)
FNDA:0,(anonymous_18)
FNDA:0,(anonymous_19)
FNDA:0,(anonymous_20)
FNDA:0,deepDiff
DA:3,0
DA:18,0
DA:19,0
DA:20,0
DA:21,0
DA:22,0
DA:25,0
DA:26,0
DA:27,0
DA:31,0
DA:33,0
DA:35,0
DA:38,0
DA:44,0
DA:47,0
DA:49,0
DA:50,0
DA:52,0
DA:53,0
DA:58,0
DA:59,0
DA:65,0
DA:69,0
DA:73,0
DA:74,0
DA:76,0
DA:77,0
DA:78,0
DA:80,0
DA:83,0
DA:85,0
DA:88,0
DA:89,0
DA:91,0
DA:92,0
DA:94,0
DA:95,0
DA:98,0
DA:106,0
DA:107,0
DA:109,0
DA:110,0
DA:112,0
DA:118,0
DA:119,0
DA:121,0
DA:122,0
DA:125,0
DA:127,0
DA:135,0
DA:139,0
DA:141,0
DA:142,0
DA:145,0
DA:146,0
DA:149,0
DA:153,0
DA:155,0
DA:156,0
DA:157,0
DA:158,0
DA:162,0
DA:166,0
DA:168,0
DA:169,0
DA:170,0
DA:171,0
DA:177,0
DA:178,0
DA:179,0
DA:188,0
DA:205,0
DA:207,0
DA:208,0
DA:209,0
DA:210,0
DA:214,0
DA:215,0
DA:216,0
DA:220,0
DA:221,0
DA:225,0
DA:226,0
DA:229,0
DA:240,0
DA:242,0
DA:243,0
DA:246,0
DA:253,0
DA:266,0
DA:268,0
DA:269,0
DA:270,0
DA:271,0
DA:273,0
DA:276,0
DA:280,0
DA:291,0
DA:292,0
DA:296,0
DA:297,0
DA:299,0
DA:303,0
DA:304,0
DA:307,0
DA:315,0
DA:316,0
DA:317,0
DA:325,0
DA:326,0
DA:330,0
DA:332,0
DA:333,0
DA:338,0
DA:340,0
DA:341,0
DA:343,0
DA:344,0
DA:345,0
DA:348,0
DA:352,0
DA:353,0
DA:354,0
DA:355,0
DA:367,0
DA:369,0
DA:371,0
DA:374,0
DA:379,0
DA:382,0
DA:384,0
DA:385,0
DA:387,0
DA:388,0
DA:392,0
DA:393,0
DA:399,0
DA:403,0
LF:138
LH:0
BRDA:30,0,0,0
BRDA:33,1,0,0
BRDA:35,2,0,0
BRDA:35,3,0,0
BRDA:35,3,1,0
BRDA:35,3,2,0
BRDA:35,3,3,0
BRDA:52,4,0,0
BRDA:52,4,1,0
BRDA:58,5,0,0
BRDA:58,5,1,0
BRDA:77,6,0,0
BRDA:85,7,0,0
BRDA:85,7,1,0
BRDA:85,7,2,0
BRDA:88,8,0,0
BRDA:107,9,0,0
BRDA:107,9,1,0
BRDA:121,10,0,0
BRDA:125,11,0,0
BRDA:125,11,1,0
BRDA:129,12,0,0
BRDA:129,12,1,0
BRDA:130,13,0,0
BRDA:130,13,1,0
BRDA:141,14,0,0
BRDA:152,15,0,0
BRDA:157,16,0,0
BRDA:165,17,0,0
BRDA:169,18,0,0
BRDA:210,19,0,0
BRDA:210,19,1,0
BRDA:214,20,0,0
BRDA:214,21,0,0
BRDA:214,21,1,0
BRDA:221,22,0,0
BRDA:221,22,1,0
BRDA:225,23,0,0
BRDA:225,24,0,0
BRDA:225,24,1,0
BRDA:256,25,0,0
BRDA:256,25,1,0
BRDA:257,26,0,0
BRDA:257,26,1,0
BRDA:264,27,0,0
BRDA:268,28,0,0
BRDA:270,29,0,0
BRDA:270,30,0,0
BRDA:270,30,1,0
BRDA:273,31,0,0
BRDA:273,31,1,0
BRDA:297,32,0,0
BRDA:322,33,0,0
BRDA:332,34,0,0
BRDA:338,35,0,0
BRDA:343,36,0,0
BRDA:353,37,0,0
BRDA:366,38,0,0
BRDA:369,39,0,0
BRDA:371,40,0,0
BRDA:371,41,0,0
BRDA:371,41,1,0
BRDA:371,41,2,0
BRDA:371,41,3,0
BRDA:387,42,0,0
BRDA:387,42,1,0
BRDA:392,43,0,0
BRDA:392,43,1,0
BRF:68
BRH:0
end_of_record
TN:
SF:src/state-synchronizer.ts
FN:40,(anonymous_4)
FN:53,(anonymous_5)
FN:80,(anonymous_6)
FN:119,(anonymous_7)
FN:143,(anonymous_8)
FN:173,(anonymous_9)
FN:213,(anonymous_10)
FN:221,(anonymous_11)
FN:275,(anonymous_12)
FN:296,(anonymous_13)
FN:304,(anonymous_14)
FN:306,(anonymous_15)
FN:317,(anonymous_16)
FN:327,(anonymous_17)
FN:358,(anonymous_18)
FN:383,(anonymous_19)
FN:418,(anonymous_20)
FN:421,(anonymous_21)
FN:434,(anonymous_22)
FN:449,(anonymous_23)
FN:461,(anonymous_24)
FN:481,(anonymous_25)
FN:500,(anonymous_26)
FN:535,(anonymous_27)
FN:539,(anonymous_28)
FN:541,(anonymous_29)
FN:546,(anonymous_30)
FN:560,(anonymous_31)
FN:580,(anonymous_32)
FN:583,(anonymous_33)
FN:592,(anonymous_34)
FN:609,(anonymous_35)
FN:673,(anonymous_36)
FN:713,(anonymous_37)
FN:754,(anonymous_38)
FN:770,(anonymous_39)
FN:774,(anonymous_40)
FN:790,(anonymous_41)
FN:798,(anonymous_42)
FN:807,(anonymous_43)
FN:809,(anonymous_44)
FN:817,(anonymous_45)
FN:828,(anonymous_46)
FN:836,(anonymous_47)
FN:843,(anonymous_48)
FN:850,(anonymous_49)
FN:862,(anonymous_50)
FNF:47
FNH:42
FNDA:40,(anonymous_4)
FNDA:43,(anonymous_5)
FNDA:2,(anonymous_6)
FNDA:4,(anonymous_7)
FNDA:3,(anonymous_8)
FNDA:2,(anonymous_9)
FNDA:2,(anonymous_10)
FNDA:4,(anonymous_11)
FNDA:2,(anonymous_12)
FNDA:14,(anonymous_13)
FNDA:1,(anonymous_14)
FNDA:2,(anonymous_15)
FNDA:3,(anonymous_16)
FNDA:12,(anonymous_17)
FNDA:0,(anonymous_18)
FNDA:13,(anonymous_19)
FNDA:7,(anonymous_20)
FNDA:11,(anonymous_21)
FNDA:26,(anonymous_22)
FNDA:1,(anonymous_23)
FNDA:1,(anonymous_24)
FNDA:0,(anonymous_25)
FNDA:1,(anonymous_26)
FNDA:2,(anonymous_27)
FNDA:1,(anonymous_28)
FNDA:5,(anonymous_29)
FNDA:1,(anonymous_30)
FNDA:1,(anonymous_31)
FNDA:44,(anonymous_32)
FNDA:505,(anonymous_33)
FNDA:1408,(anonymous_34)
FNDA:8,(anonymous_35)
FNDA:4,(anonymous_36)
FNDA:3,(anonymous_37)
FNDA:0,(anonymous_38)
FNDA:43,(anonymous_39)
FNDA:43,(anonymous_40)
FNDA:0,(anonymous_41)
FNDA:199,(anonymous_42)
FNDA:43,(anonymous_43)
FNDA:0,(anonymous_44)
FNDA:4,(anonymous_45)
FNDA:1,(anonymous_46)
FNDA:2,(anonymous_47)
FNDA:16,(anonymous_48)
FNDA:32,(anonymous_49)
FNDA:8,(anonymous_50)
DA:2,2
DA:18,2
DA:31,2
DA:32,40
DA:33,40
DA:34,40
DA:35,40
DA:37,40
DA:38,40
DA:41,40
DA:58,43
DA:61,43
DA:62,43
DA:63,43
DA:64,154
DA:67,43
DA:75,43
DA:76,43
DA:77,43
DA:85,2
DA:88,2
DA:91,2
DA:94,1
DA:101,1
DA:102,1
DA:103,0
DA:109,1
DA:111,1
DA:120,4
DA:123,4
DA:126,4
DA:128,4
DA:136,4
DA:137,4
DA:138,4
DA:140,4
DA:144,3
DA:145,1
DA:149,2
DA:158,2
DA:159,0
DA:163,2
DA:164,3
DA:168,1
DA:170,1
DA:174,2
DA:176,2
DA:177,1
DA:178,1
DA:182,1
DA:183,1
DA:184,1
DA:188,0
DA:189,0
DA:190,0
DA:193,0
DA:194,0
DA:195,0
DA:196,0
DA:201,0
DA:202,0
DA:203,0
DA:204,0
DA:206,0
DA:208,0
DA:209,0
DA:217,2
DA:218,2
DA:221,2
DA:222,4
DA:223,0
DA:224,0
DA:230,0
DA:231,0
DA:232,0
DA:233,0
DA:236,0
DA:238,4
DA:242,2
DA:243,4
DA:244,3
DA:246,4
DA:250,2
DA:252,3
DA:253,3
DA:254,4
DA:255,3
DA:257,4
DA:261,3
DA:262,3
DA:263,1
DA:273,2
DA:274,1
DA:275,2
DA:278,1
DA:280,2
DA:283,2
DA:284,2
DA:293,2
DA:301,14
DA:304,1
DA:305,1
DA:306,1
DA:307,2
DA:308,2
DA:309,1
DA:311,1
DA:312,1
DA:317,3
DA:320,12
DA:323,0
DA:332,12
DA:333,1
DA:334,1
DA:337,1
DA:338,2
DA:339,1
DA:341,2
DA:345,1
DA:346,1
DA:347,0
DA:350,1
DA:351,1
DA:352,1
DA:354,1
DA:358,1
DA:362,11
DA:366,11
DA:367,11
DA:368,26
DA:369,26
DA:370,15
DA:372,26
DA:375,11
DA:378,11
DA:379,15
DA:380,6
DA:383,9
DA:384,13
DA:385,13
DA:387,13
DA:388,9
DA:392,4
DA:394,3
DA:395,3
DA:396,3
DA:397,1
DA:402,3
DA:406,9
DA:409,9
DA:410,0
DA:411,0
DA:412,0
DA:418,11
DA:422,11
DA:423,1
DA:427,10
DA:436,26
DA:437,1
DA:441,25
DA:442,24
DA:446,1
DA:454,1
DA:466,1
DA:468,1
DA:469,1
DA:470,0
DA:477,1
DA:480,1
DA:481,0
DA:485,1
DA:487,1
DA:493,0
DA:501,1
DA:502,0
DA:505,1
DA:506,1
DA:509,1
DA:510,3
DA:512,3
DA:513,1
DA:516,3
DA:524,1
DA:525,1
DA:527,1
DA:536,2
DA:540,1
DA:541,5
DA:543,0
DA:548,1
DA:557,1
DA:561,1
DA:563,1
DA:564,20
DA:565,20
DA:566,5
DA:569,15
DA:570,15
DA:571,15
DA:576,1
DA:581,44
DA:583,505
DA:587,44
DA:588,44
DA:589,44
DA:590,44
DA:591,44
DA:592,1408
DA:596,0
DA:597,0
DA:598,0
DA:599,0
DA:600,0
DA:601,0
DA:602,0
DA:603,0
DA:605,0
DA:616,8
DA:619,8
DA:620,0
DA:621,0
DA:623,0
DA:627,8
DA:628,8
DA:629,8
DA:630,8
DA:631,0
DA:636,8
DA:637,56
DA:638,56
DA:639,56
DA:641,56
DA:643,19
DA:645,8
DA:646,1
DA:648,11
DA:649,4
DA:651,7
DA:657,8
DA:658,8
DA:659,56
DA:660,0
DA:666,8
DA:667,8
DA:668,8
DA:669,8
DA:679,4
DA:680,2
DA:681,2
DA:683,2
DA:684,8
DA:685,3
DA:693,0
DA:702,4
DA:703,2
DA:704,0
DA:715,3
DA:716,1
DA:719,2
DA:720,2
DA:722,2
DA:723,2
DA:724,2
DA:725,0
DA:726,0
DA:727,0
DA:729,0
DA:730,0
DA:732,0
DA:734,0
DA:737,0
DA:738,0
DA:740,0
DA:741,0
DA:744,2
DA:748,2
DA:749,2
DA:750,2
DA:755,0
DA:756,0
DA:757,0
DA:758,0
DA:759,0
DA:763,0
DA:764,0
DA:766,0
DA:773,43
DA:774,43
DA:775,43
DA:778,43
DA:780,43
DA:782,43
DA:783,43
DA:785,43
DA:791,0
DA:792,0
DA:794,0
DA:799,199
DA:800,199
DA:803,0
DA:808,43
DA:809,0
DA:810,0
DA:811,0
DA:812,0
DA:818,4
DA:820,0
DA:821,0
DA:822,0
DA:823,0
DA:829,1
DA:831,0
DA:837,2
DA:838,2
DA:846,16
DA:851,32
DA:852,32
DA:853,32
DA:857,32
DA:858,32
DA:863,8
DA:865,0
DA:866,0
DA:867,0
DA:868,0
LF:325
LH:240
BRDA:40,0,0,28
BRDA:42,1,0,40
BRDA:42,1,1,40
BRDA:43,2,0,40
BRDA:43,2,1,40
BRDA:44,3,0,40
BRDA:44,3,1,40
BRDA:45,4,0,40
BRDA:45,4,1,28
BRDA:46,5,0,40
BRDA:46,5,1,40
BRDA:47,6,0,40
BRDA:47,6,1,40
BRDA:48,7,0,40
BRDA:48,7,1,40
BRDA:49,8,0,40
BRDA:49,8,1,40
BRDA:91,9,0,1
BRDA:91,10,0,2
BRDA:91,10,1,2
BRDA:91,10,2,1
BRDA:91,10,3,1
BRDA:102,11,0,0
BRDA:144,12,0,1
BRDA:176,13,0,1
BRDA:176,14,0,2
BRDA:176,14,1,2
BRDA:176,14,2,2
BRDA:176,14,3,1
BRDA:182,15,0,1
BRDA:188,16,0,0
BRDA:194,17,0,0
BRDA:194,18,0,0
BRDA:194,18,1,0
BRDA:203,19,0,0
BRDA:208,20,0,0
BRDA:208,20,1,0
BRDA:222,21,0,0
BRDA:226,22,0,0
BRDA:226,22,1,0
BRDA:226,22,2,0
BRDA:230,23,0,0
BRDA:230,23,1,0
BRDA:232,24,0,0
BRDA:243,25,0,3
BRDA:254,26,0,3
BRDA:262,27,0,1
BRDA:273,28,0,1
BRDA:280,29,0,2
BRDA:280,29,1,2
BRDA:280,29,2,0
BRDA:283,30,0,2
BRDA:301,31,0,1
BRDA:301,31,1,1
BRDA:301,31,2,12
BRDA:301,31,3,0
BRDA:308,32,0,1
BRDA:332,33,0,1
BRDA:338,34,0,1
BRDA:346,35,0,0
BRDA:346,35,1,1
BRDA:369,36,0,15
BRDA:379,37,0,6
BRDA:379,37,1,9
BRDA:387,38,0,9
BRDA:392,39,0,3
BRDA:396,40,0,1
BRDA:409,41,0,0
BRDA:409,42,0,9
BRDA:409,42,1,0
BRDA:422,43,0,1
BRDA:436,44,0,1
BRDA:441,45,0,24
BRDA:442,46,0,24
BRDA:442,46,1,0
BRDA:469,47,0,0
BRDA:469,48,0,1
BRDA:469,48,1,1
BRDA:495,49,0,0
BRDA:495,49,1,0
BRDA:501,50,0,0
BRDA:512,51,0,1
BRDA:540,52,0,1
BRDA:541,53,0,1
BRDA:541,53,1,0
BRDA:543,54,0,0
BRDA:543,54,1,0
BRDA:565,55,0,5
BRDA:565,55,1,15
BRDA:570,56,0,15
BRDA:587,57,0,44
BRDA:587,57,1,0
BRDA:587,58,0,44
BRDA:587,58,1,44
BRDA:616,59,0,0
BRDA:619,60,0,0
BRDA:619,61,0,8
BRDA:619,61,1,8
BRDA:619,61,2,8
BRDA:620,62,0,0
BRDA:627,63,0,8
BRDA:630,64,0,0
BRDA:641,65,0,19
BRDA:643,66,0,8
BRDA:643,66,1,11
BRDA:643,67,0,19
BRDA:643,67,1,8
BRDA:645,68,0,1
BRDA:645,69,0,8
BRDA:645,69,1,7
BRDA:648,70,0,4
BRDA:648,70,1,7
BRDA:648,71,0,11
BRDA:648,71,1,4
BRDA:648,71,2,4
BRDA:649,72,0,4
BRDA:649,72,1,0
BRDA:657,73,0,8
BRDA:659,74,0,0
BRDA:666,75,0,8
BRDA:681,76,0,2
BRDA:681,76,1,0
BRDA:684,77,0,3
BRDA:703,78,0,0
BRDA:715,79,0,1
BRDA:724,80,0,0
BRDA:724,80,1,2
BRDA:727,81,0,0
BRDA:727,81,1,0
BRDA:729,82,0,0
BRDA:729,82,1,0
BRDA:737,83,0,0
BRDA:749,84,0,2
BRDA:758,85,0,0
BRDA:763,86,0,0
BRDA:791,87,0,0
BRDA:799,88,0,199
BRDA:808,89,0,0
BRDA:818,90,0,0
BRDA:829,91,0,0
BRDA:837,92,0,2
BRDA:851,93,0,0
BRDA:852,94,0,0
BRDA:853,95,0,0
BRDA:858,96,0,32
BRDA:858,96,1,0
BRDA:863,97,0,0
BRF:147
BRH:93
end_of_record
TN:
SF:src/table-manager.ts
FN:29,(anonymous_0)
FN:54,(anonymous_1)
FN:108,(anonymous_2)
FN:135,(anonymous_3)
FN:139,(anonymous_4)
FN:149,(anonymous_5)
FN:152,(anonymous_6)
FN:153,(anonymous_7)
FN:170,(anonymous_8)
FN:179,(anonymous_9)
FN:206,(anonymous_10)
FN:224,(anonymous_11)
FN:225,(anonymous_12)
FN:228,(anonymous_13)
FN:229,(anonymous_14)
FN:234,(anonymous_15)
FN:246,(anonymous_16)
FN:251,(anonymous_17)
FN:258,(anonymous_18)
FN:266,(anonymous_19)
FN:275,(anonymous_20)
FNF:21
FNH:0
FNDA:0,(anonymous_0)
FNDA:0,(anonymous_1)
FNDA:0,(anonymous_2)
FNDA:0,(anonymous_3)
FNDA:0,(anonymous_4)
FNDA:0,(anonymous_5)
FNDA:0,(anonymous_6)
FNDA:0,(anonymous_7)
FNDA:0,(anonymous_8)
FNDA:0,(anonymous_9)
FNDA:0,(anonymous_10)
FNDA:0,(anonymous_11)
FNDA:0,(anonymous_12)
FNDA:0,(anonymous_13)
FNDA:0,(anonymous_14)
FNDA:0,(anonymous_15)
FNDA:0,(anonymous_16)
FNDA:0,(anonymous_17)
FNDA:0,(anonymous_18)
FNDA:0,(anonymous_19)
FNDA:0,(anonymous_20)
DA:1,0
DA:14,0
DA:26,0
DA:27,0
DA:30,0
DA:50,0
DA:51,0
DA:55,0
DA:56,0
DA:57,0
DA:61,0
DA:62,0
DA:66,0
DA:67,0
DA:71,0
DA:72,0
DA:73,0
DA:77,0
DA:88,0
DA:89,0
DA:92,0
DA:93,0
DA:96,0
DA:101,0
DA:102,0
DA:105,0
DA:109,0
DA:110,0
DA:111,0
DA:114,0
DA:115,0
DA:116,0
DA:120,0
DA:121,0
DA:124,0
DA:125,0
DA:126,0
DA:130,0
DA:131,0
DA:136,0
DA:140,0
DA:141,0
DA:142,0
DA:145,0
DA:146,0
DA:150,0
DA:152,0
DA:153,0
DA:156,0
DA:157,0
DA:158,0
DA:167,0
DA:171,0
DA:173,0
DA:174,0
DA:178,0
DA:179,0
DA:180,0
DA:181,0
DA:182,0
DA:183,0
DA:188,0
DA:189,0
DA:190,0
DA:192,0
DA:193,0
DA:197,0
DA:200,0
DA:203,0
DA:210,0
DA:211,0
DA:217,0
DA:225,0
DA:229,0
DA:230,0
DA:235,0
DA:236,0
DA:238,0
DA:239,0
DA:241,0
DA:242,0
DA:246,0
DA:247,0
DA:252,0
DA:253,0
DA:254,0
DA:257,0
DA:258,0
DA:261,0
DA:262,0
DA:266,0
DA:267,0
DA:270,0
DA:271,0
DA:275,0
DA:276,0
DA:277,0
DA:278,0
DA:279,0
DA:284,0
DA:285,0
DA:286,0
DA:290,0
DA:291,0
DA:292,0
DA:294,0
DA:295,0
LF:107
LH:0
BRDA:56,0,0,0
BRDA:61,1,0,0
BRDA:66,2,0,0
BRDA:72,3,0,0
BRDA:92,4,0,0
BRDA:92,5,0,0
BRDA:92,5,1,0
BRDA:101,6,0,0
BRDA:110,7,0,0
BRDA:115,8,0,0
BRDA:124,9,0,0
BRDA:124,10,0,0
BRDA:124,10,1,0
BRDA:130,11,0,0
BRDA:136,12,0,0
BRDA:136,12,1,0
BRDA:141,13,0,0
BRDA:157,14,0,0
BRDA:173,15,0,0
BRDA:180,16,0,0
BRDA:189,17,0,0
BRDA:192,18,0,0
BRDA:210,19,0,0
BRDA:234,20,0,0
BRDA:241,21,0,0
BRDA:241,22,0,0
BRDA:241,22,1,0
BRDA:253,23,0,0
BRDA:253,24,0,0
BRDA:253,24,1,0
BRDA:261,25,0,0
BRDA:270,26,0,0
BRDA:276,27,0,0
BRDA:285,28,0,0
BRDA:291,29,0,0
BRDA:294,30,0,0
BRF:36
BRH:0
end_of_record
TN:
SF:src/error-recovery/circuit-breaker.ts
FN:31,(anonymous_0)
FN:46,(anonymous_1)
FN:76,(anonymous_2)
FN:86,(anonymous_3)
FN:95,(anonymous_4)
FN:114,(anonymous_5)
FN:123,(anonymous_6)
FN:133,(anonymous_7)
FN:142,(anonymous_8)
FN:158,(anonymous_9)
FN:167,(anonymous_10)
FN:171,(anonymous_11)
FNF:12
FNH:0
FNDA:0,(anonymous_0)
FNDA:0,(anonymous_1)
FNDA:0,(anonymous_2)
FNDA:0,(anonymous_3)
FNDA:0,(anonymous_4)
FNDA:0,(anonymous_5)
FNDA:0,(anonymous_6)
FNDA:0,(anonymous_7)
FNDA:0,(anonymous_8)
FNDA:0,(anonymous_9)
FNDA:0,(anonymous_10)
FNDA:0,(anonymous_11)
DA:1,0
DA:2,0
DA:3,0
DA:21,0
DA:22,0
DA:23,0
DA:24,0
DA:25,0
DA:26,0
DA:32,0
DA:36,0
DA:37,0
DA:39,0
DA:40,0
DA:43,0
DA:47,0
DA:49,0
DA:51,0
DA:55,0
DA:58,0
DA:59,0
DA:62,0
DA:63,0
DA:64,0
DA:65,0
DA:67,0
DA:68,0
DA:72,0
DA:77,0
DA:78,0
DA:79,0
DA:80,0
DA:87,0
DA:88,0
DA:89,0
DA:90,0
DA:96,0
DA:97,0
DA:100,0
DA:101,0
DA:102,0
DA:103,0
DA:104,0
DA:105,0
DA:107,0
DA:111,0
DA:116,0
DA:117,0
DA:118,0
DA:120,0
DA:124,0
DA:125,0
DA:134,0
DA:136,0
DA:137,0
DA:138,0
DA:143,0
DA:144,0
DA:146,0
DA:147,0
DA:148,0
DA:149,0
DA:150,0
DA:154,0
DA:159,0
DA:160,0
DA:161,0
DA:162,0
DA:163,0
DA:168,0
DA:172,0
DA:176,0
LF:72
LH:0
BRDA:49,0,0,0
BRDA:58,1,0,0
BRDA:96,2,0,0
BRDA:100,3,0,0
BRDA:101,4,0,0
BRDA:116,5,0,0
BRDA:116,6,0,0
BRDA:116,6,1,0
BRDA:136,7,0,0
BRDA:146,8,0,0
BRDA:146,8,1,0
BRDA:149,9,0,0
BRDA:149,10,0,0
BRDA:149,10,1,0
BRDA:160,11,0,0
BRF:15
BRH:0
end_of_record
TN:
SF:src/error-recovery/config-manager.ts
FN:22,(anonymous_0)
FN:31,(anonymous_1)
FN:45,(anonymous_2)
FN:68,(anonymous_3)
FN:91,(anonymous_4)
FN:98,(anonymous_5)
FN:105,(anonymous_6)
FN:112,(anonymous_7)
FN:119,(anonymous_8)
FN:126,(anonymous_9)
FN:133,(anonymous_10)
FN:134,(anonymous_11)
FN:143,(anonymous_12)
FNF:13
FNH:0
FNDA:0,(anonymous_0)
FNDA:0,(anonymous_1)
FNDA:0,(anonymous_2)
FNDA:0,(anonymous_3)
FNDA:0,(anonymous_4)
FNDA:0,(anonymous_5)
FNDA:0,(anonymous_6)
FNDA:0,(anonymous_7)
FNDA:0,(anonymous_8)
FNDA:0,(anonymous_9)
FNDA:0,(anonymous_10)
FNDA:0,(anonymous_11)
FNDA:0,(anonymous_12)
DA:1,0
DA:2,0
DA:3,0
DA:11,0
DA:16,0
DA:17,0
DA:18,0
DA:23,0
DA:24,0
DA:25,0
DA:32,0
DA:33,0
DA:34,0
DA:35,0
DA:37,0
DA:38,0
DA:46,0
DA:47,0
DA:50,0
DA:51,0
DA:54,0
DA:55,0
DA:57,0
DA:58,0
DA:60,0
DA:61,0
DA:69,0
DA:70,0
DA:73,0
DA:74,0
DA:77,0
DA:78,0
DA:80,0
DA:81,0
DA:83,0
DA:84,0
DA:92,0
DA:99,0
DA:106,0
DA:113,0
DA:120,0
DA:127,0
DA:134,0
DA:135,0
DA:136,0
DA:144,0
DA:145,0
DA:146,0
LF:48
LH:0
BRDA:24,0,0,0
BRDA:24,0,1,0
BRDA:50,1,0,0
BRDA:73,2,0,0
BRDA:120,3,0,0
BRDA:120,3,1,0
BRF:6
BRH:0
end_of_record
TN:
SF:src/error-recovery/config-migration.ts
FN:28,(anonymous_0)
FN:54,(anonymous_1)
FN:82,(anonymous_2)
FN:89,(anonymous_3)
FN:120,(anonymous_4)
FN:151,(anonymous_5)
FNF:6
FNH:0
FNDA:0,(anonymous_0)
FNDA:0,(anonymous_1)
FNDA:0,(anonymous_2)
FNDA:0,(anonymous_3)
FNDA:0,(anonymous_4)
FNDA:0,(anonymous_5)
DA:1,0
DA:9,0
DA:24,0
DA:30,0
DA:38,0
DA:39,0
DA:42,0
DA:50,0
DA:56,0
DA:65,0
DA:66,0
DA:67,0
DA:68,0
DA:71,0
DA:79,0
DA:83,0
DA:90,0
DA:92,0
DA:95,0
DA:97,0
DA:98,0
DA:99,0
DA:100,0
DA:101,0
DA:106,0
DA:113,0
DA:121,0
DA:123,0
DA:126,0
DA:128,0
DA:129,0
DA:130,0
DA:131,0
DA:132,0
DA:137,0
DA:144,0
DA:152,0
DA:154,0
DA:156,0
DA:158,0
DA:164,0
DA:165,0
DA:166,0
DA:168,0
DA:175,0
DA:176,0
DA:177,0
DA:179,0
DA:186,0
DA:187,0
DA:188,0
DA:189,0
DA:193,0
DA:194,0
DA:195,0
DA:196,0
DA:200,0
DA:206,0
LF:58
LH:0
BRDA:31,0,0,0
BRDA:31,0,1,0
BRDA:31,0,2,0
BRDA:32,1,0,0
BRDA:32,1,1,0
BRDA:32,1,2,0
BRDA:33,2,0,0
BRDA:33,2,1,0
BRDA:33,2,2,0
BRDA:34,3,0,0
BRDA:34,3,1,0
BRDA:34,3,2,0
BRDA:38,4,0,0
BRDA:38,5,0,0
BRDA:38,5,1,0
BRDA:57,6,0,0
BRDA:57,6,1,0
BRDA:57,6,2,0
BRDA:58,7,0,0
BRDA:58,7,1,0
BRDA:58,7,2,0
BRDA:59,8,0,0
BRDA:59,8,1,0
BRDA:59,8,2,0
BRDA:60,9,0,0
BRDA:60,9,1,0
BRDA:60,9,2,0
BRDA:61,10,0,0
BRDA:61,10,1,0
BRDA:61,10,2,0
BRDA:65,11,0,0
BRDA:65,11,1,0
BRDA:67,12,0,0
BRDA:164,13,0,0
BRDA:175,14,0,0
BRDA:186,15,0,0
BRDA:186,15,1,0
BRDA:188,16,0,0
BRDA:193,17,0,0
BRDA:195,18,0,0
BRF:40
BRH:0
end_of_record
TN:
SF:src/error-recovery/config-test-utils.ts
FN:18,generateValidCircuitBreakerConfig
FN:31,generateValidRetryPolicy
FN:45,generateValidErrorRecoveryConfig
FN:85,validateConfigWithDetails
FN:94,(anonymous_4)
FN:104,createConfigValidator
FN:106,(anonymous_6)
FN:107,(anonymous_7)
FN:108,(anonymous_8)
FN:115,generateEdgeCaseConfigs
FN:144,(anonymous_10)
FN:148,(anonymous_11)
FN:152,(anonymous_12)
FN:156,(anonymous_13)
FNF:14
FNH:7
FNDA:3,generateValidCircuitBreakerConfig
FNDA:5,generateValidRetryPolicy
FNDA:1,generateValidErrorRecoveryConfig
FNDA:2,validateConfigWithDetails
FNDA:4,(anonymous_4)
FNDA:1,createConfigValidator
FNDA:2,(anonymous_6)
FNDA:0,(anonymous_7)
FNDA:0,(anonymous_8)
FNDA:0,generateEdgeCaseConfigs
FNDA:0,(anonymous_10)
FNDA:0,(anonymous_11)
FNDA:0,(anonymous_12)
FNDA:0,(anonymous_13)
DA:1,1
DA:9,1
DA:18,1
DA:19,3
DA:31,1
DA:32,5
DA:45,1
DA:46,1
DA:58,1
DA:85,1
DA:89,2
DA:90,2
DA:91,1
DA:93,1
DA:94,4
DA:95,1
DA:97,0
DA:104,1
DA:105,1
DA:106,2
DA:107,0
DA:108,0
DA:115,1
DA:116,0
DA:141,1
DA:142,0
DA:145,0
DA:149,0
DA:153,0
DA:157,0
LF:30
LH:21
BRDA:93,0,0,1
BRF:1
BRH:1
end_of_record
TN:
SF:src/error-recovery/config-validation.ts
FN:73,(anonymous_0)
FN:94,formatValidationError
FN:96,(anonymous_2)
FN:105,parseCircuitBreakerConfig
FN:116,parseRetryPolicy
FN:127,parseErrorRecoveryConfig
FNF:6
FNH:4
FNDA:7,(anonymous_0)
FNDA:3,formatValidationError
FNDA:12,(anonymous_2)
FNDA:1,parseCircuitBreakerConfig
FNDA:0,parseRetryPolicy
FNDA:0,parseErrorRecoveryConfig
DA:1,1
DA:8,1
DA:41,1
DA:73,7
DA:81,1
DA:94,1
DA:95,3
DA:97,12
DA:98,12
DA:99,12
DA:105,1
DA:106,1
DA:107,1
DA:109,1
DA:110,1
DA:112,0
DA:116,1
DA:117,0
DA:118,0
DA:120,0
DA:121,0
DA:123,0
DA:127,1
DA:128,0
DA:129,0
DA:131,0
DA:132,0
DA:134,0
LF:28
LH:17
BRDA:109,0,0,1
BRDA:120,1,0,0
BRDA:131,2,0,0
BRF:3
BRH:1
end_of_record
TN:
SF:src/error-recovery/error-recovery-manager.ts
FN:9,createLogContext
FN:11,(anonymous_1)
FN:114,(anonymous_2)
FN:120,(anonymous_3)
FN:131,(anonymous_4)
FN:195,(anonymous_5)
FN:254,(anonymous_6)
FN:295,(anonymous_7)
FN:352,(anonymous_8)
FN:356,(anonymous_9)
FN:377,(anonymous_10)
FN:381,(anonymous_11)
FN:393,(anonymous_12)
FN:401,(anonymous_13)
FN:409,(anonymous_14)
FN:419,(anonymous_15)
FN:421,(anonymous_16)
FN:427,(anonymous_17)
FN:456,(anonymous_18)
FN:461,(anonymous_19)
FN:466,(anonymous_20)
FN:483,(anonymous_21)
FN:496,(anonymous_22)
FN:500,(anonymous_23)
FN:514,(anonymous_24)
FN:519,(anonymous_25)
FN:520,(anonymous_26)
FN:521,(anonymous_27)
FN:529,(anonymous_28)
FN:534,(anonymous_29)
FN:541,(anonymous_30)
FN:583,(anonymous_31)
FNF:32
FNH:0
FNDA:0,createLogContext
FNDA:0,(anonymous_1)
FNDA:0,(anonymous_2)
FNDA:0,(anonymous_3)
FNDA:0,(anonymous_4)
FNDA:0,(anonymous_5)
FNDA:0,(anonymous_6)
FNDA:0,(anonymous_7)
FNDA:0,(anonymous_8)
FNDA:0,(anonymous_9)
FNDA:0,(anonymous_10)
FNDA:0,(anonymous_11)
FNDA:0,(anonymous_12)
FNDA:0,(anonymous_13)
FNDA:0,(anonymous_14)
FNDA:0,(anonymous_15)
FNDA:0,(anonymous_16)
FNDA:0,(anonymous_17)
FNDA:0,(anonymous_18)
FNDA:0,(anonymous_19)
FNDA:0,(anonymous_20)
FNDA:0,(anonymous_21)
FNDA:0,(anonymous_22)
FNDA:0,(anonymous_23)
FNDA:0,(anonymous_24)
FNDA:0,(anonymous_25)
FNDA:0,(anonymous_26)
FNDA:0,(anonymous_27)
FNDA:0,(anonymous_28)
FNDA:0,(anonymous_29)
FNDA:0,(anonymous_30)
FNDA:0,(anonymous_31)
DA:1,0
DA:2,0
DA:3,0
DA:4,0
DA:5,0
DA:6,0
DA:10,0
DA:11,0
DA:12,0
DA:13,0
DA:16,0
DA:79,0
DA:80,0
DA:81,0
DA:82,0
DA:84,0
DA:92,0
DA:107,0
DA:115,0
DA:116,0
DA:117,0
DA:124,0
DA:126,0
DA:130,0
DA:131,0
DA:135,0
DA:136,0
DA:137,0
DA:142,0
DA:143,0
DA:144,0
DA:148,0
DA:149,0
DA:150,0
DA:152,0
DA:153,0
DA:154,0
DA:155,0
DA:157,0
DA:160,0
DA:161,0
DA:162,0
DA:169,0
DA:174,0
DA:175,0
DA:176,0
DA:178,0
DA:180,0
DA:187,0
DA:188,0
DA:191,0
DA:196,0
DA:197,0
DA:199,0
DA:206,0
DA:207,0
DA:211,0
DA:217,0
DA:218,0
DA:219,0
DA:223,0
DA:230,0
DA:231,0
DA:235,0
DA:242,0
DA:243,0
DA:248,0
DA:255,0
DA:261,0
DA:262,0
DA:266,0
DA:273,0
DA:274,0
DA:281,0
DA:282,0
DA:289,0
DA:296,0
DA:302,0
DA:304,0
DA:305,0
DA:309,0
DA:314,0
DA:318,0
DA:324,0
DA:328,0
DA:334,0
DA:340,0
DA:346,0
DA:353,0
DA:358,0
DA:360,0
DA:365,0
DA:366,0
DA:369,0
DA:374,0
DA:378,0
DA:382,0
DA:383,0
DA:394,0
DA:395,0
DA:396,0
DA:398,0
DA:402,0
DA:403,0
DA:404,0
DA:406,0
DA:410,0
DA:411,0
DA:412,0
DA:413,0
DA:414,0
DA:416,0
DA:420,0
DA:421,0
DA:422,0
DA:424,0
DA:429,0
DA:438,0
DA:447,0
DA:457,0
DA:458,0
DA:462,0
DA:463,0
DA:467,0
DA:468,0
DA:469,0
DA:470,0
DA:473,0
DA:478,0
DA:480,0
DA:485,0
DA:486,0
DA:488,0
DA:489,0
DA:493,0
DA:497,0
DA:502,0
DA:504,0
DA:516,0
DA:520,0
DA:521,0
DA:522,0
DA:526,0
DA:530,0
DA:531,0
DA:536,0
DA:543,0
DA:544,0
DA:547,0
DA:549,0
DA:550,0
DA:552,0
DA:553,0
DA:555,0
DA:556,0
DA:558,0
DA:560,0
DA:561,0
DA:563,0
DA:569,0
DA:571,0
DA:573,0
DA:576,0
DA:580,0
DA:584,0
DA:587,0
DA:588,0
DA:593,0
DA:598,0
LF:169
LH:0
BRDA:12,0,0,0
BRDA:130,1,0,0
BRDA:130,1,1,0
BRDA:135,2,0,0
BRDA:135,3,0,0
BRDA:135,3,1,0
BRDA:148,4,0,0
BRDA:160,5,0,0
BRDA:187,6,0,0
BRDA:206,7,0,0
BRDA:218,8,0,0
BRDA:230,9,0,0
BRDA:261,10,0,0
BRDA:273,11,0,0
BRDA:281,12,0,0
BRDA:302,13,0,0
BRDA:302,13,1,0
BRDA:302,13,2,0
BRDA:302,13,3,0
BRDA:302,13,4,0
BRDA:304,14,0,0
BRDA:382,15,0,0
BRDA:382,15,1,0
BRDA:386,16,0,0
BRDA:386,16,1,0
BRDA:395,17,0,0
BRDA:467,18,0,0
BRDA:486,19,0,0
BRDA:497,20,0,0
BRDA:497,20,1,0
BRDA:536,21,0,0
BRDA:536,21,1,0
BRDA:536,21,2,0
BRDA:543,22,0,0
BRDA:543,23,0,0
BRDA:543,23,1,0
BRDA:543,23,2,0
BRDA:543,23,3,0
BRDA:550,24,0,0
BRDA:550,24,1,0
BRDA:553,25,0,0
BRDA:553,25,1,0
BRDA:556,26,0,0
BRDA:556,26,1,0
BRDA:556,27,0,0
BRDA:556,27,1,0
BRDA:558,28,0,0
BRDA:558,28,1,0
BRDA:558,29,0,0
BRDA:558,29,1,0
BRDA:561,30,0,0
BRDA:561,30,1,0
BRDA:561,31,0,0
BRDA:561,31,1,0
BRDA:571,32,0,0
BRDA:571,32,1,0
BRDA:571,33,0,0
BRDA:571,33,1,0
BRDA:573,34,0,0
BRDA:573,34,1,0
BRDA:573,35,0,0
BRDA:573,35,1,0
BRF:62
BRH:0
end_of_record
TN:
SF:src/error-recovery/error-sanitizer.ts
FN:6,(anonymous_0)
FN:51,(anonymous_1)
FN:70,(anonymous_2)
FNF:3
FNH:0
FNDA:0,(anonymous_0)
FNDA:0,(anonymous_1)
FNDA:0,(anonymous_2)
DA:1,0
DA:7,0
DA:8,0
DA:11,0
DA:14,0
DA:22,0
DA:26,0
DA:31,0
DA:35,0
DA:40,0
DA:44,0
DA:52,0
DA:53,0
DA:56,0
DA:57,0
DA:69,0
DA:70,0
DA:71,0
DA:76,0
DA:77,0
DA:78,0
DA:82,0
LF:22
LH:0
BRDA:7,0,0,0
BRDA:14,1,0,0
BRDA:15,2,0,0
BRDA:15,2,1,0
BRDA:15,2,2,0
BRDA:15,2,3,0
BRDA:15,2,4,0
BRDA:15,2,5,0
BRDA:26,3,0,0
BRDA:27,4,0,0
BRDA:27,4,1,0
BRDA:27,4,2,0
BRDA:35,5,0,0
BRDA:36,6,0,0
BRDA:36,6,1,0
BRDA:36,6,2,0
BRDA:52,7,0,0
BRDA:52,8,0,0
BRDA:52,8,1,0
BRDA:70,9,0,0
BRDA:77,10,0,0
BRDA:77,11,0,0
BRDA:77,11,1,0
BRDA:77,11,2,0
BRF:24
BRH:0
end_of_record
TN:
SF:src/error-recovery/index.ts
FN:1,(anonymous_1)
FN:3,(anonymous_2)
FN:5,(anonymous_3)
FN:16,(anonymous_4)
FN:22,(anonymous_5)
FN:23,(anonymous_6)
FN:34,(anonymous_7)
FN:38,(anonymous_8)
FN:39,(anonymous_9)
FN:40,(anonymous_10)
FN:41,(anonymous_11)
FN:42,(anonymous_12)
FN:43,(anonymous_13)
FN:44,(anonymous_14)
FN:53,(anonymous_15)
FN:56,(anonymous_16)
FN:56,(anonymous_17)
FN:61,(anonymous_18)
FN:62,(anonymous_19)
FN:63,(anonymous_20)
FN:64,(anonymous_21)
FN:65,(anonymous_22)
FN:66,(anonymous_23)
FN:67,(anonymous_24)
FN:68,(anonymous_25)
FNF:25
FNH:0
FNDA:0,(anonymous_1)
FNDA:0,(anonymous_2)
FNDA:0,(anonymous_3)
FNDA:0,(anonymous_4)
FNDA:0,(anonymous_5)
FNDA:0,(anonymous_6)
FNDA:0,(anonymous_7)
FNDA:0,(anonymous_8)
FNDA:0,(anonymous_9)
FNDA:0,(anonymous_10)
FNDA:0,(anonymous_11)
FNDA:0,(anonymous_12)
FNDA:0,(anonymous_13)
FNDA:0,(anonymous_14)
FNDA:0,(anonymous_15)
FNDA:0,(anonymous_16)
FNDA:0,(anonymous_17)
FNDA:0,(anonymous_18)
FNDA:0,(anonymous_19)
FNDA:0,(anonymous_20)
FNDA:0,(anonymous_21)
FNDA:0,(anonymous_22)
FNDA:0,(anonymous_23)
FNDA:0,(anonymous_24)
FNDA:0,(anonymous_25)
DA:1,0
DA:3,0
DA:5,0
DA:16,0
DA:22,0
DA:23,0
DA:34,0
DA:37,0
DA:38,0
DA:39,0
DA:40,0
DA:41,0
DA:42,0
DA:43,0
DA:44,0
DA:53,0
DA:56,0
DA:60,0
DA:61,0
DA:62,0
DA:63,0
DA:64,0
DA:65,0
DA:66,0
DA:67,0
DA:68,0
DA:72,0
DA:73,0
LF:28
LH:0
BRF:0
BRH:0
end_of_record
TN:
SF:src/error-recovery/recovery-strategies.ts
FN:40,(anonymous_0)
FN:44,(anonymous_1)
FN:60,(anonymous_2)
FN:115,(anonymous_3)
FN:128,(anonymous_4)
FN:161,(anonymous_5)
FN:165,(anonymous_6)
FN:296,(anonymous_7)
FN:338,(anonymous_8)
FNF:9
FNH:8
FNDA:22,(anonymous_0)
FNDA:11,(anonymous_1)
FNDA:19,(anonymous_2)
FNDA:8,(anonymous_3)
FNDA:7,(anonymous_4)
FNDA:1,(anonymous_5)
FNDA:22,(anonymous_6)
FNDA:11,(anonymous_7)
FNDA:0,(anonymous_8)
DA:37,1
DA:38,22
DA:41,22
DA:46,11
DA:48,11
DA:50,0
DA:51,0
DA:55,11
DA:57,11
DA:61,19
DA:62,19
DA:65,19
DA:71,4
DA:75,15
DA:81,4
DA:85,11
DA:90,3
DA:94,8
DA:100,4
DA:104,4
DA:109,3
DA:112,1
DA:116,8
DA:125,8
DA:137,7
DA:139,7
DA:140,7
DA:142,0
DA:143,0
DA:145,0
DA:146,0
DA:150,7
DA:153,7
DA:154,1
DA:155,1
DA:158,7
DA:162,1
DA:167,22
DA:180,22
DA:192,22
DA:198,22
DA:204,22
DA:216,22
DA:235,22
DA:254,22
DA:267,22
DA:283,22
DA:300,11
DA:303,11
DA:304,1
DA:311,11
DA:312,2
DA:315,1
DA:316,1
DA:321,11
DA:322,2
DA:323,1
DA:324,1
DA:329,11
DA:330,2
DA:331,1
DA:335,11
DA:339,0
DA:346,1
LF:64
LH:57
BRDA:48,0,0,0
BRDA:55,1,0,11
BRDA:55,1,1,0
BRDA:61,2,0,19
BRDA:61,2,1,0
BRDA:62,3,0,19
BRDA:62,3,1,14
BRDA:65,4,0,4
BRDA:66,5,0,19
BRDA:66,5,1,18
BRDA:66,5,2,17
BRDA:66,5,3,16
BRDA:75,6,0,4
BRDA:76,7,0,15
BRDA:76,7,1,13
BRDA:76,7,2,12
BRDA:76,7,3,11
BRDA:85,8,0,3
BRDA:86,9,0,11
BRDA:86,9,1,10
BRDA:86,9,2,8
BRDA:94,10,0,4
BRDA:95,11,0,8
BRDA:95,11,1,7
BRDA:95,11,2,6
BRDA:95,11,3,5
BRDA:104,12,0,3
BRDA:105,13,0,4
BRDA:105,13,1,2
BRDA:105,13,2,2
BRDA:130,14,0,0
BRDA:131,15,0,0
BRDA:132,16,0,5
BRDA:133,17,0,6
BRDA:137,18,0,7
BRDA:137,18,1,0
BRDA:137,18,2,0
BRDA:153,19,0,1
BRDA:303,20,0,1
BRDA:303,21,0,11
BRDA:303,21,1,1
BRDA:311,22,0,2
BRDA:312,23,0,1
BRDA:312,24,0,2
BRDA:312,24,1,1
BRDA:312,24,2,1
BRDA:321,25,0,2
BRDA:322,26,0,1
BRDA:322,27,0,2
BRDA:322,27,1,1
BRDA:329,28,0,2
BRDA:330,29,0,1
BRF:52
BRH:45
end_of_record
TN:
SF:src/error-recovery/retry-policy.ts
FN:22,(anonymous_0)
FN:28,(anonymous_1)
FN:80,(anonymous_2)
FN:109,(anonymous_3)
FN:110,(anonymous_4)
FN:119,(anonymous_5)
FNF:6
FNH:0
FNDA:0,(anonymous_0)
FNDA:0,(anonymous_1)
FNDA:0,(anonymous_2)
FNDA:0,(anonymous_3)
FNDA:0,(anonymous_4)
FNDA:0,(anonymous_5)
DA:1,0
DA:2,0
DA:18,0
DA:24,0
DA:25,0
DA:35,0
DA:36,0
DA:37,0
DA:40,0
DA:46,0
DA:47,0
DA:48,0
DA:49,0
DA:54,0
DA:56,0
DA:58,0
DA:59,0
DA:63,0
DA:66,0
DA:67,0
DA:73,0
DA:77,0
DA:83,0
DA:85,0
DA:86,0
DA:88,0
DA:89,0
DA:91,0
DA:92,0
DA:94,0
DA:98,0
DA:101,0
DA:102,0
DA:103,0
DA:106,0
DA:110,0
DA:111,0
DA:112,0
DA:113,0
DA:116,0
DA:118,0
DA:119,0
DA:120,0
DA:121,0
DA:123,0
DA:129,0
LF:46
LH:0
BRDA:36,0,0,0
BRDA:40,1,0,0
BRDA:40,1,1,0
BRDA:43,2,0,0
BRDA:43,2,1,0
BRDA:48,3,0,0
BRDA:58,4,0,0
BRDA:77,5,0,0
BRDA:77,5,1,0
BRDA:83,6,0,0
BRDA:83,6,1,0
BRDA:83,6,2,0
BRDA:83,6,3,0
BRDA:101,7,0,0
BRDA:111,8,0,0
BRDA:118,9,0,0
BRF:16
BRH:0
end_of_record
TN:
SF:src/error-recovery/metrics/circuit-breaker-metrics-collector.ts
FN:26,(anonymous_0)
FN:58,(anonymous_1)
FN:67,(anonymous_2)
FN:91,(anonymous_3)
FN:100,(anonymous_4)
FN:110,(anonymous_5)
FN:126,(anonymous_6)
FN:144,(anonymous_7)
FN:165,(anonymous_8)
FN:195,(anonymous_9)
FN:209,(anonymous_10)
FN:220,(anonymous_11)
FN:227,(anonymous_12)
FN:227,(anonymous_13)
FN:234,(anonymous_14)
FN:235,(anonymous_15)
FN:237,(anonymous_16)
FN:240,(anonymous_17)
FN:245,(anonymous_18)
FN:256,(anonymous_19)
FN:262,(anonymous_20)
FN:313,(anonymous_21)
FN:315,(anonymous_22)
FN:319,(anonymous_23)
FN:321,(anonymous_24)
FN:325,(anonymous_25)
FN:334,(anonymous_26)
FN:343,(anonymous_27)
FN:360,(anonymous_28)
FN:376,(anonymous_29)
FN:390,(anonymous_30)
FN:395,(anonymous_31)
FN:402,(anonymous_32)
FN:418,(anonymous_33)
FN:422,(anonymous_34)
FN:426,(anonymous_35)
FN:432,(anonymous_36)
FN:439,(anonymous_37)
FN:445,(anonymous_38)
FN:449,(anonymous_39)
FN:462,(anonymous_40)
FN:465,(anonymous_41)
FN:469,(anonymous_42)
FN:473,(anonymous_43)
FN:484,(anonymous_44)
FN:511,(anonymous_45)
FN:544,(anonymous_46)
FN:548,(anonymous_47)
FN:552,(anonymous_48)
FN:567,(anonymous_49)
FNF:50
FNH:0
FNDA:0,(anonymous_0)
FNDA:0,(anonymous_1)
FNDA:0,(anonymous_2)
FNDA:0,(anonymous_3)
FNDA:0,(anonymous_4)
FNDA:0,(anonymous_5)
FNDA:0,(anonymous_6)
FNDA:0,(anonymous_7)
FNDA:0,(anonymous_8)
FNDA:0,(anonymous_9)
FNDA:0,(anonymous_10)
FNDA:0,(anonymous_11)
FNDA:0,(anonymous_12)
FNDA:0,(anonymous_13)
FNDA:0,(anonymous_14)
FNDA:0,(anonymous_15)
FNDA:0,(anonymous_16)
FNDA:0,(anonymous_17)
FNDA:0,(anonymous_18)
FNDA:0,(anonymous_19)
FNDA:0,(anonymous_20)
FNDA:0,(anonymous_21)
FNDA:0,(anonymous_22)
FNDA:0,(anonymous_23)
FNDA:0,(anonymous_24)
FNDA:0,(anonymous_25)
FNDA:0,(anonymous_26)
FNDA:0,(anonymous_27)
FNDA:0,(anonymous_28)
FNDA:0,(anonymous_29)
FNDA:0,(anonymous_30)
FNDA:0,(anonymous_31)
FNDA:0,(anonymous_32)
FNDA:0,(anonymous_33)
FNDA:0,(anonymous_34)
FNDA:0,(anonymous_35)
FNDA:0,(anonymous_36)
FNDA:0,(anonymous_37)
FNDA:0,(anonymous_38)
FNDA:0,(anonymous_39)
FNDA:0,(anonymous_40)
FNDA:0,(anonymous_41)
FNDA:0,(anonymous_42)
FNDA:0,(anonymous_43)
FNDA:0,(anonymous_44)
FNDA:0,(anonymous_45)
FNDA:0,(anonymous_46)
FNDA:0,(anonymous_47)
FNDA:0,(anonymous_48)
FNDA:0,(anonymous_49)
DA:2,0
DA:14,0
DA:15,0
DA:16,0
DA:17,0
DA:18,0
DA:19,0
DA:21,0
DA:22,0
DA:23,0
DA:27,0
DA:28,0
DA:29,0
DA:31,0
DA:32,0
DA:35,0
DA:36,0
DA:37,0
DA:38,0
DA:41,0
DA:42,0
DA:43,0
DA:45,0
DA:46,0
DA:47,0
DA:49,0
DA:50,0
DA:51,0
DA:55,0
DA:60,0
DA:61,0
DA:62,0
DA:65,0
DA:67,0
DA:68,0
DA:69,0
DA:71,0
DA:72,0
DA:73,0
DA:74,0
DA:76,0
DA:77,0
DA:79,0
DA:81,0
DA:82,0
DA:84,0
DA:85,0
DA:87,0
DA:91,0
DA:92,0
DA:93,0
DA:94,0
DA:95,0
DA:96,0
DA:97,0
DA:100,0
DA:101,0
DA:102,0
DA:103,0
DA:104,0
DA:105,0
DA:109,0
DA:110,0
DA:111,0
DA:112,0
DA:113,0
DA:114,0
DA:115,0
DA:116,0
DA:117,0
DA:118,0
DA:120,0
DA:122,0
DA:127,0
DA:128,0
DA:129,0
DA:130,0
DA:132,0
DA:135,0
DA:136,0
DA:138,0
DA:141,0
DA:145,0
DA:146,0
DA:147,0
DA:148,0
DA:150,0
DA:153,0
DA:154,0
DA:156,0
DA:159,0
DA:162,0
DA:166,0
DA:167,0
DA:169,0
DA:174,0
DA:179,0
DA:180,0
DA:186,0
DA:192,0
DA:196,0
DA:199,0
DA:200,0
DA:202,0
DA:203,0
DA:204,0
DA:210,0
DA:212,0
DA:214,0
DA:216,0
DA:221,0
DA:222,0
DA:223,0
DA:226,0
DA:227,0
DA:229,0
DA:234,0
DA:235,0
DA:237,0
DA:240,0
DA:245,0
DA:251,0
DA:252,0
DA:253,0
DA:257,0
DA:258,0
DA:259,0
DA:263,0
DA:266,0
DA:267,0
DA:268,0
DA:270,0
DA:271,0
DA:272,0
DA:273,0
DA:274,0
DA:275,0
DA:276,0
DA:277,0
DA:279,0
DA:280,0
DA:281,0
DA:285,0
DA:286,0
DA:287,0
DA:289,0
DA:296,0
DA:297,0
DA:298,0
DA:299,0
DA:301,0
DA:302,0
DA:304,0
DA:305,0
DA:310,0
DA:314,0
DA:315,0
DA:320,0
DA:321,0
DA:326,0
DA:327,0
DA:328,0
DA:329,0
DA:335,0
DA:349,0
DA:361,0
DA:363,0
DA:364,0
DA:366,0
DA:367,0
DA:377,0
DA:379,0
DA:380,0
DA:381,0
DA:391,0
DA:392,0
DA:396,0
DA:397,0
DA:400,0
DA:401,0
DA:402,0
DA:405,0
DA:419,0
DA:423,0
DA:427,0
DA:428,0
DA:429,0
DA:433,0
DA:436,0
DA:437,0
DA:439,0
DA:444,0
DA:445,0
DA:449,0
DA:452,0
DA:453,0
DA:454,0
DA:455,0
DA:456,0
DA:457,0
DA:458,0
DA:459,0
DA:462,0
DA:466,0
DA:470,0
DA:474,0
DA:475,0
DA:477,0
DA:478,0
DA:479,0
DA:481,0
DA:485,0
DA:512,0
DA:513,0
DA:515,0
DA:518,0
DA:519,0
DA:520,0
DA:521,0
DA:525,0
DA:526,0
DA:529,0
DA:530,0
DA:533,0
DA:534,0
DA:538,0
DA:539,0
DA:541,0
DA:545,0
DA:549,0
DA:553,0
DA:554,0
DA:556,0
DA:557,0
DA:559,0
DA:560,0
DA:562,0
DA:563,0
DA:568,0
DA:569,0
DA:570,0
LF:241
LH:0
BRDA:29,0,0,0
BRDA:32,1,0,0
BRDA:32,1,1,0
BRDA:41,2,0,0
BRDA:45,3,0,0
BRDA:49,4,0,0
BRDA:112,5,0,0
BRDA:113,6,0,0
BRDA:113,6,1,0
BRDA:113,7,0,0
BRDA:113,7,1,0
BRDA:115,8,0,0
BRDA:115,9,0,0
BRDA:115,9,1,0
BRDA:129,10,0,0
BRDA:135,11,0,0
BRDA:147,12,0,0
BRDA:153,13,0,0
BRDA:179,14,0,0
BRDA:202,15,0,0
BRDA:210,16,0,0
BRDA:210,16,1,0
BRDA:210,16,2,0
BRDA:236,17,0,0
BRDA:236,17,1,0
BRDA:239,18,0,0
BRDA:239,18,1,0
BRDA:244,19,0,0
BRDA:244,19,1,0
BRDA:251,20,0,0
BRDA:251,20,1,0
BRDA:257,21,0,0
BRDA:259,22,0,0
BRDA:259,22,1,0
BRDA:272,23,0,0
BRDA:275,24,0,0
BRDA:275,25,0,0
BRDA:275,25,1,0
BRDA:277,26,0,0
BRDA:279,27,0,0
BRDA:279,28,0,0
BRDA:279,28,1,0
BRDA:286,29,0,0
BRDA:286,29,1,0
BRDA:296,30,0,0
BRDA:299,31,0,0
BRDA:315,32,0,0
BRDA:315,32,1,0
BRDA:315,32,2,0
BRDA:321,33,0,0
BRDA:321,33,1,0
BRDA:321,33,2,0
BRDA:321,33,3,0
BRDA:327,34,0,0
BRDA:328,35,0,0
BRDA:328,36,0,0
BRDA:328,36,1,0
BRDA:339,37,0,0
BRDA:339,37,1,0
BRDA:356,38,0,0
BRDA:356,38,1,0
BRDA:361,39,0,0
BRDA:366,40,0,0
BRDA:377,41,0,0
BRDA:380,42,0,0
BRDA:400,43,0,0
BRDA:400,43,1,0
BRDA:401,44,0,0
BRDA:401,44,1,0
BRDA:410,45,0,0
BRDA:410,45,1,0
BRDA:411,46,0,0
BRDA:411,46,1,0
BRDA:413,47,0,0
BRDA:413,47,1,0
BRDA:414,48,0,0
BRDA:414,48,1,0
BRDA:423,49,0,0
BRDA:423,49,1,0
BRDA:427,50,0,0
BRDA:427,50,1,0
BRDA:455,51,0,0
BRDA:455,52,0,0
BRDA:455,52,1,0
BRDA:457,53,0,0
BRDA:458,54,0,0
BRDA:470,55,0,0
BRDA:470,55,1,0
BRDA:474,56,0,0
BRDA:474,56,1,0
BRDA:475,57,0,0
BRDA:478,58,0,0
BRDA:478,58,1,0
BRDA:479,59,0,0
BRDA:479,59,1,0
BRDA:481,60,0,0
BRDA:481,60,1,0
BRDA:520,61,0,0
BRDA:520,61,1,0
BRDA:533,62,0,0
BRDA:553,63,0,0
BRDA:556,64,0,0
BRDA:559,65,0,0
BRDA:562,66,0,0
BRF:104
BRH:0
end_of_record
TN:
SF:src/error-recovery/metrics/types.ts
FNF:0
FNH:0
DA:112,0
LF:1
LH:0
BRF:0
BRH:0
end_of_record
TN:
SF:src/utils/error-reporter.ts
FN:30,(anonymous_0)
FN:38,(anonymous_1)
FN:44,(anonymous_2)
FN:54,(anonymous_3)
FN:81,(anonymous_4)
FN:110,(anonymous_5)
FN:114,(anonymous_6)
FN:139,(anonymous_7)
FN:155,(anonymous_8)
FN:171,(anonymous_9)
FN:178,(anonymous_10)
FN:186,(anonymous_11)
FN:206,(anonymous_12)
FN:213,(anonymous_13)
FN:242,(anonymous_14)
FN:265,(anonymous_15)
FN:279,(anonymous_16)
FN:293,(anonymous_17)
FNF:18
FNH:0
FNDA:0,(anonymous_0)
FNDA:0,(anonymous_1)
FNDA:0,(anonymous_2)
FNDA:0,(anonymous_3)
FNDA:0,(anonymous_4)
FNDA:0,(anonymous_5)
FNDA:0,(anonymous_6)
FNDA:0,(anonymous_7)
FNDA:0,(anonymous_8)
FNDA:0,(anonymous_9)
FNDA:0,(anonymous_10)
FNDA:0,(anonymous_11)
FNDA:0,(anonymous_12)
FNDA:0,(anonymous_13)
FNDA:0,(anonymous_14)
FNDA:0,(anonymous_15)
FNDA:0,(anonymous_16)
FNDA:0,(anonymous_17)
DA:1,0
DA:24,0
DA:27,0
DA:31,0
DA:37,0
DA:38,0
DA:39,0
DA:45,0
DA:46,0
DA:47,0
DA:49,0
DA:51,0
DA:55,0
DA:57,0
DA:58,0
DA:61,0
DA:64,0
DA:70,0
DA:73,0
DA:74,0
DA:77,0
DA:82,0
DA:83,0
DA:85,0
DA:98,0
DA:99,0
DA:102,0
DA:103,0
DA:104,0
DA:107,0
DA:111,0
DA:116,0
DA:119,0
DA:123,0
DA:126,0
DA:130,0
DA:132,0
DA:136,0
DA:140,0
DA:141,0
DA:143,0
DA:144,0
DA:146,0
DA:147,0
DA:149,0
DA:150,0
DA:152,0
DA:156,0
DA:158,0
DA:159,0
DA:161,0
DA:162,0
DA:164,0
DA:165,0
DA:168,0
DA:172,0
DA:174,0
DA:175,0
DA:177,0
DA:178,0
DA:179,0
DA:183,0
DA:187,0
DA:188,0
DA:191,0
DA:192,0
DA:195,0
DA:196,0
DA:200,0
DA:201,0
DA:205,0
DA:206,0
DA:207,0
DA:208,0
DA:214,0
DA:215,0
DA:216,0
DA:218,0
DA:219,0
DA:238,0
DA:243,0
DA:244,0
DA:245,0
DA:247,0
DA:248,0
DA:261,0
DA:266,0
DA:267,0
DA:268,0
DA:270,0
DA:279,0
DA:289,0
DA:294,0
DA:295,0
DA:297,0
DA:302,0
LF:96
LH:0
BRDA:30,0,0,0
BRDA:37,1,0,0
BRDA:45,2,0,0
BRDA:45,2,1,0
BRDA:47,3,0,0
BRDA:57,4,0,0
BRDA:73,5,0,0
BRDA:88,6,0,0
BRDA:88,6,1,0
BRDA:89,7,0,0
BRDA:89,7,1,0
BRDA:98,8,0,0
BRDA:103,9,0,0
BRDA:116,10,0,0
BRDA:116,11,0,0
BRDA:116,11,1,0
BRDA:116,11,2,0
BRDA:123,12,0,0
BRDA:123,13,0,0
BRDA:123,13,1,0
BRDA:123,13,2,0
BRDA:130,14,0,0
BRDA:130,15,0,0
BRDA:130,15,1,0
BRDA:130,15,2,0
BRDA:140,16,0,0
BRDA:143,17,0,0
BRDA:146,18,0,0
BRDA:149,19,0,0
BRDA:158,20,0,0
BRDA:161,21,0,0
BRDA:164,22,0,0
BRDA:172,23,0,0
BRDA:178,24,0,0
BRDA:187,25,0,0
BRDA:195,26,0,0
BRDA:200,27,0,0
BRDA:205,28,0,0
BRDA:207,29,0,0
BRDA:216,30,0,0
BRDA:227,31,0,0
BRDA:227,31,1,0
BRDA:228,32,0,0
BRDA:228,32,1,0
BRDA:229,33,0,0
BRDA:229,33,1,0
BRDA:232,34,0,0
BRDA:232,34,1,0
BRDA:245,35,0,0
BRDA:268,36,0,0
BRDA:294,37,0,0
BRF:51
BRH:0
end_of_record
TN:
SF:src/utils/logger-bridge.ts
FN:10,(anonymous_0)
FN:17,(anonymous_1)
FN:25,(anonymous_2)
FN:30,(anonymous_3)
FN:60,(anonymous_4)
FNF:5
FNH:0
FNDA:0,(anonymous_0)
FNDA:0,(anonymous_1)
FNDA:0,(anonymous_2)
FNDA:0,(anonymous_3)
FNDA:0,(anonymous_4)
DA:1,0
DA:2,0
DA:7,0
DA:11,0
DA:18,0
DA:19,0
DA:22,0
DA:25,0
DA:26,0
DA:31,0
DA:36,0
DA:37,0
DA:40,0
DA:42,0
DA:43,0
DA:45,0
DA:46,0
DA:48,0
DA:49,0
DA:52,0
DA:53,0
DA:61,0
DA:63,0
DA:65,0
DA:67,0
DA:70,0
DA:72,0
LF:27
LH:0
BRDA:10,0,0,0
BRDA:36,1,0,0
BRDA:40,2,0,0
BRDA:40,2,1,0
BRDA:40,2,2,0
BRDA:40,2,3,0
BRDA:40,2,4,0
BRDA:61,3,0,0
BRDA:61,3,1,0
BRDA:61,3,2,0
BRDA:61,3,3,0
BRDA:61,3,4,0
BRDA:61,3,5,0
BRF:13
BRH:0
end_of_record
TN:
SF:src/utils/logger.ts
FN:1,(anonymous_0)
FN:34,(anonymous_1)
FN:39,(anonymous_2)
FN:46,(anonymous_3)
FN:50,(anonymous_4)
FN:54,(anonymous_5)
FN:58,(anonymous_6)
FN:62,(anonymous_7)
FN:63,(anonymous_8)
FN:66,(anonymous_9)
FN:70,(anonymous_10)
FN:74,(anonymous_11)
FN:78,(anonymous_12)
FN:82,(anonymous_13)
FN:87,(anonymous_14)
FN:108,(anonymous_15)
FN:130,(anonymous_16)
FN:140,(anonymous_17)
FN:151,(anonymous_18)
FN:166,(anonymous_19)
FNF:20
FNH:0
FNDA:0,(anonymous_0)
FNDA:0,(anonymous_1)
FNDA:0,(anonymous_2)
FNDA:0,(anonymous_3)
FNDA:0,(anonymous_4)
FNDA:0,(anonymous_5)
FNDA:0,(anonymous_6)
FNDA:0,(anonymous_7)
FNDA:0,(anonymous_8)
FNDA:0,(anonymous_9)
FNDA:0,(anonymous_10)
FNDA:0,(anonymous_11)
FNDA:0,(anonymous_12)
FNDA:0,(anonymous_13)
FNDA:0,(anonymous_14)
FNDA:0,(anonymous_15)
FNDA:0,(anonymous_16)
FNDA:0,(anonymous_17)
FNDA:0,(anonymous_18)
FNDA:0,(anonymous_19)
DA:1,0
DA:2,0
DA:3,0
DA:4,0
DA:5,0
DA:6,0
DA:28,0
DA:30,0
DA:31,0
DA:32,0
DA:36,0
DA:40,0
DA:41,0
DA:43,0
DA:47,0
DA:51,0
DA:55,0
DA:59,0
DA:63,0
DA:67,0
DA:71,0
DA:75,0
DA:79,0
DA:83,0
DA:92,0
DA:93,0
DA:95,0
DA:96,0
DA:97,0
DA:98,0
DA:99,0
DA:100,0
DA:102,0
DA:103,0
DA:104,0
DA:114,0
DA:115,0
DA:118,0
DA:127,0
DA:130,0
DA:131,0
DA:132,0
DA:135,0
DA:141,0
DA:142,0
DA:148,0
DA:152,0
DA:154,0
DA:155,0
DA:157,0
DA:158,0
DA:159,0
DA:163,0
DA:167,0
DA:168,0
DA:172,0
DA:174,0
DA:176,0
DA:177,0
DA:179,0
DA:180,0
DA:182,0
DA:183,0
DA:186,0
DA:187,0
DA:193,0
LF:66
LH:0
BRDA:1,0,0,0
BRDA:1,0,1,0
BRDA:40,1,0,0
BRDA:114,2,0,0
BRDA:123,3,0,0
BRDA:123,3,1,0
BRDA:141,4,0,0
BRDA:152,5,0,0
BRDA:158,6,0,0
BRDA:168,7,0,0
BRDA:168,7,1,0
BRDA:168,8,0,0
BRDA:168,8,1,0
BRDA:174,9,0,0
BRDA:174,9,1,0
BRDA:174,9,2,0
BRDA:174,9,3,0
BRDA:174,9,4,0
BRF:18
BRH:0
end_of_record
