{"/home/runner/work/primoPokerServerlessCF/primoPokerServerlessCF/packages/persistence/src/chat-moderator-do.ts": {"path":"/home/runner/work/primoPokerServerlessCF/primoPokerServerlessCF/packages/persistence/src/chat-moderator-do.ts","statementMap":{"0":{"start":{"line":8,"column":0},"end":{"line":8,"column":null}},"1":{"start":{"line":13,"column":0},"end":{"line":13,"column":42}},"2":{"start":{"line":14,"column":0},"end":{"line":14,"column":82}},"3":{"start":{"line":110,"column":33},"end":{"line":110,"column":38}},"4":{"start":{"line":111,"column":62},"end":{"line":111,"column":71}},"5":{"start":{"line":112,"column":47},"end":{"line":112,"column":56}},"6":{"start":{"line":116,"column":47},"end":{"line":116,"column":50}},"7":{"start":{"line":117,"column":53},"end":{"line":117,"column":57}},"8":{"start":{"line":118,"column":48},"end":{"line":118,"column":50}},"9":{"start":{"line":119,"column":46},"end":{"line":119,"column":51}},"10":{"start":{"line":120,"column":46},"end":{"line":120,"column":47}},"11":{"start":{"line":121,"column":48},"end":{"line":121,"column":61}},"12":{"start":{"line":122,"column":49},"end":{"line":122,"column":63}},"13":{"start":{"line":123,"column":45},"end":{"line":123,"column":59}},"14":{"start":{"line":124,"column":46},"end":{"line":124,"column":65}},"15":{"start":{"line":127,"column":49},"end":{"line":129,"column":4}},"16":{"start":{"line":132,"column":4},"end":{"line":132,"column":null}},"17":{"start":{"line":133,"column":4},"end":{"line":133,"column":null}},"18":{"start":{"line":136,"column":4},"end":{"line":154,"column":null}},"19":{"start":{"line":157,"column":4},"end":{"line":159,"column":5}},"20":{"start":{"line":158,"column":6},"end":{"line":158,"column":null}},"21":{"start":{"line":162,"column":4},"end":{"line":162,"column":null}},"22":{"start":{"line":169,"column":22},"end":{"line":169,"column":32}},"23":{"start":{"line":171,"column":4},"end":{"line":232,"column":5}},"24":{"start":{"line":172,"column":6},"end":{"line":172,"column":null}},"25":{"start":{"line":174,"column":18},"end":{"line":174,"column":38}},"26":{"start":{"line":175,"column":19},"end":{"line":175,"column":31}},"27":{"start":{"line":178,"column":6},"end":{"line":180,"column":7}},"28":{"start":{"line":179,"column":8},"end":{"line":179,"column":null}},"29":{"start":{"line":184,"column":6},"end":{"line":214,"column":7}},"30":{"start":{"line":186,"column":10},"end":{"line":186,"column":null}},"31":{"start":{"line":187,"column":10},"end":{"line":187,"column":15}},"32":{"start":{"line":189,"column":10},"end":{"line":189,"column":null}},"33":{"start":{"line":190,"column":10},"end":{"line":190,"column":15}},"34":{"start":{"line":192,"column":10},"end":{"line":192,"column":null}},"35":{"start":{"line":193,"column":10},"end":{"line":193,"column":15}},"36":{"start":{"line":195,"column":10},"end":{"line":195,"column":null}},"37":{"start":{"line":196,"column":10},"end":{"line":196,"column":15}},"38":{"start":{"line":198,"column":10},"end":{"line":198,"column":null}},"39":{"start":{"line":199,"column":10},"end":{"line":199,"column":15}},"40":{"start":{"line":201,"column":10},"end":{"line":201,"column":null}},"41":{"start":{"line":202,"column":10},"end":{"line":202,"column":15}},"42":{"start":{"line":204,"column":10},"end":{"line":204,"column":null}},"43":{"start":{"line":205,"column":10},"end":{"line":205,"column":15}},"44":{"start":{"line":207,"column":10},"end":{"line":207,"column":null}},"45":{"start":{"line":208,"column":10},"end":{"line":208,"column":15}},"46":{"start":{"line":210,"column":10},"end":{"line":210,"column":null}},"47":{"start":{"line":211,"column":10},"end":{"line":211,"column":15}},"48":{"start":{"line":213,"column":10},"end":{"line":213,"column":null}},"49":{"start":{"line":217,"column":6},"end":{"line":220,"column":7}},"50":{"start":{"line":218,"column":29},"end":{"line":218,"column":51}},"51":{"start":{"line":219,"column":8},"end":{"line":219,"column":null}},"52":{"start":{"line":222,"column":6},"end":{"line":222,"column":null}},"53":{"start":{"line":224,"column":6},"end":{"line":224,"column":null}},"54":{"start":{"line":225,"column":6},"end":{"line":231,"column":null}},"55":{"start":{"line":239,"column":4},"end":{"line":239,"column":32}},"56":{"start":{"line":239,"column":26},"end":{"line":239,"column":32}},"57":{"start":{"line":241,"column":4},"end":{"line":260,"column":5}},"58":{"start":{"line":242,"column":25},"end":{"line":242,"column":113}},"59":{"start":{"line":243,"column":6},"end":{"line":257,"column":7}},"60":{"start":{"line":244,"column":8},"end":{"line":252,"column":null}},"61":{"start":{"line":253,"column":8},"end":{"line":256,"column":null}},"62":{"start":{"line":259,"column":6},"end":{"line":259,"column":null}},"63":{"start":{"line":262,"column":4},"end":{"line":262,"column":null}},"64":{"start":{"line":269,"column":4},"end":{"line":284,"column":5}},"65":{"start":{"line":270,"column":26},"end":{"line":279,"column":null}},"66":{"start":{"line":281,"column":6},"end":{"line":281,"column":null}},"67":{"start":{"line":283,"column":6},"end":{"line":283,"column":null}},"68":{"start":{"line":291,"column":4},"end":{"line":331,"column":5}},"69":{"start":{"line":292,"column":19},"end":{"line":292,"column":38}},"70":{"start":{"line":293,"column":31},"end":{"line":293,"column":76}},"71":{"start":{"line":296,"column":6},"end":{"line":296,"column":null}},"72":{"start":{"line":299,"column":23},"end":{"line":299,"column":80}},"73":{"start":{"line":300,"column":23},"end":{"line":300,"column":94}},"74":{"start":{"line":301,"column":22},"end":{"line":301,"column":66}},"75":{"start":{"line":304,"column":50},"end":{"line":312,"column":null}},"76":{"start":{"line":313,"column":6},"end":{"line":313,"column":null}},"77":{"start":{"line":316,"column":6},"end":{"line":320,"column":null}},"78":{"start":{"line":322,"column":6},"end":{"line":322,"column":null}},"79":{"start":{"line":324,"column":6},"end":{"line":327,"column":null}},"80":{"start":{"line":329,"column":6},"end":{"line":329,"column":null}},"81":{"start":{"line":330,"column":6},"end":{"line":330,"column":null}},"82":{"start":{"line":338,"column":4},"end":{"line":383,"column":5}},"83":{"start":{"line":339,"column":19},"end":{"line":339,"column":38}},"84":{"start":{"line":340,"column":32},"end":{"line":340,"column":36}},"85":{"start":{"line":343,"column":25},"end":{"line":343,"column":55}},"86":{"start":{"line":344,"column":6},"end":{"line":347,"column":7}},"87":{"start":{"line":345,"column":8},"end":{"line":345,"column":null}},"88":{"start":{"line":346,"column":8},"end":{"line":346,"column":14}},"89":{"start":{"line":350,"column":6},"end":{"line":350,"column":null}},"90":{"start":{"line":352,"column":6},"end":{"line":379,"column":7}},"91":{"start":{"line":354,"column":10},"end":{"line":354,"column":null}},"92":{"start":{"line":355,"column":10},"end":{"line":355,"column":15}},"93":{"start":{"line":358,"column":10},"end":{"line":358,"column":null}},"94":{"start":{"line":359,"column":10},"end":{"line":359,"column":15}},"95":{"start":{"line":362,"column":10},"end":{"line":362,"column":null}},"96":{"start":{"line":363,"column":10},"end":{"line":363,"column":15}},"97":{"start":{"line":366,"column":10},"end":{"line":366,"column":null}},"98":{"start":{"line":367,"column":10},"end":{"line":367,"column":15}},"99":{"start":{"line":370,"column":10},"end":{"line":370,"column":null}},"100":{"start":{"line":371,"column":10},"end":{"line":371,"column":15}},"101":{"start":{"line":374,"column":10},"end":{"line":374,"column":null}},"102":{"start":{"line":375,"column":10},"end":{"line":375,"column":15}},"103":{"start":{"line":378,"column":10},"end":{"line":378,"column":null}},"104":{"start":{"line":381,"column":6},"end":{"line":381,"column":null}},"105":{"start":{"line":382,"column":6},"end":{"line":382,"column":null}},"106":{"start":{"line":390,"column":23},"end":{"line":390,"column":53}},"107":{"start":{"line":391,"column":4},"end":{"line":408,"column":5}},"108":{"start":{"line":393,"column":6},"end":{"line":400,"column":7}},"109":{"start":{"line":394,"column":8},"end":{"line":399,"column":null}},"110":{"start":{"line":402,"column":6},"end":{"line":402,"column":null}},"111":{"start":{"line":403,"column":6},"end":{"line":407,"column":null}},"112":{"start":{"line":415,"column":4},"end":{"line":417,"column":5}},"113":{"start":{"line":416,"column":6},"end":{"line":416,"column":null}},"114":{"start":{"line":419,"column":17},"end":{"line":419,"column":null}},"115":{"start":{"line":426,"column":19},"end":{"line":426,"column":50}},"116":{"start":{"line":428,"column":4},"end":{"line":436,"column":5}},"117":{"start":{"line":429,"column":6},"end":{"line":435,"column":null}},"118":{"start":{"line":438,"column":4},"end":{"line":446,"column":null}},"119":{"start":{"line":453,"column":16},"end":{"line":453,"column":36}},"120":{"start":{"line":454,"column":22},"end":{"line":454,"column":55}},"121":{"start":{"line":455,"column":21},"end":{"line":455,"column":53}},"122":{"start":{"line":456,"column":25},"end":{"line":456,"column":58}},"123":{"start":{"line":457,"column":23},"end":{"line":457,"column":54}},"124":{"start":{"line":459,"column":34},"end":{"line":466,"column":null}},"125":{"start":{"line":468,"column":21},"end":{"line":468,"column":53}},"126":{"start":{"line":470,"column":4},"end":{"line":478,"column":null}},"127":{"start":{"line":485,"column":4},"end":{"line":487,"column":5}},"128":{"start":{"line":486,"column":6},"end":{"line":486,"column":null}},"129":{"start":{"line":489,"column":17},"end":{"line":489,"column":null}},"130":{"start":{"line":495,"column":36},"end":{"line":501,"column":null}},"131":{"start":{"line":503,"column":4},"end":{"line":503,"column":null}},"132":{"start":{"line":504,"column":4},"end":{"line":504,"column":null}},"133":{"start":{"line":506,"column":4},"end":{"line":506,"column":null}},"134":{"start":{"line":509,"column":4},"end":{"line":512,"column":5}},"135":{"start":{"line":511,"column":6},"end":{"line":511,"column":null}},"136":{"start":{"line":514,"column":4},"end":{"line":522,"column":null}},"137":{"start":{"line":529,"column":4},"end":{"line":531,"column":5}},"138":{"start":{"line":530,"column":6},"end":{"line":530,"column":null}},"139":{"start":{"line":533,"column":17},"end":{"line":533,"column":null}},"140":{"start":{"line":541,"column":21},"end":{"line":541,"column":60}},"141":{"start":{"line":542,"column":4},"end":{"line":550,"column":5}},"142":{"start":{"line":543,"column":6},"end":{"line":549,"column":null}},"143":{"start":{"line":552,"column":20},"end":{"line":552,"column":63}},"144":{"start":{"line":552,"column":39},"end":{"line":552,"column":62}},"145":{"start":{"line":553,"column":4},"end":{"line":561,"column":5}},"146":{"start":{"line":554,"column":6},"end":{"line":560,"column":null}},"147":{"start":{"line":564,"column":4},"end":{"line":572,"column":5}},"148":{"start":{"line":565,"column":6},"end":{"line":571,"column":null}},"149":{"start":{"line":575,"column":4},"end":{"line":575,"column":null}},"150":{"start":{"line":576,"column":4},"end":{"line":576,"column":null}},"151":{"start":{"line":577,"column":4},"end":{"line":577,"column":null}},"152":{"start":{"line":579,"column":4},"end":{"line":579,"column":null}},"153":{"start":{"line":580,"column":4},"end":{"line":580,"column":null}},"154":{"start":{"line":583,"column":4},"end":{"line":588,"column":null}},"155":{"start":{"line":590,"column":4},"end":{"line":597,"column":null}},"156":{"start":{"line":604,"column":4},"end":{"line":606,"column":5}},"157":{"start":{"line":605,"column":6},"end":{"line":605,"column":null}},"158":{"start":{"line":608,"column":17},"end":{"line":608,"column":null}},"159":{"start":{"line":617,"column":21},"end":{"line":620,"column":null}},"160":{"start":{"line":623,"column":33},"end":{"line":631,"column":null}},"161":{"start":{"line":633,"column":4},"end":{"line":633,"column":null}},"162":{"start":{"line":634,"column":4},"end":{"line":634,"column":null}},"163":{"start":{"line":636,"column":4},"end":{"line":636,"column":null}},"164":{"start":{"line":639,"column":23},"end":{"line":639,"column":58}},"165":{"start":{"line":640,"column":4},"end":{"line":647,"column":5}},"166":{"start":{"line":641,"column":6},"end":{"line":646,"column":null}},"167":{"start":{"line":649,"column":4},"end":{"line":657,"column":null}},"168":{"start":{"line":664,"column":4},"end":{"line":666,"column":5}},"169":{"start":{"line":665,"column":6},"end":{"line":665,"column":null}},"170":{"start":{"line":668,"column":17},"end":{"line":668,"column":null}},"171":{"start":{"line":673,"column":22},"end":{"line":673,"column":62}},"172":{"start":{"line":674,"column":4},"end":{"line":682,"column":5}},"173":{"start":{"line":675,"column":6},"end":{"line":681,"column":null}},"174":{"start":{"line":684,"column":4},"end":{"line":684,"column":null}},"175":{"start":{"line":685,"column":4},"end":{"line":685,"column":null}},"176":{"start":{"line":688,"column":23},"end":{"line":688,"column":58}},"177":{"start":{"line":689,"column":4},"end":{"line":694,"column":5}},"178":{"start":{"line":690,"column":6},"end":{"line":693,"column":null}},"179":{"start":{"line":696,"column":4},"end":{"line":703,"column":null}},"180":{"start":{"line":710,"column":4},"end":{"line":732,"column":5}},"181":{"start":{"line":711,"column":18},"end":{"line":711,"column":38}},"182":{"start":{"line":712,"column":24},"end":{"line":712,"column":57}},"183":{"start":{"line":714,"column":6},"end":{"line":722,"column":7}},"184":{"start":{"line":715,"column":8},"end":{"line":721,"column":null}},"185":{"start":{"line":724,"column":21},"end":{"line":724,"column":61}},"186":{"start":{"line":726,"column":6},"end":{"line":731,"column":null}},"187":{"start":{"line":734,"column":4},"end":{"line":746,"column":5}},"188":{"start":{"line":735,"column":21},"end":{"line":735,"column":58}},"189":{"start":{"line":737,"column":6},"end":{"line":737,"column":null}},"190":{"start":{"line":738,"column":6},"end":{"line":738,"column":null}},"191":{"start":{"line":740,"column":6},"end":{"line":745,"column":null}},"192":{"start":{"line":748,"column":4},"end":{"line":748,"column":null}},"193":{"start":{"line":755,"column":18},"end":{"line":763,"column":null}},"194":{"start":{"line":761,"column":21},"end":{"line":761,"column":43}},"195":{"start":{"line":765,"column":4},"end":{"line":770,"column":null}},"196":{"start":{"line":777,"column":22},"end":{"line":777,"column":32}},"197":{"start":{"line":779,"column":23},"end":{"line":796,"column":null}},"198":{"start":{"line":789,"column":21},"end":{"line":789,"column":43}},"199":{"start":{"line":799,"column":4},"end":{"line":808,"column":5}},"200":{"start":{"line":800,"column":48},"end":{"line":806,"column":null}},"201":{"start":{"line":807,"column":6},"end":{"line":807,"column":null}},"202":{"start":{"line":810,"column":4},"end":{"line":812,"column":null}},"203":{"start":{"line":819,"column":4},"end":{"line":819,"column":null}},"204":{"start":{"line":822,"column":4},"end":{"line":824,"column":5}},"205":{"start":{"line":823,"column":6},"end":{"line":823,"column":null}},"206":{"start":{"line":827,"column":4},"end":{"line":832,"column":null}},"207":{"start":{"line":835,"column":4},"end":{"line":835,"column":null}},"208":{"start":{"line":838,"column":4},"end":{"line":843,"column":null}},"209":{"start":{"line":850,"column":4},"end":{"line":850,"column":null}},"210":{"start":{"line":853,"column":4},"end":{"line":858,"column":null}},"211":{"start":{"line":861,"column":4},"end":{"line":866,"column":null}},"212":{"start":{"line":873,"column":19},"end":{"line":878,"column":6}},"213":{"start":{"line":880,"column":4},"end":{"line":882,"column":5}},"214":{"start":{"line":881,"column":6},"end":{"line":881,"column":null}},"215":{"start":{"line":889,"column":49},"end":{"line":889,"column":56}},"216":{"start":{"line":891,"column":21},"end":{"line":891,"column":55}},"217":{"start":{"line":892,"column":4},"end":{"line":895,"column":5}},"218":{"start":{"line":893,"column":6},"end":{"line":893,"column":null}},"219":{"start":{"line":894,"column":6},"end":{"line":894,"column":12}},"220":{"start":{"line":897,"column":20},"end":{"line":897,"column":58}},"221":{"start":{"line":897,"column":39},"end":{"line":897,"column":57}},"222":{"start":{"line":898,"column":4},"end":{"line":901,"column":5}},"223":{"start":{"line":899,"column":6},"end":{"line":899,"column":null}},"224":{"start":{"line":900,"column":6},"end":{"line":900,"column":12}},"225":{"start":{"line":903,"column":4},"end":{"line":906,"column":5}},"226":{"start":{"line":904,"column":6},"end":{"line":904,"column":null}},"227":{"start":{"line":905,"column":6},"end":{"line":905,"column":12}},"228":{"start":{"line":908,"column":4},"end":{"line":911,"column":5}},"229":{"start":{"line":909,"column":6},"end":{"line":909,"column":null}},"230":{"start":{"line":910,"column":6},"end":{"line":910,"column":12}},"231":{"start":{"line":914,"column":22},"end":{"line":914,"column":81}},"232":{"start":{"line":915,"column":4},"end":{"line":918,"column":5}},"233":{"start":{"line":916,"column":6},"end":{"line":916,"column":null}},"234":{"start":{"line":917,"column":6},"end":{"line":917,"column":12}},"235":{"start":{"line":921,"column":4},"end":{"line":921,"column":null}},"236":{"start":{"line":922,"column":4},"end":{"line":922,"column":null}},"237":{"start":{"line":923,"column":4},"end":{"line":923,"column":null}},"238":{"start":{"line":925,"column":4},"end":{"line":925,"column":null}},"239":{"start":{"line":928,"column":4},"end":{"line":934,"column":null}},"240":{"start":{"line":947,"column":4},"end":{"line":949,"column":5}},"241":{"start":{"line":948,"column":6},"end":{"line":948,"column":null}},"242":{"start":{"line":952,"column":4},"end":{"line":954,"column":5}},"243":{"start":{"line":953,"column":6},"end":{"line":953,"column":null}},"244":{"start":{"line":957,"column":4},"end":{"line":959,"column":5}},"245":{"start":{"line":958,"column":6},"end":{"line":958,"column":null}},"246":{"start":{"line":962,"column":19},"end":{"line":962,"column":64}},"247":{"start":{"line":965,"column":4},"end":{"line":973,"column":5}},"248":{"start":{"line":966,"column":26},"end":{"line":966,"column":80}},"249":{"start":{"line":967,"column":6},"end":{"line":972,"column":7}},"250":{"start":{"line":968,"column":8},"end":{"line":971,"column":null}},"251":{"start":{"line":976,"column":22},"end":{"line":976,"column":85}},"252":{"start":{"line":977,"column":4},"end":{"line":979,"column":5}},"253":{"start":{"line":978,"column":6},"end":{"line":978,"column":null}},"254":{"start":{"line":982,"column":43},"end":{"line":990,"column":null}},"255":{"start":{"line":993,"column":19},"end":{"line":993,"column":58}},"256":{"start":{"line":994,"column":4},"end":{"line":997,"column":5}},"257":{"start":{"line":995,"column":6},"end":{"line":995,"column":null}},"258":{"start":{"line":996,"column":6},"end":{"line":996,"column":null}},"259":{"start":{"line":999,"column":4},"end":{"line":999,"column":null}},"260":{"start":{"line":1000,"column":4},"end":{"line":1000,"column":null}},"261":{"start":{"line":1003,"column":4},"end":{"line":1005,"column":5}},"262":{"start":{"line":1004,"column":6},"end":{"line":1004,"column":null}},"263":{"start":{"line":1007,"column":4},"end":{"line":1007,"column":null}},"264":{"start":{"line":1010,"column":24},"end":{"line":1015,"column":21}},"265":{"start":{"line":1017,"column":4},"end":{"line":1017,"column":null}},"266":{"start":{"line":1019,"column":4},"end":{"line":1023,"column":null}},"267":{"start":{"line":1034,"column":19},"end":{"line":1034,"column":26}},"268":{"start":{"line":1035,"column":18},"end":{"line":1035,"column":23}},"269":{"start":{"line":1038,"column":25},"end":{"line":1038,"column":46}},"270":{"start":{"line":1039,"column":4},"end":{"line":1058,"column":5}},"271":{"start":{"line":1040,"column":6},"end":{"line":1057,"column":7}},"272":{"start":{"line":1041,"column":8},"end":{"line":1041,"column":null}},"273":{"start":{"line":1044,"column":25},"end":{"line":1044,"column":74}},"274":{"start":{"line":1045,"column":8},"end":{"line":1045,"column":null}},"275":{"start":{"line":1046,"column":8},"end":{"line":1046,"column":null}},"276":{"start":{"line":1048,"column":8},"end":{"line":1051,"column":9}},"277":{"start":{"line":1050,"column":10},"end":{"line":1050,"column":null}},"278":{"start":{"line":1053,"column":8},"end":{"line":1056,"column":null}},"279":{"start":{"line":1061,"column":4},"end":{"line":1080,"column":5}},"280":{"start":{"line":1063,"column":27},"end":{"line":1067,"column":null}},"281":{"start":{"line":1069,"column":6},"end":{"line":1079,"column":7}},"282":{"start":{"line":1070,"column":8},"end":{"line":1078,"column":9}},"283":{"start":{"line":1071,"column":10},"end":{"line":1073,"column":11}},"284":{"start":{"line":1072,"column":12},"end":{"line":1072,"column":null}},"285":{"start":{"line":1075,"column":10},"end":{"line":1075,"column":null}},"286":{"start":{"line":1076,"column":10},"end":{"line":1076,"column":null}},"287":{"start":{"line":1077,"column":10},"end":{"line":1077,"column":null}},"288":{"start":{"line":1082,"column":4},"end":{"line":1082,"column":null}},"289":{"start":{"line":1089,"column":18},"end":{"line":1089,"column":53}},"290":{"start":{"line":1090,"column":4},"end":{"line":1090,"column":null}},"291":{"start":{"line":1090,"column":16},"end":{"line":1090,"column":null}},"292":{"start":{"line":1093,"column":4},"end":{"line":1096,"column":5}},"293":{"start":{"line":1094,"column":6},"end":{"line":1094,"column":null}},"294":{"start":{"line":1095,"column":6},"end":{"line":1095,"column":null}},"295":{"start":{"line":1099,"column":4},"end":{"line":1101,"column":5}},"296":{"start":{"line":1100,"column":6},"end":{"line":1100,"column":null}},"297":{"start":{"line":1103,"column":4},"end":{"line":1103,"column":null}},"298":{"start":{"line":1110,"column":16},"end":{"line":1110,"column":26}},"299":{"start":{"line":1111,"column":21},"end":{"line":1111,"column":57}},"300":{"start":{"line":1114,"column":4},"end":{"line":1114,"column":null}},"301":{"start":{"line":1114,"column":40},"end":{"line":1114,"column":94}},"302":{"start":{"line":1116,"column":4},"end":{"line":1118,"column":5}},"303":{"start":{"line":1117,"column":6},"end":{"line":1117,"column":null}},"304":{"start":{"line":1120,"column":4},"end":{"line":1120,"column":null}},"305":{"start":{"line":1121,"column":4},"end":{"line":1121,"column":null}},"306":{"start":{"line":1123,"column":4},"end":{"line":1123,"column":null}},"307":{"start":{"line":1130,"column":21},"end":{"line":1130,"column":55}},"308":{"start":{"line":1131,"column":4},"end":{"line":1131,"column":null}},"309":{"start":{"line":1131,"column":19},"end":{"line":1131,"column":null}},"310":{"start":{"line":1133,"column":4},"end":{"line":1138,"column":5}},"311":{"start":{"line":1133,"column":17},"end":{"line":1133,"column":36}},"312":{"start":{"line":1134,"column":22},"end":{"line":1134,"column":33}},"313":{"start":{"line":1135,"column":6},"end":{"line":1137,"column":7}},"314":{"start":{"line":1136,"column":8},"end":{"line":1136,"column":null}},"315":{"start":{"line":1140,"column":4},"end":{"line":1140,"column":null}},"316":{"start":{"line":1147,"column":21},"end":{"line":1147,"column":61}},"317":{"start":{"line":1148,"column":19},"end":{"line":1150,"column":20}},"318":{"start":{"line":1149,"column":19},"end":{"line":1149,"column":51}},"319":{"start":{"line":1152,"column":4},"end":{"line":1156,"column":null}},"320":{"start":{"line":1163,"column":39},"end":{"line":1163,"column":41}},"321":{"start":{"line":1165,"column":4},"end":{"line":1172,"column":5}},"322":{"start":{"line":1166,"column":6},"end":{"line":1166,"column":null}},"323":{"start":{"line":1169,"column":6},"end":{"line":1171,"column":7}},"324":{"start":{"line":1170,"column":8},"end":{"line":1170,"column":null}},"325":{"start":{"line":1175,"column":4},"end":{"line":1177,"column":5}},"326":{"start":{"line":1176,"column":6},"end":{"line":1176,"column":null}},"327":{"start":{"line":1176,"column":38},"end":{"line":1176,"column":68}},"328":{"start":{"line":1179,"column":4},"end":{"line":1181,"column":5}},"329":{"start":{"line":1180,"column":6},"end":{"line":1180,"column":null}},"330":{"start":{"line":1180,"column":38},"end":{"line":1180,"column":48}},"331":{"start":{"line":1183,"column":4},"end":{"line":1185,"column":5}},"332":{"start":{"line":1184,"column":6},"end":{"line":1184,"column":null}},"333":{"start":{"line":1184,"column":38},"end":{"line":1184,"column":70}},"334":{"start":{"line":1187,"column":4},"end":{"line":1189,"column":5}},"335":{"start":{"line":1188,"column":6},"end":{"line":1188,"column":null}},"336":{"start":{"line":1188,"column":38},"end":{"line":1188,"column":68}},"337":{"start":{"line":1192,"column":4},"end":{"line":1192,"column":null}},"338":{"start":{"line":1192,"column":28},"end":{"line":1192,"column":53}},"339":{"start":{"line":1195,"column":4},"end":{"line":1197,"column":5}},"340":{"start":{"line":1196,"column":6},"end":{"line":1196,"column":null}},"341":{"start":{"line":1199,"column":4},"end":{"line":1199,"column":null}},"342":{"start":{"line":1207,"column":4},"end":{"line":1245,"column":5}},"343":{"start":{"line":1208,"column":22},"end":{"line":1208,"column":60}},"344":{"start":{"line":1208,"column":41},"end":{"line":1208,"column":59}},"345":{"start":{"line":1209,"column":6},"end":{"line":1244,"column":7}},"346":{"start":{"line":1211,"column":8},"end":{"line":1211,"column":null}},"347":{"start":{"line":1212,"column":8},"end":{"line":1212,"column":null}},"348":{"start":{"line":1213,"column":8},"end":{"line":1213,"column":null}},"349":{"start":{"line":1216,"column":8},"end":{"line":1221,"column":null}},"350":{"start":{"line":1224,"column":23},"end":{"line":1224,"column":65}},"351":{"start":{"line":1225,"column":8},"end":{"line":1230,"column":9}},"352":{"start":{"line":1226,"column":10},"end":{"line":1226,"column":null}},"353":{"start":{"line":1227,"column":10},"end":{"line":1227,"column":null}},"354":{"start":{"line":1228,"column":10},"end":{"line":1228,"column":null}},"355":{"start":{"line":1229,"column":10},"end":{"line":1229,"column":null}},"356":{"start":{"line":1232,"column":8},"end":{"line":1232,"column":null}},"357":{"start":{"line":1235,"column":8},"end":{"line":1241,"column":null}},"358":{"start":{"line":1243,"column":8},"end":{"line":1243,"column":13}},"359":{"start":{"line":1252,"column":21},"end":{"line":1254,"column":52}},"360":{"start":{"line":1256,"column":33},"end":{"line":1264,"column":null}},"361":{"start":{"line":1266,"column":4},"end":{"line":1266,"column":null}},"362":{"start":{"line":1267,"column":4},"end":{"line":1267,"column":null}},"363":{"start":{"line":1270,"column":23},"end":{"line":1270,"column":53}},"364":{"start":{"line":1271,"column":4},"end":{"line":1278,"column":5}},"365":{"start":{"line":1272,"column":6},"end":{"line":1277,"column":null}},"366":{"start":{"line":1285,"column":23},"end":{"line":1285,"column":46}},"367":{"start":{"line":1287,"column":4},"end":{"line":1296,"column":5}},"368":{"start":{"line":1288,"column":6},"end":{"line":1288,"column":48}},"369":{"start":{"line":1288,"column":40},"end":{"line":1288,"column":48}},"370":{"start":{"line":1289,"column":6},"end":{"line":1289,"column":55}},"371":{"start":{"line":1289,"column":47},"end":{"line":1289,"column":55}},"372":{"start":{"line":1291,"column":6},"end":{"line":1295,"column":7}},"373":{"start":{"line":1292,"column":8},"end":{"line":1292,"column":null}},"374":{"start":{"line":1294,"column":8},"end":{"line":1294,"column":null}},"375":{"start":{"line":1303,"column":4},"end":{"line":1307,"column":5}},"376":{"start":{"line":1304,"column":6},"end":{"line":1306,"column":7}},"377":{"start":{"line":1305,"column":8},"end":{"line":1305,"column":null}},"378":{"start":{"line":1308,"column":4},"end":{"line":1308,"column":null}},"379":{"start":{"line":1315,"column":4},"end":{"line":1319,"column":5}},"380":{"start":{"line":1316,"column":6},"end":{"line":1316,"column":null}},"381":{"start":{"line":1318,"column":6},"end":{"line":1318,"column":null}},"382":{"start":{"line":1326,"column":4},"end":{"line":1326,"column":null}},"383":{"start":{"line":1333,"column":4},"end":{"line":1335,"column":null}},"384":{"start":{"line":1334,"column":6},"end":{"line":1334,"column":null}},"385":{"start":{"line":1342,"column":16},"end":{"line":1342,"column":26}},"386":{"start":{"line":1343,"column":23},"end":{"line":1343,"column":28}},"387":{"start":{"line":1346,"column":4},"end":{"line":1357,"column":5}},"388":{"start":{"line":1347,"column":23},"end":{"line":1350,"column":null}},"389":{"start":{"line":1348,"column":8},"end":{"line":1350,"column":45}},"390":{"start":{"line":1353,"column":6},"end":{"line":1356,"column":7}},"391":{"start":{"line":1354,"column":8},"end":{"line":1354,"column":null}},"392":{"start":{"line":1355,"column":8},"end":{"line":1355,"column":null}},"393":{"start":{"line":1360,"column":4},"end":{"line":1365,"column":5}},"394":{"start":{"line":1361,"column":6},"end":{"line":1364,"column":7}},"395":{"start":{"line":1362,"column":8},"end":{"line":1362,"column":null}},"396":{"start":{"line":1363,"column":8},"end":{"line":1363,"column":null}},"397":{"start":{"line":1368,"column":4},"end":{"line":1373,"column":5}},"398":{"start":{"line":1369,"column":6},"end":{"line":1372,"column":7}},"399":{"start":{"line":1370,"column":8},"end":{"line":1370,"column":null}},"400":{"start":{"line":1371,"column":8},"end":{"line":1371,"column":null}},"401":{"start":{"line":1376,"column":4},"end":{"line":1380,"column":5}},"402":{"start":{"line":1377,"column":6},"end":{"line":1379,"column":7}},"403":{"start":{"line":1378,"column":8},"end":{"line":1378,"column":null}},"404":{"start":{"line":1382,"column":4},"end":{"line":1384,"column":5}},"405":{"start":{"line":1383,"column":6},"end":{"line":1383,"column":null}},"406":{"start":{"line":106,"column":0},"end":{"line":106,"column":13}}},"fnMap":{"0":{"name":"(anonymous_0)","decl":{"start":{"line":131,"column":2},"end":{"line":131,"column":14}},"loc":{"start":{"line":131,"column":49},"end":{"line":163,"column":3}}},"1":{"name":"(anonymous_1)","decl":{"start":{"line":168,"column":2},"end":{"line":168,"column":7}},"loc":{"start":{"line":168,"column":30},"end":{"line":233,"column":3}}},"2":{"name":"(anonymous_2)","decl":{"start":{"line":238,"column":10},"end":{"line":238,"column":15}},"loc":{"start":{"line":238,"column":31},"end":{"line":263,"column":3}}},"3":{"name":"(anonymous_3)","decl":{"start":{"line":268,"column":10},"end":{"line":268,"column":15}},"loc":{"start":{"line":268,"column":25},"end":{"line":285,"column":3}}},"4":{"name":"(anonymous_4)","decl":{"start":{"line":290,"column":10},"end":{"line":290,"column":15}},"loc":{"start":{"line":290,"column":55},"end":{"line":332,"column":3}}},"5":{"name":"(anonymous_5)","decl":{"start":{"line":337,"column":2},"end":{"line":337,"column":7}},"loc":{"start":{"line":337,"column":62},"end":{"line":384,"column":3}}},"6":{"name":"(anonymous_6)","decl":{"start":{"line":389,"column":2},"end":{"line":389,"column":7}},"loc":{"start":{"line":389,"column":73},"end":{"line":409,"column":3}}},"7":{"name":"(anonymous_7)","decl":{"start":{"line":414,"column":10},"end":{"line":414,"column":15}},"loc":{"start":{"line":414,"column":50},"end":{"line":447,"column":3}}},"8":{"name":"(anonymous_8)","decl":{"start":{"line":452,"column":10},"end":{"line":452,"column":15}},"loc":{"start":{"line":452,"column":49},"end":{"line":479,"column":3}}},"9":{"name":"(anonymous_9)","decl":{"start":{"line":484,"column":10},"end":{"line":484,"column":15}},"loc":{"start":{"line":484,"column":52},"end":{"line":523,"column":3}}},"10":{"name":"(anonymous_10)","decl":{"start":{"line":528,"column":10},"end":{"line":528,"column":15}},"loc":{"start":{"line":528,"column":52},"end":{"line":598,"column":3}}},"11":{"name":"(anonymous_11)","decl":{"start":{"line":552,"column":34},"end":{"line":552,"column":35}},"loc":{"start":{"line":552,"column":39},"end":{"line":552,"column":62}}},"12":{"name":"(anonymous_12)","decl":{"start":{"line":603,"column":10},"end":{"line":603,"column":15}},"loc":{"start":{"line":603,"column":47},"end":{"line":658,"column":3}}},"13":{"name":"(anonymous_13)","decl":{"start":{"line":663,"column":10},"end":{"line":663,"column":15}},"loc":{"start":{"line":663,"column":49},"end":{"line":704,"column":3}}},"14":{"name":"(anonymous_14)","decl":{"start":{"line":709,"column":10},"end":{"line":709,"column":15}},"loc":{"start":{"line":709,"column":52},"end":{"line":749,"column":3}}},"15":{"name":"(anonymous_15)","decl":{"start":{"line":754,"column":10},"end":{"line":754,"column":15}},"loc":{"start":{"line":754,"column":47},"end":{"line":771,"column":3}}},"16":{"name":"(anonymous_16)","decl":{"start":{"line":761,"column":16},"end":{"line":761,"column":17}},"loc":{"start":{"line":761,"column":21},"end":{"line":761,"column":43}}},"17":{"name":"(anonymous_17)","decl":{"start":{"line":776,"column":10},"end":{"line":776,"column":15}},"loc":{"start":{"line":776,"column":50},"end":{"line":813,"column":3}}},"18":{"name":"(anonymous_18)","decl":{"start":{"line":789,"column":16},"end":{"line":789,"column":17}},"loc":{"start":{"line":789,"column":21},"end":{"line":789,"column":43}}},"19":{"name":"(anonymous_19)","decl":{"start":{"line":818,"column":10},"end":{"line":818,"column":15}},"loc":{"start":{"line":818,"column":88},"end":{"line":844,"column":3}}},"20":{"name":"(anonymous_20)","decl":{"start":{"line":849,"column":10},"end":{"line":849,"column":15}},"loc":{"start":{"line":849,"column":89},"end":{"line":867,"column":3}}},"21":{"name":"(anonymous_21)","decl":{"start":{"line":872,"column":10},"end":{"line":872,"column":15}},"loc":{"start":{"line":872,"column":88},"end":{"line":883,"column":3}}},"22":{"name":"(anonymous_22)","decl":{"start":{"line":888,"column":10},"end":{"line":888,"column":15}},"loc":{"start":{"line":888,"column":83},"end":{"line":935,"column":3}}},"23":{"name":"(anonymous_23)","decl":{"start":{"line":897,"column":34},"end":{"line":897,"column":35}},"loc":{"start":{"line":897,"column":39},"end":{"line":897,"column":57}}},"24":{"name":"(anonymous_24)","decl":{"start":{"line":940,"column":10},"end":{"line":940,"column":15}},"loc":{"start":{"line":945,"column":3},"end":{"line":1024,"column":3}}},"25":{"name":"(anonymous_25)","decl":{"start":{"line":1029,"column":10},"end":{"line":1029,"column":15}},"loc":{"start":{"line":1032,"column":26},"end":{"line":1083,"column":3}}},"26":{"name":"(anonymous_26)","decl":{"start":{"line":1088,"column":10},"end":{"line":1088,"column":21}},"loc":{"start":{"line":1088,"column":58},"end":{"line":1104,"column":3}}},"27":{"name":"(anonymous_27)","decl":{"start":{"line":1109,"column":10},"end":{"line":1109,"column":24}},"loc":{"start":{"line":1109,"column":41},"end":{"line":1124,"column":3}}},"28":{"name":"(anonymous_28)","decl":{"start":{"line":1114,"column":35},"end":{"line":1114,"column":36}},"loc":{"start":{"line":1114,"column":40},"end":{"line":1114,"column":94}}},"29":{"name":"(anonymous_29)","decl":{"start":{"line":1129,"column":10},"end":{"line":1129,"column":28}},"loc":{"start":{"line":1129,"column":64},"end":{"line":1141,"column":3}}},"30":{"name":"(anonymous_30)","decl":{"start":{"line":1146,"column":10},"end":{"line":1146,"column":15}},"loc":{"start":{"line":1146,"column":109},"end":{"line":1157,"column":3}}},"31":{"name":"(anonymous_31)","decl":{"start":{"line":1149,"column":14},"end":{"line":1149,"column":15}},"loc":{"start":{"line":1149,"column":19},"end":{"line":1149,"column":51}}},"32":{"name":"(anonymous_32)","decl":{"start":{"line":1162,"column":10},"end":{"line":1162,"column":29}},"loc":{"start":{"line":1162,"column":51},"end":{"line":1200,"column":3}}},"33":{"name":"(anonymous_33)","decl":{"start":{"line":1176,"column":33},"end":{"line":1176,"column":34}},"loc":{"start":{"line":1176,"column":38},"end":{"line":1176,"column":68}}},"34":{"name":"(anonymous_34)","decl":{"start":{"line":1180,"column":33},"end":{"line":1180,"column":34}},"loc":{"start":{"line":1180,"column":38},"end":{"line":1180,"column":48}}},"35":{"name":"(anonymous_35)","decl":{"start":{"line":1184,"column":33},"end":{"line":1184,"column":34}},"loc":{"start":{"line":1184,"column":38},"end":{"line":1184,"column":70}}},"36":{"name":"(anonymous_36)","decl":{"start":{"line":1188,"column":33},"end":{"line":1188,"column":34}},"loc":{"start":{"line":1188,"column":38},"end":{"line":1188,"column":68}}},"37":{"name":"(anonymous_37)","decl":{"start":{"line":1192,"column":18},"end":{"line":1192,"column":19}},"loc":{"start":{"line":1192,"column":28},"end":{"line":1192,"column":53}}},"38":{"name":"(anonymous_38)","decl":{"start":{"line":1205,"column":10},"end":{"line":1205,"column":15}},"loc":{"start":{"line":1205,"column":61},"end":{"line":1246,"column":3}}},"39":{"name":"(anonymous_39)","decl":{"start":{"line":1208,"column":36},"end":{"line":1208,"column":37}},"loc":{"start":{"line":1208,"column":41},"end":{"line":1208,"column":59}}},"40":{"name":"(anonymous_40)","decl":{"start":{"line":1251,"column":10},"end":{"line":1251,"column":15}},"loc":{"start":{"line":1251,"column":94},"end":{"line":1279,"column":3}}},"41":{"name":"(anonymous_41)","decl":{"start":{"line":1284,"column":10},"end":{"line":1284,"column":15}},"loc":{"start":{"line":1284,"column":105},"end":{"line":1297,"column":3}}},"42":{"name":"(anonymous_42)","decl":{"start":{"line":1302,"column":10},"end":{"line":1302,"column":24}},"loc":{"start":{"line":1302,"column":45},"end":{"line":1309,"column":3}}},"43":{"name":"(anonymous_43)","decl":{"start":{"line":1314,"column":10},"end":{"line":1314,"column":21}},"loc":{"start":{"line":1314,"column":69},"end":{"line":1320,"column":3}}},"44":{"name":"(anonymous_44)","decl":{"start":{"line":1325,"column":10},"end":{"line":1325,"column":19}},"loc":{"start":{"line":1325,"column":55},"end":{"line":1327,"column":3}}},"45":{"name":"(anonymous_45)","decl":{"start":{"line":1332,"column":10},"end":{"line":1332,"column":30}},"loc":{"start":{"line":1332,"column":30},"end":{"line":1336,"column":3}}},"46":{"name":"(anonymous_46)","decl":{"start":{"line":1333,"column":16},"end":{"line":1333,"column":19}},"loc":{"start":{"line":1333,"column":21},"end":{"line":1335,"column":5}}},"47":{"name":"(anonymous_47)","decl":{"start":{"line":1341,"column":10},"end":{"line":1341,"column":15}},"loc":{"start":{"line":1341,"column":30},"end":{"line":1385,"column":3}}},"48":{"name":"(anonymous_48)","decl":{"start":{"line":1347,"column":39},"end":{"line":1347,"column":40}},"loc":{"start":{"line":1348,"column":8},"end":{"line":1350,"column":45}}}},"branchMap":{"0":{"loc":{"start":{"line":157,"column":4},"end":{"line":159,"column":5}},"type":"if","locations":[{"start":{"line":157,"column":4},"end":{"line":159,"column":5}}]},"1":{"loc":{"start":{"line":157,"column":8},"end":{"line":157,"column":24}},"type":"binary-expr","locations":[{"start":{"line":157,"column":8},"end":{"line":157,"column":14}},{"start":{"line":157,"column":18},"end":{"line":157,"column":24}}]},"2":{"loc":{"start":{"line":178,"column":6},"end":{"line":180,"column":7}},"type":"if","locations":[{"start":{"line":178,"column":6},"end":{"line":180,"column":7}}]},"3":{"loc":{"start":{"line":184,"column":6},"end":{"line":214,"column":7}},"type":"switch","locations":[{"start":{"line":185,"column":8},"end":{"line":187,"column":15}},{"start":{"line":188,"column":8},"end":{"line":190,"column":15}},{"start":{"line":191,"column":8},"end":{"line":193,"column":15}},{"start":{"line":194,"column":8},"end":{"line":196,"column":15}},{"start":{"line":197,"column":8},"end":{"line":199,"column":15}},{"start":{"line":200,"column":8},"end":{"line":202,"column":15}},{"start":{"line":203,"column":8},"end":{"line":205,"column":15}},{"start":{"line":206,"column":8},"end":{"line":208,"column":15}},{"start":{"line":209,"column":8},"end":{"line":211,"column":15}},{"start":{"line":212,"column":8},"end":{"line":213,"column":null}}]},"4":{"loc":{"start":{"line":217,"column":6},"end":{"line":220,"column":7}},"type":"if","locations":[{"start":{"line":217,"column":6},"end":{"line":220,"column":7}}]},"5":{"loc":{"start":{"line":227,"column":15},"end":{"line":227,"column":71}},"type":"cond-expr","locations":[{"start":{"line":227,"column":40},"end":{"line":227,"column":53}},{"start":{"line":227,"column":56},"end":{"line":227,"column":71}}]},"6":{"loc":{"start":{"line":239,"column":4},"end":{"line":239,"column":32}},"type":"if","locations":[{"start":{"line":239,"column":4},"end":{"line":239,"column":32}}]},"7":{"loc":{"start":{"line":243,"column":6},"end":{"line":257,"column":7}},"type":"if","locations":[{"start":{"line":243,"column":6},"end":{"line":257,"column":7}}]},"8":{"loc":{"start":{"line":246,"column":43},"end":{"line":246,"column":68}},"type":"binary-expr","locations":[{"start":{"line":246,"column":43},"end":{"line":246,"column":62}},{"start":{"line":246,"column":66},"end":{"line":246,"column":68}}]},"9":{"loc":{"start":{"line":247,"column":45},"end":{"line":247,"column":72}},"type":"binary-expr","locations":[{"start":{"line":247,"column":45},"end":{"line":247,"column":66}},{"start":{"line":247,"column":70},"end":{"line":247,"column":72}}]},"10":{"loc":{"start":{"line":248,"column":31},"end":{"line":248,"column":104}},"type":"binary-expr","locations":[{"start":{"line":248,"column":31},"end":{"line":248,"column":53}},{"start":{"line":248,"column":57},"end":{"line":248,"column":104}}]},"11":{"loc":{"start":{"line":249,"column":48},"end":{"line":249,"column":78}},"type":"binary-expr","locations":[{"start":{"line":249,"column":48},"end":{"line":249,"column":72}},{"start":{"line":249,"column":76},"end":{"line":249,"column":78}}]},"12":{"loc":{"start":{"line":250,"column":51},"end":{"line":250,"column":84}},"type":"binary-expr","locations":[{"start":{"line":250,"column":51},"end":{"line":250,"column":78}},{"start":{"line":250,"column":82},"end":{"line":250,"column":84}}]},"13":{"loc":{"start":{"line":251,"column":49},"end":{"line":251,"column":80}},"type":"binary-expr","locations":[{"start":{"line":251,"column":49},"end":{"line":251,"column":74}},{"start":{"line":251,"column":78},"end":{"line":251,"column":80}}]},"14":{"loc":{"start":{"line":299,"column":23},"end":{"line":299,"column":80}},"type":"binary-expr","locations":[{"start":{"line":299,"column":23},"end":{"line":299,"column":57}},{"start":{"line":299,"column":61},"end":{"line":299,"column":80}}]},"15":{"loc":{"start":{"line":300,"column":23},"end":{"line":300,"column":94}},"type":"binary-expr","locations":[{"start":{"line":300,"column":23},"end":{"line":300,"column":56}},{"start":{"line":300,"column":60},"end":{"line":300,"column":94}}]},"16":{"loc":{"start":{"line":344,"column":6},"end":{"line":347,"column":7}},"type":"if","locations":[{"start":{"line":344,"column":6},"end":{"line":347,"column":7}}]},"17":{"loc":{"start":{"line":352,"column":6},"end":{"line":379,"column":7}},"type":"switch","locations":[{"start":{"line":353,"column":8},"end":{"line":355,"column":15}},{"start":{"line":357,"column":8},"end":{"line":359,"column":15}},{"start":{"line":361,"column":8},"end":{"line":363,"column":15}},{"start":{"line":365,"column":8},"end":{"line":367,"column":15}},{"start":{"line":369,"column":8},"end":{"line":371,"column":15}},{"start":{"line":373,"column":8},"end":{"line":375,"column":15}},{"start":{"line":377,"column":8},"end":{"line":378,"column":null}}]},"18":{"loc":{"start":{"line":391,"column":4},"end":{"line":408,"column":5}},"type":"if","locations":[{"start":{"line":391,"column":4},"end":{"line":408,"column":5}}]},"19":{"loc":{"start":{"line":415,"column":4},"end":{"line":417,"column":5}},"type":"if","locations":[{"start":{"line":415,"column":4},"end":{"line":417,"column":5}}]},"20":{"loc":{"start":{"line":428,"column":4},"end":{"line":436,"column":5}},"type":"if","locations":[{"start":{"line":428,"column":4},"end":{"line":436,"column":5}}]},"21":{"loc":{"start":{"line":460,"column":10},"end":{"line":460,"column":36}},"type":"binary-expr","locations":[{"start":{"line":460,"column":10},"end":{"line":460,"column":19}},{"start":{"line":460,"column":23},"end":{"line":460,"column":36}}]},"22":{"loc":{"start":{"line":461,"column":10},"end":{"line":461,"column":34}},"type":"binary-expr","locations":[{"start":{"line":461,"column":10},"end":{"line":461,"column":18}},{"start":{"line":461,"column":22},"end":{"line":461,"column":34}}]},"23":{"loc":{"start":{"line":462,"column":10},"end":{"line":462,"column":63}},"type":"binary-expr","locations":[{"start":{"line":462,"column":10},"end":{"line":462,"column":22}},{"start":{"line":462,"column":26},"end":{"line":462,"column":63}}]},"24":{"loc":{"start":{"line":463,"column":10},"end":{"line":463,"column":57}},"type":"binary-expr","locations":[{"start":{"line":463,"column":10},"end":{"line":463,"column":20}},{"start":{"line":463,"column":24},"end":{"line":463,"column":57}}]},"25":{"loc":{"start":{"line":465,"column":13},"end":{"line":465,"column":90}},"type":"cond-expr","locations":[{"start":{"line":465,"column":45},"end":{"line":465,"column":85}},{"start":{"line":465,"column":88},"end":{"line":465,"column":90}}]},"26":{"loc":{"start":{"line":485,"column":4},"end":{"line":487,"column":5}},"type":"if","locations":[{"start":{"line":485,"column":4},"end":{"line":487,"column":5}}]},"27":{"loc":{"start":{"line":509,"column":4},"end":{"line":512,"column":5}},"type":"if","locations":[{"start":{"line":509,"column":4},"end":{"line":512,"column":5}}]},"28":{"loc":{"start":{"line":509,"column":8},"end":{"line":510,"column":56}},"type":"binary-expr","locations":[{"start":{"line":509,"column":8},"end":{"line":509,"column":52}},{"start":{"line":510,"column":8},"end":{"line":510,"column":56}}]},"29":{"loc":{"start":{"line":529,"column":4},"end":{"line":531,"column":5}},"type":"if","locations":[{"start":{"line":529,"column":4},"end":{"line":531,"column":5}}]},"30":{"loc":{"start":{"line":542,"column":4},"end":{"line":550,"column":5}},"type":"if","locations":[{"start":{"line":542,"column":4},"end":{"line":550,"column":5}}]},"31":{"loc":{"start":{"line":553,"column":4},"end":{"line":561,"column":5}},"type":"if","locations":[{"start":{"line":553,"column":4},"end":{"line":561,"column":5}}]},"32":{"loc":{"start":{"line":564,"column":4},"end":{"line":572,"column":5}},"type":"if","locations":[{"start":{"line":564,"column":4},"end":{"line":572,"column":5}}]},"33":{"loc":{"start":{"line":564,"column":8},"end":{"line":564,"column":60}},"type":"binary-expr","locations":[{"start":{"line":564,"column":8},"end":{"line":564,"column":21}},{"start":{"line":564,"column":25},"end":{"line":564,"column":60}}]},"34":{"loc":{"start":{"line":604,"column":4},"end":{"line":606,"column":5}},"type":"if","locations":[{"start":{"line":604,"column":4},"end":{"line":606,"column":5}}]},"35":{"loc":{"start":{"line":617,"column":21},"end":{"line":620,"column":null}},"type":"binary-expr","locations":[{"start":{"line":617,"column":21},"end":{"line":617,"column":34}},{"start":{"line":618,"column":6},"end":{"line":620,"column":54}}]},"36":{"loc":{"start":{"line":618,"column":6},"end":{"line":620,"column":54}},"type":"cond-expr","locations":[{"start":{"line":619,"column":8},"end":{"line":619,"column":55}},{"start":{"line":620,"column":8},"end":{"line":620,"column":54}}]},"37":{"loc":{"start":{"line":630,"column":10},"end":{"line":630,"column":57}},"type":"binary-expr","locations":[{"start":{"line":630,"column":10},"end":{"line":630,"column":24}},{"start":{"line":630,"column":28},"end":{"line":630,"column":57}}]},"38":{"loc":{"start":{"line":640,"column":4},"end":{"line":647,"column":5}},"type":"if","locations":[{"start":{"line":640,"column":4},"end":{"line":647,"column":5}}]},"39":{"loc":{"start":{"line":664,"column":4},"end":{"line":666,"column":5}},"type":"if","locations":[{"start":{"line":664,"column":4},"end":{"line":666,"column":5}}]},"40":{"loc":{"start":{"line":674,"column":4},"end":{"line":682,"column":5}},"type":"if","locations":[{"start":{"line":674,"column":4},"end":{"line":682,"column":5}}]},"41":{"loc":{"start":{"line":689,"column":4},"end":{"line":694,"column":5}},"type":"if","locations":[{"start":{"line":689,"column":4},"end":{"line":694,"column":5}}]},"42":{"loc":{"start":{"line":710,"column":4},"end":{"line":732,"column":5}},"type":"if","locations":[{"start":{"line":710,"column":4},"end":{"line":732,"column":5}}]},"43":{"loc":{"start":{"line":714,"column":6},"end":{"line":722,"column":7}},"type":"if","locations":[{"start":{"line":714,"column":6},"end":{"line":722,"column":7}}]},"44":{"loc":{"start":{"line":734,"column":4},"end":{"line":746,"column":5}},"type":"if","locations":[{"start":{"line":734,"column":4},"end":{"line":746,"column":5}}]},"45":{"loc":{"start":{"line":790,"column":20},"end":{"line":795,"column":19}},"type":"cond-expr","locations":[{"start":{"line":790,"column":61},"end":{"line":795,"column":8}},{"start":{"line":795,"column":10},"end":{"line":795,"column":19}}]},"46":{"loc":{"start":{"line":799,"column":4},"end":{"line":808,"column":5}},"type":"if","locations":[{"start":{"line":799,"column":4},"end":{"line":808,"column":5}}]},"47":{"loc":{"start":{"line":822,"column":4},"end":{"line":824,"column":5}},"type":"if","locations":[{"start":{"line":822,"column":4},"end":{"line":824,"column":5}}]},"48":{"loc":{"start":{"line":880,"column":4},"end":{"line":882,"column":5}},"type":"if","locations":[{"start":{"line":880,"column":4},"end":{"line":882,"column":5}}]},"49":{"loc":{"start":{"line":892,"column":4},"end":{"line":895,"column":5}},"type":"if","locations":[{"start":{"line":892,"column":4},"end":{"line":895,"column":5}}]},"50":{"loc":{"start":{"line":898,"column":4},"end":{"line":901,"column":5}},"type":"if","locations":[{"start":{"line":898,"column":4},"end":{"line":901,"column":5}}]},"51":{"loc":{"start":{"line":903,"column":4},"end":{"line":906,"column":5}},"type":"if","locations":[{"start":{"line":903,"column":4},"end":{"line":906,"column":5}}]},"52":{"loc":{"start":{"line":908,"column":4},"end":{"line":911,"column":5}},"type":"if","locations":[{"start":{"line":908,"column":4},"end":{"line":911,"column":5}}]},"53":{"loc":{"start":{"line":915,"column":4},"end":{"line":918,"column":5}},"type":"if","locations":[{"start":{"line":915,"column":4},"end":{"line":918,"column":5}}]},"54":{"loc":{"start":{"line":947,"column":4},"end":{"line":949,"column":5}},"type":"if","locations":[{"start":{"line":947,"column":4},"end":{"line":949,"column":5}}]},"55":{"loc":{"start":{"line":952,"column":4},"end":{"line":954,"column":5}},"type":"if","locations":[{"start":{"line":952,"column":4},"end":{"line":954,"column":5}}]},"56":{"loc":{"start":{"line":957,"column":4},"end":{"line":959,"column":5}},"type":"if","locations":[{"start":{"line":957,"column":4},"end":{"line":959,"column":5}}]},"57":{"loc":{"start":{"line":965,"column":4},"end":{"line":973,"column":5}},"type":"if","locations":[{"start":{"line":965,"column":4},"end":{"line":973,"column":5}}]},"58":{"loc":{"start":{"line":967,"column":6},"end":{"line":972,"column":7}},"type":"if","locations":[{"start":{"line":967,"column":6},"end":{"line":972,"column":7}}]},"59":{"loc":{"start":{"line":967,"column":10},"end":{"line":967,"column":74}},"type":"binary-expr","locations":[{"start":{"line":967,"column":10},"end":{"line":967,"column":21}},{"start":{"line":967,"column":25},"end":{"line":967,"column":74}}]},"60":{"loc":{"start":{"line":977,"column":4},"end":{"line":979,"column":5}},"type":"if","locations":[{"start":{"line":977,"column":4},"end":{"line":979,"column":5}}]},"61":{"loc":{"start":{"line":978,"column":38},"end":{"line":978,"column":79}},"type":"binary-expr","locations":[{"start":{"line":978,"column":38},"end":{"line":978,"column":54}},{"start":{"line":978,"column":58},"end":{"line":978,"column":79}}]},"62":{"loc":{"start":{"line":989,"column":10},"end":{"line":989,"column":61}},"type":"binary-expr","locations":[{"start":{"line":989,"column":10},"end":{"line":989,"column":27}},{"start":{"line":989,"column":31},"end":{"line":989,"column":61}}]},"63":{"loc":{"start":{"line":994,"column":4},"end":{"line":997,"column":5}},"type":"if","locations":[{"start":{"line":994,"column":4},"end":{"line":997,"column":5}}]},"64":{"loc":{"start":{"line":1003,"column":4},"end":{"line":1005,"column":5}},"type":"if","locations":[{"start":{"line":1003,"column":4},"end":{"line":1005,"column":5}}]},"65":{"loc":{"start":{"line":1040,"column":6},"end":{"line":1057,"column":7}},"type":"if","locations":[{"start":{"line":1040,"column":6},"end":{"line":1057,"column":7}}]},"66":{"loc":{"start":{"line":1044,"column":26},"end":{"line":1044,"column":69}},"type":"binary-expr","locations":[{"start":{"line":1044,"column":26},"end":{"line":1044,"column":64}},{"start":{"line":1044,"column":68},"end":{"line":1044,"column":69}}]},"67":{"loc":{"start":{"line":1048,"column":8},"end":{"line":1051,"column":9}},"type":"if","locations":[{"start":{"line":1048,"column":8},"end":{"line":1051,"column":9}}]},"68":{"loc":{"start":{"line":1061,"column":4},"end":{"line":1080,"column":5}},"type":"if","locations":[{"start":{"line":1061,"column":4},"end":{"line":1080,"column":5}}]},"69":{"loc":{"start":{"line":1070,"column":8},"end":{"line":1078,"column":9}},"type":"if","locations":[{"start":{"line":1070,"column":8},"end":{"line":1078,"column":9}}]},"70":{"loc":{"start":{"line":1071,"column":10},"end":{"line":1073,"column":11}},"type":"if","locations":[{"start":{"line":1071,"column":10},"end":{"line":1073,"column":11}}]},"71":{"loc":{"start":{"line":1071,"column":14},"end":{"line":1071,"column":82}},"type":"binary-expr","locations":[{"start":{"line":1071,"column":14},"end":{"line":1071,"column":44}},{"start":{"line":1071,"column":48},"end":{"line":1071,"column":82}}]},"72":{"loc":{"start":{"line":1090,"column":4},"end":{"line":1090,"column":null}},"type":"if","locations":[{"start":{"line":1090,"column":4},"end":{"line":1090,"column":null}}]},"73":{"loc":{"start":{"line":1093,"column":4},"end":{"line":1096,"column":5}},"type":"if","locations":[{"start":{"line":1093,"column":4},"end":{"line":1096,"column":5}}]},"74":{"loc":{"start":{"line":1099,"column":4},"end":{"line":1101,"column":5}},"type":"if","locations":[{"start":{"line":1099,"column":4},"end":{"line":1101,"column":5}}]},"75":{"loc":{"start":{"line":1099,"column":8},"end":{"line":1099,"column":56}},"type":"binary-expr","locations":[{"start":{"line":1099,"column":8},"end":{"line":1099,"column":23}},{"start":{"line":1099,"column":27},"end":{"line":1099,"column":56}}]},"76":{"loc":{"start":{"line":1111,"column":21},"end":{"line":1111,"column":57}},"type":"binary-expr","locations":[{"start":{"line":1111,"column":21},"end":{"line":1111,"column":51}},{"start":{"line":1111,"column":55},"end":{"line":1111,"column":57}}]},"77":{"loc":{"start":{"line":1116,"column":4},"end":{"line":1118,"column":5}},"type":"if","locations":[{"start":{"line":1116,"column":4},"end":{"line":1118,"column":5}}]},"78":{"loc":{"start":{"line":1131,"column":4},"end":{"line":1131,"column":null}},"type":"if","locations":[{"start":{"line":1131,"column":4},"end":{"line":1131,"column":null}}]},"79":{"loc":{"start":{"line":1135,"column":6},"end":{"line":1137,"column":7}},"type":"if","locations":[{"start":{"line":1135,"column":6},"end":{"line":1137,"column":7}}]},"80":{"loc":{"start":{"line":1135,"column":10},"end":{"line":1135,"column":70}},"type":"binary-expr","locations":[{"start":{"line":1135,"column":10},"end":{"line":1135,"column":17}},{"start":{"line":1135,"column":21},"end":{"line":1135,"column":50}},{"start":{"line":1135,"column":54},"end":{"line":1135,"column":70}}]},"81":{"loc":{"start":{"line":1146,"column":91},"end":{"line":1146,"column":109}},"type":"default-arg","locations":[{"start":{"line":1146,"column":107},"end":{"line":1146,"column":109}}]},"82":{"loc":{"start":{"line":1147,"column":21},"end":{"line":1147,"column":61}},"type":"binary-expr","locations":[{"start":{"line":1147,"column":21},"end":{"line":1147,"column":55}},{"start":{"line":1147,"column":59},"end":{"line":1147,"column":61}}]},"83":{"loc":{"start":{"line":1149,"column":19},"end":{"line":1149,"column":51}},"type":"binary-expr","locations":[{"start":{"line":1149,"column":19},"end":{"line":1149,"column":29}},{"start":{"line":1149,"column":33},"end":{"line":1149,"column":51}}]},"84":{"loc":{"start":{"line":1165,"column":4},"end":{"line":1172,"column":5}},"type":"if","locations":[{"start":{"line":1165,"column":4},"end":{"line":1172,"column":5}},{"start":{"line":1167,"column":11},"end":{"line":1172,"column":5}}]},"85":{"loc":{"start":{"line":1166,"column":17},"end":{"line":1166,"column":64}},"type":"binary-expr","locations":[{"start":{"line":1166,"column":17},"end":{"line":1166,"column":58}},{"start":{"line":1166,"column":62},"end":{"line":1166,"column":64}}]},"86":{"loc":{"start":{"line":1175,"column":4},"end":{"line":1177,"column":5}},"type":"if","locations":[{"start":{"line":1175,"column":4},"end":{"line":1177,"column":5}}]},"87":{"loc":{"start":{"line":1179,"column":4},"end":{"line":1181,"column":5}},"type":"if","locations":[{"start":{"line":1179,"column":4},"end":{"line":1181,"column":5}}]},"88":{"loc":{"start":{"line":1183,"column":4},"end":{"line":1185,"column":5}},"type":"if","locations":[{"start":{"line":1183,"column":4},"end":{"line":1185,"column":5}}]},"89":{"loc":{"start":{"line":1187,"column":4},"end":{"line":1189,"column":5}},"type":"if","locations":[{"start":{"line":1187,"column":4},"end":{"line":1189,"column":5}}]},"90":{"loc":{"start":{"line":1195,"column":4},"end":{"line":1197,"column":5}},"type":"if","locations":[{"start":{"line":1195,"column":4},"end":{"line":1197,"column":5}}]},"91":{"loc":{"start":{"line":1195,"column":8},"end":{"line":1195,"column":54}},"type":"binary-expr","locations":[{"start":{"line":1195,"column":8},"end":{"line":1195,"column":20}},{"start":{"line":1195,"column":24},"end":{"line":1195,"column":54}}]},"92":{"loc":{"start":{"line":1209,"column":6},"end":{"line":1244,"column":7}},"type":"if","locations":[{"start":{"line":1209,"column":6},"end":{"line":1244,"column":7}}]},"93":{"loc":{"start":{"line":1225,"column":8},"end":{"line":1230,"column":9}},"type":"if","locations":[{"start":{"line":1225,"column":8},"end":{"line":1230,"column":9}}]},"94":{"loc":{"start":{"line":1252,"column":21},"end":{"line":1254,"column":52}},"type":"cond-expr","locations":[{"start":{"line":1253,"column":6},"end":{"line":1253,"column":53}},{"start":{"line":1254,"column":6},"end":{"line":1254,"column":52}}]},"95":{"loc":{"start":{"line":1258,"column":16},"end":{"line":1258,"column":69}},"type":"binary-expr","locations":[{"start":{"line":1258,"column":16},"end":{"line":1258,"column":56}},{"start":{"line":1258,"column":60},"end":{"line":1258,"column":69}}]},"96":{"loc":{"start":{"line":1263,"column":10},"end":{"line":1263,"column":36}},"type":"binary-expr","locations":[{"start":{"line":1263,"column":10},"end":{"line":1263,"column":19}},{"start":{"line":1263,"column":23},"end":{"line":1263,"column":36}}]},"97":{"loc":{"start":{"line":1271,"column":4},"end":{"line":1278,"column":5}},"type":"if","locations":[{"start":{"line":1271,"column":4},"end":{"line":1278,"column":5}}]},"98":{"loc":{"start":{"line":1288,"column":6},"end":{"line":1288,"column":48}},"type":"if","locations":[{"start":{"line":1288,"column":6},"end":{"line":1288,"column":48}}]},"99":{"loc":{"start":{"line":1289,"column":6},"end":{"line":1289,"column":55}},"type":"if","locations":[{"start":{"line":1289,"column":6},"end":{"line":1289,"column":55}}]},"100":{"loc":{"start":{"line":1304,"column":6},"end":{"line":1306,"column":7}},"type":"if","locations":[{"start":{"line":1304,"column":6},"end":{"line":1306,"column":7}}]},"101":{"loc":{"start":{"line":1348,"column":8},"end":{"line":1350,"column":45}},"type":"binary-expr","locations":[{"start":{"line":1348,"column":8},"end":{"line":1348,"column":72}},{"start":{"line":1349,"column":8},"end":{"line":1349,"column":17}},{"start":{"line":1350,"column":8},"end":{"line":1350,"column":45}}]},"102":{"loc":{"start":{"line":1353,"column":6},"end":{"line":1356,"column":7}},"type":"if","locations":[{"start":{"line":1353,"column":6},"end":{"line":1356,"column":7}}]},"103":{"loc":{"start":{"line":1361,"column":6},"end":{"line":1364,"column":7}},"type":"if","locations":[{"start":{"line":1361,"column":6},"end":{"line":1364,"column":7}}]},"104":{"loc":{"start":{"line":1369,"column":6},"end":{"line":1372,"column":7}},"type":"if","locations":[{"start":{"line":1369,"column":6},"end":{"line":1372,"column":7}}]},"105":{"loc":{"start":{"line":1369,"column":10},"end":{"line":1369,"column":90}},"type":"binary-expr","locations":[{"start":{"line":1369,"column":10},"end":{"line":1369,"column":37}},{"start":{"line":1369,"column":41},"end":{"line":1369,"column":90}}]},"106":{"loc":{"start":{"line":1377,"column":6},"end":{"line":1379,"column":7}},"type":"if","locations":[{"start":{"line":1377,"column":6},"end":{"line":1379,"column":7}}]},"107":{"loc":{"start":{"line":1382,"column":4},"end":{"line":1384,"column":5}},"type":"if","locations":[{"start":{"line":1382,"column":4},"end":{"line":1384,"column":5}}]}},"s":{"0":0,"1":0,"2":0,"3":0,"4":0,"5":0,"6":0,"7":0,"8":0,"9":0,"10":0,"11":0,"12":0,"13":0,"14":0,"15":0,"16":0,"17":0,"18":0,"19":0,"20":0,"21":0,"22":0,"23":0,"24":0,"25":0,"26":0,"27":0,"28":0,"29":0,"30":0,"31":0,"32":0,"33":0,"34":0,"35":0,"36":0,"37":0,"38":0,"39":0,"40":0,"41":0,"42":0,"43":0,"44":0,"45":0,"46":0,"47":0,"48":0,"49":0,"50":0,"51":0,"52":0,"53":0,"54":0,"55":0,"56":0,"57":0,"58":0,"59":0,"60":0,"61":0,"62":0,"63":0,"64":0,"65":0,"66":0,"67":0,"68":0,"69":0,"70":0,"71":0,"72":0,"73":0,"74":0,"75":0,"76":0,"77":0,"78":0,"79":0,"80":0,"81":0,"82":0,"83":0,"84":0,"85":0,"86":0,"87":0,"88":0,"89":0,"90":0,"91":0,"92":0,"93":0,"94":0,"95":0,"96":0,"97":0,"98":0,"99":0,"100":0,"101":0,"102":0,"103":0,"104":0,"105":0,"106":0,"107":0,"108":0,"109":0,"110":0,"111":0,"112":0,"113":0,"114":0,"115":0,"116":0,"117":0,"118":0,"119":0,"120":0,"121":0,"122":0,"123":0,"124":0,"125":0,"126":0,"127":0,"128":0,"129":0,"130":0,"131":0,"132":0,"133":0,"134":0,"135":0,"136":0,"137":0,"138":0,"139":0,"140":0,"141":0,"142":0,"143":0,"144":0,"145":0,"146":0,"147":0,"148":0,"149":0,"150":0,"151":0,"152":0,"153":0,"154":0,"155":0,"156":0,"157":0,"158":0,"159":0,"160":0,"161":0,"162":0,"163":0,"164":0,"165":0,"166":0,"167":0,"168":0,"169":0,"170":0,"171":0,"172":0,"173":0,"174":0,"175":0,"176":0,"177":0,"178":0,"179":0,"180":0,"181":0,"182":0,"183":0,"184":0,"185":0,"186":0,"187":0,"188":0,"189":0,"190":0,"191":0,"192":0,"193":0,"194":0,"195":0,"196":0,"197":0,"198":0,"199":0,"200":0,"201":0,"202":0,"203":0,"204":0,"205":0,"206":0,"207":0,"208":0,"209":0,"210":0,"211":0,"212":0,"213":0,"214":0,"215":0,"216":0,"217":0,"218":0,"219":0,"220":0,"221":0,"222":0,"223":0,"224":0,"225":0,"226":0,"227":0,"228":0,"229":0,"230":0,"231":0,"232":0,"233":0,"234":0,"235":0,"236":0,"237":0,"238":0,"239":0,"240":0,"241":0,"242":0,"243":0,"244":0,"245":0,"246":0,"247":0,"248":0,"249":0,"250":0,"251":0,"252":0,"253":0,"254":0,"255":0,"256":0,"257":0,"258":0,"259":0,"260":0,"261":0,"262":0,"263":0,"264":0,"265":0,"266":0,"267":0,"268":0,"269":0,"270":0,"271":0,"272":0,"273":0,"274":0,"275":0,"276":0,"277":0,"278":0,"279":0,"280":0,"281":0,"282":0,"283":0,"284":0,"285":0,"286":0,"287":0,"288":0,"289":0,"290":0,"291":0,"292":0,"293":0,"294":0,"295":0,"296":0,"297":0,"298":0,"299":0,"300":0,"301":0,"302":0,"303":0,"304":0,"305":0,"306":0,"307":0,"308":0,"309":0,"310":0,"311":0,"312":0,"313":0,"314":0,"315":0,"316":0,"317":0,"318":0,"319":0,"320":0,"321":0,"322":0,"323":0,"324":0,"325":0,"326":0,"327":0,"328":0,"329":0,"330":0,"331":0,"332":0,"333":0,"334":0,"335":0,"336":0,"337":0,"338":0,"339":0,"340":0,"341":0,"342":0,"343":0,"344":0,"345":0,"346":0,"347":0,"348":0,"349":0,"350":0,"351":0,"352":0,"353":0,"354":0,"355":0,"356":0,"357":0,"358":0,"359":0,"360":0,"361":0,"362":0,"363":0,"364":0,"365":0,"366":0,"367":0,"368":0,"369":0,"370":0,"371":0,"372":0,"373":0,"374":0,"375":0,"376":0,"377":0,"378":0,"379":0,"380":0,"381":0,"382":0,"383":0,"384":0,"385":0,"386":0,"387":0,"388":0,"389":0,"390":0,"391":0,"392":0,"393":0,"394":0,"395":0,"396":0,"397":0,"398":0,"399":0,"400":0,"401":0,"402":0,"403":0,"404":0,"405":0,"406":0},"f":{"0":0,"1":0,"2":0,"3":0,"4":0,"5":0,"6":0,"7":0,"8":0,"9":0,"10":0,"11":0,"12":0,"13":0,"14":0,"15":0,"16":0,"17":0,"18":0,"19":0,"20":0,"21":0,"22":0,"23":0,"24":0,"25":0,"26":0,"27":0,"28":0,"29":0,"30":0,"31":0,"32":0,"33":0,"34":0,"35":0,"36":0,"37":0,"38":0,"39":0,"40":0,"41":0,"42":0,"43":0,"44":0,"45":0,"46":0,"47":0,"48":0},"b":{"0":[0],"1":[0,0],"2":[0],"3":[0,0,0,0,0,0,0,0,0,0],"4":[0],"5":[0,0],"6":[0],"7":[0],"8":[0,0],"9":[0,0],"10":[0,0],"11":[0,0],"12":[0,0],"13":[0,0],"14":[0,0],"15":[0,0],"16":[0],"17":[0,0,0,0,0,0,0],"18":[0],"19":[0],"20":[0],"21":[0,0],"22":[0,0],"23":[0,0],"24":[0,0],"25":[0,0],"26":[0],"27":[0],"28":[0,0],"29":[0],"30":[0],"31":[0],"32":[0],"33":[0,0],"34":[0],"35":[0,0],"36":[0,0],"37":[0,0],"38":[0],"39":[0],"40":[0],"41":[0],"42":[0],"43":[0],"44":[0],"45":[0,0],"46":[0],"47":[0],"48":[0],"49":[0],"50":[0],"51":[0],"52":[0],"53":[0],"54":[0],"55":[0],"56":[0],"57":[0],"58":[0],"59":[0,0],"60":[0],"61":[0,0],"62":[0,0],"63":[0],"64":[0],"65":[0],"66":[0,0],"67":[0],"68":[0],"69":[0],"70":[0],"71":[0,0],"72":[0],"73":[0],"74":[0],"75":[0,0],"76":[0,0],"77":[0],"78":[0],"79":[0],"80":[0,0,0],"81":[0],"82":[0,0],"83":[0,0],"84":[0,0],"85":[0,0],"86":[0],"87":[0],"88":[0],"89":[0],"90":[0],"91":[0,0],"92":[0],"93":[0],"94":[0,0],"95":[0,0],"96":[0,0],"97":[0],"98":[0],"99":[0],"100":[0],"101":[0,0,0],"102":[0],"103":[0],"104":[0],"105":[0,0],"106":[0],"107":[0]}}
,"/home/runner/work/primoPokerServerlessCF/primoPokerServerlessCF/packages/persistence/src/delta-update-generator.ts": {"path":"/home/runner/work/primoPokerServerlessCF/primoPokerServerlessCF/packages/persistence/src/delta-update-generator.ts","statementMap":{"0":{"start":{"line":7,"column":0},"end":{"line":7,"column":46}},"1":{"start":{"line":8,"column":0},"end":{"line":8,"column":53}},"2":{"start":{"line":23,"column":40},"end":{"line":23,"column":42}},"3":{"start":{"line":25,"column":4},"end":{"line":78,"column":5}},"4":{"start":{"line":26,"column":6},"end":{"line":77,"column":7}},"5":{"start":{"line":28,"column":10},"end":{"line":32,"column":null}},"6":{"start":{"line":33,"column":10},"end":{"line":33,"column":15}},"7":{"start":{"line":36,"column":10},"end":{"line":39,"column":null}},"8":{"start":{"line":40,"column":10},"end":{"line":40,"column":15}},"9":{"start":{"line":43,"column":10},"end":{"line":60,"column":11}},"10":{"start":{"line":44,"column":12},"end":{"line":59,"column":13}},"11":{"start":{"line":45,"column":27},"end":{"line":45,"column":63}},"12":{"start":{"line":46,"column":14},"end":{"line":46,"column":33}},"13":{"start":{"line":49,"column":30},"end":{"line":49,"column":69}},"14":{"start":{"line":50,"column":28},"end":{"line":50,"column":64}},"15":{"start":{"line":52,"column":14},"end":{"line":58,"column":15}},"16":{"start":{"line":53,"column":16},"end":{"line":57,"column":null}},"17":{"start":{"line":61,"column":10},"end":{"line":61,"column":15}},"18":{"start":{"line":64,"column":10},"end":{"line":75,"column":11}},"19":{"start":{"line":65,"column":12},"end":{"line":69,"column":null}},"20":{"start":{"line":70,"column":12},"end":{"line":74,"column":null}},"21":{"start":{"line":76,"column":10},"end":{"line":76,"column":15}},"22":{"start":{"line":80,"column":4},"end":{"line":80,"column":null}},"23":{"start":{"line":88,"column":21},"end":{"line":88,"column":37}},"24":{"start":{"line":90,"column":4},"end":{"line":106,"column":5}},"25":{"start":{"line":92,"column":6},"end":{"line":92,"column":null}},"26":{"start":{"line":93,"column":24},"end":{"line":93,"column":64}},"27":{"start":{"line":93,"column":62},"end":{"line":93,"column":63}},"28":{"start":{"line":95,"column":6},"end":{"line":105,"column":7}},"29":{"start":{"line":97,"column":10},"end":{"line":97,"column":null}},"30":{"start":{"line":98,"column":10},"end":{"line":98,"column":15}},"31":{"start":{"line":100,"column":10},"end":{"line":100,"column":null}},"32":{"start":{"line":101,"column":10},"end":{"line":101,"column":15}},"33":{"start":{"line":103,"column":10},"end":{"line":103,"column":null}},"34":{"start":{"line":104,"column":10},"end":{"line":104,"column":15}},"35":{"start":{"line":108,"column":4},"end":{"line":108,"column":null}},"36":{"start":{"line":112,"column":16},"end":{"line":112,"column":37}},"37":{"start":{"line":113,"column":4},"end":{"line":113,"column":20}},"38":{"start":{"line":113,"column":14},"end":{"line":113,"column":20}},"39":{"start":{"line":114,"column":19},"end":{"line":114,"column":59}},"40":{"start":{"line":115,"column":4},"end":{"line":117,"column":5}},"41":{"start":{"line":116,"column":6},"end":{"line":116,"column":null}},"42":{"start":{"line":121,"column":16},"end":{"line":121,"column":37}},"43":{"start":{"line":122,"column":4},"end":{"line":122,"column":20}},"44":{"start":{"line":122,"column":14},"end":{"line":122,"column":20}},"45":{"start":{"line":123,"column":19},"end":{"line":123,"column":59}},"46":{"start":{"line":124,"column":4},"end":{"line":126,"column":5}},"47":{"start":{"line":125,"column":6},"end":{"line":125,"column":null}},"48":{"start":{"line":130,"column":16},"end":{"line":130,"column":37}},"49":{"start":{"line":131,"column":4},"end":{"line":131,"column":20}},"50":{"start":{"line":131,"column":14},"end":{"line":131,"column":20}},"51":{"start":{"line":132,"column":19},"end":{"line":132,"column":59}},"52":{"start":{"line":133,"column":4},"end":{"line":135,"column":5}},"53":{"start":{"line":134,"column":6},"end":{"line":134,"column":null}},"54":{"start":{"line":139,"column":27},"end":{"line":139,"column":30}},"55":{"start":{"line":140,"column":4},"end":{"line":145,"column":5}},"56":{"start":{"line":141,"column":6},"end":{"line":143,"column":7}},"57":{"start":{"line":142,"column":8},"end":{"line":142,"column":null}},"58":{"start":{"line":144,"column":6},"end":{"line":144,"column":null}},"59":{"start":{"line":148,"column":4},"end":{"line":150,"column":5}},"60":{"start":{"line":149,"column":6},"end":{"line":149,"column":null}},"61":{"start":{"line":152,"column":4},"end":{"line":152,"column":null}},"62":{"start":{"line":18,"column":0},"end":{"line":18,"column":13}}},"fnMap":{"0":{"name":"(anonymous_0)","decl":{"start":{"line":22,"column":2},"end":{"line":22,"column":15}},"loc":{"start":{"line":22,"column":38},"end":{"line":81,"column":3}}},"1":{"name":"(anonymous_1)","decl":{"start":{"line":86,"column":2},"end":{"line":86,"column":12}},"loc":{"start":{"line":86,"column":72},"end":{"line":109,"column":3}}},"2":{"name":"(anonymous_2)","decl":{"start":{"line":93,"column":57},"end":{"line":93,"column":58}},"loc":{"start":{"line":93,"column":62},"end":{"line":93,"column":63}}},"3":{"name":"(anonymous_3)","decl":{"start":{"line":111,"column":10},"end":{"line":111,"column":18}},"loc":{"start":{"line":111,"column":79},"end":{"line":118,"column":3}}},"4":{"name":"(anonymous_4)","decl":{"start":{"line":120,"column":10},"end":{"line":120,"column":21}},"loc":{"start":{"line":120,"column":66},"end":{"line":127,"column":3}}},"5":{"name":"(anonymous_5)","decl":{"start":{"line":129,"column":10},"end":{"line":129,"column":22}},"loc":{"start":{"line":129,"column":83},"end":{"line":136,"column":3}}},"6":{"name":"(anonymous_6)","decl":{"start":{"line":138,"column":10},"end":{"line":138,"column":21}},"loc":{"start":{"line":138,"column":66},"end":{"line":153,"column":3}}}},"branchMap":{"0":{"loc":{"start":{"line":26,"column":6},"end":{"line":77,"column":7}},"type":"switch","locations":[{"start":{"line":27,"column":8},"end":{"line":33,"column":15}},{"start":{"line":35,"column":8},"end":{"line":40,"column":15}},{"start":{"line":42,"column":8},"end":{"line":61,"column":15}},{"start":{"line":63,"column":8},"end":{"line":76,"column":15}}]},"1":{"loc":{"start":{"line":43,"column":10},"end":{"line":60,"column":11}},"type":"if","locations":[{"start":{"line":43,"column":10},"end":{"line":60,"column":11}}]},"2":{"loc":{"start":{"line":43,"column":14},"end":{"line":43,"column":45}},"type":"binary-expr","locations":[{"start":{"line":43,"column":14},"end":{"line":43,"column":27}},{"start":{"line":43,"column":31},"end":{"line":43,"column":45}}]},"3":{"loc":{"start":{"line":52,"column":14},"end":{"line":58,"column":15}},"type":"if","locations":[{"start":{"line":52,"column":14},"end":{"line":58,"column":15}}]},"4":{"loc":{"start":{"line":64,"column":10},"end":{"line":75,"column":11}},"type":"if","locations":[{"start":{"line":64,"column":10},"end":{"line":75,"column":11}}]},"5":{"loc":{"start":{"line":95,"column":6},"end":{"line":105,"column":7}},"type":"switch","locations":[{"start":{"line":96,"column":8},"end":{"line":98,"column":15}},{"start":{"line":99,"column":8},"end":{"line":101,"column":15}},{"start":{"line":102,"column":8},"end":{"line":104,"column":15}}]},"6":{"loc":{"start":{"line":113,"column":4},"end":{"line":113,"column":20}},"type":"if","locations":[{"start":{"line":113,"column":4},"end":{"line":113,"column":20}}]},"7":{"loc":{"start":{"line":115,"column":4},"end":{"line":117,"column":5}},"type":"if","locations":[{"start":{"line":115,"column":4},"end":{"line":117,"column":5}}]},"8":{"loc":{"start":{"line":122,"column":4},"end":{"line":122,"column":20}},"type":"if","locations":[{"start":{"line":122,"column":4},"end":{"line":122,"column":20}}]},"9":{"loc":{"start":{"line":124,"column":4},"end":{"line":126,"column":5}},"type":"if","locations":[{"start":{"line":124,"column":4},"end":{"line":126,"column":5}}]},"10":{"loc":{"start":{"line":131,"column":4},"end":{"line":131,"column":20}},"type":"if","locations":[{"start":{"line":131,"column":4},"end":{"line":131,"column":20}}]},"11":{"loc":{"start":{"line":133,"column":4},"end":{"line":135,"column":5}},"type":"if","locations":[{"start":{"line":133,"column":4},"end":{"line":135,"column":5}}]},"12":{"loc":{"start":{"line":141,"column":6},"end":{"line":143,"column":7}},"type":"if","locations":[{"start":{"line":141,"column":6},"end":{"line":143,"column":7}}]},"13":{"loc":{"start":{"line":141,"column":10},"end":{"line":141,"column":95}},"type":"binary-expr","locations":[{"start":{"line":141,"column":10},"end":{"line":141,"column":18}},{"start":{"line":141,"column":22},"end":{"line":141,"column":49}},{"start":{"line":141,"column":53},"end":{"line":141,"column":69}},{"start":{"line":141,"column":73},"end":{"line":141,"column":95}}]},"14":{"loc":{"start":{"line":148,"column":4},"end":{"line":150,"column":5}},"type":"if","locations":[{"start":{"line":148,"column":4},"end":{"line":150,"column":5}}]},"15":{"loc":{"start":{"line":148,"column":8},"end":{"line":148,"column":93}},"type":"binary-expr","locations":[{"start":{"line":148,"column":8},"end":{"line":148,"column":16}},{"start":{"line":148,"column":20},"end":{"line":148,"column":47}},{"start":{"line":148,"column":51},"end":{"line":148,"column":67}},{"start":{"line":148,"column":71},"end":{"line":148,"column":93}}]}},"s":{"0":1,"1":1,"2":4,"3":4,"4":6,"5":2,"6":2,"7":2,"8":2,"9":2,"10":2,"11":3,"12":3,"13":3,"14":3,"15":3,"16":3,"17":2,"18":0,"19":0,"20":0,"21":0,"22":4,"23":0,"24":0,"25":0,"26":0,"27":0,"28":0,"29":0,"30":0,"31":0,"32":0,"33":0,"34":0,"35":0,"36":0,"37":0,"38":0,"39":0,"40":0,"41":0,"42":0,"43":0,"44":0,"45":0,"46":0,"47":0,"48":0,"49":0,"50":0,"51":0,"52":0,"53":0,"54":0,"55":0,"56":0,"57":0,"58":0,"59":0,"60":0,"61":0,"62":1},"f":{"0":4,"1":0,"2":0,"3":0,"4":0,"5":0,"6":0},"b":{"0":[2,2,2,0],"1":[2],"2":[2,2],"3":[3],"4":[0],"5":[0,0,0],"6":[0],"7":[0],"8":[0],"9":[0],"10":[0],"11":[0],"12":[0],"13":[0,0,0,0],"14":[0],"15":[0,0,0,0]}}
,"/home/runner/work/primoPokerServerlessCF/primoPokerServerlessCF/packages/persistence/src/do-migration.ts": {"path":"/home/runner/work/primoPokerServerlessCF/primoPokerServerlessCF/packages/persistence/src/do-migration.ts","statementMap":{"0":{"start":{"line":380,"column":0},"end":{"line":380,"column":7}},"1":{"start":{"line":390,"column":0},"end":{"line":390,"column":7}},"2":{"start":{"line":8,"column":0},"end":{"line":8,"column":42}},"3":{"start":{"line":46,"column":49},"end":{"line":46,"column":58}},"4":{"start":{"line":53,"column":19},"end":{"line":53,"column":72}},"5":{"start":{"line":53,"column":50},"end":{"line":53,"column":71}},"6":{"start":{"line":56,"column":4},"end":{"line":61,"column":5}},"7":{"start":{"line":56,"column":17},"end":{"line":56,"column":18}},"8":{"start":{"line":57,"column":24},"end":{"line":57,"column":33}},"9":{"start":{"line":58,"column":6},"end":{"line":60,"column":7}},"10":{"start":{"line":59,"column":8},"end":{"line":59,"column":null}},"11":{"start":{"line":63,"column":4},"end":{"line":63,"column":null}},"12":{"start":{"line":64,"column":4},"end":{"line":64,"column":null}},"13":{"start":{"line":71,"column":4},"end":{"line":77,"column":5}},"14":{"start":{"line":72,"column":26},"end":{"line":72,"column":82}},"15":{"start":{"line":73,"column":6},"end":{"line":73,"column":null}},"16":{"start":{"line":75,"column":6},"end":{"line":75,"column":null}},"17":{"start":{"line":76,"column":6},"end":{"line":76,"column":null}},"18":{"start":{"line":88,"column":22},"end":{"line":88,"column":32}},"19":{"start":{"line":89,"column":23},"end":{"line":89,"column":60}},"20":{"start":{"line":91,"column":4},"end":{"line":99,"column":5}},"21":{"start":{"line":92,"column":6},"end":{"line":98,"column":null}},"22":{"start":{"line":101,"column":27},"end":{"line":101,"column":74}},"23":{"start":{"line":102,"column":26},"end":{"line":102,"column":43}},"24":{"start":{"line":103,"column":19},"end":{"line":103,"column":49}},"25":{"start":{"line":105,"column":4},"end":{"line":114,"column":5}},"26":{"start":{"line":106,"column":6},"end":{"line":113,"column":null}},"27":{"start":{"line":116,"column":4},"end":{"line":124,"column":5}},"28":{"start":{"line":117,"column":6},"end":{"line":123,"column":null}},"29":{"start":{"line":126,"column":4},"end":{"line":197,"column":5}},"30":{"start":{"line":128,"column":25},"end":{"line":128,"column":52}},"31":{"start":{"line":129,"column":25},"end":{"line":129,"column":26}},"32":{"start":{"line":132,"column":6},"end":{"line":167,"column":7}},"33":{"start":{"line":134,"column":8},"end":{"line":151,"column":9}},"34":{"start":{"line":134,"column":21},"end":{"line":134,"column":35}},"35":{"start":{"line":135,"column":28},"end":{"line":135,"column":41}},"36":{"start":{"line":136,"column":10},"end":{"line":138,"column":11}},"37":{"start":{"line":137,"column":12},"end":{"line":137,"column":null}},"38":{"start":{"line":139,"column":10},"end":{"line":139,"column":null}},"39":{"start":{"line":141,"column":10},"end":{"line":141,"column":null}},"40":{"start":{"line":142,"column":10},"end":{"line":142,"column":null}},"41":{"start":{"line":145,"column":10},"end":{"line":150,"column":11}},"42":{"start":{"line":146,"column":28},"end":{"line":146,"column":66}},"43":{"start":{"line":147,"column":12},"end":{"line":149,"column":13}},"44":{"start":{"line":148,"column":14},"end":{"line":148,"column":null}},"45":{"start":{"line":154,"column":8},"end":{"line":166,"column":9}},"46":{"start":{"line":154,"column":21},"end":{"line":154,"column":39}},"47":{"start":{"line":155,"column":28},"end":{"line":155,"column":41}},"48":{"start":{"line":156,"column":10},"end":{"line":158,"column":11}},"49":{"start":{"line":157,"column":12},"end":{"line":157,"column":null}},"50":{"start":{"line":159,"column":10},"end":{"line":161,"column":11}},"51":{"start":{"line":160,"column":12},"end":{"line":160,"column":null}},"52":{"start":{"line":163,"column":10},"end":{"line":163,"column":null}},"53":{"start":{"line":164,"column":10},"end":{"line":164,"column":null}},"54":{"start":{"line":165,"column":10},"end":{"line":165,"column":null}},"55":{"start":{"line":170,"column":6},"end":{"line":175,"column":null}},"56":{"start":{"line":177,"column":6},"end":{"line":177,"column":null}},"57":{"start":{"line":179,"column":6},"end":{"line":185,"column":null}},"58":{"start":{"line":187,"column":6},"end":{"line":187,"column":null}},"59":{"start":{"line":189,"column":6},"end":{"line":196,"column":null}},"60":{"start":{"line":20
[...]
column":13},"end":{"line":220,"column":22}},{"start":{"line":220,"column":26},"end":{"line":220,"column":27}}]},"18":{"loc":{"start":{"line":221,"column":13},"end":{"line":221,"column":27}},"type":"binary-expr","locations":[{"start":{"line":221,"column":13},"end":{"line":221,"column":22}},{"start":{"line":221,"column":26},"end":{"line":221,"column":27}}]},"19":{"loc":{"start":{"line":239,"column":8},"end":{"line":244,"column":9}},"type":"if","locations":[{"start":{"line":239,"column":8},"end":{"line":244,"column":9}}]},"20":{"loc":{"start":{"line":239,"column":12},"end":{"line":239,"column":49}},"type":"binary-expr","locations":[{"start":{"line":239,"column":12},"end":{"line":239,"column":16}},{"start":{"line":239,"column":20},"end":{"line":239,"column":49}}]},"21":{"loc":{"start":{"line":260,"column":28},"end":{"line":260,"column":78}},"type":"cond-expr","locations":[{"start":{"line":260,"column":35},"end":{"line":260,"column":59}},{"start":{"line":260,"column":62},"end":{"line":260,"column":78}}]},"22":{"loc":{"start":{"line":261,"column":26},"end":{"line":261,"column":72}},"type":"cond-expr","locations":[{"start":{"line":261,"column":33},"end":{"line":261,"column":55}},{"start":{"line":261,"column":58},"end":{"line":261,"column":72}}]},"23":{"loc":{"start":{"line":268,"column":8},"end":{"line":268,"column":36}},"type":"if","locations":[{"start":{"line":268,"column":8},"end":{"line":268,"column":36}}]},"24":{"loc":{"start":{"line":270,"column":8},"end":{"line":273,"column":9}},"type":"if","locations":[{"start":{"line":270,"column":8},"end":{"line":273,"column":9}}]},"25":{"loc":{"start":{"line":272,"column":10},"end":{"line":272,"column":54}},"type":"if","locations":[{"start":{"line":272,"column":10},"end":{"line":272,"column":54}}]},"26":{"loc":{"start":{"line":281,"column":8},"end":{"line":281,"column":36}},"type":"if","locations":[{"start":{"line":281,"column":8},"end":{"line":281,"column":36}}]},"27":{"loc":{"start":{"line":283,"column":8},"end":{"line":286,"column":9}},"type":"if","locations":[{"start":{"line":283,"column":8},"end":{"line":286,"column":9}}]},"28":{"loc":{"start":{"line":285,"column":10},"end":{"line":285,"column":52}},"type":"if","locations":[{"start":{"line":285,"column":10},"end":{"line":285,"column":52}}]},"29":{"loc":{"start":{"line":289,"column":13},"end":{"line":289,"column":64}},"type":"cond-expr","locations":[{"start":{"line":289,"column":33},"end":{"line":289,"column":60}},{"start":{"line":289,"column":63},"end":{"line":289,"column":64}}]},"30":{"loc":{"start":{"line":306,"column":8},"end":{"line":308,"column":9}},"type":"if","locations":[{"start":{"line":306,"column":8},"end":{"line":308,"column":9}}]},"31":{"loc":{"start":{"line":306,"column":12},"end":{"line":306,"column":34}},"type":"binary-expr","locations":[{"start":{"line":306,"column":12},"end":{"line":306,"column":16}},{"start":{"line":306,"column":20},"end":{"line":306,"column":34}}]},"32":{"loc":{"start":{"line":307,"column":42},"end":{"line":307,"column":75}},"type":"binary-expr","locations":[{"start":{"line":307,"column":42},"end":{"line":307,"column":70}},{"start":{"line":307,"column":74},"end":{"line":307,"column":75}}]},"33":{"loc":{"start":{"line":331,"column":8},"end":{"line":337,"column":9}},"type":"if","locations":[{"start":{"line":331,"column":8},"end":{"line":337,"column":9}}]},"34":{"loc":{"start":{"line":331,"column":12},"end":{"line":331,"column":50}},"type":"binary-expr","locations":[{"start":{"line":331,"column":12},"end":{"line":331,"column":16}},{"start":{"line":331,"column":20},"end":{"line":331,"column":50}}]},"35":{"loc":{"start":{"line":333,"column":10},"end":{"line":336,"column":11}},"type":"if","locations":[{"start":{"line":333,"column":10},"end":{"line":336,"column":11}}]},"36":{"loc":{"start":{"line":335,"column":43},"end":{"line":335,"column":75}},"type":"binary-expr","locations":[{"start":{"line":335,"column":43},"end":{"line":335,"column":70}},{"start":{"line":335,"column":74},"end":{"line":335,"column":75}}]},"37":{"loc":{"start":{"line":346,"column":19},"end":{"line":346,"column":74}},"type":"cond-expr","locations":[{"start":{"line":346,"column":39},"end":{"line":346,"column":70}},{"start":{"line":346,"column":73},"end":{"line":346,"column":74}}]},"38":{"loc":{"start":{"line":373,"column":8},"end":{"line":390,"column":9}},"type":"if","locations":[{"start":{"line":373,"column":8},"end":{"line":390,"column":9}}]},"39":{"loc":{"start":{"line":374,"column":10},"end":{"line":380,"column":11}},"type":"if","locations":[{"start":{"line":374,"column":10},"end":{"line":380,"column":11}}]},"40":{"loc":{"start":{"line":383,"column":10},"end":{"line":389,"column":11}},"type":"if","locations":[{"start":{"line":383,"column":10},"end":{"line":389,"column":11}}]},"41":{"loc":{"start":{"line":384,"column":12},"end":{"line":388,"column":13}},"type":"if","locations":[{"start":{"line":384,"column":12},"end":{"line":388,"column":13}},{"start":{"line":386,"column":19},"end":{"line":388,"column":13}}]},"42":{"loc":{"start":{"line":396,"column":8},"end":{"line":399,"column":9}},"type":"if","locations":[{"start":{"line":396,"column":8},"end":{"line":399,"column":9}}]},"43":{"loc":{"start":{"line":398,"column":34},"end":{"line":398,"column":81}},"type":"cond-expr","locations":[{"start":{"line":398,"column":46},"end":{"line":398,"column":77}},{"start":{"line":398,"column":80},"end":{"line":398,"column":81}}]},"44":{"loc":{"start":{"line":441,"column":20},"end":{"line":444,"column":8}},"type":"binary-expr","locations":[{"start":{"line":441,"column":20},"end":{"line":441,"column":62}},{"start":{"line":441,"column":66},"end":{"line":444,"column":8}}]},"45":{"loc":{"start":{"line":448,"column":6},"end":{"line":450,"column":7}},"type":"if","locations":[{"start":{"line":448,"column":6},"end":{"line":450,"column":7}}]},"46":{"loc":{"start":{"line":464,"column":6},"end":{"line":466,"column":7}},"type":"if","locations":[{"start":{"line":464,"column":6},"end":{"line":466,"column":7}}]},"47":{"loc":{"start":{"line":475,"column":6},"end":{"line":477,"column":7}},"type":"if","locations":[{"start":{"line":475,"column":6},"end":{"line":477,"column":7}}]},"48":{"loc":{"start":{"line":475,"column":10},"end":{"line":475,"column":60}},"type":"binary-expr","locations":[{"start":{"line":475,"column":10},"end":{"line":475,"column":16}},{"start":{"line":475,"column":20},"end":{"line":475,"column":32}},{"start":{"line":475,"column":36},"end":{"line":475,"column":60}}]}},"s":{"0":0,"1":0,"2":0,"3":0,"4":0,"5":0,"6":0,"7":0,"8":0,"9":0,"10":0,"11":0,"12":0,"13":0,"14":0,"15":0,"16":0,"17":0,"18":0,"19":0,"20":0,"21":0,"22":0,"23":0,"24":0,"25":0,"26":0,"27":0,"28":0,"29":0,"30":0,"31":0,"32":0,"33":0,"34":0,"35":0,"36":0,"37":0,"38":0,"39":0,"40":0,"41":0,"42":0,"43":0,"44":0,"45":0,"46":0,"47":0,"48":0,"49":0,"50":0,"51":0,"52":0,"53":0,"54":0,"55":0,"56":0,"57":0,"58":0,"59":0,"60":0,"61":0,"62":0,"63":0,"64":0,"65":0,"66":0,"67":0,"68":0,"69":0,"70":0,"71":0,"72":0,"73":0,"74":0,"75":0,"76":0,"77":0,"78":0,"79":0,"80":0,"81":0,"82":0,"83":0,"84":0,"85":0,"86":0,"87":0,"88":0,"89":0,"90":0,"91":0,"92":0,"93":0,"94":0,"95":0,"96":0,"97":0,"98":0,"99":0,"100":0,"101":0,"102":0,"103":0,"104":0,"105":0,"106":0,"107":0,"108":0,"109":0,"110":0,"111":0,"112":0,"113":0,"114":0,"115":0,"116":0,"117":0,"118":0,"119":0,"120":0,"121":0,"122":0,"123":0,"124":0,"125":0,"126":0,"127":0,"128":0,"129":0,"130":0,"131":0,"132":0,"133":0,"134":0,"135":0,"136":0,"137":0,"138":0,"139":0,"140":0,"141":0,"142":0,"143":0,"144":0,"145":0,"146":0,"147":0,"148":0,"149":0,"150":0,"151":0,"152":0,"153":0,"154":0,"155":0,"156":0,"157":0,"158":0,"159":0,"160":0,"161":0,"162":0,"163":0,"164":0,"165":0,"166":0,"167":0,"168":0,"169":0,"170":0,"171":0,"172":0,"173":0,"174":0,"175":0,"176":0,"177":0,"178":0,"179":0,"180":0,"181":0,"182":0,"183":0,"184":0,"185":0,"186":0,"187":0,"188":0,"189":0,"190":0,"191":0,"192":0,"193":0,"194":0,"195":0,"196":0,"197":0},"f":{"0":0,"1":0,"2":0,"3":0,"4":0,"5":0,"6":0,"7":0,"8":0,"9":0,"10":0,"11":0,"12":0,"13":0,"14":0,"15":0,"16":0,"17":0,"18":0,"19":0,"20":0,"21":0},"b":{"0":[0,0],"1":[0,0],"2":[0,0],"3":[0],"4":[0,0],"5":[0],"6":[0],"7":[0],"8":[0,0],"9":[0,0],"10":[0,0],"11":[0,0],"12":[0],"13":[0],"14":[0],"15":[0],"16":[0,0],"17":[0,0],"18":[0,0],"19":[0],"20":[0,0],"21":[0,0],"22":[0,0],"23":[0],"24":[0],"25":[0],"26":[0],"27":[0],"28":[0],"29":[0,0],"30":[0],"31":[0,0],"32":[0,0],"33":[0],"34":[0,0],"35":[0],"36":[0,0],"37":[0,0],"38":[0],"39":[0],"40":[0],"41":[0,0],"42":[0],"43":[0,0],"44":[0,0],"45":[0],"46":[0],"47":[0],"48":[0,0,0]}}
,"/home/runner/work/primoPokerServerlessCF/primoPokerServerlessCF/packages/persistence/src/test-helpers/broadcast-test-helpers.ts": {"path":"/home/runner/work/primoPokerServerlessCF/primoPokerServerlessCF/packages/persistence/src/test-helpers/broadcast-test-helpers.ts","statementMap":{"0":{"start":{"line":20,"column":0},"end":{"line":20,"column":16}},"1":{"start":{"line":35,"column":0},"end":{"line":35,"column":16}},"2":{"start":{"line":22,"column":21},"end":{"line":22,"column":35}},"3":{"start":{"line":24,"column":2},"end":{"line":28,"column":null}},"4":{"start":{"line":36,"column":21},"end":{"line":36,"column":35}},"5":{"start":{"line":39,"column":2},"end":{"line":39,"column":null}},"6":{"start":{"line":40,"column":2},"end":{"line":40,"column":null}},"7":{"start":{"line":41,"column":2},"end":{"line":41,"column":null}},"8":{"start":{"line":42,"column":2},"end":{"line":42,"column":null}},"9":{"start":{"line":43,"column":2},"end":{"line":43,"column":null}},"10":{"start":{"line":44,"column":2},"end":{"line":44,"column":null}},"11":{"start":{"line":47,"column":2},"end":{"line":50,"column":3}},"12":{"start":{"line":48,"column":4},"end":{"line":48,"column":null}},"13":{"start":{"line":49,"column":4},"end":{"line":49,"column":null}}},"fnMap":{"0":{"name":"extractBroadcastTestData","decl":{"start":{"line":20,"column":16},"end":{"line":20,"column":40}},"loc":{"start":{"line":20,"column":71},"end":{"line":29,"column":1}}},"1":{"name":"resetBroadcastManager","decl":{"start":{"line":35,"column":16},"end":{"line":35,"column":37}},"loc":{"start":{"line":35,"column":68},"end":{"line":51,"column":1}}}},"branchMap":{"0":{"loc":{"start":{"line":47,"column":2},"end":{"line":50,"column":3}},"type":"if","locations":[{"start":{"line":47,"column":2},"end":{"line":50,"column":3}}]}},"s":{"0":0,"1":0,"2":0,"3":0,"4":0,"5":0,"6":0,"7":0,"8":0,"9":0,"10":0,"11":0,"12":0,"13":0},"f":{"0":0,"1":0},"b":{"0":[0]}}
,"/home/runner/work/primoPokerServerlessCF/primoPokerServerlessCF/packages/persistence/src/utils/deep-clone.ts": {"path":"/home/runner/work/primoPokerServerlessCF/primoPokerServerlessCF/packages/persistence/src/utils/deep-clone.ts","statementMap":{"0":{"start":{"line":5,"column":0},"end":{"line":5,"column":16}},"1":{"start":{"line":7,"column":2},"end":{"line":9,"column":3}},"2":{"start":{"line":8,"column":4},"end":{"line":8,"column":null}},"3":{"start":{"line":12,"column":2},"end":{"line":14,"column":3}},"4":{"start":{"line":13,"column":4},"end":{"line":13,"column":null}},"5":{"start":{"line":17,"column":2},"end":{"line":19,"column":3}},"6":{"start":{"line":18,"column":4},"end":{"line":18,"column":null}},"7":{"start":{"line":22,"column":2},"end":{"line":24,"column":3}},"8":{"start":{"line":23,"column":4},"end":{"line":23,"column":null}},"9":{"start":{"line":23,"column":27},"end":{"line":23,"column":42}},"10":{"start":{"line":27,"column":2},"end":{"line":33,"column":3}},"11":{"start":{"line":28,"column":19},"end":{"line":28,"column":28}},"12":{"start":{"line":29,"column":4},"end":{"line":31,"column":null}},"13":{"start":{"line":30,"column":6},"end":{"line":30,"column":null}},"14":{"start":{"line":32,"column":4},"end":{"line":32,"column":null}},"15":{"start":{"line":36,"column":2},"end":{"line":42,"column":3}},"16":{"start":{"line":37,"column":19},"end":{"line":37,"column":28}},"17":{"start":{"line":38,"column":4},"end":{"line":40,"column":null}},"18":{"start":{"line":39,"column":6},"end":{"line":39,"column":null}},"19":{"start":{"line":41,"column":4},"end":{"line":41,"column":null}},"20":{"start":{"line":45,"column":17},"end":{"line":45,"column":24}},"21":{"start":{"line":46,"column":2},"end":{"line":50,"column":3}},"22":{"start":{"line":47,"column":4},"end":{"line":49,"column":5}},"23":{"start":{"line":48,"column":6},"end":{"line":48,"column":null}},"24":{"start":{"line":52,"column":2},"end":{"line":52,"column":null}}},"fnMap":{"0":{"name":"deepClone","decl":{"start":{"line":5,"column":16},"end":{"line":5,"column":25}},"loc":{"start":{"line":5,"column":35},"end":{"line":53,"column":1}}},"1":{"name":"(anonymous_1)","decl":{"start":{"line":23,"column":19},"end":{"line":23,"column":23}},"loc":{"start":{"line":23,"column":27},"end":{"line":23,"column":42}}},"2":{"name":"(anonymous_2)","decl":{"start":{"line":29,"column":16},"end":{"line":29,"column":17}},"loc":{"start":{"line":29,"column":31},"end":{"line":31,"column":5}}},"3":{"name":"(anonymous_3)","decl":{"start":{"line":38,"column":16},"end":{"line":38,"column":21}},"loc":{"start":{"line":38,"column":24},"end":{"line":40,"column":5}}}},"branchMap":{"0":{"loc":{"start":{"line":7,"column":2},"end":{"line":9,"column":3}},"type":"if","locations":[{"start":{"line":7,"column":2},"end":{"line":9,"column":3}}]},"1":{"loc":{"start":{"line":12,"column":2},"end":{"line":14,"column":3}},"type":"if","locations":[{"start":{"line":12,"column":2},"end":{"line":14,"column":3}}]},"2":{"loc":{"start":{"line":12,"column":6},"end":{"line":12,"column":45}},"type":"binary-expr","locations":[{"start":{"line":12,"column":6},"end":{"line":12,"column":18}},{"start":{"line":12,"column":22},"end":{"line":12,"column":45}}]},"3":{"loc":{"start":{"line":17,"column":2},"end":{"line":19,"column":3}},"type":"if","locations":[{"start":{"line":17,"column":2},"end":{"line":19,"column":3}}]},"4":{"loc":{"start":{"line":22,"column":2},"end":{"line":24,"column":3}},"type":"if","locations":[{"start":{"line":22,"column":2},"end":{"line":24,"column":3}}]},"5":{"loc":{"start":{"line":27,"column":2},"end":{"line":33,"column":3}},"type":"if","locations":[{"start":{"line":27,"column":2},"end":{"line":33,"column":3}}]},"6":{"loc":{"start":{"line":36,"column":2},"end":{"line":42,"column":3}},"type":"if","locations":[{"start":{"line":36,"column":2},"end":{"line":42,"column":3}}]},"7":{"loc":{"start":{"line":47,"column":4},"end":{"line":49,"column":5}},"type":"if","locations":[{"start":{"line":47,"column":4},"end":{"line":49,"column":5}}]}},"s":{"0":1,"1":0,"2":0,"3":0,"4":0,"5":0,"6":0,"7":0,"8":0,"9":0,"10":0,"11":0,"12":0,"13":0,"14":0,"15":0,"16":0,"17":0,"18":0,"19":0,"20":0,"21":0,"22":0,"23":0,"24":0},"f":{"0":0,"1":0,"2":0,"3":0},"b":{"0":[0],"1":[0],"2":[0,0],"3":[0],"4":[0],"5":[0],"6":[0],"7":[0]}}
,"/home/runner/work/primoPokerServerlessCF/primoPokerServerlessCF/packages/persistence/src/utils/path-validator.ts": {"path":"/home/runner/work/primoPokerServerlessCF/primoPokerServerlessCF/packages/persistence/src/utils/path-validator.ts","statementMap":{"0":{"start":{"line":37,"column":0},"end":{"line":37,"column":16}},"1":{"start":{"line":83,"column":0},"end":{"line":83,"column":16}},"2":{"start":{"line":6,"column":30},"end":{"line":6,"column":48}},"3":{"start":{"line":9,"column":30},"end":{"line":12,"column":null}},"4":{"start":{"line":15,"column":29},"end":{"line":24,"column":2}},"5":{"start":{"line":28,"column":4},"end":{"line":28,"column":null}},"6":{"start":{"line":27,"column":38},"end":{"line":27,"column":50}},"7":{"start":{"line":29,"column":4},"end":{"line":29,"column":null}},"8":{"start":{"line":26,"column":0},"end":{"line":26,"column":13}},"9":{"start":{"line":38,"column":2},"end":{"line":40,"column":3}},"10":{"start":{"line":39,"column":4},"end":{"line":39,"column":null}},"11":{"start":{"line":43,"column":2},"end":{"line":45,"column":3}},"12":{"start":{"line":44,"column":4},"end":{"line":44,"column":null}},"13":{"start":{"line":48,"column":27},"end":{"line":49,"column":null}},"14":{"start":{"line":49,"column":4},"end":{"line":49,"column":27}},"15":{"start":{"line":52,"column":2},"end":{"line":54,"column":3}},"16":{"start":{"line":53,"column":4},"end":{"line":53,"column":null}},"17":{"start":{"line":57,"column":19},"end":{"line":57,"column":49}},"18":{"start":{"line":57,"column":47},"end":{"line":57,"column":48}},"19":{"start":{"line":59,"column":2},"end":{"line":66,"column":3}},"20":{"start":{"line":60,"column":4},"end":{"line":65,"column":5}},"21":{"start":{"line":61,"column":6},"end":{"line":64,"column":null}},"22":{"start":{"line":69,"column":2},"end":{"line":77,"column":3}},"23":{"start":{"line":70,"column":18},"end":{"line":70,"column":29}},"24":{"start":{"line":71,"column":4},"end":{"line":76,"column":5}},"25":{"start":{"line":72,"column":6},"end":{"line":75,"column":null}},"26":{"start":{"line":84,"column":2},"end":{"line":87,"column":null}},"27":{"start":{"line":86,"column":20},"end":{"line":86,"column":58}}},"fnMap":{"0":{"name":"(anonymous_0)","decl":{"start":{"line":27,"column":2},"end":{"line":27,"column":14}},"loc":{"start":{"line":27,"column":50},"end":{"line":30,"column":3}}},"1":{"name":"validatePath","decl":{"start":{"line":37,"column":16},"end":{"line":37,"column":28}},"loc":{"start":{"line":37,"column":41},"end":{"line":78,"column":1}}},"2":{"name":"(anonymous_2)","decl":{"start":{"line":48,"column":54},"end":{"line":48,"column":60}},"loc":{"start":{"line":49,"column":4},"end":{"line":49,"column":27}}},"3":{"name":"(anonymous_3)","decl":{"start":{"line":57,"column":42},"end":{"line":57,"column":43}},"loc":{"start":{"line":57,"column":47},"end":{"line":57,"column":48}}},"4":{"name":"sanitizePath","decl":{"start":{"line":83,"column":16},"end":{"line":83,"column":28}},"loc":{"start":{"line":83,"column":41},"end":{"line":88,"column":1}}},"5":{"name":"(anonymous_5)","decl":{"start":{"line":86,"column":9},"end":{"line":86,"column":16}},"loc":{"start":{"line":86,"column":20},"end":{"line":86,"column":58}}}},"branchMap":{"0":{"loc":{"start":{"line":38,"column":2},"end":{"line":40,"column":3}},"type":"if","locations":[{"start":{"line":38,"column":2},"end":{"line":40,"column":3}}]},"1":{"loc":{"start":{"line":38,"column":6},"end":{"line":38,"column":39}},"type":"binary-expr","locations":[{"start":{"line":38,"column":6},"end":{"line":38,"column":11}},{"start":{"line":38,"column":15},"end":{"line":38,"column":39}}]},"2":{"loc":{"start":{"line":43,"column":2},"end":{"line":45,"column":3}},"type":"if","locations":[{"start":{"line":43,"column":2},"end":{"line":45,"column":3}}]},"3":{"loc":{"start":{"line":52,"column":2},"end":{"line":54,"column":3}},"type":"if","locations":[{"start":{"line":52,"column":2},"end":{"line":54,"column":3}}]},"4":{"loc":{"start":{"line":60,"column":4},"end":{"line":65,"column":5}},"type":"if","locations":[{"start":{"line":60,"column":4},"end":{"line":65,"column":5}}]},"5":{"loc":{"start":{"line":69,"column":2},"end":{"line":77,"column":3}},"type":"if","locations":[{"start":{"line":69,"column":2},"end":{"line":77,"column":3}}]},"6":{"loc":{"start":{"line":69,"column":6},"end":{"line":69,"column":57}},"type":"binary-expr","locations":[{"start":{"line":69,"column":6},"end":{"line":69,"column":33}},{"start":{"line":69,"column":37},"end":{"line":69,"column":57}}]},"7":{"loc":{"start":{"line":71,"column":4},"end":{"line":76,"column":5}},"type":"if","locations":[{"start":{"line":71,"column":4},"end":{"line":76,"column":5}}]},"8":{"loc":{"start":{"line":71,"column":8},"end":{"line":71,"column":49}},"type":"binary-expr","locations":[{"start":{"line":71,"column":8},"end":{"line":71,"column":13}},{"start":{"line":71,"column":17},"end":{"line":71,"column":49}}]}},"s":{"0":1,"1":1,"2":1,"3":1,"4":1,"5":0,"6":0,"7":0,"8":1,"9":3,"10":0,"11":3,"12":0,"13":3,"14":3,"15":3,"16":0,"17":3,"18":12,"19":3,"20":9,"21":0,"22":3,"23":3,"24":3,"25":0,"26":0,"27":0},"f":{"0":0,"1":3,"2":3,"3":12,"4":0,"5":0},"b":{"0":[0],"1":[3,3],"2":[0],"3":[0],"4":[0],"5":[3],"6":[3,3],"7":[0],"8":[3,3]}}
}
