TN:
SF:src/chat-moderator-do.ts
FN:131,(anonymous_0)
FN:168,(anonymous_1)
FN:238,(anonymous_2)
FN:268,(anonymous_3)
FN:290,(anonymous_4)
FN:337,(anonymous_5)
FN:389,(anonymous_6)
FN:414,(anonymous_7)
FN:452,(anonymous_8)
FN:484,(anonymous_9)
FN:528,(anonymous_10)
FN:552,(anonymous_11)
FN:603,(anonymous_12)
FN:663,(anonymous_13)
FN:709,(anonymous_14)
FN:754,(anonymous_15)
FN:761,(anonymous_16)
FN:776,(anonymous_17)
FN:789,(anonymous_18)
FN:818,(anonymous_19)
FN:849,(anonymous_20)
FN:872,(anonymous_21)
FN:888,(anonymous_22)
FN:897,(anonymous_23)
FN:940,(anonymous_24)
FN:1029,(anonymous_25)
FN:1088,(anonymous_26)
FN:1109,(anonymous_27)
FN:1114,(anonymous_28)
FN:1129,(anonymous_29)
FN:1146,(anonymous_30)
FN:1149,(anonymous_31)
FN:1162,(anonymous_32)
FN:1176,(anonymous_33)
FN:1180,(anonymous_34)
FN:1184,(anonymous_35)
FN:1188,(anonymous_36)
FN:1192,(anonymous_37)
FN:1205,(anonymous_38)
FN:1208,(anonymous_39)
FN:1251,(anonymous_40)
FN:1284,(anonymous_41)
FN:1302,(anonymous_42)
FN:1314,(anonymous_43)
FN:1325,(anonymous_44)
FN:1332,(anonymous_45)
FN:1333,(anonymous_46)
FN:1341,(anonymous_47)
FN:1347,(anonymous_48)
FNF:49
FNH:0
FNDA:0,(anonymous_0)
FNDA:0,(anonymous_1)
FNDA:0,(anonymous_2)
FNDA:0,(anonymous_3)
FNDA:0,(anonymous_4)
FNDA:0,(anonymous_5)
FNDA:0,(anonymous_6)
FNDA:0,(anonymous_7)
FNDA:0,(anonymous_8)
FNDA:0,(anonymous_9)
FNDA:0,(anonymous_10)
FNDA:0,(anonymous_11)
FNDA:0,(anonymous_12)
FNDA:0,(anonymous_13)
FNDA:0,(anonymous_14)
FNDA:0,(anonymous_15)
FNDA:0,(anonymous_16)
FNDA:0,(anonymous_17)
FNDA:0,(anonymous_18)
FNDA:0,(anonymous_19)
FNDA:0,(anonymous_20)
FNDA:0,(anonymous_21)
FNDA:0,(anonymous_22)
FNDA:0,(anonymous_23)
FNDA:0,(anonymous_24)
FNDA:0,(anonymous_25)
FNDA:0,(anonymous_26)
FNDA:0,(anonymous_27)
FNDA:0,(anonymous_28)
FNDA:0,(anonymous_29)
FNDA:0,(anonymous_30)
FNDA:0,(anonymous_31)
FNDA:0,(anonymous_32)
FNDA:0,(anonymous_33)
FNDA:0,(anonymous_34)
FNDA:0,(anonymous_35)
FNDA:0,(anonymous_36)
FNDA:0,(anonymous_37)
FNDA:0,(anonymous_38)
FNDA:0,(anonymous_39)
FNDA:0,(anonymous_40)
FNDA:0,(anonymous_41)
FNDA:0,(anonymous_42)
FNDA:0,(anonymous_43)
FNDA:0,(anonymous_44)
FNDA:0,(anonymous_45)
FNDA:0,(anonymous_46)
FNDA:0,(anonymous_47)
FNDA:0,(anonymous_48)
DA:8,0
DA:13,0
DA:14,0
DA:106,0
DA:110,0
DA:111,0
DA:112,0
DA:116,0
DA:117,0
DA:118,0
DA:119,0
DA:120,0
DA:121,0
DA:122,0
DA:123,0
DA:124,0
DA:127,0
DA:132,0
DA:133,0
DA:136,0
DA:157,0
DA:158,0
DA:162,0
DA:169,0
DA:171,0
DA:172,0
DA:174,0
DA:175,0
DA:178,0
DA:179,0
DA:184,0
DA:186,0
DA:187,0
DA:189,0
DA:190,0
DA:192,0
DA:193,0
DA:195,0
DA:196,0
DA:198,0
DA:199,0
DA:201,0
DA:202,0
DA:204,0
DA:205,0
DA:207,0
DA:208,0
DA:210,0
DA:211,0
DA:213,0
DA:217,0
DA:218,0
DA:219,0
DA:222,0
DA:224,0
DA:225,0
DA:239,0
DA:241,0
DA:242,0
DA:243,0
DA:244,0
DA:253,0
DA:259,0
DA:262,0
DA:269,0
DA:270,0
DA:281,0
DA:283,0
DA:291,0
DA:292,0
DA:293,0
DA:296,0
DA:299,0
DA:300,0
DA:301,0
DA:304,0
DA:313,0
DA:316,0
DA:322,0
DA:324,0
DA:329,0
DA:330,0
DA:338,0
DA:339,0
DA:340,0
DA:343,0
DA:344,0
DA:345,0
DA:346,0
DA:350,0
DA:352,0
DA:354,0
DA:355,0
DA:358,0
DA:359,0
DA:362,0
DA:363,0
DA:366,0
DA:367,0
DA:370,0
DA:371,0
DA:374,0
DA:375,0
DA:378,0
DA:381,0
DA:382,0
DA:390,0
DA:391,0
DA:393,0
DA:394,0
DA:402,0
DA:403,0
DA:415,0
DA:416,0
DA:419,0
DA:426,0
DA:428,0
DA:429,0
DA:438,0
DA:453,0
DA:454,0
DA:455,0
DA:456,0
DA:457,0
DA:459,0
DA:468,0
DA:470,0
DA:485,0
DA:486,0
DA:489,0
DA:495,0
DA:503,0
DA:504,0
DA:506,0
DA:509,0
DA:511,0
DA:514,0
DA:529,0
DA:530,0
DA:533,0
DA:541,0
DA:542,0
DA:543,0
DA:552,0
DA:553,0
DA:554,0
DA:564,0
DA:565,0
DA:575,0
DA:576,0
DA:577,0
DA:579,0
DA:580,0
DA:583,0
DA:590,0
DA:604,0
DA:605,0
DA:608,0
DA:617,0
DA:623,0
DA:633,0
DA:634,0
DA:636,0
DA:639,0
DA:640,0
DA:641,0
DA:649,0
DA:664,0
DA:665,0
DA:668,0
DA:673,0
DA:674,0
DA:675,0
DA:684,0
DA:685,0
DA:688,0
DA:689,0
DA:690,0
DA:696,0
DA:710,0
DA:711,0
DA:712,0
DA:714,0
DA:715,0
DA:724,0
DA:726,0
DA:734,0
DA:735,0
DA:737,0
DA:738,0
DA:740,0
DA:748,0
DA:755,0
DA:761,0
DA:765,0
DA:777,0
DA:779,0
DA:789,0
DA:799,0
DA:800,0
DA:807,0
DA:810,0
DA:819,0
DA:822,0
DA:823,0
DA:827,0
DA:835,0
DA:838,0
DA:850,0
DA:853,0
DA:861,0
DA:873,0
DA:880,0
DA:881,0
DA:889,0
DA:891,0
DA:892,0
DA:893,0
DA:894,0
DA:897,0
DA:898,0
DA:899,0
DA:900,0
DA:903,0
DA:904,0
DA:905,0
DA:908,0
DA:909,0
DA:910,0
DA:914,0
DA:915,0
DA:916,0
DA:917,0
DA:921,0
DA:922,0
DA:923,0
DA:925,0
DA:928,0
DA:947,0
DA:948,0
DA:952,0
DA:953,0
DA:957,0
DA:958,0
DA:962,0
DA:965,0
DA:966,0
DA:967,0
DA:968,0
DA:976,0
DA:977,0
DA:978,0
DA:982,0
DA:993,0
DA:994,0
DA:995,0
DA:996,0
DA:999,0
DA:1000,0
DA:1003,0
DA:1004,0
DA:1007,0
DA:1010,0
DA:1017,0
DA:1019,0
DA:1034,0
DA:1035,0
DA:1038,0
DA:1039,0
DA:1040,0
DA:1041,0
DA:1044,0
DA:1045,0
DA:1046,0
DA:1048,0
DA:1050,0
DA:1053,0
DA:1061,0
DA:1063,0
DA:1069,0
DA:1070,0
DA:1071,0
DA:1072,0
DA:1075,0
DA:1076,0
DA:1077,0
DA:1082,0
DA:1089,0
DA:1090,0
DA:1093,0
DA:1094,0
DA:1095,0
DA:1099,0
DA:1100,0
DA:1103,0
DA:1110,0
DA:1111,0
DA:1114,0
DA:1116,0
DA:1117,0
DA:1120,0
DA:1121,0
DA:1123,0
DA:1130,0
DA:1131,0
DA:1133,0
DA:1134,0
DA:1135,0
DA:1136,0
DA:1140,0
DA:1147,0
DA:1148,0
DA:1149,0
DA:1152,0
DA:1163,0
DA:1165,0
DA:1166,0
DA:1169,0
DA:1170,0
DA:1175,0
DA:1176,0
DA:1179,0
DA:1180,0
DA:1183,0
DA:1184,0
DA:1187,0
DA:1188,0
DA:1192,0
DA:1195,0
DA:1196,0
DA:1199,0
DA:1207,0
DA:1208,0
DA:1209,0
DA:1211,0
DA:1212,0
DA:1213,0
DA:1216,0
DA:1224,0
DA:1225,0
DA:1226,0
DA:1227,0
DA:1228,0
DA:1229,0
DA:1232,0
DA:1235,0
DA:1243,0
DA:1252,0
DA:1256,0
DA:1266,0
DA:1267,0
DA:1270,0
DA:1271,0
DA:1272,0
DA:1285,0
DA:1287,0
DA:1288,0
DA:1289,0
DA:1291,0
DA:1292,0
DA:1294,0
DA:1303,0
DA:1304,0
DA:1305,0
DA:1308,0
DA:1315,0
DA:1316,0
DA:1318,0
DA:1326,0
DA:1333,0
DA:1334,0
DA:1342,0
DA:1343,0
DA:1346,0
DA:1347,0
DA:1348,0
DA:1353,0
DA:1354,0
DA:1355,0
DA:1360,0
DA:1361,0
DA:1362,0
DA:1363,0
DA:1368,0
DA:1369,0
DA:1370,0
DA:1371,0
DA:1376,0
DA:1377,0
DA:1378,0
DA:1382,0
DA:1383,0
LF:392
LH:0
BRDA:157,0,0,0
BRDA:157,1,0,0
BRDA:157,1,1,0
BRDA:178,2,0,0
BRDA:184,3,0,0
BRDA:184,3,1,0
BRDA:184,3,2,0
BRDA:184,3,3,0
BRDA:184,3,4,0
BRDA:184,3,5,0
BRDA:184,3,6,0
BRDA:184,3,7,0
BRDA:184,3,8,0
BRDA:184,3,9,0
BRDA:217,4,0,0
BRDA:227,5,0,0
BRDA:227,5,1,0
BRDA:239,6,0,0
BRDA:243,7,0,0
BRDA:246,8,0,0
BRDA:246,8,1,0
BRDA:247,9,0,0
BRDA:247,9,1,0
BRDA:248,10,0,0
BRDA:248,10,1,0
BRDA:249,11,0,0
BRDA:249,11,1,0
BRDA:250,12,0,0
BRDA:250,12,1,0
BRDA:251,13,0,0
BRDA:251,13,1,0
BRDA:299,14,0,0
BRDA:299,14,1,0
BRDA:300,15,0,0
BRDA:300,15,1,0
BRDA:344,16,0,0
BRDA:352,17,0,0
BRDA:352,17,1,0
BRDA:352,17,2,0
BRDA:352,17,3,0
BRDA:352,17,4,0
BRDA:352,17,5,0
BRDA:352,17,6,0
BRDA:391,18,0,0
BRDA:415,19,0,0
BRDA:428,20,0,0
BRDA:460,21,0,0
BRDA:460,21,1,0
BRDA:461,22,0,0
BRDA:461,22,1,0
BRDA:462,23,0,0
BRDA:462,23,1,0
BRDA:463,24,0,0
BRDA:463,24,1,0
BRDA:465,25,0,0
BRDA:465,25,1,0
BRDA:485,26,0,0
BRDA:509,27,0,0
BRDA:509,28,0,0
BRDA:509,28,1,0
BRDA:529,29,0,0
BRDA:542,30,0,0
BRDA:553,31,0,0
BRDA:564,32,0,0
BRDA:564,33,0,0
BRDA:564,33,1,0
BRDA:604,34,0,0
BRDA:617,35,0,0
BRDA:617,35,1,0
BRDA:618,36,0,0
BRDA:618,36,1,0
BRDA:630,37,0,0
BRDA:630,37,1,0
BRDA:640,38,0,0
BRDA:664,39,0,0
BRDA:674,40,0,0
BRDA:689,41,0,0
BRDA:710,42,0,0
BRDA:714,43,0,0
BRDA:734,44,0,0
BRDA:790,45,0,0
BRDA:790,45,1,0
BRDA:799,46,0,0
BRDA:822,47,0,0
BRDA:880,48,0,0
BRDA:892,49,0,0
BRDA:898,50,0,0
BRDA:903,51,0,0
BRDA:908,52,0,0
BRDA:915,53,0,0
BRDA:947,54,0,0
BRDA:952,55,0,0
BRDA:957,56,0,0
BRDA:965,57,0,0
BRDA:967,58,0,0
BRDA:967,59,0,0
BRDA:967,59,1,0
BRDA:977,60,0,0
BRDA:978,61,0,0
BRDA:978,61,1,0
BRDA:989,62,0,0
BRDA:989,62,1,0
BRDA:994,63,0,0
BRDA:1003,64,0,0
BRDA:1040,65,0,0
BRDA:1044,66,0,0
BRDA:1044,66,1,0
BRDA:1048,67,0,0
BRDA:1061,68,0,0
BRDA:1070,69,0,0
BRDA:1071,70,0,0
BRDA:1071,71,0,0
BRDA:1071,71,1,0
BRDA:1090,72,0,0
BRDA:1093,73,0,0
BRDA:1099,74,0,0
BRDA:1099,75,0,0
BRDA:1099,75,1,0
BRDA:1111,76,0,0
BRDA:1111,76,1,0
BRDA:1116,77,0,0
BRDA:1131,78,0,0
BRDA:1135,79,0,0
BRDA:1135,80,0,0
BRDA:1135,80,1,0
BRDA:1135,80,2,0
BRDA:1146,81,0,0
BRDA:1147,82,0,0
BRDA:1147,82,1,0
BRDA:1149,83,0,0
BRDA:1149,83,1,0
BRDA:1165,84,0,0
BRDA:1165,84,1,0
BRDA:1166,85,0,0
BRDA:1166,85,1,0
BRDA:1175,86,0,0
BRDA:1179,87,0,0
BRDA:1183,88,0,0
BRDA:1187,89,0,0
BRDA:1195,90,0,0
BRDA:1195,91,0,0
BRDA:1195,91,1,0
BRDA:1209,92,0,0
BRDA:1225,93,0,0
BRDA:1252,94,0,0
BRDA:1252,94,1,0
BRDA:1258,95,0,0
BRDA:1258,95,1,0
BRDA:1263,96,0,0
BRDA:1263,96,1,0
BRDA:1271,97,0,0
BRDA:1288,98,0,0
BRDA:1289,99,0,0
BRDA:1304,100,0,0
BRDA:1348,101,0,0
BRDA:1348,101,1,0
BRDA:1348,101,2,0
BRDA:1353,102,0,0
BRDA:1361,103,0,0
BRDA:1369,104,0,0
BRDA:1369,105,0,0
BRDA:1369,105,1,0
BRDA:1377,106,0,0
BRDA:1382,107,0,0
BRF:164
BRH:0
end_of_record
TN:
SF:src/delta-update-generator.ts
FN:22,(anonymous_0)
FN:86,(anonymous_1)
FN:93,(anonymous_2)
FN:111,(anonymous_3)
FN:120,(anonymous_4)
FN:129,(anonymous_5)
FN:138,(anonymous_6)
FNF:7
FNH:0
FNDA:0,(anonymous_0)
FNDA:0,(anonymous_1)
FNDA:0,(anonymous_2)
FNDA:0,(anonymous_3)
FNDA:0,(anonymous_4)
FNDA:0,(anonymous_5)
FNDA:0,(anonymous_6)
DA:7,0
DA:8,0
DA:18,0
DA:23,0
DA:25,0
DA:26,0
DA:28,0
DA:33,0
DA:36,0
DA:40,0
DA:43,0
DA:44,0
DA:45,0
DA:46,0
DA:49,0
DA:50,0
DA:52,0
DA:53,0
DA:61,0
DA:64,0
DA:65,0
DA:70,0
DA:76,0
DA:80,0
DA:88,0
DA:90,0
DA:92,0
DA:93,0
DA:95,0
DA:97,0
DA:98,0
DA:100,0
DA:101,0
DA:103,0
DA:104,0
DA:108,0
DA:112,0
DA:113,0
DA:114,0
DA:115,0
DA:116,0
DA:121,0
DA:122,0
DA:123,0
DA:124,0
DA:125,0
DA:130,0
DA:131,0
DA:132,0
DA:133,0
DA:134,0
DA:139,0
DA:140,0
DA:141,0
DA:142,0
DA:144,0
DA:148,0
DA:149,0
DA:152,0
LF:59
LH:0
BRDA:26,0,0,0
BRDA:26,0,1,0
BRDA:26,0,2,0
BRDA:26,0,3,0
BRDA:43,1,0,0
BRDA:43,2,0,0
BRDA:43,2,1,0
BRDA:52,3,0,0
BRDA:64,4,0,0
BRDA:95,5,0,0
BRDA:95,5,1,0
BRDA:95,5,2,0
BRDA:113,6,0,0
BRDA:115,7,0,0
BRDA:122,8,0,0
BRDA:124,9,0,0
BRDA:131,10,0,0
BRDA:133,11,0,0
BRDA:141,12,0,0
BRDA:141,13,0,0
BRDA:141,13,1,0
BRDA:141,13,2,0
BRDA:141,13,3,0
BRDA:148,14,0,0
BRDA:148,15,0,0
BRDA:148,15,1,0
BRDA:148,15,2,0
BRDA:148,15,3,0
BRF:28
BRH:0
end_of_record
TN:
SF:src/do-migration.ts
FN:51,(anonymous_0)
FN:53,(anonymous_1)
FN:70,(anonymous_2)
FN:83,(anonymous_3)
FN:203,(anonymous_4)
FN:220,(anonymous_5)
FN:226,(anonymous_6)
FN:260,(anonymous_7)
FN:271,(anonymous_8)
FN:286,(anonymous_9)
FN:297,(anonymous_10)
FN:323,(anonymous_11)
FN:344,(anonymous_12)
FN:355,(anonymous_13)
FN:380,ensureLatestVersion
FN:390,getMigrationStatus
FNF:16
FNH:0
FNDA:0,(anonymous_0)
FNDA:0,(anonymous_1)
FNDA:0,(anonymous_2)
FNDA:0,(anonymous_3)
FNDA:0,(anonymous_4)
FNDA:0,(anonymous_5)
FNDA:0,(anonymous_6)
FNDA:0,(anonymous_7)
FNDA:0,(anonymous_8)
FNDA:0,(anonymous_9)
FNDA:0,(anonymous_10)
FNDA:0,(anonymous_11)
FNDA:0,(anonymous_12)
FNDA:0,(anonymous_13)
FNDA:0,ensureLatestVersion
FNDA:0,getMigrationStatus
DA:8,0
DA:45,0
DA:46,0
DA:53,0
DA:56,0
DA:57,0
DA:58,0
DA:59,0
DA:63,0
DA:64,0
DA:71,0
DA:72,0
DA:73,0
DA:75,0
DA:76,0
DA:88,0
DA:89,0
DA:91,0
DA:92,0
DA:101,0
DA:102,0
DA:103,0
DA:105,0
DA:106,0
DA:116,0
DA:117,0
DA:126,0
DA:128,0
DA:129,0
DA:132,0
DA:134,0
DA:135,0
DA:136,0
DA:137,0
DA:139,0
DA:141,0
DA:142,0
DA:145,0
DA:146,0
DA:147,0
DA:148,0
DA:154,0
DA:155,0
DA:156,0
DA:157,0
DA:159,0
DA:160,0
DA:163,0
DA:164,0
DA:165,0
DA:170,0
DA:177,0
DA:179,0
DA:187,0
DA:189,0
DA:204,0
DA:207,0
DA:208,0
DA:209,0
DA:210,0
DA:214,0
DA:226,0
DA:228,0
DA:231,0
DA:232,0
DA:236,0
DA:241,0
DA:244,0
DA:249,0
DA:256,0
DA:262,0
DA:263,0
DA:265,0
DA:273,0
DA:274,0
DA:276,0
DA:282,0
DA:288,0
DA:289,0
DA:291,0
DA:299,0
DA:300,0
DA:303,0
DA:304,0
DA:305,0
DA:306,0
DA:317,0
DA:325,0
DA:326,0
DA:327,0
DA:328,0
DA:329,0
DA:334,0
DA:340,0
DA:346,0
DA:347,0
DA:349,0
DA:357,0
DA:358,0
DA:367,0
DA:373,0
DA:374,0
DA:375,0
DA:380,0
DA:384,0
DA:390,0
DA:399,0
DA:400,0
DA:401,0
DA:403,0
DA:405,0
LF:111
LH:0
BRDA:58,0,0,0
BRDA:58,1,0,0
BRDA:58,1,1,0
BRDA:59,2,0,0
BRDA:59,2,1,0
BRDA:73,3,0,0
BRDA:73,3,1,0
BRDA:89,4,0,0
BRDA:89,4,1,0
BRDA:91,5,0,0
BRDA:103,6,0,0
BRDA:103,6,1,0
BRDA:105,7,0,0
BRDA:116,8,0,0
BRDA:132,9,0,0
BRDA:132,9,1,0
BRDA:136,10,0,0
BRDA:145,11,0,0
BRDA:147,12,0,0
BRDA:156,13,0,0
BRDA:159,14,0,0
BRDA:194,15,0,0
BRDA:194,15,1,0
BRDA:209,16,0,0
BRDA:262,17,0,0
BRDA:273,18,0,0
BRDA:288,19,0,0
BRDA:299,20,0,0
BRDA:303,21,0,0
BRDA:305,22,0,0
BRDA:325,23,0,0
BRDA:328,24,0,0
BRDA:346,25,0,0
BRDA:357,26,0,0
BRDA:400,27,0,0
BRDA:400,27,1,0
BRF:36
BRH:0
end_of_record
TN:
SF:src/durable-objects.ts
FN:9,(anonymous_0)
FN:13,(anonymous_1)
FN:44,(anonymous_2)
FN:74,(anonymous_3)
FN:97,(anonymous_4)
FN:108,(anonymous_5)
FN:123,(anonymous_6)
FN:166,(anonymous_7)
FN:225,(anonymous_8)
FN:253,(anonymous_9)
FN:294,(anonymous_10)
FN:338,(anonymous_11)
FN:361,(anonymous_12)
FN:370,(anonymous_13)
FN:384,(anonymous_14)
FN:412,(anonymous_15)
FN:426,(anonymous_16)
FN:447,(anonymous_17)
FNF:18
FNH:0
FNDA:0,(anonymous_0)
FNDA:0,(anonymous_1)
FNDA:0,(anonymous_2)
FNDA:0,(anonymous_3)
FNDA:0,(anonymous_4)
FNDA:0,(anonymous_5)
FNDA:0,(anonymous_6)
FNDA:0,(anonymous_7)
FNDA:0,(anonymous_8)
FNDA:0,(anonymous_9)
FNDA:0,(anonymous_10)
FNDA:0,(anonymous_11)
FNDA:0,(anonymous_12)
FNDA:0,(anonymous_13)
FNDA:0,(anonymous_14)
FNDA:0,(anonymous_15)
FNDA:0,(anonymous_16)
FNDA:0,(anonymous_17)
DA:2,0
DA:5,0
DA:7,0
DA:10,0
DA:14,0
DA:15,0
DA:17,0
DA:18,0
DA:20,0
DA:22,0
DA:24,0
DA:26,0
DA:28,0
DA:31,0
DA:32,0
DA:45,0
DA:47,0
DA:48,0
DA:49,0
DA:63,0
DA:64,0
DA:65,0
DA:66,0
DA:71,0
DA:75,0
DA:76,0
DA:78,0
DA:79,0
DA:82,0
DA:83,0
DA:86,0
DA:87,0
DA:90,0
DA:91,0
DA:94,0
DA:98,0
DA:99,0
DA:101,0
DA:102,0
DA:105,0
DA:109,0
DA:110,0
DA:112,0
DA:113,0
DA:116,0
DA:117,0
DA:120,0
DA:124,0
DA:126,0
DA:147,0
DA:149,0
DA:156,0
DA:167,0
DA:169,0
DA:170,0
DA:179,0
DA:181,0
DA:182,0
DA:192,0
DA:202,0
DA:203,0
DA:206,0
DA:208,0
DA:215,0
DA:226,0
DA:228,0
DA:229,0
DA:238,0
DA:239,0
DA:242,0
DA:243,0
DA:246,0
DA:248,0
DA:258,0
DA:260,0
DA:261,0
DA:270,0
DA:272,0
DA:274,0
DA:275,0
DA:276,0
DA:277,0
DA:280,0
DA:284,0
DA:295,0
DA:297,0
DA:298,0
DA:307,0
DA:308,0
DA:309,0
DA:319,0
DA:330,0
DA:339,0
DA:341,0
DA:342,0
DA:351,0
DA:352,0
DA:354,0
DA:356,0
DA:362,0
DA:363,0
DA:365,0
DA:371,0
DA:372,0
DA:373,0
DA:374,0
DA:376,0
DA:377,0
DA:385,0
DA:386,0
DA:388,0
DA:390,0
DA:391,0
DA:393,0
DA:394,0
DA:396,0
DA:397,0
DA:399,0
DA:405,0
DA:413,0
DA:415,0
DA:416,0
DA:432,0
DA:433,0
DA:435,0
DA:441,0
DA:452,0
DA:453,0
DA:455,0
DA:470,0
LF:130
LH:0
BRDA:18,0,0,0
BRDA:18,0,1,0
BRDA:18,0,2,0
BRDA:18,0,3,0
BRDA:18,0,4,0
BRDA:34,1,0,0
BRDA:34,1,1,0
BRDA:47,2,0,0
BRDA:50,3,0,0
BRDA:50,3,1,0
BRDA:63,4,0,0
BRDA:65,5,0,0
BRDA:65,5,1,0
BRDA:78,6,0,0
BRDA:82,7,0,0
BRDA:86,8,0,0
BRDA:90,9,0,0
BRDA:101,10,0,0
BRDA:112,11,0,0
BRDA:112,12,0,0
BRDA:112,12,1,0
BRDA:116,13,0,0
BRDA:137,14,0,0
BRDA:137,14,1,0
BRDA:138,15,0,0
BRDA:138,15,1,0
BRDA:139,16,0,0
BRDA:139,16,1,0
BRDA:141,17,0,0
BRDA:141,17,1,0
BRDA:142,18,0,0
BRDA:142,18,1,0
BRDA:158,19,0,0
BRDA:158,19,1,0
BRDA:169,20,0,0
BRDA:181,21,0,0
BRDA:217,22,0,0
BRDA:217,22,1,0
BRDA:228,23,0,0
BRDA:242,24,0,0
BRDA:260,25,0,0
BRDA:260,26,0,0
BRDA:260,26,1,0
BRDA:272,27,0,0
BRDA:272,27,1,0
BRDA:274,28,0,0
BRDA:274,29,0,0
BRDA:274,29,1,0
BRDA:286,30,0,0
BRDA:286,30,1,0
BRDA:297,31,0,0
BRDA:308,32,0,0
BRDA:341,33,0,0
BRDA:371,34,0,0
BRDA:373,35,0,0
BRDA:376,36,0,0
BRDA:388,37,0,0
BRDA:388,37,1,0
BRDA:388,37,2,0
BRDA:388,37,3,0
BRDA:415,38,0,0
BRDA:441,39,0,0
BRDA:441,40,0,0
BRDA:441,40,1,0
BRDA:455,41,0,0
BRF:65
BRH:0
end_of_record
TN:
SF:src/friend-repository.ts
FN:24,(anonymous_0)
FN:26,(anonymous_1)
FN:73,(anonymous_2)
FN:102,(anonymous_3)
FN:121,(anonymous_4)
FN:130,(anonymous_5)
FN:153,(anonymous_6)
FN:156,(anonymous_7)
FN:173,(anonymous_8)
FN:176,(anonymous_9)
FN:186,(anonymous_10)
FN:195,(anonymous_11)
FN:206,(anonymous_12)
FNF:13
FNH:0
FNDA:0,(anonymous_0)
FNDA:0,(anonymous_1)
FNDA:0,(anonymous_2)
FNDA:0,(anonymous_3)
FNDA:0,(anonymous_4)
FNDA:0,(anonymous_5)
FNDA:0,(anonymous_6)
FNDA:0,(anonymous_7)
FNDA:0,(anonymous_8)
FNDA:0,(anonymous_9)
FNDA:0,(anonymous_10)
FNDA:0,(anonymous_11)
FNDA:0,(anonymous_12)
DA:1,0
DA:23,0
DA:24,0
DA:28,0
DA:29,0
DA:33,0
DA:39,0
DA:40,0
DA:44,0
DA:45,0
DA:46,0
DA:50,0
DA:55,0
DA:56,0
DA:60,0
DA:66,0
DA:67,0
DA:70,0
DA:75,0
DA:80,0
DA:81,0
DA:85,0
DA:92,0
DA:104,0
DA:109,0
DA:110,0
DA:114,0
DA:123,0
DA:131,0
DA:153,0
DA:157,0
DA:173,0
DA:177,0
DA:183,0
DA:187,0
DA:192,0
DA:196,0
DA:207,0
LF:38
LH:0
BRDA:28,0,0,0
BRDA:39,1,0,0
BRDA:45,2,0,0
BRDA:55,3,0,0
BRDA:66,4,0,0
BRDA:80,5,0,0
BRDA:109,6,0,0
BRDA:183,7,0,0
BRDA:183,7,1,0
BRDA:192,8,0,0
BRDA:192,8,1,0
BRF:11
BRH:0
end_of_record
TN:
SF:src/game-table-do-enhanced.ts
FN:104,(anonymous_0)
FN:140,(anonymous_1)
FN:167,(anonymous_2)
FN:168,(anonymous_3)
FN:175,(anonymous_4)
FN:188,(anonymous_5)
FN:205,(anonymous_6)
FN:213,(anonymous_7)
FN:226,(anonymous_8)
FN:261,(anonymous_9)
FN:271,(anonymous_10)
FN:280,(anonymous_11)
FN:284,(anonymous_12)
FN:296,(anonymous_13)
FN:333,(anonymous_14)
FN:375,(anonymous_15)
FN:376,(anonymous_16)
FN:386,(anonymous_17)
FN:394,(anonymous_18)
FN:418,(anonymous_19)
FN:436,(anonymous_20)
FN:445,(anonymous_21)
FN:458,(anonymous_22)
FN:473,(anonymous_23)
FN:501,(anonymous_24)
FN:509,(anonymous_25)
FN:512,(anonymous_26)
FN:542,(anonymous_27)
FN:553,(anonymous_28)
FN:561,(anonymous_29)
FN:573,(anonymous_30)
FN:588,(anonymous_31)
FN:599,(anonymous_32)
FN:603,(anonymous_33)
FN:608,(anonymous_34)
FN:615,(anonymous_35)
FN:623,(anonymous_36)
FN:654,(anonymous_37)
FNF:38
FNH:0
FNDA:0,(anonymous_0)
FNDA:0,(anonymous_1)
FNDA:0,(anonymous_2)
FNDA:0,(anonymous_3)
FNDA:0,(anonymous_4)
FNDA:0,(anonymous_5)
FNDA:0,(anonymous_6)
FNDA:0,(anonymous_7)
FNDA:0,(anonymous_8)
FNDA:0,(anonymous_9)
FNDA:0,(anonymous_10)
FNDA:0,(anonymous_11)
FNDA:0,(anonymous_12)
FNDA:0,(anonymous_13)
FNDA:0,(anonymous_14)
FNDA:0,(anonymous_15)
FNDA:0,(anonymous_16)
FNDA:0,(anonymous_17)
FNDA:0,(anonymous_18)
FNDA:0,(anonymous_19)
FNDA:0,(anonymous_20)
FNDA:0,(anonymous_21)
FNDA:0,(anonymous_22)
FNDA:0,(anonymous_23)
FNDA:0,(anonymous_24)
FNDA:0,(anonymous_25)
FNDA:0,(anonymous_26)
FNDA:0,(anonymous_27)
FNDA:0,(anonymous_28)
FNDA:0,(anonymous_29)
FNDA:0,(anonymous_30)
FNDA:0,(anonymous_31)
FNDA:0,(anonymous_32)
FNDA:0,(anonymous_33)
FNDA:0,(anonymous_34)
FNDA:0,(anonymous_35)
FNDA:0,(anonymous_36)
FNDA:0,(anonymous_37)
DA:8,0
DA:20,0
DA:85,0
DA:87,0
DA:88,0
DA:93,0
DA:95,0
DA:97,0
DA:100,0
DA:101,0
DA:102,0
DA:105,0
DA:106,0
DA:109,0
DA:110,0
DA:113,0
DA:130,0
DA:131,0
DA:132,0
DA:137,0
DA:142,0
DA:150,0
DA:158,0
DA:168,0
DA:169,0
DA:170,0
DA:176,0
DA:179,0
DA:180,0
DA:186,0
DA:187,0
DA:188,0
DA:192,0
DA:197,0
DA:203,0
DA:204,0
DA:205,0
DA:209,0
DA:214,0
DA:215,0
DA:216,0
DA:218,0
DA:220,0
DA:227,0
DA:229,0
DA:230,0
DA:231,0
DA:233,0
DA:234,0
DA:235,0
DA:239,0
DA:240,0
DA:241,0
DA:242,0
DA:246,0
DA:255,0
DA:258,0
DA:261,0
DA:262,0
DA:269,0
DA:270,0
DA:271,0
DA:275,0
DA:276,0
DA:280,0
DA:281,0
DA:284,0
DA:285,0
DA:286,0
DA:290,0
DA:297,0
DA:298,0
DA:301,0
DA:302,0
DA:303,0
DA:304,0
DA:307,0
DA:310,0
DA:311,0
DA:312,0
DA:316,0
DA:324,0
DA:334,0
DA:335,0
DA:337,0
DA:339,0
DA:341,0
DA:343,0
DA:345,0
DA:356,0
DA:358,0
DA:359,0
DA:360,0
DA:361,0
DA:366,0
DA:376,0
DA:377,0
DA:378,0
DA:379,0
DA:383,0
DA:387,0
DA:388,0
DA:389,0
DA:390,0
DA:395,0
DA:396,0
DA:398,0
DA:401,0
DA:408,0
DA:411,0
DA:419,0
DA:421,0
DA:423,0
DA:424,0
DA:426,0
DA:427,0
DA:429,0
DA:430,0
DA:432,0
DA:437,0
DA:444,0
DA:447,0
DA:448,0
DA:451,0
DA:452,0
DA:453,0
DA:457,0
DA:458,0
DA:459,0
DA:465,0
DA:472,0
DA:473,0
DA:474,0
DA:475,0
DA:477,0
DA:484,0
DA:486,0
DA:487,0
DA:489,0
DA:492,0
DA:495,0
DA:502,0
DA:508,0
DA:511,0
DA:512,0
DA:513,0
DA:524,0
DA:532,0
DA:535,0
DA:536,0
DA:546,0
DA:552,0
DA:554,0
DA:556,0
DA:557,0
DA:558,0
DA:560,0
DA:562,0
DA:567,0
DA:574,0
DA:575,0
DA:576,0
DA:579,0
DA:580,0
DA:583,0
DA:584,0
DA:589,0
DA:591,0
DA:596,0
DA:600,0
DA:604,0
DA:609,0
DA:610,0
DA:611,0
DA:616,0
DA:624,0
DA:625,0
DA:627,0
DA:629,0
DA:640,0
DA:649,0
DA:655,0
DA:662,0
DA:664,0
DA:666,0
DA:667,0
DA:668,0
DA:669,0
LF:188
LH:0
BRDA:169,0,0,0
BRDA:179,1,0,0
BRDA:233,2,0,0
BRDA:233,3,0,0
BRDA:233,3,1,0
BRDA:240,4,0,0
BRDA:310,5,0,0
BRDA:310,6,0,0
BRDA:310,6,1,0
BRDA:337,7,0,0
BRDA:341,8,0,0
BRDA:341,9,0,0
BRDA:341,9,1,0
BRDA:341,9,2,0
BRDA:358,10,0,0
BRDA:358,10,1,0
BRDA:360,11,0,0
BRDA:370,12,0,0
BRDA:370,12,1,0
BRDA:378,13,0,0
BRDA:378,14,0,0
BRDA:378,14,1,0
BRDA:378,14,2,0
BRDA:388,15,0,0
BRDA:396,16,0,0
BRDA:396,17,0,0
BRDA:396,17,1,0
BRDA:421,18,0,0
BRDA:421,18,1,0
BRDA:421,18,2,0
BRDA:421,18,3,0
BRDA:447,19,0,0
BRDA:452,20,0,0
BRDA:461,21,0,0
BRDA:461,21,1,0
BRDA:468,22,0,0
BRDA:468,22,1,0
BRDA:475,23,0,0
BRDA:486,24,0,0
BRDA:557,25,0,0
BRDA:557,26,0,0
BRDA:557,26,1,0
BRDA:558,27,0,0
BRDA:575,28,0,0
BRDA:575,29,0,0
BRDA:575,29,1,0
BRDA:589,30,0,0
BRDA:610,31,0,0
BRDA:627,32,0,0
BRDA:627,32,1,0
BRDA:627,32,2,0
BRDA:658,33,0,0
BRDA:658,33,1,0
BRDA:662,34,0,0
BRDA:662,34,1,0
BRDA:666,35,0,0
BRF:56
BRH:0
end_of_record
TN:
SF:src/game-table-do.ts
FN:95,(anonymous_0)
FN:150,(anonymous_1)
FN:188,(anonymous_2)
FN:214,(anonymous_3)
FN:317,(anonymous_4)
FN:321,(anonymous_5)
FN:406,(anonymous_6)
FN:521,(anonymous_7)
FN:556,(anonymous_8)
FN:576,(anonymous_9)
FN:606,(anonymous_10)
FN:698,(anonymous_11)
FN:733,(anonymous_12)
FN:760,(anonymous_13)
FN:781,(anonymous_14)
FN:886,(anonymous_15)
FN:902,(anonymous_16)
FN:967,(anonymous_17)
FN:1008,(anonymous_18)
FN:1028,(anonymous_19)
FN:1033,(anonymous_20)
FN:1086,(anonymous_21)
FN:1100,(anonymous_22)
FN:1119,(anonymous_23)
FN:1163,(anonymous_24)
FN:1246,(anonymous_25)
FN:1263,(anonymous_26)
FN:1278,(anonymous_27)
FN:1315,(anonymous_28)
FN:1337,(anonymous_29)
FN:1427,(anonymous_30)
FN:1457,(anonymous_31)
FN:1465,(anonymous_32)
FN:1585,(anonymous_33)
FN:1607,(anonymous_34)
FN:1610,(anonymous_35)
FN:1616,(anonymous_36)
FN:1626,(anonymous_37)
FN:1635,(anonymous_38)
FN:1653,(anonymous_39)
FN:1685,(anonymous_40)
FN:1705,(anonymous_41)
FN:1707,(anonymous_42)
FN:1716,(anonymous_43)
FN:1719,(anonymous_44)
FN:1732,(anonymous_45)
FN:1743,(anonymous_46)
FN:1744,(anonymous_47)
FN:1761,(anonymous_48)
FN:1779,(anonymous_49)
FN:1802,(anonymous_50)
FN:1829,(anonymous_51)
FN:1845,(anonymous_52)
FN:1857,(anonymous_53)
FN:1868,(anonymous_54)
FN:1879,(anonymous_55)
FN:1890,(anonymous_56)
FN:1897,(anonymous_57)
FN:1909,(anonymous_58)
FN:1912,(anonymous_59)
FN:1913,(anonymous_60)
FN:1929,(anonymous_61)
FN:1952,(anonymous_62)
FN:1968,(anonymous_63)
FN:1985,(anonymous_64)
FN:1992,(anonymous_65)
FN:2002,(anonymous_66)
FN:2007,(anonymous_67)
FN:2042,(anonymous_68)
FN:2065,(anonymous_69)
FN:2073,(anonymous_70)
FN:2096,(anonymous_71)
FN:2097,(anonymous_72)
FN:2105,(anonymous_73)
FN:2133,(anonymous_74)
FN:2157,(anonymous_75)
FNF:76
FNH:0
FNDA:0,(anonymous_0)
FNDA:0,(anonymous_1)
FNDA:0,(anonymous_2)
FNDA:0,(anonymous_3)
FNDA:0,(anonymous_4)
FNDA:0,(anonymous_5)
FNDA:0,(anonymous_6)
FNDA:0,(anonymous_7)
FNDA:0,(anonymous_8)
FNDA:0,(anonymous_9)
FNDA:0,(anonymous_10)
FNDA:0,(anonymous_11)
FNDA:0,(anonymous_12)
FNDA:0,(anonymous_13)
FNDA:0,(anonymous_14)
FNDA:0,(anonymous_15)
FNDA:0,(anonymous_16)
FNDA:0,(anonymous_17)
FNDA:0,(anonymous_18)
FNDA:0,(anonymous_19)
FNDA:0,(anonymous_20)
FNDA:0,(anonymous_21)
FNDA:0,(anonymous_22)
FNDA:0,(anonymous_23)
FNDA:0,(anonymous_24)
FNDA:0,(anonymous_25)
FNDA:0,(anonymous_26)
FNDA:0,(anonymous_27)
FNDA:0,(anonymous_28)
FNDA:0,(anonymous_29)
FNDA:0,(anonymous_30)
FNDA:0,(anonymous_31)
FNDA:0,(anonymous_32)
FNDA:0,(anonymous_33)
FNDA:0,(anonymous_34)
FNDA:0,(anonymous_35)
FNDA:0,(anonymous_36)
FNDA:0,(anonymous_37)
FNDA:0,(anonymous_38)
FNDA:0,(anonymous_39)
FNDA:0,(anonymous_40)
FNDA:0,(anonymous_41)
FNDA:0,(anonymous_42)
FNDA:0,(anonymous_43)
FNDA:0,(anonymous_44)
FNDA:0,(anonymous_45)
FNDA:0,(anonymous_46)
FNDA:0,(anonymous_47)
FNDA:0,(anonymous_48)
FNDA:0,(anonymous_49)
FNDA:0,(anonymous_50)
FNDA:0,(anonymous_51)
FNDA:0,(anonymous_52)
FNDA:0,(anonymous_53)
FNDA:0,(anonymous_54)
FNDA:0,(anonymous_55)
FNDA:0,(anonymous_56)
FNDA:0,(anonymous_57)
FNDA:0,(anonymous_58)
FNDA:0,(anonymous_59)
FNDA:0,(anonymous_60)
FNDA:0,(anonymous_61)
FNDA:0,(anonymous_62)
FNDA:0,(anonymous_63)
FNDA:0,(anonymous_64)
FNDA:0,(anonymous_65)
FNDA:0,(anonymous_66)
FNDA:0,(anonymous_67)
FNDA:0,(anonymous_68)
FNDA:0,(anonymous_69)
FNDA:0,(anonymous_70)
FNDA:0,(anonymous_71)
FNDA:0,(anonymous_72)
FNDA:0,(anonymous_73)
FNDA:0,(anonymous_74)
FNDA:0,(anonymous_75)
DA:8,0
DA:22,0
DA:80,0
DA:82,0
DA:83,0
DA:88,0
DA:90,0
DA:93,0
DA:96,0
DA:97,0
DA:100,0
DA:131,0
DA:132,0
DA:133,0
DA:141,0
DA:144,0
DA:151,0
DA:153,0
DA:154,0
DA:162,0
DA:163,0
DA:164,0
DA:165,0
DA:166,0
DA:167,0
DA:169,0
DA:170,0
DA:171,0
DA:174,0
DA:175,0
DA:176,0
DA:177,0
DA:178,0
DA:179,0
DA:181,0
DA:189,0
DA:191,0
DA:192,0
DA:193,0
DA:195,0
DA:202,0
DA:205,0
DA:208,0
DA:216,0
DA:218,0
DA:219,0
DA:222,0
DA:225,0
DA:226,0
DA:227,0
DA:228,0
DA:231,0
DA:234,0
DA:235,0
DA:236,0
DA:238,0
DA:240,0
DA:242,0
DA:243,0
DA:244,0
DA:248,0
DA:255,0
DA:258,0
DA:265,0
DA:266,0
DA:274,0
DA:277,0
DA:282,0
DA:283,0
DA:288,0
DA:289,0
DA:291,0
DA:292,0
DA:294,0
DA:295,0
DA:297,0
DA:298,0
DA:300,0
DA:301,0
DA:303,0
DA:304,0
DA:306,0
DA:307,0
DA:309,0
DA:310,0
DA:318,0
DA:320,0
DA:321,0
DA:322,0
DA:324,0
DA:326,0
DA:327,0
DA:328,0
DA:329,0
DA:330,0
DA:332,0
DA:333,0
DA:334,0
DA:335,0
DA:343,0
DA:344,0
DA:345,0
DA:346,0
DA:347,0
DA:349,0
DA:350,0
DA:351,0
DA:354,0
DA:355,0
DA:356,0
DA:358,0
DA:359,0
DA:367,0
DA:369,0
DA:373,0
DA:374,0
DA:375,0
DA:376,0
DA:377,0
DA:378,0
DA:386,0
DA:394,0
DA:396,0
DA:407,0
DA:408,0
DA:409,0
DA:410,0
DA:413,0
DA:414,0
DA:423,0
DA:424,0
DA:434,0
DA:435,0
DA:445,0
DA:466,0
DA:467,0
DA:470,0
DA:473,0
DA:476,0
DA:477,0
DA:479,0
DA:480,0
DA:483,0
DA:486,0
DA:498,0
DA:507,0
DA:508,0
DA:522,0
DA:523,0
DA:524,0
DA:525,0
DA:534,0
DA:536,0
DA:543,0
DA:557,0
DA:577,0
DA:578,0
DA:579,0
DA:583,0
DA:585,0
DA:593,0
DA:607,0
DA:608,0
DA:609,0
DA:611,0
DA:614,0
DA:615,0
DA:616,0
DA:618,0
DA:619,0
DA:620,0
DA:623,0
DA:624,0
DA:625,0
DA:628,0
DA:636,0
DA:640,0
DA:642,0
DA:643,0
DA:646,0
DA:647,0
DA:650,0
DA:651,0
DA:654,0
DA:655,0
DA:658,0
DA:659,0
DA:662,0
DA:663,0
DA:666,0
DA:667,0
DA:670,0
DA:671,0
DA:674,0
DA:675,0
DA:678,0
DA:679,0
DA:682,0
DA:683,0
DA:686,0
DA:687,0
DA:690,0
DA:691,0
DA:699,0
DA:702,0
DA:703,0
DA:704,0
DA:707,0
DA:709,0
DA:710,0
DA:713,0
DA:717,0
DA:719,0
DA:720,0
DA:721,0
DA:725,0
DA:733,0
DA:734,0
DA:735,0
DA:737,0
DA:740,0
DA:750,0
DA:754,0
DA:761,0
DA:764,0
DA:765,0
DA:766,0
DA:769,0
DA:770,0
DA:771,0
DA:775,0
DA:778,0
DA:780,0
DA:781,0
DA:784,0
DA:785,0
DA:786,0
DA:790,0
DA:791,0
DA:792,0
DA:796,0
DA:800,0
DA:801,0
DA:805,0
DA:826,0
DA:829,0
DA:837,0
DA:838,0
DA:840,0
DA:843,0
DA:850,0
DA:859,0
DA:868,0
DA:876,0
DA:877,0
DA:880,0
DA:887,0
DA:889,0
DA:890,0
DA:891,0
DA:894,0
DA:896,0
DA:903,0
DA:906,0
DA:908,0
DA:909,0
DA:910,0
DA:913,0
DA:914,0
DA:915,0
DA:919,0
DA:920,0
DA:921,0
DA:924,0
DA:925,0
DA:926,0
DA:927,0
DA:930,0
DA:932,0
DA:934,0
DA:935,0
DA:936,0
DA:940,0
DA:947,0
DA:950,0
DA:951,0
DA:952,0
DA:953,0
DA:956,0
DA:959,0
DA:960,0
DA:968,0
DA:971,0
DA:978,0
DA:986,0
DA:989,0
DA:996,0
DA:999,0
DA:1009,0
DA:1012,0
DA:1013,0
DA:1016,0
DA:1019,0
DA:1029,0
DA:1032,0
DA:1033,0
DA:1036,0
DA:1037,0
DA:1044,0
DA:1045,0
DA:1046,0
DA:1053,0
DA:1054,0
DA:1055,0
DA:1060,0
DA:1068,0
DA:1071,0
DA:1078,0
DA:1086,0
DA:1087,0
DA:1088,0
DA:1089,0
DA:1092,0
DA:1109,0
DA:1120,0
DA:1123,0
DA:1124,0
DA:1125,0
DA:1126,0
DA:1127,0
DA:1130,0
DA:1131,0
DA:1132,0
DA:1133,0
DA:1134,0
DA:1135,0
DA:1140,0
DA:1141,0
DA:1142,0
DA:1143,0
DA:1146,0
DA:1155,0
DA:1164,0
DA:1165,0
DA:1167,0
DA:1168,0
DA:1172,0
DA:1173,0
DA:1177,0
DA:1178,0
DA:1181,0
DA:1184,0
DA:1191,0
DA:1198,0
DA:1207,0
DA:1210,0
DA:1218,0
DA:1219,0
DA:1227,0
DA:1235,0
DA:1240,0
DA:1247,0
DA:1248,0
DA:1251,0
DA:1252,0
DA:1253,0
DA:1257,0
DA:1264,0
DA:1265,0
DA:1267,0
DA:1268,0
DA:1269,0
DA:1272,0
DA:1279,0
DA:1282,0
DA:1283,0
DA:1284,0
DA:1288,0
DA:1290,0
DA:1299,0
DA:1302,0
DA:1303,0
DA:1304,0
DA:1305,0
DA:1316,0
DA:1317,0
DA:1319,0
DA:1320,0
DA:1321,0
DA:1325,0
DA:1326,0
DA:1327,0
DA:1331,0
DA:1338,0
DA:1339,0
DA:1342,0
DA:1343,0
DA:1344,0
DA:1348,0
DA:1349,0
DA:1353,0
DA:1355,0
DA:1356,0
DA:1357,0
DA:1360,0
DA:1361,0
DA:1363,0
DA:1364,0
DA:1367,0
DA:1368,0
DA:1369,0
DA:1371,0
DA:1372,0
DA:1373,0
DA:1374,0
DA:1378,0
DA:1379,0
DA:1382,0
DA:1383,0
DA:1384,0
DA:1387,0
DA:1388,0
DA:1391,0
DA:1392,0
DA:1393,0
DA:1394,0
DA:1397,0
DA:1398,0
DA:1399,0
DA:1402,0
DA:1405,0
DA:1409,0
DA:1410,0
DA:1411,0
DA:1413,0
DA:1414,0
DA:1418,0
DA:1420,0
DA:1429,0
DA:1431,0
DA:1432,0
DA:1433,0
DA:1437,0
DA:1438,0
DA:1439,0
DA:1443,0
DA:1444,0
DA:1445,0
DA:1446,0
DA:1447,0
DA:1451,0
DA:1458,0
DA:1459,0
DA:1460,0
DA:1464,0
DA:1465,0
DA:1466,0
DA:1470,0
DA:1471,0
DA:1473,0
DA:1475,0
DA:1476,0
DA:1477,0
DA:1480,0
DA:1481,0
DA:1482,0
DA:1483,0
DA:1485,0
DA:1486,0
DA:1487,0
DA:1488,0
DA:1491,0
DA:1492,0
DA:1493,0
DA:1494,0
DA:1497,0
DA:1498,0
DA:1500,0
DA:1501,0
DA:1502,0
DA:1506,0
DA:1508,0
DA:1511,0
DA:1517,0
DA:1518,0
DA:1519,0
DA:1521,0
DA:1522,0
DA:1525,0
DA:1526,0
DA:1528,0
DA:1546,0
DA:1549,0
DA:1550,0
DA:1551,0
DA:1552,0
DA:1556,0
DA:1557,0
DA:1560,0
DA:1561,0
DA:1568,0
DA:1569,0
DA:1570,0
DA:1571,0
DA:1572,0
DA:1574,0
DA:1575,0
DA:1577,0
DA:1585,0
DA:1594,0
DA:1595,0
DA:1596,0
DA:1597,0
DA:1608,0
DA:1610,0
DA:1612,0
DA:1614,0
DA:1616,0
DA:1617,0
DA:1618,0
DA:1619,0
DA:1622,0
DA:1626,0
DA:1628,0
DA:1630,0
DA:1633,0
DA:1634,0
DA:1635,0
DA:1637,0
DA:1638,0
DA:1639,0
DA:1640,0
DA:1641,0
DA:1642,0
DA:1643,0
DA:1654,0
DA:1656,0
DA:1658,0
DA:1660,0
DA:1661,0
DA:1666,0
DA:1668,0
DA:1670,0
DA:1671,0
DA:1672,0
DA:1674,0
DA:1676,0
DA:1677,0
DA:1678,0
DA:1680,0
DA:1681,0
DA:1683,0
DA:1685,0
DA:1686,0
DA:1687,0
DA:1688,0
DA:1691,0
DA:1695,0
DA:1696,0
DA:1697,0
DA:1698,0
DA:1702,0
DA:1705,0
DA:1706,0
DA:1707,0
DA:1708,0
DA:1709,0
DA:1717,0
DA:1719,0
DA:1724,0
DA:1729,0
DA:1732,0
DA:1733,0
DA:1734,0
DA:1735,0
DA:1744,0
DA:1745,0
DA:1746,0
DA:1748,0
DA:1749,0
DA:1750,0
DA:1751,0
DA:1752,0
DA:1762,0
DA:1764,0
DA:1765,0
DA:1766,0
DA:1767,0
DA:1769,0
DA:1770,0
DA:1780,0
DA:1788,0
DA:1803,0
DA:1816,0
DA:1830,0
DA:1831,0
DA:1833,0
DA:1846,0
DA:1858,0
DA:1859,0
DA:1860,0
DA:1862,0
DA:1869,0
DA:1871,0
DA:1873,0
DA:1880,0
DA:1881,0
DA:1883,0
DA:1891,0
DA:1898,0
DA:1899,0
DA:1900,0
DA:1903,0
DA:1910,0
DA:1912,0
DA:1913,0
DA:1916,0
DA:1917,0
DA:1918,0
DA:1923,0
DA:1930,0
DA:1934,0
DA:1936,0
DA:1938,0
DA:1939,0
DA:1941,0
DA:1943,0
DA:1946,0
DA:1953,0
DA:1955,0
DA:1956,0
DA:1957,0
DA:1958,0
DA:1962,0
DA:1970,0
DA:1973,0
DA:1974,0
DA:1980,0
DA:1983,0
DA:1984,0
DA:1985,0
DA:1990,0
DA:1991,0
DA:1992,0
DA:1997,0
DA:1999,0
DA:2001,0
DA:2002,0
DA:2006,0
DA:2007,0
DA:2010,0
DA:2012,0
DA:2017,0
DA:2018,0
DA:2023,0
DA:2027,0
DA:2030,0
DA:2031,0
DA:2036,0
DA:2043,0
DA:2044,0
DA:2045,0
DA:2048,0
DA:2066,0
DA:2067,0
DA:2074,0
DA:2075,0
DA:2097,0
DA:2098,0
DA:2107,0
DA:2108,0
DA:2109,0
DA:2121,0
DA:2126,0
DA:2127,0
DA:2134,0
DA:2136,0
DA:2137,0
DA:2138,0
DA:2144,0
DA:2149,0
DA:2150,0
DA:2158,0
DA:2159,0
DA:2161,0
DA:2164,0
DA:2172,0
DA:2173,0
DA:2174,0
DA:2182,0
DA:2183,0
DA:2188,0
DA:2189,0
DA:2201,0
DA:2202,0
DA:2207,0
DA:2208,0
DA:2209,0
DA:2210,0
DA:2211,0
DA:2214,0
DA:2217,0
DA:2218,0
DA:2219,0
DA:2221,0
DA:2222,0
DA:2223,0
DA:2227,0
DA:2235,0
DA:2236,0
DA:2239,0
DA:2240,0
DA:2241,0
DA:2243,0
DA:2244,0
DA:2248,0
DA:2249,0
DA:2257,0
DA:2258,0
DA:2259,0
DA:2260,0
DA:2261,0
DA:2262,0
DA:2265,0
LF:724
LH:0
BRDA:189,0,0,0
BRDA:193,1,0,0
BRDA:199,2,0,0
BRDA:199,2,1,0
BRDA:200,3,0,0
BRDA:200,3,1,0
BRDA:225,4,0,0
BRDA:240,5,0,0
BRDA:240,5,1,0
BRDA:240,6,0,0
BRDA:240,6,1,0
BRDA:242,7,0,0
BRDA:242,8,0,0
BRDA:242,8,1,0
BRDA:289,9,0,0
BRDA:289,9,1,0
BRDA:289,9,2,0
BRDA:289,9,3,0
BRDA:289,9,4,0
BRDA:289,9,5,0
BRDA:289,9,6,0
BRDA:389,10,0,0
BRDA:389,10,1,0
BRDA:391,11,0,0
BRDA:391,11,1,0
BRDA:409,12,0,0
BRDA:409,12,1,0
BRDA:410,13,0,0
BRDA:410,13,1,0
BRDA:413,14,0,0
BRDA:423,15,0,0
BRDA:434,16,0,0
BRDA:434,17,0,0
BRDA:434,17,1,0
BRDA:476,18,0,0
BRDA:476,19,0,0
BRDA:476,19,1,0
BRDA:524,20,0,0
BRDA:524,21,0,0
BRDA:524,21,1,0
BRDA:565,22,0,0
BRDA:565,22,1,0
BRDA:579,23,0,0
BRDA:579,23,1,0
BRDA:614,24,0,0
BRDA:616,25,0,0
BRDA:616,26,0,0
BRDA:616,26,1,0
BRDA:624,27,0,0
BRDA:624,28,0,0
BRDA:624,28,1,0
BRDA:640,29,0,0
BRDA:640,29,1,0
BRDA:640,29,2,0
BRDA:640,29,3,0
BRDA:640,29,4,0
BRDA:640,29,5,0
BRDA:640,29,6,0
BRDA:640,29,7,0
BRDA:640,29,8,0
BRDA:640,29,9,0
BRDA:640,29,10,0
BRDA:640,29,11,0
BRDA:703,30,0,0
BRDA:707,31,0,0
BRDA:707,31,1,0
BRDA:717,32,0,0
BRDA:720,33,0,0
BRDA:735,34,0,0
BRDA:735,35,0,0
BRDA:735,35,1,0
BRDA:764,36,0,0
BRDA:769,37,0,0
BRDA:778,38,0,0
BRDA:778,38,1,0
BRDA:778,39,0,0
BRDA:778,39,1,0
BRDA:784,40,0,0
BRDA:791,41,0,0
BRDA:791,42,0,0
BRDA:791,42,1,0
BRDA:800,43,0,0
BRDA:809,44,0,0
BRDA:809,44,1,0
BRDA:810,45,0,0
BRDA:810,45,1,0
BRDA:876,46,0,0
BRDA:876,47,0,0
BRDA:876,47,1,0
BRDA:889,48,0,0
BRDA:908,49,0,0
BRDA:913,50,0,0
BRDA:919,51,0,0
BRDA:925,52,0,0
BRDA:925,53,0,0
BRDA:925,53,1,0
BRDA:934,54,0,0
BRDA:935,55,0,0
BRDA:935,55,1,0
BRDA:950,56,0,0
BRDA:950,56,1,0
BRDA:952,57,0,0
BRDA:1036,58,0,0
BRDA:1045,59,0,0
BRDA:1045,60,0,0
BRDA:1045,60,1,0
BRDA:1054,61,0,0
BRDA:1088,62,0,0
BRDA:1088,63,0,0
BRDA:1088,63,1,0
BRDA:1131,64,0,0
BRDA:1141,65,0,0
BRDA:1141,66,0,0
BRDA:1141,66,1,0
BRDA:1167,67,0,0
BRDA:1172,68,0,0
BRDA:1218,69,0,0
BRDA:1247,70,0,0
BRDA:1247,71,0,0
BRDA:1247,71,1,0
BRDA:1252,72,0,0
BRDA:1252,73,0,0
BRDA:1252,73,1,0
BRDA:1267,74,0,0
BRDA:1283,75,0,0
BRDA:1294,76,0,0
BRDA:1294,76,1,0
BRDA:1302,77,0,0
BRDA:1302,78,0,0
BRDA:1302,78,1,0
BRDA:1302,78,2,0
BRDA:1304,79,0,0
BRDA:1304,80,0,0
BRDA:1304,80,1,0
BRDA:1319,81,0,0
BRDA:1325,82,0,0
BRDA:1338,83,0,0
BRDA:1343,84,0,0
BRDA:1348,85,0,0
BRDA:1353,86,0,0
BRDA:1353,86,1,0
BRDA:1353,86,2,0
BRDA:1353,86,3,0
BRDA:1353,86,4,0
BRDA:1353,86,5,0
BRDA:1360,87,0,0
BRDA:1368,88,0,0
BRDA:1378,89,0,0
BRDA:1378,90,0,0
BRDA:1378,90,1,0
BRDA:1383,91,0,0
BRDA:1387,92,0,0
BRDA:1398,93,0,0
BRDA:1398,94,0,0
BRDA:1398,94,1,0
BRDA:1410,95,0,0
BRDA:1413,96,0,0
BRDA:1437,97,0,0
BRDA:1443,98,0,0
BRDA:1443,99,0,0
BRDA:1443,99,1,0
BRDA:1445,100,0,0
BRDA:1445,101,0,0
BRDA:1445,101,1,0
BRDA:1458,102,0,0
BRDA:1465,103,0,0
BRDA:1465,103,1,0
BRDA:1465,104,0,0
BRDA:1465,104,1,0
BRDA:1466,105,0,0
BRDA:1471,106,0,0
BRDA:1471,106,1,0
BRDA:1475,107,0,0
BRDA:1481,108,0,0
BRDA:1487,109,0,0
BRDA:1487,109,1,0
BRDA:1488,110,0,0
BRDA:1488,110,1,0
BRDA:1493,111,0,0
BRDA:1493,111,1,0
BRDA:1494,112,0,0
BRDA:1494,112,1,0
BRDA:1497,113,0,0
BRDA:1497,114,0,0
BRDA:1497,114,1,0
BRDA:1517,115,0,0
BRDA:1517,115,1,0
BRDA:1537,116,0,0
BRDA:1537,116,1,0
BRDA:1596,117,0,0
BRDA:1596,118,0,0
BRDA:1596,118,1,0
BRDA:1608,119,0,0
BRDA:1612,120,0,0
BRDA:1617,121,0,0
BRDA:1626,122,0,0
BRDA:1626,122,1,0
BRDA:1628,123,0,0
BRDA:1628,123,1,0
BRDA:1637,124,0,0
BRDA:1641,125,0,0
BRDA:1641,126,0,0
BRDA:1641,126,1,0
BRDA:1641,126,2,0
BRDA:1641,126,3,0
BRDA:1654,127,0,0
BRDA:1656,128,0,0
BRDA:1656,128,1,0
BRDA:1656,128,2,0
BRDA:1656,128,3,0
BRDA:1656,128,4,0
BRDA:1686,129,0,0
BRDA:1696,130,0,0
BRDA:1706,131,0,0
BRDA:1717,132,0,0
BRDA:1733,133,0,0
BRDA:1749,134,0,0
BRDA:1765,135,0,0
BRDA:1780,136,0,0
BRDA:1780,136,1,0
BRDA:1785,137,0,0
BRDA:1785,137,1,0
BRDA:1803,138,0,0
BRDA:1803,138,1,0
BRDA:1808,139,0,0
BRDA:1808,139,1,0
BRDA:1809,140,0,0
BRDA:1809,140,1,0
BRDA:1821,141,0,0
BRDA:1821,141,1,0
BRDA:1831,142,0,0
BRDA:1869,143,0,0
BRDA:1899,144,0,0
BRDA:1917,145,0,0
BRDA:1930,146,0,0
BRDA:1934,147,0,0
BRDA:1938,148,0,0
BRDA:1938,149,0,0
BRDA:1938,149,1,0
BRDA:1943,150,0,0
BRDA:1943,150,1,0
BRDA:1957,151,0,0
BRDA:1957,152,0,0
BRDA:1957,152,1,0
BRDA:1973,153,0,0
BRDA:1983,154,0,0
BRDA:1990,155,0,0
BRDA:1990,156,0,0
BRDA:1990,156,1,0
BRDA:1997,157,0,0
BRDA:1999,158,0,0
BRDA:2002,159,0,0
BRDA:2002,159,1,0
BRDA:2002,160,0,0
BRDA:2002,160,1,0
BRDA:2007,161,0,0
BRDA:2007,161,1,0
BRDA:2010,162,0,0
BRDA:2017,163,0,0
BRDA:2030,164,0,0
BRDA:2044,165,0,0
BRDA:2053,166,0,0
BRDA:2053,166,1,0
BRDA:2054,167,0,0
BRDA:2054,167,1,0
BRDA:2073,168,0,0
BRDA:2081,169,0,0
BRDA:2081,169,1,0
BRDA:2082,170,0,0
BRDA:2082,170,1,0
BRDA:2085,171,0,0
BRDA:2085,171,1,0
BRDA:2089,172,0,0
BRDA:2089,172,1,0
BRDA:2122,173,0,0
BRDA:2122,173,1,0
BRDA:2139,174,0,0
BRDA:2139,174,1,0
BRDA:2172,175,0,0
BRDA:2182,176,0,0
BRDA:2188,177,0,0
BRDA:2201,178,0,0
BRDA:2210,179,0,0
BRDA:2240,180,0,0
BRDA:2243,181,0,0
BRDA:2248,182,0,0
BRDA:2250,183,0,0
BRDA:2250,183,1,0
BRDA:2251,184,0,0
BRDA:2251,184,1,0
BRDA:2252,185,0,0
BRDA:2252,185,1,0
BRDA:2253,186,0,0
BRDA:2253,186,1,0
BRDA:2258,187,0,0
BRDA:2259,188,0,0
BRDA:2259,189,0,0
BRDA:2259,189,1,0
BRDA:2260,190,0,0
BRDA:2261,191,0,0
BRF:300
BRH:0
end_of_record
TN:
SF:src/lobby-broadcast-manager.ts
FN:44,(anonymous_0)
FN:67,(anonymous_1)
FN:97,(anonymous_2)
FN:102,(anonymous_3)
FN:110,(anonymous_4)
FN:167,(anonymous_5)
FN:200,(anonymous_6)
FN:207,(anonymous_7)
FN:217,(anonymous_8)
FN:242,(anonymous_9)
FN:258,(anonymous_10)
FN:270,(anonymous_11)
FNF:12
FNH:0
FNDA:0,(anonymous_0)
FNDA:0,(anonymous_1)
FNDA:0,(anonymous_2)
FNDA:0,(anonymous_3)
FNDA:0,(anonymous_4)
FNDA:0,(anonymous_5)
FNDA:0,(anonymous_6)
FNDA:0,(anonymous_7)
FNDA:0,(anonymous_8)
FNDA:0,(anonymous_9)
FNDA:0,(anonymous_10)
FNDA:0,(anonymous_11)
DA:6,0
DA:7,0
DA:8,0
DA:9,0
DA:29,0
DA:32,0
DA:33,0
DA:34,0
DA:35,0
DA:40,0
DA:41,0
DA:53,0
DA:59,0
DA:60,0
DA:61,0
DA:72,0
DA:74,0
DA:75,0
DA:79,0
DA:82,0
DA:85,0
DA:87,0
DA:90,0
DA:98,0
DA:99,0
DA:102,0
DA:103,0
DA:113,0
DA:114,0
DA:118,0
DA:119,0
DA:120,0
DA:124,0
DA:125,0
DA:128,0
DA:131,0
DA:134,0
DA:149,0
DA:150,0
DA:151,0
DA:157,0
DA:172,0
DA:174,0
DA:186,0
DA:187,0
DA:190,0
DA:201,0
DA:208,0
DA:209,0
DA:210,0
DA:222,0
DA:223,0
DA:227,0
DA:228,0
DA:229,0
DA:230,0
DA:231,0
DA:233,0
DA:234,0
DA:241,0
DA:242,0
DA:248,0
DA:259,0
DA:262,0
DA:263,0
DA:271,0
DA:274,0
DA:275,0
LF:68
LH:0
BRDA:45,0,0,0
BRDA:55,1,0,0
BRDA:55,1,1,0
BRDA:56,2,0,0
BRDA:56,2,1,0
BRDA:57,3,0,0
BRDA:57,3,1,0
BRDA:59,4,0,0
BRDA:59,4,1,0
BRDA:74,5,0,0
BRDA:85,6,0,0
BRDA:85,6,1,0
BRDA:98,7,0,0
BRDA:113,8,0,0
BRDA:118,9,0,0
BRDA:208,10,0,0
BRDA:222,11,0,0
BRDA:222,11,1,0
BRDA:223,12,0,0
BRDA:223,12,1,0
BRDA:241,13,0,0
BRDA:262,14,0,0
BRDA:274,15,0,0
BRF:23
BRH:0
end_of_record
TN:
SF:src/lobby-coordinator-do.ts
FN:66,(anonymous_0)
FN:93,(anonymous_1)
FN:154,(anonymous_2)
FN:164,(anonymous_3)
FN:166,(anonymous_4)
FN:180,(anonymous_5)
FN:186,(anonymous_6)
FN:188,(anonymous_7)
FN:200,(anonymous_8)
FN:238,(anonymous_9)
FN:283,(anonymous_10)
FN:294,(anonymous_11)
FN:359,(anonymous_12)
FN:419,(anonymous_13)
FN:486,(anonymous_14)
FN:525,(anonymous_15)
FN:580,(anonymous_16)
FN:638,(anonymous_17)
FN:674,(anonymous_18)
FN:713,(anonymous_19)
FN:746,(anonymous_20)
FN:751,(anonymous_21)
FN:755,(anonymous_22)
FN:759,(anonymous_23)
FN:763,(anonymous_24)
FN:767,(anonymous_25)
FN:771,(anonymous_26)
FN:775,(anonymous_27)
FN:780,(anonymous_28)
FN:782,(anonymous_29)
FN:787,(anonymous_30)
FN:804,(anonymous_31)
FN:805,(anonymous_32)
FN:811,(anonymous_33)
FN:819,(anonymous_34)
FN:828,(anonymous_35)
FN:841,(anonymous_36)
FN:865,(anonymous_37)
FN:877,(anonymous_38)
FN:889,(anonymous_39)
FN:915,(anonymous_40)
FN:927,(anonymous_41)
FN:955,(anonymous_42)
FN:962,(anonymous_43)
FN:964,(anonymous_44)
FN:969,(anonymous_45)
FN:977,(anonymous_46)
FN:985,(anonymous_47)
FN:996,(anonymous_48)
FN:1040,(anonymous_49)
FN:1045,(anonymous_50)
FN:1078,(anonymous_51)
FN:1087,(anonymous_52)
FN:1094,(anonymous_53)
FN:1113,(anonymous_54)
FN:1122,(anonymous_55)
FN:1142,(anonymous_56)
FN:1151,(anonymous_57)
FNF:58
FNH:0
FNDA:0,(anonymous_0)
FNDA:0,(anonymous_1)
FNDA:0,(anonymous_2)
FNDA:0,(anonymous_3)
FNDA:0,(anonymous_4)
FNDA:0,(anonymous_5)
FNDA:0,(anonymous_6)
FNDA:0,(anonymous_7)
FNDA:0,(anonymous_8)
FNDA:0,(anonymous_9)
FNDA:0,(anonymous_10)
FNDA:0,(anonymous_11)
FNDA:0,(anonymous_12)
FNDA:0,(anonymous_13)
FNDA:0,(anonymous_14)
FNDA:0,(anonymous_15)
FNDA:0,(anonymous_16)
FNDA:0,(anonymous_17)
FNDA:0,(anonymous_18)
FNDA:0,(anonymous_19)
FNDA:0,(anonymous_20)
FNDA:0,(anonymous_21)
FNDA:0,(anonymous_22)
FNDA:0,(anonymous_23)
FNDA:0,(anonymous_24)
FNDA:0,(anonymous_25)
FNDA:0,(anonymous_26)
FNDA:0,(anonymous_27)
FNDA:0,(anonymous_28)
FNDA:0,(anonymous_29)
FNDA:0,(anonymous_30)
FNDA:0,(anonymous_31)
FNDA:0,(anonymous_32)
FNDA:0,(anonymous_33)
FNDA:0,(anonymous_34)
FNDA:0,(anonymous_35)
FNDA:0,(anonymous_36)
FNDA:0,(anonymous_37)
FNDA:0,(anonymous_38)
FNDA:0,(anonymous_39)
FNDA:0,(anonymous_40)
FNDA:0,(anonymous_41)
FNDA:0,(anonymous_42)
FNDA:0,(anonymous_43)
FNDA:0,(anonymous_44)
FNDA:0,(anonymous_45)
FNDA:0,(anonymous_46)
FNDA:0,(anonymous_47)
FNDA:0,(anonymous_48)
FNDA:0,(anonymous_49)
FNDA:0,(anonymous_50)
FNDA:0,(anonymous_51)
FNDA:0,(anonymous_52)
FNDA:0,(anonymous_53)
FNDA:0,(anonymous_54)
FNDA:0,(anonymous_55)
FNDA:0,(anonymous_56)
FNDA:0,(anonymous_57)
DA:8,0
DA:17,0
DA:18,0
DA:46,0
DA:50,0
DA:51,0
DA:52,0
DA:53,0
DA:56,0
DA:57,0
DA:60,0
DA:61,0
DA:62,0
DA:63,0
DA:64,0
DA:67,0
DA:68,0
DA:71,0
DA:82,0
DA:83,0
DA:87,0
DA:94,0
DA:96,0
DA:97,0
DA:99,0
DA:100,0
DA:103,0
DA:104,0
DA:109,0
DA:111,0
DA:112,0
DA:114,0
DA:115,0
DA:117,0
DA:118,0
DA:120,0
DA:121,0
DA:123,0
DA:124,0
DA:126,0
DA:127,0
DA:129,0
DA:133,0
DA:134,0
DA:135,0
DA:138,0
DA:140,0
DA:141,0
DA:155,0
DA:157,0
DA:158,0
DA:159,0
DA:160,0
DA:164,0
DA:166,0
DA:168,0
DA:171,0
DA:174,0
DA:181,0
DA:182,0
DA:186,0
DA:188,0
DA:191,0
DA:193,0
DA:201,0
DA:202,0
DA:203,0
DA:206,0
DA:209,0
DA:212,0
DA:218,0
DA:221,0
DA:223,0
DA:225,0
DA:230,0
DA:231,0
DA:239,0
DA:240,0
DA:241,0
DA:244,0
DA:245,0
DA:246,0
DA:247,0
DA:251,0
DA:253,0
DA:255,0
DA:256,0
DA:257,0
DA:260,0
DA:261,0
DA:264,0
DA:265,0
DA:268,0
DA:269,0
DA:272,0
DA:275,0
DA:276,0
DA:284,0
DA:285,0
DA:286,0
DA:287,0
DA:295,0
DA:297,0
DA:298,0
DA:300,0
DA:302,0
DA:316,0
DA:317,0
DA:331,0
DA:334,0
DA:335,0
DA:336,0
DA:337,0
DA:343,0
DA:346,0
DA:347,0
DA:351,0
DA:352,0
DA:356,0
DA:359,0
DA:383,0
DA:393,0
DA:399,0
DA:400,0
DA:401,0
DA:402,0
DA:403,0
DA:408,0
DA:413,0
DA:420,0
DA:421,0
DA:425,0
DA:426,0
DA:427,0
DA:436,0
DA:437,0
DA:440,0
DA:458,0
DA:459,0
DA:460,0
DA:468,0
DA:470,0
DA:471,0
DA:473,0
DA:475,0
DA:487,0
DA:488,0
DA:492,0
DA:493,0
DA:494,0
DA:503,0
DA:511,0
DA:512,0
DA:513,0
DA:523,0
DA:524,0
DA:525,0
DA:528,0
DA:529,0
DA:530,0
DA:532,0
DA:538,0
DA:539,0
DA:540,0
DA:541,0
DA:542,0
DA:543,0
DA:544,0
DA:548,0
DA:549,0
DA:550,0
DA:551,0
DA:554,0
DA:559,0
DA:560,0
DA:561,0
DA:562,0
DA:563,0
DA:566,0
DA:567,0
DA:569,0
DA:581,0
DA:582,0
DA:586,0
DA:587,0
DA:588,0
DA:597,0
DA:598,0
DA:600,0
DA:601,0
DA:602,0
DA:612,0
DA:613,0
DA:614,0
DA:615,0
DA:618,0
DA:619,0
DA:622,0
DA:623,0
DA:625,0
DA:627,0
DA:639,0
DA:640,0
DA:642,0
DA:643,0
DA:652,0
DA:653,0
DA:655,0
DA:675,0
DA:677,0
DA:694,0
DA:695,0
DA:702,0
DA:705,0
DA:714,0
DA:716,0
DA:717,0
DA:719,0
DA:720,0
DA:722,0
DA:723,0
DA:725,0
DA:726,0
DA:728,0
DA:729,0
DA:731,0
DA:732,0
DA:734,0
DA:735,0
DA:737,0
DA:738,0
DA:740,0
DA:747,0
DA:750,0
DA:751,0
DA:754,0
DA:755,0
DA:758,0
DA:759,0
DA:762,0
DA:763,0
DA:766,0
DA:767,0
DA:770,0
DA:771,0
DA:774,0
DA:775,0
DA:778,0
DA:779,0
DA:780,0
DA:781,0
DA:782,0
DA:787,0
DA:788,0
DA:789,0
DA:791,0
DA:792,0
DA:795,0
DA:798,0
DA:805,0
DA:812,0
DA:814,0
DA:819,0
DA:829,0
DA:831,0
DA:842,0
DA:843,0
DA:845,0
DA:846,0
DA:847,0
DA:850,0
DA:866,0
DA:871,0
DA:878,0
DA:883,0
DA:890,0
DA:891,0
DA:893,0
DA:894,0
DA:895,0
DA:896,0
DA:898,0
DA:901,0
DA:902,0
DA:907,0
DA:908,0
DA:916,0
DA:917,0
DA:918,0
DA:921,0
DA:928,0
DA:929,0
DA:930,0
DA:932,0
DA:937,0
DA:938,0
DA:939,0
DA:943,0
DA:945,0
DA:946,0
DA:947,0
DA:956,0
DA:964,0
DA:965,0
DA:969,0
DA:970,0
DA:979,0
DA:980,0
DA:985,0
DA:990,0
DA:997,0
DA:998,0
DA:1001,0
DA:1002,0
DA:1003,0
DA:1004,0
DA:1005,0
DA:1006,0
DA:1007,0
DA:1008,0
DA:1010,0
DA:1015,0
DA:1016,0
DA:1017,0
DA:1018,0
DA:1019,0
DA:1025,0
DA:1026,0
DA:1027,0
DA:1028,0
DA:1032,0
DA:1033,0
DA:1045,0
DA:1047,0
DA:1048,0
DA:1049,0
DA:1050,0
DA:1055,0
DA:1056,0
DA:1057,0
DA:1058,0
DA:1059,0
DA:1060,0
DA:1061,0
DA:1067,0
DA:1068,0
DA:1071,0
DA:1079,0
DA:1080,0
DA:1081,0
DA:1091,0
DA:1092,0
DA:1094,0
DA:1095,0
DA:1097,0
DA:1099,0
DA:1101,0
DA:1103,0
DA:1105,0
DA:1118,0
DA:1120,0
DA:1122,0
DA:1123,0
DA:1124,0
DA:1128,0
DA:1129,0
DA:1130,0
DA:1132,0
DA:1145,0
DA:1152,0
DA:1153,0
DA:1155,0
DA:1156,0
LF:373
LH:0
BRDA:82,0,0,0
BRDA:82,1,0,0
BRDA:82,1,1,0
BRDA:103,2,0,0
BRDA:109,3,0,0
BRDA:109,3,1,0
BRDA:109,3,2,0
BRDA:109,3,3,0
BRDA:109,3,4,0
BRDA:109,3,5,0
BRDA:109,3,6,0
BRDA:133,4,0,0
BRDA:143,5,0,0
BRDA:143,5,1,0
BRDA:155,6,0,0
BRDA:159,7,0,0
BRDA:162,8,0,0
BRDA:162,8,1,0
BRDA:163,9,0,0
BRDA:163,9,1,0
BRDA:164,10,0,0
BRDA:164,10,1,0
BRDA:165,11,0,0
BRDA:165,11,1,0
BRDA:166,12,0,0
BRDA:166,12,1,0
BRDA:209,13,0,0
BRDA:209,13,1,0
BRDA:245,14,0,0
BRDA:253,15,0,0
BRDA:253,15,1,0
BRDA:253,15,2,0
BRDA:253,15,3,0
BRDA:253,15,4,0
BRDA:285,16,0,0
BRDA:295,17,0,0
BRDA:316,18,0,0
BRDA:331,19,0,0
BRDA:336,20,0,0
BRDA:336,21,0,0
BRDA:336,21,1,0
BRDA:346,22,0,0
BRDA:351,23,0,0
BRDA:366,24,0,0
BRDA:366,24,1,0
BRDA:374,25,0,0
BRDA:374,25,1,0
BRDA:375,26,0,0
BRDA:375,26,1,0
BRDA:378,27,0,0
BRDA:378,27,1,0
BRDA:399,28,0,0
BRDA:402,29,0,0
BRDA:420,30,0,0
BRDA:426,31,0,0
BRDA:426,32,0,0
BRDA:426,32,1,0
BRDA:487,33,0,0
BRDA:493,34,0,0
BRDA:493,35,0,0
BRDA:493,35,1,0
BRDA:512,36,0,0
BRDA:523,37,0,0
BRDA:529,38,0,0
BRDA:529,38,1,0
BRDA:538,39,0,0
BRDA:538,40,0,0
BRDA:538,40,1,0
BRDA:540,41,0,0
BRDA:543,42,0,0
BRDA:549,43,0,0
BRDA:560,44,0,0
BRDA:560,44,1,0
BRDA:562,45,0,0
BRDA:562,46,0,0
BRDA:562,46,1,0
BRDA:581,47,0,0
BRDA:587,48,0,0
BRDA:587,49,0,0
BRDA:587,49,1,0
BRDA:601,50,0,0
BRDA:642,51,0,0
BRDA:653,52,0,0
BRDA:653,52,1,0
BRDA:659,53,0,0
BRDA:659,53,1,0
BRDA:685,54,0,0
BRDA:685,54,1,0
BRDA:694,55,0,0
BRDA:717,56,0,0
BRDA:720,57,0,0
BRDA:723,58,0,0
BRDA:726,59,0,0
BRDA:729,60,0,0
BRDA:732,61,0,0
BRDA:735,62,0,0
BRDA:738,63,0,0
BRDA:750,64,0,0
BRDA:754,65,0,0
BRDA:758,66,0,0
BRDA:762,67,0,0
BRDA:766,68,0,0
BRDA:770,69,0,0
BRDA:774,70,0,0
BRDA:778,71,0,0
BRDA:781,72,0,0
BRDA:781,72,1,0
BRDA:788,73,0,0
BRDA:788,73,1,0
BRDA:789,74,0,0
BRDA:789,74,1,0
BRDA:791,75,0,0
BRDA:829,76,0,0
BRDA:829,76,1,0
BRDA:845,77,0,0
BRDA:845,78,0,0
BRDA:845,78,1,0
BRDA:895,79,0,0
BRDA:895,79,1,0
BRDA:917,80,0,0
BRDA:929,81,0,0
BRDA:929,81,1,0
BRDA:938,82,0,0
BRDA:946,83,0,0
BRDA:1002,84,0,0
BRDA:1002,85,0,0
BRDA:1002,85,1,0
BRDA:1017,86,0,0
BRDA:1026,87,0,0
BRDA:1032,88,0,0
BRDA:1047,89,0,0
BRDA:1047,90,0,0
BRDA:1047,90,1,0
BRDA:1049,91,0,0
BRDA:1055,92,0,0
BRDA:1057,93,0,0
BRDA:1060,94,0,0
BRDA:1060,95,0,0
BRDA:1060,95,1,0
BRDA:1067,96,0,0
BRDA:1067,97,0,0
BRDA:1067,97,1,0
BRDA:1079,98,0,0
BRDA:1080,99,0,0
BRDA:1092,100,0,0
BRDA:1092,100,1,0
BRDA:1095,101,0,0
BRDA:1095,101,1,0
BRDA:1095,101,2,0
BRDA:1095,101,3,0
BRDA:1095,101,4,0
BRDA:1101,102,0,0
BRDA:1101,102,1,0
BRDA:1101,103,0,0
BRDA:1101,103,1,0
BRDA:1103,104,0,0
BRDA:1103,104,1,0
BRDA:1103,105,0,0
BRDA:1103,105,1,0
BRDA:1116,106,0,0
BRDA:1120,107,0,0
BRDA:1123,108,0,0
BRDA:1130,109,0,0
BRDA:1130,109,1,0
BRDA:1152,110,0,0
BRDA:1155,111,0,0
BRF:166
BRH:0
end_of_record
TN:
SF:src/lobby-manager.ts
FN:17,(anonymous_0)
FN:25,(anonymous_1)
FN:30,(anonymous_2)
FN:34,(anonymous_3)
FN:38,(anonymous_4)
FN:42,(anonymous_5)
FN:46,(anonymous_6)
FN:50,(anonymous_7)
FN:54,(anonymous_8)
FN:59,(anonymous_9)
FN:61,(anonymous_10)
FN:66,(anonymous_11)
FN:85,(anonymous_12)
FN:127,(anonymous_13)
FN:192,(anonymous_14)
FN:221,(anonymous_15)
FN:229,(anonymous_16)
FN:247,(anonymous_17)
FN:257,(anonymous_18)
FN:264,(anonymous_19)
FN:296,(anonymous_20)
FN:303,(anonymous_21)
FN:310,(anonymous_22)
FN:317,(anonymous_23)
FN:322,(anonymous_24)
FN:345,(anonymous_25)
FN:365,(anonymous_26)
FN:366,(anonymous_27)
FN:380,(anonymous_28)
FN:388,(anonymous_29)
FN:396,(anonymous_30)
FN:403,(anonymous_31)
FN:410,(anonymous_32)
FN:411,(anonymous_33)
FN:428,(anonymous_34)
FN:429,(anonymous_35)
FNF:36
FNH:0
FNDA:0,(anonymous_0)
FNDA:0,(anonymous_1)
FNDA:0,(anonymous_2)
FNDA:0,(anonymous_3)
FNDA:0,(anonymous_4)
FNDA:0,(anonymous_5)
FNDA:0,(anonymous_6)
FNDA:0,(anonymous_7)
FNDA:0,(anonymous_8)
FNDA:0,(anonymous_9)
FNDA:0,(anonymous_10)
FNDA:0,(anonymous_11)
FNDA:0,(anonymous_12)
FNDA:0,(anonymous_13)
FNDA:0,(anonymous_14)
FNDA:0,(anonymous_15)
FNDA:0,(anonymous_16)
FNDA:0,(anonymous_17)
FNDA:0,(anonymous_18)
FNDA:0,(anonymous_19)
FNDA:0,(anonymous_20)
FNDA:0,(anonymous_21)
FNDA:0,(anonymous_22)
FNDA:0,(anonymous_23)
FNDA:0,(anonymous_24)
FNDA:0,(anonymous_25)
FNDA:0,(anonymous_26)
FNDA:0,(anonymous_27)
FNDA:0,(anonymous_28)
FNDA:0,(anonymous_29)
FNDA:0,(anonymous_30)
FNDA:0,(anonymous_31)
FNDA:0,(anonymous_32)
FNDA:0,(anonymous_33)
FNDA:0,(anonymous_34)
FNDA:0,(anonymous_35)
DA:7,0
DA:10,0
DA:11,0
DA:12,0
DA:13,0
DA:14,0
DA:15,0
DA:18,0
DA:19,0
DA:26,0
DA:29,0
DA:30,0
DA:33,0
DA:34,0
DA:37,0
DA:38,0
DA:41,0
DA:42,0
DA:45,0
DA:46,0
DA:49,0
DA:50,0
DA:53,0
DA:54,0
DA:57,0
DA:58,0
DA:59,0
DA:60,0
DA:61,0
DA:66,0
DA:68,0
DA:69,0
DA:71,0
DA:72,0
DA:76,0
DA:79,0
DA:86,0
DA:88,0
DA:106,0
DA:107,0
DA:110,0
DA:119,0
DA:121,0
DA:128,0
DA:129,0
DA:130,0
DA:134,0
DA:135,0
DA:136,0
DA:140,0
DA:141,0
DA:145,0
DA:147,0
DA:148,0
DA:149,0
DA:150,0
DA:153,0
DA:161,0
DA:162,0
DA:165,0
DA:166,0
DA:169,0
DA:177,0
DA:179,0
DA:181,0
DA:193,0
DA:194,0
DA:195,0
DA:198,0
DA:199,0
DA:202,0
DA:203,0
DA:205,0
DA:211,0
DA:222,0
DA:223,0
DA:225,0
DA:226,0
DA:229,0
DA:230,0
DA:231,0
DA:234,0
DA:237,0
DA:239,0
DA:241,0
DA:248,0
DA:249,0
DA:251,0
DA:254,0
DA:257,0
DA:264,0
DA:267,0
DA:268,0
DA:269,0
DA:271,0
DA:272,0
DA:277,0
DA:278,0
DA:279,0
DA:280,0
DA:284,0
DA:285,0
DA:286,0
DA:287,0
DA:290,0
DA:297,0
DA:304,0
DA:311,0
DA:318,0
DA:319,0
DA:322,0
DA:323,0
DA:327,0
DA:328,0
DA:329,0
DA:332,0
DA:333,0
DA:334,0
DA:338,0
DA:339,0
DA:346,0
DA:347,0
DA:349,0
DA:350,0
DA:353,0
DA:354,0
DA:356,0
DA:359,0
DA:366,0
DA:368,0
DA:369,0
DA:370,0
DA:374,0
DA:382,0
DA:390,0
DA:397,0
DA:404,0
DA:411,0
DA:413,0
DA:414,0
DA:416,0
DA:417,0
DA:418,0
DA:419,0
DA:429,0
DA:431,0
DA:433,0
DA:434,0
DA:435,0
LF:149
LH:0
BRDA:25,0,0,0
BRDA:29,1,0,0
BRDA:33,2,0,0
BRDA:37,3,0,0
BRDA:41,4,0,0
BRDA:45,5,0,0
BRDA:49,6,0,0
BRDA:53,7,0,0
BRDA:57,8,0,0
BRDA:60,9,0,0
BRDA:60,9,1,0
BRDA:68,10,0,0
BRDA:68,10,1,0
BRDA:69,11,0,0
BRDA:69,11,1,0
BRDA:71,12,0,0
BRDA:129,13,0,0
BRDA:135,14,0,0
BRDA:135,15,0,0
BRDA:135,15,1,0
BRDA:140,16,0,0
BRDA:140,17,0,0
BRDA:140,17,1,0
BRDA:145,18,0,0
BRDA:148,19,0,0
BRDA:194,20,0,0
BRDA:198,21,0,0
BRDA:223,22,0,0
BRDA:226,23,0,0
BRDA:251,24,0,0
BRDA:251,25,0,0
BRDA:251,25,1,0
BRDA:267,26,0,0
BRDA:267,27,0,0
BRDA:267,27,1,0
BRDA:267,27,2,0
BRDA:271,28,0,0
BRDA:277,29,0,0
BRDA:277,29,1,0
BRDA:279,30,0,0
BRDA:279,31,0,0
BRDA:279,31,1,0
BRDA:285,32,0,0
BRDA:297,33,0,0
BRDA:297,33,1,0
BRDA:319,34,0,0
BRDA:333,35,0,0
BRDA:349,36,0,0
BRDA:349,37,0,0
BRDA:349,37,1,0
BRDA:349,37,2,0
BRDA:350,38,0,0
BRDA:354,39,0,0
BRDA:369,40,0,0
BRDA:417,41,0,0
BRDA:417,42,0,0
BRDA:417,42,1,0
BRDA:434,43,0,0
BRF:58
BRH:0
end_of_record
TN:
SF:src/rate-limit-do.ts
FN:36,(anonymous_0)
FN:41,(anonymous_1)
FN:67,(anonymous_2)
FN:136,(anonymous_3)
FN:141,(anonymous_4)
FN:155,(anonymous_5)
FN:161,(anonymous_6)
FN:175,(anonymous_7)
FN:179,(anonymous_8)
FN:185,(anonymous_9)
FN:191,(anonymous_10)
FNF:11
FNH:0
FNDA:0,(anonymous_0)
FNDA:0,(anonymous_1)
FNDA:0,(anonymous_2)
FNDA:0,(anonymous_3)
FNDA:0,(anonymous_4)
FNDA:0,(anonymous_5)
FNDA:0,(anonymous_6)
FNDA:0,(anonymous_7)
FNDA:0,(anonymous_8)
FNDA:0,(anonymous_9)
FNDA:0,(anonymous_10)
DA:8,0
DA:30,0
DA:33,0
DA:34,0
DA:37,0
DA:38,0
DA:42,0
DA:45,0
DA:46,0
DA:50,0
DA:51,0
DA:54,0
DA:55,0
DA:56,0
DA:61,0
DA:65,0
DA:66,0
DA:67,0
DA:70,0
DA:71,0
DA:72,0
DA:76,0
DA:77,0
DA:78,0
DA:79,0
DA:80,0
DA:82,0
DA:85,0
DA:86,0
DA:87,0
DA:98,0
DA:103,0
DA:104,0
DA:108,0
DA:115,0
DA:116,0
DA:119,0
DA:124,0
DA:138,0
DA:139,0
DA:140,0
DA:141,0
DA:144,0
DA:145,0
DA:149,0
DA:152,0
DA:157,0
DA:158,0
DA:163,0
DA:164,0
DA:165,0
DA:169,0
DA:170,0
DA:171,0
DA:176,0
DA:179,0
DA:185,0
DA:191,0
DA:194,0
LF:59
LH:0
BRDA:45,0,0,0
BRDA:55,1,0,0
BRDA:71,2,0,0
BRDA:76,3,0,0
BRDA:76,3,1,0
BRDA:77,4,0,0
BRDA:77,4,1,0
BRDA:79,5,0,0
BRDA:85,6,0,0
BRDA:85,7,0,0
BRDA:85,7,1,0
BRDA:104,8,0,0
BRDA:104,8,1,0
BRDA:115,9,0,0
BRDA:128,10,0,0
BRDA:128,10,1,0
BRDA:144,11,0,0
BRDA:164,12,0,0
BRDA:170,13,0,0
BRDA:183,14,0,0
BRDA:183,14,1,0
BRDA:190,15,0,0
BRDA:190,15,1,0
BRF:23
BRH:0
end_of_record
TN:
SF:src/repositories.ts
FN:60,(anonymous_0)
FN:62,(anonymous_1)
FN:71,(anonymous_2)
FN:80,(anonymous_3)
FN:89,(anonymous_4)
FN:113,(anonymous_5)
FN:141,(anonymous_6)
FN:146,(anonymous_7)
FN:162,(anonymous_8)
FN:164,(anonymous_9)
FN:173,(anonymous_10)
FN:205,(anonymous_11)
FN:237,(anonymous_12)
FN:243,(anonymous_13)
FN:246,(anonymous_14)
FN:251,(anonymous_15)
FN:272,(anonymous_16)
FN:274,(anonymous_17)
FN:283,(anonymous_18)
FN:311,(anonymous_19)
FN:344,(anonymous_20)
FN:350,(anonymous_21)
FN:353,(anonymous_22)
FN:358,(anonymous_23)
FN:377,(anonymous_24)
FN:379,(anonymous_25)
FN:395,(anonymous_26)
FN:405,(anonymous_27)
FN:418,(anonymous_28)
FN:421,(anonymous_29)
FN:439,(anonymous_30)
FN:441,(anonymous_31)
FN:455,(anonymous_32)
FN:464,(anonymous_33)
FN:477,(anonymous_34)
FN:482,(anonymous_35)
FNF:36
FNH:0
FNDA:0,(anonymous_0)
FNDA:0,(anonymous_1)
FNDA:0,(anonymous_2)
FNDA:0,(anonymous_3)
FNDA:0,(anonymous_4)
FNDA:0,(anonymous_5)
FNDA:0,(anonymous_6)
FNDA:0,(anonymous_7)
FNDA:0,(anonymous_8)
FNDA:0,(anonymous_9)
FNDA:0,(anonymous_10)
FNDA:0,(anonymous_11)
FNDA:0,(anonymous_12)
FNDA:0,(anonymous_13)
FNDA:0,(anonymous_14)
FNDA:0,(anonymous_15)
FNDA:0,(anonymous_16)
FNDA:0,(anonymous_17)
FNDA:0,(anonymous_18)
FNDA:0,(anonymous_19)
FNDA:0,(anonymous_20)
FNDA:0,(anonymous_21)
FNDA:0,(anonymous_22)
FNDA:0,(anonymous_23)
FNDA:0,(anonymous_24)
FNDA:0,(anonymous_25)
FNDA:0,(anonymous_26)
FNDA:0,(anonymous_27)
FNDA:0,(anonymous_28)
FNDA:0,(anonymous_29)
FNDA:0,(anonymous_30)
FNDA:0,(anonymous_31)
FNDA:0,(anonymous_32)
FNDA:0,(anonymous_33)
FNDA:0,(anonymous_34)
FNDA:0,(anonymous_35)
DA:1,0
DA:59,0
DA:60,0
DA:63,0
DA:64,0
DA:66,0
DA:68,0
DA:72,0
DA:73,0
DA:75,0
DA:77,0
DA:81,0
DA:82,0
DA:84,0
DA:86,0
DA:90,0
DA:91,0
DA:93,0
DA:98,0
DA:110,0
DA:114,0
DA:115,0
DA:116,0
DA:119,0
DA:120,0
DA:122,0
DA:128,0
DA:138,0
DA:142,0
DA:143,0
DA:147,0
DA:161,0
DA:162,0
DA:165,0
DA:166,0
DA:168,0
DA:170,0
DA:174,0
DA:176,0
DA:184,0
DA:202,0
DA:206,0
DA:207,0
DA:208,0
DA:211,0
DA:212,0
DA:214,0
DA:222,0
DA:234,0
DA:238,0
DA:241,0
DA:243,0
DA:247,0
DA:248,0
DA:252,0
DA:271,0
DA:272,0
DA:275,0
DA:276,0
DA:278,0
DA:280,0
DA:284,0
DA:285,0
DA:287,0
DA:294,0
DA:308,0
DA:312,0
DA:313,0
DA:314,0
DA:317,0
DA:318,0
DA:320,0
DA:328,0
DA:341,0
DA:345,0
DA:348,0
DA:350,0
DA:354,0
DA:355,0
DA:359,0
DA:376,0
DA:377,0
DA:380,0
DA:381,0
DA:387,0
DA:396,0
DA:397,0
DA:399,0
DA:401,0
DA:402,0
DA:406,0
DA:407,0
DA:409,0
DA:410,0
DA:411,0
DA:412,0
DA:413,0
DA:414,0
DA:418,0
DA:422,0
DA:423,0
DA:424,0
DA:427,0
DA:428,0
DA:430,0
DA:431,0
DA:438,0
DA:439,0
DA:442,0
DA:443,0
DA:445,0
DA:451,0
DA:452,0
DA:456,0
DA:457,0
DA:459,0
DA:461,0
DA:465,0
DA:466,0
DA:467,0
DA:470,0
DA:471,0
DA:473,0
DA:474,0
DA:478,0
DA:479,0
DA:485,0
DA:489,0
LF:128
LH:0
BRDA:66,0,0,0
BRDA:75,1,0,0
BRDA:84,2,0,0
BRDA:115,3,0,0
BRDA:155,4,0,0
BRDA:155,4,1,0
BRDA:156,5,0,0
BRDA:156,5,1,0
BRDA:168,6,0,0
BRDA:207,7,0,0
BRDA:257,8,0,0
BRDA:257,8,1,0
BRDA:258,9,0,0
BRDA:258,9,1,0
BRDA:278,10,0,0
BRDA:313,11,0,0
BRDA:365,12,0,0
BRDA:365,12,1,0
BRDA:399,13,0,0
BRDA:412,14,0,0
BRDA:422,15,0,0
BRDA:422,15,1,0
BRDA:441,16,0,0
BRDA:459,17,0,0
BRDA:466,18,0,0
BRDA:473,19,0,0
BRDA:473,19,1,0
BRF:27
BRH:0
end_of_record
TN:
SF:src/secure-rng-do.ts
FN:91,(anonymous_0)
FN:100,(anonymous_1)
FN:140,(anonymous_2)
FN:189,(anonymous_3)
FN:215,(anonymous_4)
FN:271,(anonymous_5)
FN:312,(anonymous_6)
FN:353,(anonymous_7)
FN:405,(anonymous_8)
FN:457,(anonymous_9)
FN:474,(anonymous_10)
FN:511,(anonymous_11)
FN:517,(anonymous_12)
FN:523,(anonymous_13)
FN:536,(anonymous_14)
FN:556,(anonymous_15)
FN:567,(anonymous_16)
FN:584,(anonymous_17)
FN:585,(anonymous_18)
FN:590,(anonymous_19)
FN:591,(anonymous_20)
FN:613,(anonymous_21)
FN:623,(anonymous_22)
FN:630,(anonymous_23)
FN:652,(anonymous_24)
FN:662,(anonymous_25)
FN:675,(anonymous_26)
FN:683,(anonymous_27)
FN:687,(anonymous_28)
FN:688,(anonymous_29)
FN:694,(anonymous_30)
FN:714,(anonymous_31)
FNF:32
FNH:0
FNDA:0,(anonymous_0)
FNDA:0,(anonymous_1)
FNDA:0,(anonymous_2)
FNDA:0,(anonymous_3)
FNDA:0,(anonymous_4)
FNDA:0,(anonymous_5)
FNDA:0,(anonymous_6)
FNDA:0,(anonymous_7)
FNDA:0,(anonymous_8)
FNDA:0,(anonymous_9)
FNDA:0,(anonymous_10)
FNDA:0,(anonymous_11)
FNDA:0,(anonymous_12)
FNDA:0,(anonymous_13)
FNDA:0,(anonymous_14)
FNDA:0,(anonymous_15)
FNDA:0,(anonymous_16)
FNDA:0,(anonymous_17)
FNDA:0,(anonymous_18)
FNDA:0,(anonymous_19)
FNDA:0,(anonymous_20)
FNDA:0,(anonymous_21)
FNDA:0,(anonymous_22)
FNDA:0,(anonymous_23)
FNDA:0,(anonymous_24)
FNDA:0,(anonymous_25)
FNDA:0,(anonymous_26)
FNDA:0,(anonymous_27)
FNDA:0,(anonymous_28)
FNDA:0,(anonymous_29)
FNDA:0,(anonymous_30)
FNDA:0,(anonymous_31)
DA:9,0
DA:75,0
DA:80,0
DA:81,0
DA:82,0
DA:83,0
DA:85,0
DA:86,0
DA:87,0
DA:88,0
DA:89,0
DA:92,0
DA:93,0
DA:94,0
DA:97,0
DA:101,0
DA:102,0
DA:104,0
DA:105,0
DA:109,0
DA:110,0
DA:119,0
DA:122,0
DA:124,0
DA:129,0
DA:141,0
DA:144,0
DA:146,0
DA:147,0
DA:150,0
DA:156,0
DA:157,0
DA:176,0
DA:177,0
DA:180,0
DA:181,0
DA:182,0
DA:185,0
DA:186,0
DA:190,0
DA:191,0
DA:194,0
DA:196,0
DA:198,0
DA:200,0
DA:202,0
DA:204,0
DA:206,0
DA:208,0
DA:216,0
DA:218,0
DA:219,0
DA:222,0
DA:224,0
DA:225,0
DA:229,0
DA:232,0
DA:248,0
DA:249,0
DA:250,0
DA:252,0
DA:254,0
DA:264,0
DA:272,0
DA:274,0
DA:275,0
DA:278,0
DA:279,0
DA:280,0
DA:282,0
DA:292,0
DA:293,0
DA:294,0
DA:296,0
DA:298,0
DA:305,0
DA:313,0
DA:315,0
DA:316,0
DA:319,0
DA:320,0
DA:321,0
DA:323,0
DA:333,0
DA:334,0
DA:335,0
DA:337,0
DA:339,0
DA:346,0
DA:354,0
DA:356,0
DA:357,0
DA:360,0
DA:361,0
DA:368,0
DA:369,0
DA:371,0
DA:385,0
DA:386,0
DA:387,0
DA:389,0
DA:391,0
DA:398,0
DA:406,0
DA:408,0
DA:409,0
DA:412,0
DA:413,0
DA:414,0
DA:417,0
DA:418,0
DA:423,0
DA:437,0
DA:438,0
DA:439,0
DA:441,0
DA:443,0
DA:450,0
DA:458,0
DA:459,0
DA:462,0
DA:468,0
DA:483,0
DA:495,0
DA:498,0
DA:501,0
DA:504,0
DA:505,0
DA:508,0
DA:512,0
DA:513,0
DA:516,0
DA:517,0
DA:520,0
DA:524,0
DA:525,0
DA:526,0
DA:527,0
DA:530,0
DA:531,0
DA:537,0
DA:539,0
DA:541,0
DA:549,0
DA:550,0
DA:552,0
DA:557,0
DA:559,0
DA:562,0
DA:563,0
DA:568,0
DA:569,0
DA:572,0
DA:574,0
DA:575,0
DA:577,0
DA:584,0
DA:586,0
DA:587,0
DA:590,0
DA:591,0
DA:596,0
DA:599,0
DA:600,0
DA:601,0
DA:604,0
DA:606,0
DA:608,0
DA:614,0
DA:617,0
DA:618,0
DA:621,0
DA:622,0
DA:623,0
DA:625,0
DA:626,0
DA:630,0
DA:631,0
DA:632,0
DA:635,0
DA:636,0
DA:637,0
DA:641,0
DA:642,0
DA:652,0
DA:657,0
DA:658,0
DA:663,0
DA:666,0
DA:667,0
DA:672,0
DA:676,0
DA:685,0
DA:687,0
DA:688,0
DA:690,0
DA:695,0
DA:697,0
DA:699,0
DA:702,0
DA:708,0
DA:709,0
DA:712,0
DA:713,0
DA:714,0
DA:718,0
DA:719,0
DA:720,0
DA:721,0
DA:725,0
DA:726,0
DA:729,0
DA:730,0
DA:733,0
LF:214
LH:0
BRDA:104,0,0,0
BRDA:109,1,0,0
BRDA:131,2,0,0
BRDA:131,2,1,0
BRDA:146,3,0,0
BRDA:146,3,1,0
BRDA:146,4,0,0
BRDA:146,4,1,0
BRDA:181,5,0,0
BRDA:190,6,0,0
BRDA:194,7,0,0
BRDA:194,7,1,0
BRDA:194,7,2,0
BRDA:194,7,3,0
BRDA:194,7,4,0
BRDA:194,7,5,0
BRDA:194,7,6,0
BRDA:216,8,0,0
BRDA:216,8,1,0
BRDA:218,9,0,0
BRDA:224,10,0,0
BRDA:224,11,0,0
BRDA:224,11,1,0
BRDA:242,12,0,0
BRDA:242,12,1,0
BRDA:266,13,0,0
BRDA:266,13,1,0
BRDA:272,14,0,0
BRDA:272,14,1,0
BRDA:274,15,0,0
BRDA:274,16,0,0
BRDA:274,16,1,0
BRDA:274,16,2,0
BRDA:307,17,0,0
BRDA:307,17,1,0
BRDA:313,18,0,0
BRDA:313,18,1,0
BRDA:315,19,0,0
BRDA:315,20,0,0
BRDA:315,20,1,0
BRDA:315,20,2,0
BRDA:348,21,0,0
BRDA:348,21,1,0
BRDA:354,22,0,0
BRDA:354,22,1,0
BRDA:356,23,0,0
BRDA:356,24,0,0
BRDA:356,24,1,0
BRDA:400,25,0,0
BRDA:400,25,1,0
BRDA:406,26,0,0
BRDA:406,26,1,0
BRDA:408,27,0,0
BRDA:408,28,0,0
BRDA:408,28,1,0
BRDA:413,29,0,0
BRDA:452,30,0,0
BRDA:452,30,1,0
BRDA:458,31,0,0
BRDA:487,32,0,0
BRDA:487,32,1,0
BRDA:491,33,0,0
BRDA:491,33,1,0
BRDA:504,34,0,0
BRDA:525,35,0,0
BRDA:530,36,0,0
BRDA:559,37,0,0
BRDA:559,37,1,0
BRDA:562,38,0,0
BRDA:567,39,0,0
BRDA:568,40,0,0
BRDA:568,41,0,0
BRDA:568,41,1,0
BRDA:568,41,2,0
BRDA:584,42,0,0
BRDA:584,42,1,0
BRDA:586,43,0,0
BRDA:586,43,1,0
BRDA:614,44,0,0
BRDA:625,45,0,0
BRDA:631,46,0,0
BRDA:631,46,1,0
BRDA:636,47,0,0
BRDA:641,48,0,0
BRDA:652,49,0,0
BRDA:652,49,1,0
BRDA:663,50,0,0
BRDA:695,51,0,0
BRDA:695,52,0,0
BRDA:695,52,1,0
BRDA:720,53,0,0
BRF:91
BRH:0
end_of_record
TN:
SF:src/sharding-strategy.ts
FN:30,(anonymous_0)
FN:43,(anonymous_1)
FN:55,(anonymous_2)
FN:61,(anonymous_3)
FN:84,(anonymous_4)
FN:91,(anonymous_5)
FN:98,(anonymous_6)
FN:107,(anonymous_7)
FN:118,(anonymous_8)
FN:126,(anonymous_9)
FN:135,(anonymous_10)
FN:154,(anonymous_11)
FN:174,(anonymous_12)
FN:221,(anonymous_13)
FN:228,(anonymous_14)
FN:242,(anonymous_15)
FN:267,(anonymous_16)
FN:283,(anonymous_17)
FN:290,(anonymous_18)
FN:297,(anonymous_19)
FN:305,getShardedDurableObject
FN:319,getWalletDurableObject
FN:331,getChatDurableObject
FN:343,getLobbyDurableObject
FNF:24
FNH:0
FNDA:0,(anonymous_0)
FNDA:0,(anonymous_1)
FNDA:0,(anonymous_2)
FNDA:0,(anonymous_3)
FNDA:0,(anonymous_4)
FNDA:0,(anonymous_5)
FNDA:0,(anonymous_6)
FNDA:0,(anonymous_7)
FNDA:0,(anonymous_8)
FNDA:0,(anonymous_9)
FNDA:0,(anonymous_10)
FNDA:0,(anonymous_11)
FNDA:0,(anonymous_12)
FNDA:0,(anonymous_13)
FNDA:0,(anonymous_14)
FNDA:0,(anonymous_15)
FNDA:0,(anonymous_16)
FNDA:0,(anonymous_17)
FNDA:0,(anonymous_18)
FNDA:0,(anonymous_19)
FNDA:0,getShardedDurableObject
FNDA:0,getWalletDurableObject
FNDA:0,getChatDurableObject
FNDA:0,getLobbyDurableObject
DA:8,0
DA:25,0
DA:27,0
DA:28,0
DA:31,0
DA:37,0
DA:44,0
DA:46,0
DA:47,0
DA:48,0
DA:49,0
DA:50,0
DA:55,0
DA:62,0
DA:63,0
DA:64,0
DA:66,0
DA:74,0
DA:75,0
DA:78,0
DA:85,0
DA:92,0
DA:100,0
DA:101,0
DA:108,0
DA:109,0
DA:110,0
DA:112,0
DA:119,0
DA:120,0
DA:127,0
DA:128,0
DA:129,0
DA:136,0
DA:141,0
DA:148,0
DA:156,0
DA:157,0
DA:159,0
DA:161,0
DA:162,0
DA:164,0
DA:168,0
DA:176,0
DA:177,0
DA:179,0
DA:180,0
DA:181,0
DA:183,0
DA:184,0
DA:187,0
DA:188,0
DA:189,0
DA:190,0
DA:192,0
DA:195,0
DA:196,0
DA:198,0
DA:203,0
DA:204,0
DA:206,0
DA:207,0
DA:210,0
DA:211,0
DA:212,0
DA:215,0
DA:222,0
DA:229,0
DA:231,0
DA:232,0
DA:233,0
DA:236,0
DA:243,0
DA:249,0
DA:250,0
DA:251,0
DA:254,0
DA:261,0
DA:262,0
DA:268,0
DA:270,0
DA:271,0
DA:277,0
DA:284,0
DA:291,0
DA:298,0
DA:305,0
DA:311,0
DA:312,0
DA:313,0
DA:319,0
DA:323,0
DA:324,0
DA:325,0
DA:331,0
DA:335,0
DA:336,0
DA:337,0
DA:343,0
DA:347,0
DA:348,0
DA:349,0
LF:102
LH:0
BRDA:74,0,0,0
BRDA:100,1,0,0
BRDA:100,1,1,0
BRDA:183,2,0,0
BRDA:187,3,0,0
BRDA:189,4,0,0
BRDA:195,5,0,0
BRDA:195,5,1,0
BRDA:203,6,0,0
BRDA:203,6,1,0
BRDA:206,7,0,0
BRDA:211,8,0,0
BRDA:250,9,0,0
BRDA:250,10,0,0
BRDA:250,10,1,0
BRDA:267,11,0,0
BRDA:270,12,0,0
BRDA:283,13,0,0
BRDA:290,14,0,0
BRDA:297,15,0,0
BRF:20
BRH:0
end_of_record
TN:
SF:src/simple-game-table-do.ts
FN:88,(anonymous_0)
FN:134,(anonymous_1)
FN:149,(anonymous_2)
FN:178,(anonymous_3)
FN:190,(anonymous_4)
FN:204,(anonymous_5)
FN:254,(anonymous_6)
FN:269,(anonymous_7)
FN:285,(anonymous_8)
FN:318,(anonymous_9)
FN:400,(anonymous_10)
FN:419,(anonymous_11)
FN:473,(anonymous_12)
FN:499,(anonymous_13)
FN:523,(anonymous_14)
FN:545,(anonymous_15)
FN:617,(anonymous_16)
FN:619,(anonymous_17)
FN:630,(anonymous_18)
FN:647,(anonymous_19)
FN:710,(anonymous_20)
FN:723,(anonymous_21)
FN:725,(anonymous_22)
FN:726,(anonymous_23)
FN:736,(anonymous_24)
FN:745,(anonymous_25)
FN:765,(anonymous_26)
FN:810,(anonymous_27)
FN:811,(anonymous_28)
FN:825,(anonymous_29)
FN:826,(anonymous_30)
FN:853,(anonymous_31)
FN:862,(anonymous_32)
FN:865,(anonymous_33)
FN:890,(anonymous_34)
FN:924,(anonymous_35)
FN:932,(anonymous_36)
FN:933,(anonymous_37)
FN:956,(anonymous_38)
FN:974,(anonymous_39)
FN:985,(anonymous_40)
FN:1003,(anonymous_41)
FN:1022,(anonymous_42)
FN:1037,(anonymous_43)
FN:1048,(anonymous_44)
FN:1049,(anonymous_45)
FN:1080,(anonymous_46)
FNF:47
FNH:0
FNDA:0,(anonymous_0)
FNDA:0,(anonymous_1)
FNDA:0,(anonymous_2)
FNDA:0,(anonymous_3)
FNDA:0,(anonymous_4)
FNDA:0,(anonymous_5)
FNDA:0,(anonymous_6)
FNDA:0,(anonymous_7)
FNDA:0,(anonymous_8)
FNDA:0,(anonymous_9)
FNDA:0,(anonymous_10)
FNDA:0,(anonymous_11)
FNDA:0,(anonymous_12)
FNDA:0,(anonymous_13)
FNDA:0,(anonymous_14)
FNDA:0,(anonymous_15)
FNDA:0,(anonymous_16)
FNDA:0,(anonymous_17)
FNDA:0,(anonymous_18)
FNDA:0,(anonymous_19)
FNDA:0,(anonymous_20)
FNDA:0,(anonymous_21)
FNDA:0,(anonymous_22)
FNDA:0,(anonymous_23)
FNDA:0,(anonymous_24)
FNDA:0,(anonymous_25)
FNDA:0,(anonymous_26)
FNDA:0,(anonymous_27)
FNDA:0,(anonymous_28)
FNDA:0,(anonymous_29)
FNDA:0,(anonymous_30)
FNDA:0,(anonymous_31)
FNDA:0,(anonymous_32)
FNDA:0,(anonymous_33)
FNDA:0,(anonymous_34)
FNDA:0,(anonymous_35)
FNDA:0,(anonymous_36)
FNDA:0,(anonymous_37)
FNDA:0,(anonymous_38)
FNDA:0,(anonymous_39)
FNDA:0,(anonymous_40)
FNDA:0,(anonymous_41)
FNDA:0,(anonymous_42)
FNDA:0,(anonymous_43)
FNDA:0,(anonymous_44)
FNDA:0,(anonymous_45)
FNDA:0,(anonymous_46)
DA:11,0
DA:22,0
DA:84,0
DA:86,0
DA:90,0
DA:128,0
DA:135,0
DA:138,0
DA:139,0
DA:143,0
DA:151,0
DA:152,0
DA:153,0
DA:155,0
DA:156,0
DA:160,0
DA:161,0
DA:163,0
DA:164,0
DA:168,0
DA:171,0
DA:178,0
DA:179,0
DA:180,0
DA:181,0
DA:182,0
DA:183,0
DA:185,0
DA:186,0
DA:190,0
DA:191,0
DA:195,0
DA:205,0
DA:206,0
DA:207,0
DA:208,0
DA:210,0
DA:212,0
DA:214,0
DA:215,0
DA:218,0
DA:219,0
DA:222,0
DA:223,0
DA:226,0
DA:227,0
DA:230,0
DA:231,0
DA:234,0
DA:235,0
DA:238,0
DA:239,0
DA:242,0
DA:243,0
DA:246,0
DA:247,0
DA:255,0
DA:258,0
DA:259,0
DA:260,0
DA:263,0
DA:264,0
DA:265,0
DA:269,0
DA:270,0
DA:271,0
DA:275,0
DA:279,0
DA:286,0
DA:288,0
DA:291,0
DA:299,0
DA:302,0
DA:312,0
DA:319,0
DA:320,0
DA:322,0
DA:325,0
DA:326,0
DA:327,0
DA:328,0
DA:331,0
DA:332,0
DA:333,0
DA:334,0
DA:337,0
DA:340,0
DA:364,0
DA:367,0
DA:375,0
DA:377,0
DA:380,0
DA:390,0
DA:391,0
DA:394,0
DA:401,0
DA:403,0
DA:404,0
DA:405,0
DA:408,0
DA:410,0
DA:420,0
DA:422,0
DA:423,0
DA:424,0
DA:427,0
DA:428,0
DA:429,0
DA:432,0
DA:433,0
DA:434,0
DA:437,0
DA:439,0
DA:441,0
DA:442,0
DA:443,0
DA:447,0
DA:457,0
DA:460,0
DA:462,0
DA:465,0
DA:466,0
DA:474,0
DA:476,0
DA:478,0
DA:486,0
DA:488,0
DA:493,0
DA:500,0
DA:501,0
DA:503,0
DA:504,0
DA:505,0
DA:508,0
DA:509,0
DA:510,0
DA:514,0
DA:524,0
DA:525,0
DA:527,0
DA:528,0
DA:529,0
DA:533,0
DA:534,0
DA:535,0
DA:539,0
DA:546,0
DA:547,0
DA:548,0
DA:551,0
DA:553,0
DA:554,0
DA:555,0
DA:558,0
DA:559,0
DA:561,0
DA:562,0
DA:565,0
DA:566,0
DA:567,0
DA:569,0
DA:570,0
DA:571,0
DA:572,0
DA:573,0
DA:577,0
DA:578,0
DA:581,0
DA:582,0
DA:583,0
DA:586,0
DA:587,0
DA:590,0
DA:591,0
DA:592,0
DA:593,0
DA:594,0
DA:597,0
DA:598,0
DA:599,0
DA:602,0
DA:605,0
DA:609,0
DA:611,0
DA:618,0
DA:619,0
DA:620,0
DA:621,0
DA:624,0
DA:631,0
DA:632,0
DA:633,0
DA:635,0
DA:638,0
DA:639,0
DA:640,0
DA:648,0
DA:649,0
DA:650,0
DA:653,0
DA:656,0
DA:657,0
DA:658,0
DA:659,0
DA:660,0
DA:663,0
DA:664,0
DA:667,0
DA:668,0
DA:669,0
DA:670,0
DA:673,0
DA:677,0
DA:678,0
DA:680,0
DA:681,0
DA:682,0
DA:683,0
DA:684,0
DA:688,0
DA:689,0
DA:690,0
DA:691,0
DA:692,0
DA:696,0
DA:697,0
DA:698,0
DA:702,0
DA:704,0
DA:710,0
DA:724,0
DA:725,0
DA:726,0
DA:728,0
DA:730,0
DA:731,0
DA:732,0
DA:736,0
DA:737,0
DA:740,0
DA:742,0
DA:745,0
DA:746,0
DA:749,0
DA:750,0
DA:751,0
DA:752,0
DA:753,0
DA:754,0
DA:756,0
DA:757,0
DA:766,0
DA:768,0
DA:770,0
DA:772,0
DA:773,0
DA:774,0
DA:776,0
DA:778,0
DA:779,0
DA:780,0
DA:782,0
DA:784,0
DA:785,0
DA:786,0
DA:788,0
DA:789,0
DA:790,0
DA:792,0
DA:793,0
DA:794,0
DA:798,0
DA:799,0
DA:800,0
DA:801,0
DA:802,0
DA:806,0
DA:809,0
DA:810,0
DA:811,0
DA:813,0
DA:814,0
DA:819,0
DA:826,0
DA:828,0
DA:830,0
DA:831,0
DA:833,0
DA:834,0
DA:835,0
DA:836,0
DA:838,0
DA:850,0
DA:853,0
DA:854,0
DA:863,0
DA:865,0
DA:867,0
DA:868,0
DA:869,0
DA:874,0
DA:876,0
DA:877,0
DA:878,0
DA:881,0
DA:884,0
DA:891,0
DA:892,0
DA:893,0
DA:894,0
DA:897,0
DA:898,0
DA:899,0
DA:900,0
DA:903,0
DA:905,0
DA:907,0
DA:920,0
DA:921,0
DA:924,0
DA:925,0
DA:933,0
DA:934,0
DA:935,0
DA:937,0
DA:938,0
DA:939,0
DA:940,0
DA:942,0
DA:943,0
DA:944,0
DA:947,0
DA:957,0
DA:959,0
DA:960,0
DA:961,0
DA:962,0
DA:964,0
DA:965,0
DA:975,0
DA:985,0
DA:1004,0
DA:1005,0
DA:1007,0
DA:1023,0
DA:1038,0
DA:1039,0
DA:1041,0
DA:1049,0
DA:1058,0
DA:1081,0
LF:351
LH:0
BRDA:138,0,0,0
BRDA:155,1,0,0
BRDA:155,2,0,0
BRDA:155,2,1,0
BRDA:155,2,2,0
BRDA:163,3,0,0
BRDA:197,4,0,0
BRDA:197,4,1,0
BRDA:212,5,0,0
BRDA:212,5,1,0
BRDA:212,5,2,0
BRDA:212,5,3,0
BRDA:212,5,4,0
BRDA:212,5,5,0
BRDA:212,5,6,0
BRDA:212,5,7,0
BRDA:259,6,0,0
BRDA:264,7,0,0
BRDA:270,8,0,0
BRDA:320,9,0,0
BRDA:325,10,0,0
BRDA:331,11,0,0
BRDA:390,12,0,0
BRDA:390,13,0,0
BRDA:390,13,1,0
BRDA:403,14,0,0
BRDA:422,15,0,0
BRDA:422,16,0,0
BRDA:422,16,1,0
BRDA:427,17,0,0
BRDA:432,18,0,0
BRDA:441,19,0,0
BRDA:442,20,0,0
BRDA:442,20,1,0
BRDA:503,21,0,0
BRDA:509,22,0,0
BRDA:527,23,0,0
BRDA:527,24,0,0
BRDA:527,24,1,0
BRDA:533,25,0,0
BRDA:533,26,0,0
BRDA:533,26,1,0
BRDA:539,27,0,0
BRDA:539,27,1,0
BRDA:547,28,0,0
BRDA:551,29,0,0
BRDA:551,29,1,0
BRDA:551,29,2,0
BRDA:551,29,3,0
BRDA:551,29,4,0
BRDA:551,29,5,0
BRDA:558,30,0,0
BRDA:566,31,0,0
BRDA:577,32,0,0
BRDA:577,33,0,0
BRDA:577,33,1,0
BRDA:582,34,0,0
BRDA:586,35,0,0
BRDA:598,36,0,0
BRDA:598,37,0,0
BRDA:598,37,1,0
BRDA:620,38,0,0
BRDA:638,39,0,0
BRDA:638,40,0,0
BRDA:638,40,1,0
BRDA:648,41,0,0
BRDA:678,42,0,0
BRDA:681,43,0,0
BRDA:689,44,0,0
BRDA:696,45,0,0
BRDA:696,45,1,0
BRDA:697,46,0,0
BRDA:725,47,0,0
BRDA:725,47,1,0
BRDA:728,48,0,0
BRDA:737,49,0,0
BRDA:737,49,1,0
BRDA:740,50,0,0
BRDA:740,50,1,0
BRDA:752,51,0,0
BRDA:752,52,0,0
BRDA:752,52,1,0
BRDA:752,52,2,0
BRDA:768,53,0,0
BRDA:768,53,1,0
BRDA:768,53,2,0
BRDA:768,53,3,0
BRDA:768,53,4,0
BRDA:798,54,0,0
BRDA:798,55,0,0
BRDA:798,55,1,0
BRDA:800,56,0,0
BRDA:810,57,0,0
BRDA:810,57,1,0
BRDA:813,58,0,0
BRDA:813,59,0,0
BRDA:813,59,1,0
BRDA:828,60,0,0
BRDA:833,61,0,0
BRDA:833,62,0,0
BRDA:833,62,1,0
BRDA:867,63,0,0
BRDA:876,64,0,0
BRDA:892,65,0,0
BRDA:898,66,0,0
BRDA:938,67,0,0
BRDA:943,68,0,0
BRDA:960,69,0,0
BRDA:1005,70,0,0
BRF:109
BRH:0
end_of_record
TN:
SF:src/table-registry-do.ts
FN:22,(anonymous_0)
FN:31,(anonymous_1)
FN:73,(anonymous_2)
FN:111,(anonymous_3)
FN:145,(anonymous_4)
FN:180,(anonymous_5)
FN:215,(anonymous_6)
FN:247,(anonymous_7)
FN:252,(anonymous_8)
FN:253,(anonymous_9)
FN:255,(anonymous_10)
FN:256,(anonymous_11)
FN:257,(anonymous_12)
FN:274,(anonymous_13)
FN:296,(anonymous_14)
FN:302,(anonymous_15)
FN:314,(anonymous_16)
FN:315,(anonymous_17)
FN:321,(anonymous_18)
FN:334,(anonymous_19)
FN:343,(anonymous_20)
FN:345,(anonymous_21)
FN:354,(anonymous_22)
FN:381,(anonymous_23)
FN:384,(anonymous_24)
FN:391,(anonymous_25)
FN:396,(anonymous_26)
FN:403,(anonymous_27)
FN:433,(anonymous_28)
FN:443,(anonymous_29)
FNF:30
FNH:0
FNDA:0,(anonymous_0)
FNDA:0,(anonymous_1)
FNDA:0,(anonymous_2)
FNDA:0,(anonymous_3)
FNDA:0,(anonymous_4)
FNDA:0,(anonymous_5)
FNDA:0,(anonymous_6)
FNDA:0,(anonymous_7)
FNDA:0,(anonymous_8)
FNDA:0,(anonymous_9)
FNDA:0,(anonymous_10)
FNDA:0,(anonymous_11)
FNDA:0,(anonymous_12)
FNDA:0,(anonymous_13)
FNDA:0,(anonymous_14)
FNDA:0,(anonymous_15)
FNDA:0,(anonymous_16)
FNDA:0,(anonymous_17)
FNDA:0,(anonymous_18)
FNDA:0,(anonymous_19)
FNDA:0,(anonymous_20)
FNDA:0,(anonymous_21)
FNDA:0,(anonymous_22)
FNDA:0,(anonymous_23)
FNDA:0,(anonymous_24)
FNDA:0,(anonymous_25)
FNDA:0,(anonymous_26)
FNDA:0,(anonymous_27)
FNDA:0,(anonymous_28)
FNDA:0,(anonymous_29)
DA:8,0
DA:17,0
DA:20,0
DA:23,0
DA:24,0
DA:25,0
DA:32,0
DA:33,0
DA:35,0
DA:36,0
DA:38,0
DA:41,0
DA:44,0
DA:47,0
DA:50,0
DA:53,0
DA:56,0
DA:59,0
DA:60,0
DA:74,0
DA:75,0
DA:78,0
DA:79,0
DA:81,0
DA:82,0
DA:84,0
DA:85,0
DA:87,0
DA:88,0
DA:90,0
DA:91,0
DA:93,0
DA:95,0
DA:112,0
DA:113,0
DA:116,0
DA:117,0
DA:119,0
DA:120,0
DA:129,0
DA:132,0
DA:134,0
DA:146,0
DA:147,0
DA:150,0
DA:151,0
DA:153,0
DA:154,0
DA:163,0
DA:165,0
DA:166,0
DA:169,0
DA:181,0
DA:182,0
DA:185,0
DA:186,0
DA:188,0
DA:189,0
DA:198,0
DA:200,0
DA:201,0
DA:204,0
DA:216,0
DA:217,0
DA:220,0
DA:221,0
DA:223,0
DA:224,0
DA:233,0
DA:234,0
DA:236,0
DA:248,0
DA:250,0
DA:252,0
DA:253,0
DA:255,0
DA:256,0
DA:257,0
DA:263,0
DA:275,0
DA:276,0
DA:278,0
DA:280,0
DA:283,0
DA:289,0
DA:297,0
DA:298,0
DA:302,0
DA:305,0
DA:307,0
DA:315,0
DA:322,0
DA:324,0
DA:325,0
DA:328,0
DA:335,0
DA:343,0
DA:346,0
DA:355,0
DA:356,0
DA:357,0
DA:360,0
DA:361,0
DA:363,0
DA:364,0
DA:367,0
DA:370,0
DA:372,0
DA:384,0
DA:385,0
DA:388,0
DA:391,0
DA:392,0
DA:396,0
DA:397,0
DA:398,0
DA:399,0
DA:403,0
DA:404,0
DA:405,0
DA:407,0
DA:409,0
DA:410,0
DA:415,0
DA:418,0
DA:422,0
DA:425,0
DA:434,0
DA:435,0
DA:437,0
DA:443,0
DA:448,0
LF:132
LH:0
BRDA:36,0,0,0
BRDA:36,0,1,0
BRDA:36,0,2,0
BRDA:36,0,3,0
BRDA:36,0,4,0
BRDA:36,0,5,0
BRDA:36,0,6,0
BRDA:62,1,0,0
BRDA:62,1,1,0
BRDA:79,2,0,0
BRDA:82,3,0,0
BRDA:85,4,0,0
BRDA:88,5,0,0
BRDA:91,6,0,0
BRDA:112,7,0,0
BRDA:119,8,0,0
BRDA:119,9,0,0
BRDA:119,9,1,0
BRDA:146,10,0,0
BRDA:153,11,0,0
BRDA:153,12,0,0
BRDA:153,12,1,0
BRDA:165,13,0,0
BRDA:181,14,0,0
BRDA:188,15,0,0
BRDA:200,16,0,0
BRDA:216,17,0,0
BRDA:223,18,0,0
BRDA:223,19,0,0
BRDA:223,19,1,0
BRDA:278,20,0,0
BRDA:280,21,0,0
BRDA:280,21,1,0
BRDA:325,22,0,0
BRDA:325,22,1,0
BRDA:346,23,0,0
BRDA:346,23,1,0
BRDA:356,24,0,0
BRDA:356,25,0,0
BRDA:356,25,1,0
BRDA:363,26,0,0
BRDA:363,27,0,0
BRDA:363,27,1,0
BRDA:398,28,0,0
BRDA:407,29,0,0
BRDA:407,29,1,0
BRDA:409,30,0,0
BRDA:409,30,1,0
BRF:48
BRH:0
end_of_record
TN:
SF:src/table-state-detector.ts
FN:29,(anonymous_0)
FN:36,(anonymous_1)
FN:71,(anonymous_2)
FN:77,(anonymous_3)
FN:88,(anonymous_4)
FN:109,(anonymous_5)
FN:145,(anonymous_6)
FNF:7
FNH:0
FNDA:0,(anonymous_0)
FNDA:0,(anonymous_1)
FNDA:0,(anonymous_2)
FNDA:0,(anonymous_3)
FNDA:0,(anonymous_4)
FNDA:0,(anonymous_5)
FNDA:0,(anonymous_6)
DA:26,0
DA:30,0
DA:40,0
DA:43,0
DA:44,0
DA:45,0
DA:54,0
DA:55,0
DA:56,0
DA:64,0
DA:65,0
DA:66,0
DA:67,0
DA:69,0
DA:71,0
DA:72,0
DA:75,0
DA:76,0
DA:77,0
DA:78,0
DA:81,0
DA:87,0
DA:88,0
DA:89,0
DA:92,0
DA:103,0
DA:113,0
DA:116,0
DA:122,0
DA:123,0
DA:124,0
DA:129,0
DA:131,0
DA:135,0
DA:136,0
DA:139,0
DA:150,0
DA:151,0
DA:155,0
DA:156,0
DA:157,0
DA:160,0
DA:161,0
DA:165,0
DA:166,0
DA:169,0
DA:174,0
LF:47
LH:0
BRDA:30,0,0,0
BRDA:30,0,1,0
BRDA:44,1,0,0
BRDA:55,2,0,0
BRDA:66,3,0,0
BRDA:69,4,0,0
BRDA:75,5,0,0
BRDA:75,5,1,0
BRDA:123,6,0,0
BRDA:129,7,0,0
BRDA:129,8,0,0
BRDA:129,8,1,0
BRDA:135,9,0,0
BRDA:150,10,0,0
BRDA:160,11,0,0
BRDA:165,12,0,0
BRDA:165,13,0,0
BRDA:165,13,1,0
BRDA:166,14,0,0
BRDA:166,15,0,0
BRDA:166,15,1,0
BRDA:166,15,2,0
BRF:22
BRH:0
end_of_record
TN:
SF:src/validation.ts
FN:100,validateRequestBody
FN:110,(anonymous_1)
FNF:2
FNH:0
FNDA:0,validateRequestBody
FNDA:0,(anonymous_1)
DA:5,0
DA:8,0
DA:13,0
DA:19,0
DA:25,0
DA:32,0
DA:39,0
DA:57,0
DA:71,0
DA:76,0
DA:84,0
DA:92,0
DA:100,0
DA:104,0
DA:105,0
DA:106,0
DA:108,0
DA:109,0
DA:110,0
DA:112,0
DA:114,0
LF:21
LH:0
BRDA:108,0,0,0
BRF:1
BRH:0
end_of_record
TN:
SF:src/wallet-errors.ts
FN:6,(anonymous_0)
FN:13,(anonymous_1)
FN:20,(anonymous_2)
FN:27,(anonymous_3)
FN:34,(anonymous_4)
FN:41,(anonymous_5)
FN:48,(anonymous_6)
FN:55,(anonymous_7)
FN:62,(anonymous_8)
FNF:9
FNH:0
FNDA:0,(anonymous_0)
FNDA:0,(anonymous_1)
FNDA:0,(anonymous_2)
FNDA:0,(anonymous_3)
FNDA:0,(anonymous_4)
FNDA:0,(anonymous_5)
FNDA:0,(anonymous_6)
FNDA:0,(anonymous_7)
FNDA:0,(anonymous_8)
DA:5,0
DA:6,0
DA:7,0
DA:8,0
DA:12,0
DA:14,0
DA:15,0
DA:19,0
DA:21,0
DA:22,0
DA:26,0
DA:28,0
DA:29,0
DA:33,0
DA:35,0
DA:36,0
DA:40,0
DA:41,0
DA:42,0
DA:43,0
DA:47,0
DA:48,0
DA:49,0
DA:50,0
DA:54,0
DA:56,0
DA:57,0
DA:61,0
DA:63,0
DA:64,0
LF:30
LH:0
BRDA:34,0,0,0
BRF:1
BRH:0
end_of_record
TN:
SF:src/wallet-manager-do.ts
FN:147,(anonymous_0)
FN:160,(anonymous_1)
FN:212,(anonymous_2)
FN:225,(anonymous_3)
FN:238,(anonymous_4)
FN:375,(anonymous_5)
FN:402,(anonymous_6)
FN:417,(anonymous_7)
FN:443,(anonymous_8)
FN:443,(anonymous_9)
FN:446,(anonymous_10)
FN:460,(anonymous_11)
FN:475,(anonymous_12)
FN:489,(anonymous_13)
FN:490,(anonymous_14)
FN:516,(anonymous_15)
FN:563,(anonymous_16)
FN:593,(anonymous_17)
FN:616,(anonymous_18)
FN:645,(anonymous_19)
FN:668,(anonymous_20)
FN:745,(anonymous_21)
FN:766,(anonymous_22)
FN:829,(anonymous_23)
FN:862,(anonymous_24)
FN:884,(anonymous_25)
FN:913,(anonymous_26)
FN:933,(anonymous_27)
FN:1019,(anonymous_28)
FN:1252,(anonymous_29)
FN:1290,(anonymous_30)
FN:1291,(anonymous_31)
FN:1383,(anonymous_32)
FN:1416,(anonymous_33)
FN:1422,(anonymous_34)
FN:1425,(anonymous_35)
FN:1429,(anonymous_36)
FN:1430,(anonymous_37)
FN:1432,(anonymous_38)
FN:1447,(anonymous_39)
FN:1486,(anonymous_40)
FN:1499,(anonymous_41)
FN:1530,(anonymous_42)
FN:1553,(anonymous_43)
FN:1555,(anonymous_44)
FN:1561,(anonymous_45)
FN:1591,(anonymous_46)
FN:1605,(anonymous_47)
FN:1616,(anonymous_48)
FN:1620,(anonymous_49)
FN:1624,(anonymous_50)
FN:1628,(anonymous_51)
FN:1632,(anonymous_52)
FN:1645,(anonymous_53)
FN:1658,(anonymous_54)
FN:1684,(anonymous_55)
FN:1741,(anonymous_56)
FN:1787,(anonymous_57)
FN:1807,(anonymous_58)
FN:1930,(anonymous_59)
FN:1965,(anonymous_60)
FN:1982,(anonymous_61)
FN:1999,(anonymous_62)
FN:2022,(anonymous_63)
FN:2087,(anonymous_64)
FN:2096,(anonymous_65)
FN:2113,(anonymous_66)
FN:2135,(anonymous_67)
FN:2148,(anonymous_68)
FN:2163,(anonymous_69)
FN:2183,(anonymous_70)
FN:2255,(anonymous_71)
FN:2271,(anonymous_72)
FN:2273,(anonymous_73)
FN:2282,(anonymous_74)
FN:2289,(anonymous_75)
FN:2325,(anonymous_76)
FNF:77
FNH:0
FNDA:0,(anonymous_0)
FNDA:0,(anonymous_1)
FNDA:0,(anonymous_2)
FNDA:0,(anonymous_3)
FNDA:0,(anonymous_4)
FNDA:0,(anonymous_5)
FNDA:0,(anonymous_6)
FNDA:0,(anonymous_7)
FNDA:0,(anonymous_8)
FNDA:0,(anonymous_9)
FNDA:0,(anonymous_10)
FNDA:0,(anonymous_11)
FNDA:0,(anonymous_12)
FNDA:0,(anonymous_13)
FNDA:0,(anonymous_14)
FNDA:0,(anonymous_15)
FNDA:0,(anonymous_16)
FNDA:0,(anonymous_17)
FNDA:0,(anonymous_18)
FNDA:0,(anonymous_19)
FNDA:0,(anonymous_20)
FNDA:0,(anonymous_21)
FNDA:0,(anonymous_22)
FNDA:0,(anonymous_23)
FNDA:0,(anonymous_24)
FNDA:0,(anonymous_25)
FNDA:0,(anonymous_26)
FNDA:0,(anonymous_27)
FNDA:0,(anonymous_28)
FNDA:0,(anonymous_29)
FNDA:0,(anonymous_30)
FNDA:0,(anonymous_31)
FNDA:0,(anonymous_32)
FNDA:0,(anonymous_33)
FNDA:0,(anonymous_34)
FNDA:0,(anonymous_35)
FNDA:0,(anonymous_36)
FNDA:0,(anonymous_37)
FNDA:0,(anonymous_38)
FNDA:0,(anonymous_39)
FNDA:0,(anonymous_40)
FNDA:0,(anonymous_41)
FNDA:0,(anonymous_42)
FNDA:0,(anonymous_43)
FNDA:0,(anonymous_44)
FNDA:0,(anonymous_45)
FNDA:0,(anonymous_46)
FNDA:0,(anonymous_47)
FNDA:0,(anonymous_48)
FNDA:0,(anonymous_49)
FNDA:0,(anonymous_50)
FNDA:0,(anonymous_51)
FNDA:0,(anonymous_52)
FNDA:0,(anonymous_53)
FNDA:0,(anonymous_54)
FNDA:0,(anonymous_55)
FNDA:0,(anonymous_56)
FNDA:0,(anonymous_57)
FNDA:0,(anonymous_58)
FNDA:0,(anonymous_59)
FNDA:0,(anonymous_60)
FNDA:0,(anonymous_61)
FNDA:0,(anonymous_62)
FNDA:0,(anonymous_63)
FNDA:0,(anonymous_64)
FNDA:0,(anonymous_65)
FNDA:0,(anonymous_66)
FNDA:0,(anonymous_67)
FNDA:0,(anonymous_68)
FNDA:0,(anonymous_69)
FNDA:0,(anonymous_70)
FNDA:0,(anonymous_71)
FNDA:0,(anonymous_72)
FNDA:0,(anonymous_73)
FNDA:0,(anonymous_74)
FNDA:0,(anonymous_75)
FNDA:0,(anonymous_76)
DA:15,0
DA:16,0
DA:17,0
DA:25,0
DA:124,0
DA:136,0
DA:140,0
DA:142,0
DA:143,0
DA:148,0
DA:149,0
DA:152,0
DA:159,0
DA:161,0
DA:188,0
DA:191,0
DA:204,0
DA:205,0
DA:213,0
DA:226,0
DA:239,0
DA:241,0
DA:242,0
DA:244,0
DA:245,0
DA:248,0
DA:257,0
DA:258,0
DA:259,0
DA:261,0
DA:268,0
DA:279,0
DA:281,0
DA:282,0
DA:284,0
DA:285,0
DA:287,0
DA:288,0
DA:290,0
DA:291,0
DA:293,0
DA:294,0
DA:296,0
DA:297,0
DA:299,0
DA:300,0
DA:302,0
DA:303,0
DA:305,0
DA:306,0
DA:308,0
DA:309,0
DA:311,0
DA:312,0
DA:314,0
DA:315,0
DA:317,0
DA:318,0
DA:320,0
DA:321,0
DA:323,0
DA:324,0
DA:326,0
DA:327,0
DA:329,0
DA:330,0
DA:332,0
DA:333,0
DA:335,0
DA:336,0
DA:338,0
DA:339,0
DA:341,0
DA:342,0
DA:344,0
DA:345,0
DA:347,0
DA:348,0
DA:350,0
DA:351,0
DA:353,0
DA:357,0
DA:358,0
DA:359,0
DA:362,0
DA:364,0
DA:365,0
DA:376,0
DA:378,0
DA:379,0
DA:380,0
DA:381,0
DA:390,0
DA:393,0
DA:396,0
DA:404,0
DA:405,0
DA:406,0
DA:407,0
DA:411,0
DA:417,0
DA:418,0
DA:419,0
DA:422,0
DA:424,0
DA:427,0
DA:428,0
DA:431,0
DA:432,0
DA:433,0
DA:434,0
DA:440,0
DA:443,0
DA:446,0
DA:447,0
DA:448,0
DA:449,0
DA:452,0
DA:454,0
DA:461,0
DA:476,0
DA:477,0
DA:478,0
DA:479,0
DA:480,0
DA:481,0
DA:482,0
DA:483,0
DA:490,0
DA:491,0
DA:492,0
DA:503,0
DA:505,0
DA:506,0
DA:510,0
DA:517,0
DA:518,0
DA:520,0
DA:521,0
DA:525,0
DA:526,0
DA:527,0
DA:540,0
DA:541,0
DA:542,0
DA:545,0
DA:553,0
DA:564,0
DA:565,0
DA:568,0
DA:569,0
DA:570,0
DA:572,0
DA:573,0
DA:576,0
DA:578,0
DA:580,0
DA:594,0
DA:595,0
DA:597,0
DA:598,0
DA:600,0
DA:607,0
DA:610,0
DA:620,0
DA:621,0
DA:623,0
DA:624,0
DA:631,0
DA:634,0
DA:635,0
DA:636,0
DA:637,0
DA:646,0
DA:647,0
DA:651,0
DA:652,0
DA:654,0
DA:657,0
DA:658,0
DA:668,0
DA:670,0
DA:671,0
DA:680,0
DA:681,0
DA:683,0
DA:684,0
DA:694,0
DA:703,0
DA:704,0
DA:705,0
DA:708,0
DA:721,0
DA:723,0
DA:725,0
DA:731,0
DA:736,0
DA:738,0
DA:746,0
DA:747,0
DA:750,0
DA:751,0
DA:753,0
DA:754,0
DA:755,0
DA:765,0
DA:766,0
DA:768,0
DA:769,0
DA:778,0
DA:779,0
DA:782,0
DA:783,0
DA:784,0
DA:787,0
DA:803,0
DA:805,0
DA:816,0
DA:830,0
DA:831,0
DA:834,0
DA:841,0
DA:843,0
DA:846,0
DA:847,0
DA:848,0
DA:849,0
DA:860,0
DA:863,0
DA:864,0
DA:865,0
DA:867,0
DA:879,0
DA:880,0
DA:885,0
DA:886,0
DA:887,0
DA:889,0
DA:901,0
DA:902,0
DA:906,0
[...]
DA:1616,0
DA:1619,0
DA:1620,0
DA:1623,0
DA:1624,0
DA:1627,0
DA:1628,0
DA:1632,0
DA:1635,0
DA:1636,0
DA:1639,0
DA:1646,0
DA:1648,0
DA:1649,0
DA:1652,0
DA:1659,0
DA:1660,0
DA:1663,0
DA:1664,0
DA:1671,0
DA:1672,0
DA:1673,0
DA:1683,0
DA:1684,0
DA:1686,0
DA:1687,0
DA:1696,0
DA:1697,0
DA:1700,0
DA:1715,0
DA:1717,0
DA:1728,0
DA:1742,0
DA:1743,0
DA:1746,0
DA:1747,0
DA:1754,0
DA:1756,0
DA:1757,0
DA:1758,0
DA:1759,0
DA:1761,0
DA:1777,0
DA:1778,0
DA:1781,0
DA:1783,0
DA:1787,0
DA:1794,0
DA:1808,0
DA:1809,0
DA:1812,0
DA:1813,0
DA:1816,0
DA:1817,0
DA:1819,0
DA:1823,0
DA:1824,0
DA:1825,0
DA:1827,0
DA:1828,0
DA:1830,0
DA:1843,0
DA:1844,0
DA:1845,0
DA:1846,0
DA:1853,0
DA:1854,0
DA:1855,0
DA:1856,0
DA:1859,0
DA:1861,0
DA:1863,0
DA:1864,0
DA:1865,0
DA:1867,0
DA:1879,0
DA:1880,0
DA:1882,0
DA:1883,0
DA:1884,0
DA:1885,0
DA:1886,0
DA:1888,0
DA:1900,0
DA:1904,0
DA:1906,0
DA:1917,0
DA:1931,0
DA:1932,0
DA:1934,0
DA:1935,0
DA:1937,0
DA:1938,0
DA:1951,0
DA:1966,0
DA:1967,0
DA:1969,0
DA:1971,0
DA:1973,0
DA:1975,0
DA:1983,0
DA:1984,0
DA:1985,0
DA:1986,0
DA:1989,0
DA:1990,0
DA:1991,0
DA:2000,0
DA:2001,0
DA:2003,0
DA:2004,0
DA:2005,0
DA:2009,0
DA:2010,0
DA:2013,0
DA:2023,0
DA:2024,0
DA:2027,0
DA:2028,0
DA:2031,0
DA:2032,0
DA:2039,0
DA:2046,0
DA:2047,0
DA:2051,0
DA:2052,0
DA:2053,0
DA:2054,0
DA:2055,0
DA:2057,0
DA:2068,0
DA:2072,0
DA:2080,0
DA:2088,0
DA:2089,0
DA:2091,0
DA:2092,0
DA:2095,0
DA:2096,0
DA:2098,0
DA:2100,0
DA:2101,0
DA:2107,0
DA:2114,0
DA:2115,0
DA:2118,0
DA:2119,0
DA:2127,0
DA:2129,0
DA:2136,0
DA:2137,0
DA:2140,0
DA:2142,0
DA:2149,0
DA:2150,0
DA:2153,0
DA:2155,0
DA:2164,0
DA:2165,0
DA:2168,0
DA:2169,0
DA:2171,0
DA:2172,0
DA:2175,0
DA:2177,0
DA:2184,0
DA:2185,0
DA:2188,0
DA:2189,0
DA:2192,0
DA:2193,0
DA:2200,0
DA:2201,0
DA:2202,0
DA:2204,0
DA:2205,0
DA:2212,0
DA:2213,0
DA:2214,0
DA:2217,0
DA:2218,0
DA:2219,0
DA:2220,0
DA:2221,0
DA:2223,0
DA:2236,0
DA:2240,0
DA:2242,0
DA:2248,0
DA:2256,0
DA:2257,0
DA:2260,0
DA:2261,0
DA:2263,0
DA:2264,0
DA:2266,0
DA:2267,0
DA:2268,0
DA:2271,0
DA:2272,0
DA:2273,0
DA:2276,0
DA:2282,0
DA:2290,0
DA:2291,0
DA:2294,0
DA:2295,0
DA:2296,0
DA:2297,0
DA:2299,0
DA:2302,0
DA:2303,0
DA:2304,0
DA:2306,0
DA:2307,0
DA:2310,0
DA:2311,0
DA:2314,0
DA:2315,0
DA:2318,0
DA:2319,0
DA:2325,0
DA:2327,0
LF:630
LH:0
BRDA:154,0,0,0
BRDA:154,0,1,0
BRDA:155,1,0,0
BRDA:155,1,1,0
BRDA:160,2,0,0
BRDA:160,2,1,0
BRDA:164,3,0,0
BRDA:164,3,1,0
BRDA:171,4,0,0
BRDA:171,4,1,0
BRDA:181,5,0,0
BRDA:181,5,1,0
BRDA:204,6,0,0
BRDA:204,7,0,0
BRDA:204,7,1,0
BRDA:212,8,0,0
BRDA:225,9,0,0
BRDA:250,10,0,0
BRDA:250,10,1,0
BRDA:251,11,0,0
BRDA:251,11,1,0
BRDA:252,12,0,0
BRDA:252,12,1,0
BRDA:257,13,0,0
BRDA:259,14,0,0
BRDA:279,15,0,0
BRDA:279,15,1,0
BRDA:279,15,2,0
BRDA:279,15,3,0
BRDA:279,15,4,0
BRDA:279,15,5,0
BRDA:279,15,6,0
BRDA:279,15,7,0
BRDA:279,15,8,0
BRDA:279,15,9,0
BRDA:279,15,10,0
BRDA:279,15,11,0
BRDA:279,15,12,0
BRDA:279,15,13,0
BRDA:279,15,14,0
BRDA:279,15,15,0
BRDA:279,15,16,0
BRDA:279,15,17,0
BRDA:279,15,18,0
BRDA:279,15,19,0
BRDA:279,15,20,0
BRDA:279,15,21,0
BRDA:279,15,22,0
BRDA:279,15,23,0
BRDA:279,15,24,0
BRDA:357,16,0,0
BRDA:366,17,0,0
BRDA:366,17,1,0
BRDA:376,18,0,0
BRDA:380,19,0,0
BRDA:383,20,0,0
BRDA:383,20,1,0
BRDA:384,21,0,0
BRDA:384,21,1,0
BRDA:385,22,0,0
BRDA:385,22,1,0
BRDA:386,23,0,0
BRDA:386,23,1,0
BRDA:387,24,0,0
BRDA:387,24,1,0
BRDA:388,25,0,0
BRDA:388,25,1,0
BRDA:405,26,0,0
BRDA:418,27,0,0
BRDA:427,28,0,0
BRDA:432,29,0,0
BRDA:520,30,0,0
BRDA:526,31,0,0
BRDA:535,32,0,0
BRDA:535,32,1,0
BRDA:549,33,0,0
BRDA:549,33,1,0
BRDA:550,34,0,0
BRDA:550,34,1,0
BRDA:564,35,0,0
BRDA:570,36,0,0
BRDA:572,37,0,0
BRDA:582,38,0,0
BRDA:582,38,1,0
BRDA:595,39,0,0
BRDA:598,40,0,0
BRDA:621,41,0,0
BRDA:636,42,0,0
BRDA:646,43,0,0
BRDA:652,44,0,0
BRDA:657,45,0,0
BRDA:670,46,0,0
BRDA:683,47,0,0
BRDA:703,48,0,0
BRDA:703,48,1,0
BRDA:746,49,0,0
BRDA:754,50,0,0
BRDA:765,51,0,0
BRDA:765,51,1,0
BRDA:768,52,0,0
BRDA:818,53,0,0
BRDA:818,53,1,0
BRDA:830,54,0,0
BRDA:848,55,0,0
BRDA:922,56,0,0
BRDA:922,56,1,0
BRDA:934,57,0,0
BRDA:939,58,0,0
BRDA:943,59,0,0
BRDA:952,60,0,0
BRDA:952,60,1,0
BRDA:958,61,0,0
BRDA:992,62,0,0
BRDA:992,62,1,0
BRDA:993,63,0,0
BRDA:993,63,1,0
BRDA:1008,64,0,0
BRDA:1008,64,1,0
BRDA:1020,65,0,0
BRDA:1025,66,0,0
BRDA:1028,67,0,0
BRDA:1039,68,0,0
BRDA:1046,69,0,0
BRDA:1046,69,1,0
BRDA:1047,70,0,0
BRDA:1047,70,1,0
BRDA:1060,71,0,0
BRDA:1068,72,0,0
BRDA:1068,72,1,0
BRDA:1069,73,0,0
BRDA:1069,73,1,0
BRDA:1082,74,0,0
BRDA:1090,75,0,0
BRDA:1090,75,1,0
BRDA:1091,76,0,0
BRDA:1091,76,1,0
BRDA:1104,77,0,0
BRDA:1111,78,0,0
BRDA:1111,78,1,0
BRDA:1112,79,0,0
BRDA:1112,79,1,0
BRDA:1126,80,0,0
BRDA:1135,81,0,0
BRDA:1135,81,1,0
BRDA:1143,82,0,0
BRDA:1143,82,1,0
BRDA:1144,83,0,0
BRDA:1144,83,1,0
BRDA:1145,84,0,0
BRDA:1145,84,1,0
BRDA:1150,85,0,0
BRDA:1169,86,0,0
BRDA:1183,87,0,0
BRDA:1183,87,1,0
BRDA:1184,88,0,0
BRDA:1184,88,1,0
BRDA:1225,89,0,0
BRDA:1225,89,1,0
BRDA:1226,90,0,0
BRDA:1226,90,1,0
BRDA:1241,91,0,0
BRDA:1241,91,1,0
BRDA:1253,92,0,0
BRDA:1259,93,0,0
BRDA:1265,94,0,0
BRDA:1265,95,0,0
BRDA:1265,95,1,0
BRDA:1276,96,0,0
BRDA:1293,97,0,0
BRDA:1304,98,0,0
BRDA:1334,99,0,0
BRDA:1334,99,1,0
BRDA:1346,100,0,0
BRDA:1346,100,1,0
BRDA:1372,101,0,0
BRDA:1372,101,1,0
BRDA:1392,102,0,0
BRDA:1392,102,1,0
BRDA:1393,103,0,0
BRDA:1393,103,1,0
BRDA:1394,104,0,0
BRDA:1394,104,1,0
BRDA:1395,105,0,0
BRDA:1395,105,1,0
BRDA:1396,106,0,0
BRDA:1396,106,1,0
BRDA:1397,107,0,0
BRDA:1397,107,1,0
BRDA:1428,108,0,0
BRDA:1428,108,1,0
BRDA:1431,109,0,0
BRDA:1431,109,1,0
BRDA:1458,110,0,0
BRDA:1458,110,1,0
BRDA:1467,111,0,0
BRDA:1489,112,0,0
BRDA:1499,113,0,0
BRDA:1531,114,0,0
BRDA:1531,114,1,0
BRDA:1535,115,0,0
BRDA:1554,116,0,0
BRDA:1554,116,1,0
BRDA:1563,117,0,0
BRDA:1563,117,1,0
BRDA:1567,118,0,0
BRDA:1593,119,0,0
BRDA:1593,119,1,0
BRDA:1597,120,0,0
BRDA:1608,121,0,0
BRDA:1608,121,1,0
BRDA:1609,122,0,0
BRDA:1609,122,1,0
BRDA:1615,123,0,0
BRDA:1619,124,0,0
BRDA:1623,125,0,0
BRDA:1627,126,0,0
BRDA:1635,127,0,0
BRDA:1649,128,0,0
BRDA:1649,128,1,0
BRDA:1659,129,0,0
BRDA:1672,130,0,0
BRDA:1683,131,0,0
BRDA:1683,131,1,0
BRDA:1686,132,0,0
BRDA:1704,133,0,0
BRDA:1704,133,1,0
BRDA:1720,134,0,0
BRDA:1720,134,1,0
BRDA:1730,135,0,0
BRDA:1730,135,1,0
BRDA:1742,136,0,0
BRDA:1796,137,0,0
BRDA:1796,137,1,0
BRDA:1808,138,0,0
BRDA:1824,139,0,0
BRDA:1845,140,0,0
BRDA:1861,141,0,0
BRDA:1861,141,1,0
BRDA:1880,142,0,0
BRDA:1880,143,0,0
BRDA:1880,143,1,0
BRDA:1910,144,0,0
BRDA:1910,144,1,0
BRDA:1911,145,0,0
BRDA:1911,145,1,0
BRDA:1919,146,0,0
BRDA:1919,146,1,0
BRDA:1932,147,0,0
BRDA:1932,147,1,0
BRDA:1937,148,0,0
BRDA:1955,149,0,0
BRDA:1955,149,1,0
BRDA:1967,150,0,0
BRDA:1967,150,1,0
BRDA:1967,150,2,0
BRDA:1967,150,3,0
BRDA:1969,151,0,0
BRDA:1969,151,1,0
BRDA:1975,152,0,0
BRDA:1975,152,1,0
BRDA:1986,153,0,0
BRDA:1986,153,1,0
BRDA:1990,154,0,0
BRDA:1990,155,0,0
BRDA:1990,155,1,0
BRDA:2003,156,0,0
BRDA:2009,157,0,0
BRDA:2009,158,0,0
BRDA:2009,158,1,0
BRDA:2023,159,0,0
BRDA:2027,160,0,0
BRDA:2046,161,0,0
BRDA:2051,162,0,0
BRDA:2051,163,0,0
BRDA:2051,163,1,0
BRDA:2053,164,0,0
BRDA:2053,165,0,0
BRDA:2053,165,1,0
BRDA:2076,166,0,0
BRDA:2076,166,1,0
BRDA:2091,167,0,0
BRDA:2098,168,0,0
BRDA:2114,169,0,0
BRDA:2120,170,0,0
BRDA:2120,170,1,0
BRDA:2121,171,0,0
BRDA:2121,171,1,0
BRDA:2122,172,0,0
BRDA:2122,172,1,0
BRDA:2123,173,0,0
BRDA:2123,173,1,0
BRDA:2124,174,0,0
BRDA:2124,174,1,0
BRDA:2136,175,0,0
BRDA:2149,176,0,0
BRDA:2164,177,0,0
BRDA:2171,178,0,0
BRDA:2184,179,0,0
BRDA:2188,180,0,0
BRDA:2213,181,0,0
BRDA:2213,181,1,0
BRDA:2217,182,0,0
BRDA:2217,183,0,0
BRDA:2217,183,1,0
BRDA:2219,184,0,0
BRDA:2219,185,0,0
BRDA:2219,185,1,0
BRDA:2256,186,0,0
BRDA:2267,187,0,0
BRDA:2267,187,1,0
BRDA:2268,188,0,0
BRDA:2268,188,1,0
BRDA:2272,189,0,0
BRDA:2272,189,1,0
BRDA:2290,190,0,0
BRDA:2295,191,0,0
BRDA:2295,191,1,0
BRDA:2296,192,0,0
BRDA:2296,192,1,0
BRDA:2297,193,0,0
BRDA:2297,193,1,0
BRDA:2306,194,0,0
BRDA:2306,195,0,0
BRDA:2306,195,1,0
BRDA:2306,195,2,0
BRDA:2310,196,0,0
BRDA:2310,197,0,0
BRDA:2310,197,1,0
BRDA:2314,198,0,0
BRDA:2314,199,0,0
BRDA:2314,199,1,0
BRDA:2318,200,0,0
BRF:332
BRH:0
end_of_record
TN:
SF:src/wallet-manager.ts
FN:31,(anonymous_0)
FN:58,(anonymous_1)
FN:71,(anonymous_2)
FN:116,(anonymous_3)
FN:124,(anonymous_4)
FN:125,(anonymous_5)
FN:148,(anonymous_6)
FN:174,(anonymous_7)
FN:200,(anonymous_8)
FN:205,(anonymous_9)
FN:206,(anonymous_10)
FN:210,(anonymous_11)
FN:227,(anonymous_12)
FN:235,(anonymous_13)
FN:254,(anonymous_14)
FN:295,(anonymous_15)
FN:345,(anonymous_16)
FN:405,(anonymous_17)
FN:409,(anonymous_18)
FN:412,(anonymous_19)
FN:415,(anonymous_20)
FN:416,(anonymous_21)
FN:424,(anonymous_22)
FN:434,(anonymous_23)
FN:435,(anonymous_24)
FNF:25
FNH:0
FNDA:0,(anonymous_0)
FNDA:0,(anonymous_1)
FNDA:0,(anonymous_2)
FNDA:0,(anonymous_3)
FNDA:0,(anonymous_4)
FNDA:0,(anonymous_5)
FNDA:0,(anonymous_6)
FNDA:0,(anonymous_7)
FNDA:0,(anonymous_8)
FNDA:0,(anonymous_9)
FNDA:0,(anonymous_10)
FNDA:0,(anonymous_11)
FNDA:0,(anonymous_12)
FNDA:0,(anonymous_13)
FNDA:0,(anonymous_14)
FNDA:0,(anonymous_15)
FNDA:0,(anonymous_16)
FNDA:0,(anonymous_17)
FNDA:0,(anonymous_18)
FNDA:0,(anonymous_19)
FNDA:0,(anonymous_20)
FNDA:0,(anonymous_21)
FNDA:0,(anonymous_22)
FNDA:0,(anonymous_23)
FNDA:0,(anonymous_24)
DA:24,0
DA:25,0
DA:26,0
DA:32,0
DA:40,0
DA:43,0
DA:52,0
DA:59,0
DA:61,0
DA:62,0
DA:65,0
DA:72,0
DA:75,0
DA:76,0
DA:83,0
DA:84,0
DA:85,0
DA:92,0
DA:93,0
DA:96,0
DA:106,0
DA:117,0
DA:120,0
DA:123,0
DA:124,0
DA:125,0
DA:127,0
DA:128,0
DA:131,0
DA:134,0
DA:149,0
DA:151,0
DA:152,0
DA:154,0
DA:164,0
DA:165,0
DA:168,0
DA:175,0
DA:177,0
DA:178,0
DA:180,0
DA:190,0
DA:191,0
DA:194,0
DA:204,0
DA:205,0
DA:206,0
DA:208,0
DA:209,0
DA:210,0
DA:211,0
DA:212,0
DA:216,0
DA:217,0
DA:221,0
DA:228,0
DA:229,0
DA:236,0
DA:238,0
DA:239,0
DA:241,0
DA:260,0
DA:261,0
DA:262,0
DA:265,0
DA:266,0
DA:267,0
DA:269,0
DA:270,0
DA:279,0
DA:285,0
DA:301,0
DA:302,0
DA:303,0
DA:306,0
DA:307,0
DA:309,0
DA:310,0
DA:316,0
DA:317,0
DA:319,0
DA:320,0
DA:329,0
DA:335,0
DA:352,0
DA:353,0
DA:354,0
DA:357,0
DA:358,0
DA:361,0
DA:362,0
DA:364,0
DA:365,0
DA:373,0
DA:374,0
DA:376,0
DA:377,0
DA:387,0
DA:394,0
DA:406,0
DA:409,0
DA:410,0
DA:411,0
DA:412,0
DA:415,0
DA:416,0
DA:430,0
DA:432,0
DA:434,0
DA:435,0
LF:110
LH:0
BRDA:31,0,0,0
BRDA:61,1,0,0
BRDA:75,2,0,0
BRDA:84,3,0,0
BRDA:124,4,0,0
BRDA:124,4,1,0
BRDA:124,4,2,0
BRDA:127,5,0,0
BRDA:161,6,0,0
BRDA:161,6,1,0
BRDA:164,7,0,0
BRDA:187,8,0,0
BRDA:187,8,1,0
BRDA:190,9,0,0
BRDA:200,10,0,0
BRDA:209,11,0,0
BRDA:211,12,0,0
BRDA:217,13,0,0
BRDA:217,13,1,0
BRDA:235,14,0,0
BRDA:261,15,0,0
BRDA:287,16,0,0
BRDA:287,16,1,0
BRDA:302,17,0,0
BRDA:309,18,0,0
BRDA:337,19,0,0
BRDA:337,19,1,0
BRDA:353,20,0,0
BRDA:357,21,0,0
BRDA:364,22,0,0
BRDA:396,23,0,0
BRDA:396,23,1,0
BRDA:410,24,0,0
BRF:33
BRH:0
end_of_record
TN:
SF:src/wallet-security.ts
FN:92,(anonymous_1)
FN:97,(anonymous_2)
FN:157,(anonymous_3)
FN:172,(anonymous_4)
FN:180,(anonymous_5)
FN:207,(anonymous_6)
FN:268,(anonymous_7)
FN:296,(anonymous_8)
FN:317,(anonymous_9)
FN:336,(anonymous_10)
FN:366,(anonymous_11)
FN:371,(anonymous_12)
FN:375,(anonymous_13)
FN:379,(anonymous_14)
FN:383,(anonymous_15)
FN:387,(anonymous_16)
FN:402,(anonymous_17)
FN:403,(anonymous_18)
FN:409,(anonymous_19)
FN:429,(anonymous_20)
FN:442,(anonymous_21)
FN:468,(anonymous_22)
FN:476,(anonymous_23)
FN:487,(anonymous_24)
FN:495,(anonymous_25)
FN:498,(anonymous_26)
FN:504,(anonymous_27)
FN:524,(anonymous_28)
FN:532,(anonymous_29)
FNF:29
FNH:0
FNDA:0,(anonymous_1)
FNDA:0,(anonymous_2)
FNDA:0,(anonymous_3)
FNDA:0,(anonymous_4)
FNDA:0,(anonymous_5)
FNDA:0,(anonymous_6)
FNDA:0,(anonymous_7)
FNDA:0,(anonymous_8)
FNDA:0,(anonymous_9)
FNDA:0,(anonymous_10)
FNDA:0,(anonymous_11)
FNDA:0,(anonymous_12)
FNDA:0,(anonymous_13)
FNDA:0,(anonymous_14)
FNDA:0,(anonymous_15)
FNDA:0,(anonymous_16)
FNDA:0,(anonymous_17)
FNDA:0,(anonymous_18)
FNDA:0,(anonymous_19)
FNDA:0,(anonymous_20)
FNDA:0,(anonymous_21)
FNDA:0,(anonymous_22)
FNDA:0,(anonymous_23)
FNDA:0,(anonymous_24)
FNDA:0,(anonymous_25)
FNDA:0,(anonymous_26)
FNDA:0,(anonymous_27)
FNDA:0,(anonymous_28)
FNDA:0,(anonymous_29)
DA:11,0
DA:12,0
DA:82,0
DA:83,0
DA:84,0
DA:85,0
DA:86,0
DA:87,0
DA:88,0
DA:89,0
DA:90,0
DA:92,0
DA:98,0
DA:99,0
DA:100,0
DA:103,0
DA:104,0
DA:108,0
DA:109,0
DA:111,0
DA:112,0
DA:115,0
DA:116,0
DA:119,0
DA:120,0
DA:121,0
DA:125,0
DA:126,0
DA:130,0
DA:131,0
DA:132,0
DA:137,0
DA:138,0
DA:142,0
DA:145,0
DA:147,0
DA:149,0
DA:150,0
DA:158,0
DA:166,0
DA:173,0
DA:174,0
DA:177,0
DA:180,0
DA:183,0
DA:189,0
DA:191,0
DA:192,0
DA:193,0
DA:194,0
DA:198,0
DA:199,0
DA:201,0
DA:213,0
DA:216,0
DA:217,0
DA:221,0
DA:222,0
DA:223,0
DA:227,0
DA:228,0
DA:229,0
DA:233,0
DA:234,0
DA:235,0
DA:236,0
DA:237,0
DA:238,0
DA:239,0
DA:245,0
DA:246,0
DA:247,0
DA:248,0
DA:252,0
DA:253,0
DA:259,0
DA:274,0
DA:275,0
DA:277,0
DA:288,0
DA:290,0
DA:302,0
DA:303,0
DA:304,0
DA:307,0
DA:308,0
DA:309,0
DA:311,0
DA:318,0
DA:324,0
DA:327,0
DA:328,0
DA:329,0
DA:342,0
DA:354,0
DA:357,0
DA:358,0
DA:359,0
DA:367,0
DA:370,0
DA:371,0
DA:374,0
DA:375,0
DA:378,0
DA:379,0
DA:382,0
DA:383,0
DA:387,0
DA:389,0
DA:392,0
DA:393,0
DA:396,0
DA:403,0
DA:410,0
DA:411,0
DA:413,0
DA:414,0
DA:415,0
DA:416,0
DA:418,0
DA:423,0
DA:430,0
DA:431,0
DA:434,0
DA:435,0
DA:436,0
DA:437,0
DA:441,0
DA:442,0
DA:443,0
DA:444,0
DA:445,0
DA:449,0
DA:450,0
DA:451,0
DA:455,0
DA:457,0
DA:469,0
DA:470,0
DA:477,0
DA:478,0
DA:486,0
DA:487,0
DA:489,0
DA:496,0
DA:497,0
DA:498,0
DA:505,0
DA:506,0
DA:509,0
DA:510,0
DA:511,0
DA:516,0
DA:517,0
DA:525,0
DA:526,0
DA:533,0
LF:157
LH:0
BRDA:103,0,0,0
BRDA:103,1,0,0
BRDA:103,1,1,0
BRDA:103,1,2,0
BRDA:111,2,0,0
BRDA:115,3,0,0
BRDA:120,4,0,0
BRDA:125,5,0,0
BRDA:137,6,0,0
BRDA:166,7,0,0
BRDA:166,7,1,0
BRDA:177,8,0,0
BRDA:177,8,1,0
BRDA:189,9,0,0
BRDA:189,9,1,0
BRDA:191,10,0,0
BRDA:216,11,0,0
BRDA:222,12,0,0
BRDA:227,13,0,0
BRDA:227,13,1,0
BRDA:228,14,0,0
BRDA:233,15,0,0
BRDA:233,16,0,0
BRDA:233,16,1,0
BRDA:235,17,0,0
BRDA:235,18,0,0
BRDA:235,18,1,0
BRDA:238,19,0,0
BRDA:247,20,0,0
BRDA:247,21,0,0
BRDA:247,21,1,0
BRDA:252,22,0,0
BRDA:303,23,0,0
BRDA:303,24,0,0
BRDA:303,24,1,0
BRDA:307,25,0,0
BRDA:307,25,1,0
BRDA:328,26,0,0
BRDA:358,27,0,0
BRDA:370,28,0,0
BRDA:374,29,0,0
BRDA:378,30,0,0
BRDA:382,31,0,0
BRDA:392,32,0,0
BRDA:414,33,0,0
BRDA:415,34,0,0
BRDA:415,34,1,0
BRDA:434,35,0,0
BRDA:434,35,1,0
BRDA:435,36,0,0
BRDA:443,37,0,0
BRDA:449,38,0,0
BRDA:461,39,0,0
BRDA:461,39,1,0
BRDA:461,40,0,0
BRDA:461,40,1,0
BRDA:469,41,0,0
BRDA:469,41,1,0
BRDA:476,42,0,0
BRDA:477,43,0,0
BRDA:477,43,1,0
BRDA:497,44,0,0
BRDA:497,44,1,0
BRDA:510,45,0,0
BRDA:525,46,0,0
BRDA:525,46,1,0
BRF:66
BRH:0
end_of_record
TN:
SF:src/monitoring/constants.ts
FNF:0
FNH:0
DA:6,0
DA:15,0
DA:23,0
DA:29,0
DA:35,0
DA:41,0
LF:6
LH:0
BRF:0
BRH:0
end_of_record
TN:
SF:src/monitoring/metrics.ts
FN:56,(anonymous_0)
FN:61,(anonymous_1)
FN:81,(anonymous_2)
FN:101,(anonymous_3)
FN:127,(anonymous_4)
FN:138,(anonymous_5)
FN:149,(anonymous_6)
FN:182,(anonymous_7)
FN:211,(anonymous_8)
FN:229,(anonymous_9)
FN:253,(anonymous_10)
FN:296,(anonymous_11)
FN:317,(anonymous_12)
FN:341,(anonymous_13)
FN:343,(anonymous_14)
FN:355,(anonymous_15)
FN:408,(anonymous_16)
FN:433,(anonymous_17)
FN:438,(anonymous_18)
FN:453,(anonymous_19)
FN:472,(anonymous_20)
FN:479,(anonymous_21)
FNF:22
FNH:0
FNDA:0,(anonymous_0)
FNDA:0,(anonymous_1)
FNDA:0,(anonymous_2)
FNDA:0,(anonymous_3)
FNDA:0,(anonymous_4)
FNDA:0,(anonymous_5)
FNDA:0,(anonymous_6)
FNDA:0,(anonymous_7)
FNDA:0,(anonymous_8)
FNDA:0,(anonymous_9)
FNDA:0,(anonymous_10)
FNDA:0,(anonymous_11)
FNDA:0,(anonymous_12)
FNDA:0,(anonymous_13)
FNDA:0,(anonymous_14)
FNDA:0,(anonymous_15)
FNDA:0,(anonymous_16)
FNDA:0,(anonymous_17)
FNDA:0,(anonymous_18)
FNDA:0,(anonymous_19)
FNDA:0,(anonymous_20)
FNDA:0,(anonymous_21)
DA:2,0
DA:3,0
DA:55,0
DA:57,0
DA:58,0
DA:62,0
DA:64,0
DA:65,0
DA:70,0
DA:71,0
DA:72,0
DA:73,0
DA:77,0
DA:82,0
DA:83,0
DA:89,0
DA:90,0
DA:95,0
DA:97,0
DA:102,0
DA:104,0
DA:105,0
DA:106,0
DA:107,0
DA:110,0
DA:111,0
DA:116,0
DA:117,0
DA:118,0
DA:119,0
DA:123,0
DA:128,0
DA:129,0
DA:130,0
DA:134,0
DA:139,0
DA:140,0
DA:141,0
DA:145,0
DA:150,0
DA:151,0
DA:152,0
DA:154,0
DA:156,0
DA:160,0
DA:161,0
DA:162,0
DA:163,0
DA:165,0
DA:166,0
DA:167,0
DA:168,0
DA:169,0
DA:170,0
DA:176,0
DA:179,0
DA:183,0
DA:184,0
DA:185,0
DA:186,0
DA:188,0
DA:189,0
DA:193,0
DA:194,0
DA:195,0
DA:196,0
DA:197,0
DA:198,0
DA:199,0
DA:200,0
DA:205,0
DA:208,0
DA:212,0
DA:213,0
DA:214,0
DA:215,0
DA:218,0
DA:224,0
DA:225,0
DA:230,0
DA:232,0
DA:233,0
DA:237,0
DA:238,0
DA:239,0
DA:240,0
DA:247,0
DA:250,0
DA:254,0
DA:255,0
DA:256,0
DA:257,0
DA:258,0
DA:260,0
DA:261,0
DA:264,0
DA:265,0
DA:266,0
DA:267,0
DA:268,0
DA:269,0
DA:270,0
DA:271,0
DA:272,0
DA:277,0
DA:278,0
DA:279,0
DA:280,0
DA:281,0
DA:282,0
DA:283,0
DA:284,0
DA:285,0
DA:289,0
DA:291,0
DA:292,0
DA:297,0
DA:299,0
DA:300,0
DA:304,0
DA:305,0
DA:306,0
DA:307,0
DA:311,0
DA:314,0
DA:318,0
DA:319,0
DA:320,0
DA:321,0
DA:322,0
DA:323,0
DA:325,0
DA:329,0
DA:330,0
DA:331,0
DA:332,0
DA:333,0
DA:334,0
DA:335,0
DA:340,0
DA:341,0
DA:343,0
DA:345,0
DA:350,0
DA:351,0
DA:364,0
DA:366,0
DA:367,0
DA:371,0
DA:372,0
DA:373,0
DA:374,0
DA:375,0
DA:382,0
DA:383,0
DA:384,0
DA:385,0
DA:387,0
DA:394,0
DA:395,0
DA:396,0
DA:397,0
DA:398,0
DA:402,0
DA:405,0
DA:414,0
DA:421,0
DA:423,0
DA:439,0
DA:440,0
DA:441,0
DA:447,0
DA:448,0
DA:449,0
DA:453,0
DA:454,0
DA:455,0
DA:456,0
DA:457,0
DA:459,0
DA:464,0
DA:465,0
DA:468,0
DA:473,0
DA:474,0
DA:475,0
DA:476,0
DA:479,0
DA:480,0
DA:482,0
DA:483,0
LF:191
LH:0
BRDA:72,0,0,0
BRDA:72,0,1,0
BRDA:104,1,0,0
BRDA:104,1,1,0
BRDA:104,2,0,0
BRDA:104,2,1,0
BRDA:106,3,0,0
BRDA:118,4,0,0
BRDA:118,4,1,0
BRDA:165,5,0,0
BRDA:167,6,0,0
BRDA:169,7,0,0
BRDA:169,8,0,0
BRDA:169,8,1,0
BRDA:170,9,0,0
BRDA:170,9,1,0
BRDA:183,10,0,0
BRDA:183,10,1,0
BRDA:183,11,0,0
BRDA:183,11,1,0
BRDA:195,12,0,0
BRDA:197,13,0,0
BRDA:199,14,0,0
BRDA:214,15,0,0
BRDA:219,16,0,0
BRDA:219,16,1,0
BRDA:220,17,0,0
BRDA:220,17,1,0
BRDA:221,18,0,0
BRDA:221,18,1,0
BRDA:239,19,0,0
BRDA:239,20,0,0
BRDA:239,20,1,0
BRDA:260,21,0,0
BRDA:260,21,1,0
BRDA:261,22,0,0
BRDA:261,22,1,0
BRDA:268,23,0,0
BRDA:270,24,0,0
BRDA:272,25,0,0
BRDA:281,26,0,0
BRDA:283,27,0,0
BRDA:285,28,0,0
BRDA:289,29,0,0
BRDA:289,29,1,0
BRDA:306,30,0,0
BRDA:306,31,0,0
BRDA:306,31,1,0
BRDA:307,32,0,0
BRDA:307,32,1,0
BRDA:331,33,0,0
BRDA:331,34,0,0
BRDA:331,34,1,0
BRDA:333,35,0,0
BRDA:335,36,0,0
BRDA:335,36,1,0
BRDA:346,37,0,0
BRDA:346,37,1,0
BRDA:373,38,0,0
BRDA:374,39,0,0
BRDA:383,40,0,0
BRDA:384,41,0,0
BRDA:384,41,1,0
BRDA:396,42,0,0
BRDA:398,43,0,0
BRDA:398,43,1,0
BRDA:441,44,0,0
BRDA:441,44,1,0
BRDA:448,45,0,0
BRDA:464,46,0,0
BRDA:475,47,0,0
BRDA:475,48,0,0
BRDA:475,48,1,0
BRDA:475,48,2,0
BRF:74
BRH:0
end_of_record
TN:
SF:src/test-helpers/broadcast-test-helpers.ts
FN:20,extractBroadcastTestData
FN:35,resetBroadcastManager
FNF:2
FNH:0
FNDA:0,extractBroadcastTestData
FNDA:0,resetBroadcastManager
DA:20,0
DA:22,0
DA:24,0
DA:35,0
DA:36,0
DA:39,0
DA:40,0
DA:41,0
DA:42,0
DA:43,0
DA:44,0
DA:47,0
DA:48,0
DA:49,0
LF:14
LH:0
BRDA:47,0,0,0
BRF:1
BRH:0
end_of_record
TN:
SF:src/utils/deep-clone.ts
FN:5,deepClone
FN:23,(anonymous_1)
FN:29,(anonymous_2)
FN:38,(anonymous_3)
FNF:4
FNH:0
FNDA:0,deepClone
FNDA:0,(anonymous_1)
FNDA:0,(anonymous_2)
FNDA:0,(anonymous_3)
DA:5,0
DA:7,0
DA:8,0
DA:12,0
DA:13,0
DA:17,0
DA:18,0
DA:22,0
DA:23,0
DA:27,0
DA:28,0
DA:29,0
DA:30,0
DA:32,0
DA:36,0
DA:37,0
DA:38,0
DA:39,0
DA:41,0
DA:45,0
DA:46,0
DA:47,0
DA:48,0
DA:52,0
LF:24
LH:0
BRDA:7,0,0,0
BRDA:12,1,0,0
BRDA:12,2,0,0
BRDA:12,2,1,0
BRDA:17,3,0,0
BRDA:22,4,0,0
BRDA:27,5,0,0
BRDA:36,6,0,0
BRDA:47,7,0,0
BRF:9
BRH:0
end_of_record
TN:
SF:src/utils/path-validator.ts
FN:27,(anonymous_0)
FN:37,validatePath
FN:48,(anonymous_2)
FN:57,(anonymous_3)
FN:83,sanitizePath
FN:86,(anonymous_5)
FNF:6
FNH:0
FNDA:0,(anonymous_0)
FNDA:0,validatePath
FNDA:0,(anonymous_2)
FNDA:0,(anonymous_3)
FNDA:0,sanitizePath
FNDA:0,(anonymous_5)
DA:6,0
DA:9,0
DA:15,0
DA:26,0
DA:27,0
DA:28,0
DA:29,0
DA:37,0
DA:38,0
DA:39,0
DA:43,0
DA:44,0
DA:48,0
DA:49,0
DA:52,0
DA:53,0
DA:57,0
DA:59,0
DA:60,0
DA:61,0
DA:69,0
DA:70,0
DA:71,0
DA:72,0
DA:83,0
DA:84,0
DA:86,0
LF:27
LH:0
BRDA:38,0,0,0
BRDA:38,1,0,0
BRDA:38,1,1,0
BRDA:43,2,0,0
BRDA:52,3,0,0
BRDA:60,4,0,0
BRDA:69,5,0,0
BRDA:69,6,0,0
BRDA:69,6,1,0
BRDA:71,7,0,0
BRDA:71,8,0,0
BRDA:71,8,1,0
BRF:12
BRH:0
end_of_record
