TN:
SF:src/correlation.ts
FN:6,(anonymous_0)
FN:12,(anonymous_1)
FN:16,(anonymous_2)
FN:45,(anonymous_3)
FN:59,(anonymous_4)
FN:72,(anonymous_5)
FN:77,(anonymous_6)
FN:82,(anonymous_7)
FN:96,(anonymous_8)
FN:111,(anonymous_9)
FN:113,(anonymous_10)
FN:118,(anonymous_11)
FNF:12
FNH:4
FNDA:0,(anonymous_0)
FNDA:1,(anonymous_1)
FNDA:1,(anonymous_2)
FNDA:0,(anonymous_3)
FNDA:0,(anonymous_4)
FNDA:0,(anonymous_5)
FNDA:0,(anonymous_6)
FNDA:0,(anonymous_7)
FNDA:0,(anonymous_8)
FNDA:4,(anonymous_9)
FNDA:0,(anonymous_10)
FNDA:2,(anonymous_11)
DA:3,4
DA:4,4
DA:7,0
DA:8,0
DA:9,0
DA:13,1
DA:17,1
DA:18,1
DA:20,1
DA:21,1
DA:23,1
DA:24,12
DA:27,1
DA:31,4
DA:32,4
DA:33,4
DA:34,4
DA:35,4
DA:40,4
DA:41,4
DA:47,0
DA:49,0
DA:50,0
DA:51,0
DA:55,0
DA:56,0
DA:60,0
DA:61,0
DA:63,0
DA:64,0
DA:65,0
DA:66,0
DA:69,0
DA:73,0
DA:74,0
DA:78,0
DA:79,0
DA:84,0
DA:86,0
DA:87,0
DA:88,0
DA:89,0
DA:93,0
DA:97,0
DA:98,0
DA:100,0
DA:101,0
DA:102,0
DA:106,0
DA:107,0
DA:113,4
DA:114,0
DA:119,2
DA:120,2
DA:121,2
LF:55
LH:21
BRDA:40,0,0,4
BRDA:40,0,1,0
BRDA:47,1,0,0
BRDA:47,1,1,0
BRDA:50,2,0,0
BRDA:50,2,1,0
BRDA:61,3,0,0
BRDA:61,3,1,0
BRDA:64,4,0,0
BRDA:64,4,1,0
BRDA:64,5,0,0
BRDA:64,5,1,0
BRDA:87,6,0,0
BRDA:87,6,1,0
BRDA:101,7,0,0
BRDA:101,7,1,0
BRDA:119,8,0,2
BRDA:119,8,1,0
BRF:18
BRH:2
end_of_record
TN:
SF:src/event-emitter.ts
FN:6,(anonymous_0)
FN:10,(anonymous_1)
FN:14,(anonymous_2)
FN:25,(anonymous_3)
FN:29,(anonymous_4)
FNF:5
FNH:3
FNDA:37,(anonymous_0)
FNDA:2,(anonymous_1)
FNDA:250529,(anonymous_2)
FNDA:0,(anonymous_3)
FNDA:0,(anonymous_4)
DA:3,6
DA:4,34077
DA:7,37
DA:11,2
DA:15,250529
DA:16,1028
DA:17,1028
DA:20,0
DA:26,0
DA:30,0
LF:10
LH:7
BRF:0
BRH:0
end_of_record
TN:
SF:src/factory.ts
FN:20,(anonymous_0)
FN:31,(anonymous_1)
FN:37,(anonymous_2)
FN:42,(anonymous_3)
FN:54,(anonymous_4)
FN:63,(anonymous_5)
FN:67,(anonymous_6)
FN:74,(anonymous_7)
FN:99,(anonymous_8)
FN:114,(anonymous_9)
FN:115,(anonymous_10)
FN:119,(anonymous_11)
FNF:12
FNH:9
FNDA:8,(anonymous_0)
FNDA:36,(anonymous_1)
FNDA:4,(anonymous_2)
FNDA:24,(anonymous_3)
FNDA:15,(anonymous_4)
FNDA:2,(anonymous_5)
FNDA:8,(anonymous_6)
FNDA:15,(anonymous_7)
FNDA:1,(anonymous_8)
FNDA:0,(anonymous_9)
FNDA:0,(anonymous_10)
FNDA:0,(anonymous_11)
DA:1,3
DA:3,3
DA:4,3
DA:14,3
DA:17,8
DA:21,8
DA:23,8
DA:24,0
DA:32,36
DA:33,0
DA:36,36
DA:37,4
DA:40,34
DA:41,10
DA:42,10
DA:43,24
DA:45,10
DA:48,24
DA:55,15
DA:56,7
DA:59,8
DA:60,8
DA:64,2
DA:68,8
DA:69,6
DA:71,8
DA:75,15
DA:77,15
DA:78,10
DA:87,10
DA:89,10
DA:90,0
DA:93,10
DA:96,15
DA:100,1
DA:101,1
DA:103,1
DA:111,1
DA:115,0
DA:116,0
DA:120,0
LF:41
LH:35
BRDA:20,0,0,6
BRDA:23,1,0,0
BRDA:23,1,1,8
BRDA:32,2,0,0
BRDA:32,2,1,36
BRDA:32,3,0,36
BRDA:32,3,1,36
BRDA:36,4,0,2
BRDA:36,4,1,34
BRDA:40,5,0,10
BRDA:40,5,1,24
BRDA:55,6,0,7
BRDA:55,6,1,8
BRDA:55,7,0,15
BRDA:55,7,1,9
BRDA:63,8,0,1
BRDA:68,9,0,6
BRDA:68,9,1,2
BRDA:77,10,0,10
BRDA:77,10,1,5
BRDA:80,11,0,10
BRDA:80,11,1,9
BRDA:81,12,0,10
BRDA:81,12,1,9
BRDA:82,13,0,10
BRDA:82,13,1,10
BRDA:83,14,0,10
BRDA:83,14,1,10
BRDA:89,15,0,0
BRDA:89,15,1,10
BRDA:99,16,0,1
BRDA:100,17,0,1
BRDA:100,17,1,0
BRDA:108,18,0,1
BRDA:108,18,1,1
BRF:35
BRH:31
end_of_record
TN:
SF:src/logger.ts
FN:17,(anonymous_0)
FN:22,(anonymous_1)
FN:27,(anonymous_2)
FN:87,(anonymous_3)
FN:118,(anonymous_4)
FN:126,(anonymous_5)
FN:134,(anonymous_6)
FN:146,(anonymous_7)
FN:154,(anonymous_8)
FN:162,(anonymous_9)
FN:170,(anonymous_10)
FN:178,(anonymous_11)
FN:187,(anonymous_12)
FN:196,(anonymous_13)
FN:205,(anonymous_14)
FN:215,(anonymous_15)
FN:233,(anonymous_16)
FN:242,(anonymous_17)
FN:298,(anonymous_18)
FN:381,(anonymous_19)
FN:403,(anonymous_20)
FN:418,(anonymous_21)
FN:419,(anonymous_22)
FN:440,(anonymous_23)
FN:453,(anonymous_24)
FN:457,(anonymous_25)
FN:461,(anonymous_26)
FN:465,(anonymous_27)
FN:470,(anonymous_28)
FN:475,(anonymous_29)
FN:479,(anonymous_30)
FN:483,(anonymous_31)
FN:487,(anonymous_32)
FN:492,(anonymous_33)
FNF:34
FNH:34
FNDA:34077,(anonymous_0)
FNDA:5,(anonymous_1)
FNDA:1,(anonymous_2)
FNDA:34077,(anonymous_3)
FNDA:10,(anonymous_4)
FNDA:12,(anonymous_5)
FNDA:11,(anonymous_6)
FNDA:32,(anonymous_7)
FNDA:7,(anonymous_8)
FNDA:6,(anonymous_9)
FNDA:19,(anonymous_10)
FNDA:19,(anonymous_11)
FNDA:2,(anonymous_12)
FNDA:355037,(anonymous_13)
FNDA:3,(anonymous_14)
FNDA:5,(anonymous_15)
FNDA:16,(anonymous_16)
FNDA:864,(anonymous_17)
FNDA:415062,(anonymous_18)
FNDA:389832,(anonymous_19)
FNDA:50000,(anonymous_20)
FNDA:200000,(anonymous_21)
FNDA:150000,(anonymous_22)
FNDA:19,(anonymous_23)
FNDA:2,(anonymous_24)
FNDA:60011,(anonymous_25)
FNDA:2,(anonymous_26)
FNDA:2,(anonymous_27)
FNDA:3,(anonymous_28)
FNDA:1,(anonymous_29)
FNDA:1,(anonymous_30)
FNDA:1,(anonymous_31)
FNDA:60015,(anonymous_32)
FNDA:60015,(anonymous_33)
DA:2,6
DA:3,6
DA:15,34077
DA:18,34077
DA:19,34077
DA:23,5
DA:24,5
DA:27,5
DA:29,5
DA:30,0
DA:33,5
DA:34,5
DA:35,5
DA:56,6
DA:57,6
DA:63,6
DA:64,6
DA:70,34077
DA:71,34077
DA:72,34077
DA:74,34077
DA:88,34077
DA:100,34077
DA:101,10
DA:103,34077
DA:104,11
DA:106,34077
DA:107,11
DA:110,34077
DA:112,34077
DA:113,34077
DA:114,34077
DA:117,34077
DA:118,10
DA:119,10
DA:120,2
DA:125,34077
DA:126,11
DA:127,12
DA:128,2
DA:133,34077
DA:134,11
DA:135,11
DA:136,1
DA:147,32
DA:155,7
DA:163,6
DA:171,19
DA:179,19
DA:188,2
DA:197,355037
DA:206,3
DA:216,5
DA:225,5
DA:235,16
DA:243,864
DA:244,498
DA:248,366
DA:249,1
DA:253,365
DA:254,365
DA:255,365
DA:257,365
DA:258,365
DA:260,365
DA:263,365
DA:264,365
DA:265,365
DA:268,365
DA:269,365
DA:270,363
DA:274,363
DA:275,363
DA:276,363
DA:278,363
DA:280,2
DA:281,2
DA:283,2
DA:284,2
DA:285,2
DA:292,2
DA:294,365
DA:300,415062
DA:301,5
DA:305,415057
DA:306,51002
DA:307,51002
DA:308,51002
DA:309,51002
DA:310,25224
DA:315,389833
DA:327,389833
DA:328,98833
DA:329,98833
DA:331,1
DA:332,1
DA:343,389833
DA:344,3
DA:345,3
DA:346,3
DA:347,1
DA:350,1
DA:351,1
DA:362,389832
DA:365,389832
DA:366,249795
DA:367,249795
DA:368,249795
DA:373,249795
DA:377,140037
DA:378,140037
DA:382,389832
DA:387,389832
DA:389,2
DA:390,2
DA:392,389820
DA:393,389820
DA:395,5
DA:396,5
DA:398,5
DA:399,5
DA:404,50000
DA:410,50000
DA:411,0
DA:414,50000
DA:416,50000
DA:417,50000
DA:418,200000
DA:419,150000
DA:422,50000
DA:423,50000
DA:427,50000
DA:428,0
DA:431,50000
DA:442,19
DA:443,19
DA:444,19
DA:447,19
DA:448,19
DA:449,11
DA:454,2
DA:458,60011
DA:462,2
DA:466,2
DA:467,2
DA:471,3
DA:472,3
DA:476,1
DA:480,1
DA:484,1
DA:488,60015
DA:489,60015
DA:493,60015
DA:494,60015
LF:154
LH:151
BRDA:17,0,0,34077
BRDA:17,1,0,34077
BRDA:24,2,0,5
BRDA:24,2,1,4
BRDA:29,3,0,0
BRDA:29,3,1,5
BRDA:89,4,0,34077
BRDA:89,4,1,0
BRDA:90,5,0,34077
BRDA:90,5,1,23046
BRDA:91,6,0,34077
BRDA:91,6,1,23046
BRDA:92,7,0,34077
BRDA:92,7,1,12034
BRDA:93,8,0,34077
BRDA:93,8,1,24057
BRDA:94,9,0,34077
BRDA:94,9,1,34047
BRDA:95,10,0,34077
BRDA:95,10,1,34048
BRDA:96,11,0,34077
BRDA:96,11,1,22052
BRDA:100,12,0,10
BRDA:100,12,1,34067
BRDA:103,13,0,11
BRDA:103,13,1,34066
BRDA:106,14,0,11
BRDA:106,14,1,34066
BRDA:117,15,0,10
BRDA:117,15,1,34067
BRDA:119,16,0,2
BRDA:119,16,1,8
BRDA:119,17,0,10
BRDA:119,17,1,2
BRDA:125,18,0,11
BRDA:125,18,1,34066
BRDA:127,19,0,2
BRDA:127,19,1,10
BRDA:127,20,0,12
BRDA:127,20,1,2
BRDA:133,21,0,11
BRDA:133,21,1,34066
BRDA:135,22,0,1
BRDA:135,22,1,10
BRDA:135,23,0,11
BRDA:135,23,1,1
BRDA:216,24,0,3
BRDA:216,24,1,2
BRDA:220,25,0,0
BRDA:220,25,1,2
BRDA:243,26,0,498
BRDA:243,26,1,366
BRDA:243,27,0,864
BRDA:243,27,1,864
BRDA:248,28,0,1
BRDA:248,28,1,365
BRDA:268,29,0,365
BRDA:268,29,1,0
BRDA:300,30,0,5
BRDA:300,30,1,415057
BRDA:305,31,0,51002
BRDA:305,31,1,364055
BRDA:309,32,0,25224
BRDA:309,32,1,25778
BRDA:327,33,0,98833
BRDA:327,33,1,291000
BRDA:346,34,0,1
BRDA:346,34,1,1
BRDA:365,35,0,249795
BRDA:365,35,1,140037
BRDA:382,36,0,339832
BRDA:382,36,1,50000
BRDA:387,37,0,2
BRDA:387,37,1,389820
BRDA:387,37,2,5
BRDA:387,37,3,5
BRDA:410,38,0,0
BRDA:410,38,1,50000
BRDA:416,39,0,50000
BRDA:416,39,1,0
BRDA:416,40,0,50000
BRDA:416,40,1,50000
BRDA:422,41,0,50000
BRDA:422,41,1,0
BRDA:427,42,0,0
BRDA:427,42,1,50000
BRDA:448,43,0,11
BRDA:448,43,1,8
BRF:88
BRH:80
end_of_record
TN:
SF:src/pii-filter.ts
FN:22,(anonymous_0)
FN:39,(anonymous_1)
FN:64,(anonymous_2)
FN:77,(anonymous_3)
FN:96,(anonymous_4)
FNF:5
FNH:5
FNDA:1015801,(anonymous_0)
FNDA:21,(anonymous_1)
FNDA:686563,(anonymous_2)
FNDA:1027923,(anonymous_3)
FNDA:13147664,(anonymous_4)
DA:3,7
DA:4,34103
DA:13,34103
DA:24,1015801
DA:25,98882
DA:28,1015801
DA:29,686563
DA:32,329238
DA:34,6
DA:35,1
DA:37,5
DA:39,21
DA:42,329232
DA:44,201609
DA:45,2
DA:47,201607
DA:49,201607
DA:50,201607
DA:52,1027923
DA:53,111025
DA:55,916898
DA:58,201607
DA:61,127623
DA:65,686563
DA:67,686563
DA:68,4119378
DA:69,4119378
DA:70,4119378
DA:74,686563
DA:78,1027923
DA:95,1027923
DA:96,13147664
LF:32
LH:32
BRDA:24,0,0,98882
BRDA:24,0,1,916919
BRDA:28,1,0,686563
BRDA:28,1,1,329238
BRDA:32,2,0,6
BRDA:32,2,1,329232
BRDA:34,3,0,1
BRDA:34,3,1,5
BRDA:42,4,0,201609
BRDA:42,4,1,127623
BRDA:42,5,0,329232
BRDA:42,5,1,229520
BRDA:44,6,0,2
BRDA:44,6,1,201607
BRDA:52,7,0,111025
BRDA:52,7,1,916898
BRDA:69,8,0,4119378
BRDA:69,8,1,0
BRF:18
BRH:17
end_of_record
TN:
SF:src/types.ts
FN:94,(anonymous_0)
FN:108,(anonymous_1)
FN:123,(anonymous_2)
FNF:3
FNH:0
FNDA:0,(anonymous_0)
FNDA:0,(anonymous_1)
FNDA:0,(anonymous_2)
DA:93,1
DA:96,0
DA:97,0
DA:99,0
DA:100,0
DA:107,1
DA:110,0
DA:111,0
DA:112,0
DA:114,0
DA:115,0
DA:122,1
DA:125,0
DA:126,0
DA:128,0
DA:129,0
LF:16
LH:3
BRF:0
BRH:0
end_of_record
TN:
SF:src/aggregators/cloudflare-analytics.ts
FN:50,(anonymous_0)
FN:64,(anonymous_1)
FN:73,(anonymous_2)
FN:115,(anonymous_3)
FN:116,(anonymous_4)
FN:117,(anonymous_5)
FN:123,(anonymous_6)
FN:124,(anonymous_7)
FN:125,(anonymous_8)
FN:131,(anonymous_9)
FN:136,(anonymous_10)
FN:181,(anonymous_11)
FN:183,(anonymous_12)
FN:217,(anonymous_13)
FN:222,(anonymous_14)
FN:226,(anonymous_15)
FNF:16
FNH:14
FNDA:10,(anonymous_0)
FNDA:11,(anonymous_1)
FNDA:26,(anonymous_2)
FNDA:10,(anonymous_3)
FNDA:4,(anonymous_4)
FNDA:0,(anonymous_5)
FNDA:10,(anonymous_6)
FNDA:31,(anonymous_7)
FNDA:0,(anonymous_8)
FNDA:31,(anonymous_9)
FNDA:8,(anonymous_10)
FNDA:16,(anonymous_11)
FNDA:29,(anonymous_12)
FNDA:1,(anonymous_13)
FNDA:5,(anonymous_14)
FNDA:12,(anonymous_15)
DA:35,4
DA:37,10
DA:40,10
DA:41,10
DA:51,10
DA:60,10
DA:61,10
DA:65,11
DA:66,11
DA:68,11
DA:69,8
DA:74,26
DA:76,11
DA:78,11
DA:79,11
DA:82,2
DA:85,9
DA:88,9
DA:91,9
DA:93,3
DA:94,3
DA:98,9
DA:99,8
DA:104,8
DA:107,1
DA:108,1
DA:112,11
DA:116,10
DA:117,4
DA:118,0
DA:124,10
DA:125,31
DA:126,0
DA:132,31
DA:133,31
DA:136,31
DA:137,8
DA:138,5
DA:139,5
DA:141,3
DA:145,31
DA:146,5
DA:148,5
DA:150,5
DA:153,2
DA:156,3
DA:158,2
DA:159,2
DA:160,2
DA:161,2
DA:164,2
DA:165,2
DA:167,0
DA:168,0
DA:172,1
DA:173,1
DA:178,31
DA:183,29
DA:204,16
DA:216,6
DA:217,2
DA:218,2
DA:223,5
DA:227,12
DA:228,10
DA:229,10
DA:232,12
DA:233,10
DA:234,10
DA:238,12
DA:239,12
DA:241,0
DA:245,12
LF:73
LH:68
BRDA:68,0,0,8
BRDA:68,0,1,3
BRDA:74,1,0,15
BRDA:74,1,1,11
BRDA:91,2,0,3
BRDA:91,2,1,6
BRDA:93,3,0,3
BRDA:93,3,1,0
BRDA:98,4,0,8
BRDA:98,4,1,1
BRDA:137,5,0,5
BRDA:137,5,1,3
BRDA:156,6,0,2
BRDA:156,6,1,1
BRDA:164,7,0,2
BRDA:164,7,1,0
BRDA:187,8,0,29
BRDA:187,8,1,0
BRDA:188,9,0,29
BRDA:188,9,1,0
BRDA:189,10,0,29
BRDA:189,10,1,29
BRDA:192,11,0,29
BRDA:192,11,1,29
BRDA:196,12,0,29
BRDA:196,12,1,29
BRDA:197,13,0,29
BRDA:197,13,1,29
BRDA:198,14,0,29
BRDA:198,14,1,29
BRDA:199,15,0,29
BRDA:199,15,1,29
BRDA:216,16,0,2
BRDA:216,16,1,4
BRDA:227,17,0,10
BRDA:227,17,1,2
BRDA:232,18,0,10
BRDA:232,18,1,2
BRF:38
BRH:34
end_of_record
TN:
SF:src/benchmarks/logger-benchmark.ts
FN:24,calculatePercentiles
FN:25,(anonymous_1)
FN:37,getMemoryUsage
FN:53,(anonymous_3)
FN:62,(anonymous_4)
FN:74,(anonymous_5)
FN:83,(anonymous_6)
FN:83,(anonymous_7)
FN:108,(anonymous_8)
FN:145,(anonymous_9)
FN:215,(anonymous_10)
FN:255,(anonymous_11)
FN:302,(anonymous_12)
FN:325,(anonymous_13)
FN:335,(anonymous_14)
FN:338,(anonymous_15)
FNF:16
FNH:0
FNDA:0,calculatePercentiles
FNDA:0,(anonymous_1)
FNDA:0,getMemoryUsage
FNDA:0,(anonymous_3)
FNDA:0,(anonymous_4)
FNDA:0,(anonymous_5)
FNDA:0,(anonymous_6)
FNDA:0,(anonymous_7)
FNDA:0,(anonymous_8)
FNDA:0,(anonymous_9)
FNDA:0,(anonymous_10)
FNDA:0,(anonymous_11)
FNDA:0,(anonymous_12)
FNDA:0,(anonymous_13)
FNDA:0,(anonymous_14)
FNDA:0,(anonymous_15)
DA:1,0
DA:25,0
DA:26,0
DA:27,0
DA:28,0
DA:29,0
DA:38,0
DA:39,0
DA:40,0
DA:46,0
DA:50,0
DA:51,0
DA:54,0
DA:55,0
DA:59,0
DA:60,0
DA:63,0
DA:65,0
DA:66,0
DA:67,0
DA:68,0
DA:69,0
DA:71,0
DA:75,0
DA:76,0
DA:83,0
DA:88,0
DA:89,0
DA:90,0
DA:92,0
DA:93,0
DA:96,0
DA:97,0
DA:103,0
DA:104,0
DA:109,0
DA:110,0
DA:118,0
DA:119,0
DA:120,0
DA:121,0
DA:123,0
DA:125,0
DA:126,0
DA:133,0
DA:134,0
DA:140,0
DA:141,0
DA:146,0
DA:147,0
DA:163,0
DA:164,0
DA:168,0
DA:169,0
DA:170,0
DA:172,0
DA:173,0
DA:174,0
DA:175,0
DA:176,0
DA:177,0
DA:178,0
DA:181,0
DA:182,0
DA:190,0
DA:191,0
DA:192,0
DA:194,0
DA:195,0
DA:196,0
DA:197,0
DA:198,0
DA:199,0
DA:200,0
DA:203,0
DA:204,0
DA:211,0
DA:212,0
DA:216,0
DA:217,0
DA:220,0
DA:221,0
DA:223,0
DA:224,0
DA:227,0
DA:228,0
DA:235,0
DA:236,0
DA:241,0
DA:242,0
DA:245,0
DA:246,0
DA:252,0
DA:256,0
DA:257,0
DA:259,0
DA:260,0
DA:265,0
DA:266,0
DA:268,0
DA:270,0
DA:271,0
DA:274,0
DA:275,0
DA:280,0
DA:282,0
DA:283,0
DA:290,0
DA:291,0
DA:295,0
DA:301,0
DA:302,0
DA:303,0
DA:304,0
DA:308,0
DA:310,0
DA:311,0
DA:314,0
DA:315,0
DA:322,0
DA:326,0
DA:327,0
DA:328,0
DA:329,0
DA:330,0
DA:331,0
DA:332,0
DA:336,0
DA:338,0
DA:340,0
DA:341,0
DA:342,0
DA:343,0
DA:344,0
DA:348,0
LF:135
LH:0
BRDA:30,0,0,0
BRDA:30,0,1,0
BRDA:31,1,0,0
BRDA:31,1,1,0
BRDA:32,2,0,0
BRDA:32,2,1,0
BRDA:38,3,0,0
BRDA:38,3,1,0
BRDA:38,4,0,0
BRDA:38,4,1,0
BRDA:163,5,0,0
BRDA:163,5,1,0
BRDA:175,6,0,0
BRDA:175,6,1,0
BRDA:197,7,0,0
BRDA:197,7,1,0
BRDA:274,8,0,0
BRDA:274,8,1,0
BRDA:303,9,0,0
BRDA:303,9,1,0
BRDA:328,10,0,0
BRDA:328,10,1,0
BRDA:329,11,0,0
BRDA:329,11,1,0
BRDA:330,12,0,0
BRDA:330,12,1,0
BRDA:331,13,0,0
BRDA:331,13,1,0
BRDA:344,14,0,0
BRDA:344,14,1,0
BRF:30
BRH:0
end_of_record
TN:
SF:src/benchmarks/run-benchmarks.ts
FN:19,runBenchmarks
FNF:1
FNH:0
FNDA:0,runBenchmarks
DA:1,0
DA:2,0
DA:3,0
DA:4,0
DA:20,0
DA:21,0
DA:22,0
DA:24,0
DA:25,0
DA:27,0
DA:30,0
DA:43,0
DA:44,0
DA:45,0
DA:48,0
DA:49,0
DA:51,0
DA:54,0
DA:55,0
DA:56,0
DA:57,0
DA:59,0
DA:60,0
DA:61,0
DA:62,0
DA:63,0
DA:64,0
DA:69,0
DA:70,0
DA:71,0
DA:74,0
DA:79,0
DA:80,0
DA:85,0
LF:34
LH:0
BRDA:44,0,0,0
BRDA:44,0,1,0
BRDA:55,1,0,0
BRDA:55,1,1,0
BRDA:61,2,0,0
BRDA:61,2,1,0
BRDA:63,3,0,0
BRDA:63,3,1,0
BRDA:64,4,0,0
BRDA:64,4,1,0
BRF:10
BRH:0
end_of_record
