TN:
SF:src/chat-moderation.ts
FN:19,(anonymous_0)
FN:27,(anonymous_1)
FN:34,(anonymous_2)
FN:36,(anonymous_3)
FN:42,(anonymous_4)
FN:53,(anonymous_5)
FN:78,(anonymous_6)
FN:100,(anonymous_7)
FN:109,(anonymous_8)
FN:116,(anonymous_9)
FN:124,(anonymous_10)
FN:147,(anonymous_11)
FN:151,(anonymous_12)
FN:155,(anonymous_13)
FN:159,(anonymous_14)
FN:163,(anonymous_15)
FNF:16
FNH:0
FNDA:0,(anonymous_0)
FNDA:0,(anonymous_1)
FNDA:0,(anonymous_2)
FNDA:0,(anonymous_3)
FNDA:0,(anonymous_4)
FNDA:0,(anonymous_5)
FNDA:0,(anonymous_6)
FNDA:0,(anonymous_7)
FNDA:0,(anonymous_8)
FNDA:0,(anonymous_9)
FNDA:0,(anonymous_10)
FNDA:0,(anonymous_11)
FNDA:0,(anonymous_12)
FNDA:0,(anonymous_13)
FNDA:0,(anonymous_14)
FNDA:0,(anonymous_15)
DA:15,0
DA:16,0
DA:17,0
DA:20,0
DA:21,0
DA:23,0
DA:28,0
DA:34,0
DA:35,0
DA:36,0
DA:37,0
DA:45,0
DA:50,0
DA:55,0
DA:58,0
DA:69,0
DA:71,0
DA:79,0
DA:80,0
DA:84,0
DA:85,0
DA:86,0
DA:91,0
DA:92,0
DA:93,0
DA:97,0
DA:101,0
DA:102,0
DA:105,0
DA:108,0
DA:109,0
DA:110,0
DA:115,0
DA:116,0
DA:117,0
DA:121,0
DA:125,0
DA:126,0
DA:129,0
DA:130,0
DA:133,0
DA:134,0
DA:135,0
DA:136,0
DA:138,0
DA:139,0
DA:144,0
DA:148,0
DA:152,0
DA:156,0
DA:160,0
DA:164,0
LF:52
LH:0
BRDA:20,0,0,0
BRDA:20,0,1,0
BRDA:35,1,0,0
BRDA:35,1,1,0
BRDA:79,2,0,0
BRDA:79,3,0,0
BRDA:79,3,1,0
BRDA:85,4,0,0
BRDA:92,5,0,0
BRDA:101,6,0,0
BRDA:101,7,0,0
BRDA:101,7,1,0
BRDA:125,8,0,0
BRDA:125,9,0,0
BRDA:125,9,1,0
BRDA:134,10,0,0
BRDA:138,11,0,0
BRDA:147,12,0,0
BRF:18
BRH:0
end_of_record
TN:
SF:src/error-handling.ts
FN:3,(anonymous_0)
FN:81,(anonymous_1)
FN:97,(anonymous_2)
FN:112,(anonymous_3)
FN:126,(anonymous_4)
FN:141,(anonymous_5)
FN:155,(anonymous_6)
FN:172,(anonymous_7)
FN:186,(anonymous_8)
FN:203,(anonymous_9)
FN:217,(anonymous_10)
FN:223,(anonymous_11)
FN:237,(anonymous_12)
FN:250,(anonymous_13)
FN:264,(anonymous_14)
FN:277,(anonymous_15)
FN:281,(anonymous_16)
FN:302,(anonymous_17)
FN:309,(anonymous_18)
FN:329,(anonymous_19)
FN:339,(anonymous_20)
FN:343,(anonymous_21)
FN:348,createErrorHandler
FN:356,handleError
FN:370,isRetryableError
FN:377,getHttpStatusFromError
FN:384,getUserMessageFromError
FNF:27
FNH:0
FNDA:0,(anonymous_0)
FNDA:0,(anonymous_1)
FNDA:0,(anonymous_2)
FNDA:0,(anonymous_3)
FNDA:0,(anonymous_4)
FNDA:0,(anonymous_5)
FNDA:0,(anonymous_6)
FNDA:0,(anonymous_7)
FNDA:0,(anonymous_8)
FNDA:0,(anonymous_9)
FNDA:0,(anonymous_10)
FNDA:0,(anonymous_11)
FNDA:0,(anonymous_12)
FNDA:0,(anonymous_13)
FNDA:0,(anonymous_14)
FNDA:0,(anonymous_15)
FNDA:0,(anonymous_16)
FNDA:0,(anonymous_17)
FNDA:0,(anonymous_18)
FNDA:0,(anonymous_19)
FNDA:0,(anonymous_20)
FNDA:0,(anonymous_21)
FNDA:0,createErrorHandler
FNDA:0,handleError
FNDA:0,isRetryableError
FNDA:0,getHttpStatusFromError
FNDA:0,getUserMessageFromError
DA:1,0
DA:3,0
DA:5,0
DA:6,0
DA:7,0
DA:8,0
DA:11,0
DA:12,0
DA:13,0
DA:14,0
DA:15,0
DA:18,0
DA:19,0
DA:20,0
DA:21,0
DA:22,0
DA:25,0
DA:26,0
DA:27,0
DA:28,0
DA:29,0
DA:32,0
DA:33,0
DA:34,0
DA:37,0
DA:38,0
DA:39,0
DA:42,0
DA:43,0
DA:44,0
DA:45,0
DA:60,0
DA:72,0
DA:82,0
DA:83,0
DA:84,0
DA:85,0
DA:86,0
DA:87,0
DA:88,0
DA:89,0
DA:90,0
DA:92,0
DA:98,0
DA:111,0
DA:117,0
DA:127,0
DA:129,0
DA:131,0
DA:133,0
DA:135,0
DA:140,0
DA:146,0
DA:156,0
DA:158,0
DA:160,0
DA:162,0
DA:164,0
DA:166,0
DA:171,0
DA:177,0
DA:187,0
DA:189,0
DA:191,0
DA:193,0
DA:195,0
DA:197,0
DA:202,0
DA:208,0
DA:218,0
DA:222,0
DA:228,0
DA:238,0
DA:240,0
DA:242,0
DA:244,0
DA:249,0
DA:255,0
DA:265,0
DA:274,0
DA:275,0
DA:278,0
DA:282,0
DA:283,0
DA:284,0
DA:287,0
DA:288,0
DA:289,0
DA:291,0
DA:292,0
DA:297,0
DA:299,0
DA:300,0
DA:303,0
DA:304,0
DA:306,0
DA:310,0
DA:320,0
DA:322,0
DA:323,0
DA:326,0
DA:330,0
DA:340,0
DA:344,0
DA:348,0
DA:353,0
DA:354,0
DA:356,0
DA:357,0
DA:361,0
DA:363,0
DA:364,0
DA:365,0
DA:370,0
DA:371,0
DA:372,0
DA:374,0
DA:377,0
DA:378,0
DA:379,0
DA:381,0
DA:384,0
DA:385,0
DA:386,0
DA:388,0
LF:125
LH:0
BRDA:3,0,0,0
BRDA:3,0,1,0
BRDA:86,1,0,0
BRDA:86,1,1,0
BRDA:88,2,0,0
BRDA:88,2,1,0
BRDA:89,3,0,0
BRDA:89,3,1,0
BRDA:90,4,0,0
BRDA:90,4,1,0
BRDA:114,5,0,0
BRDA:127,6,0,0
BRDA:127,6,1,0
BRDA:127,6,2,0
BRDA:127,6,3,0
BRDA:143,7,0,0
BRDA:156,8,0,0
BRDA:156,8,1,0
BRDA:156,8,2,0
BRDA:156,8,3,0
BRDA:156,8,4,0
BRDA:174,9,0,0
BRDA:187,10,0,0
BRDA:187,10,1,0
BRDA:187,10,2,0
BRDA:187,10,3,0
BRDA:187,10,4,0
BRDA:205,11,0,0
BRDA:225,12,0,0
BRDA:238,13,0,0
BRDA:238,13,1,0
BRDA:238,13,2,0
BRDA:252,14,0,0
BRDA:283,15,0,0
BRDA:283,16,0,0
BRDA:283,16,1,0
BRDA:303,17,0,0
BRDA:310,18,0,0
BRDA:310,18,1,0
BRDA:322,19,0,0
BRDA:339,20,0,0
BRDA:353,21,0,0
BRDA:353,21,1,0
BRDA:354,22,0,0
BRDA:354,22,1,0
BRDA:357,23,0,0
BRDA:357,23,1,0
BRDA:364,24,0,0
BRDA:364,25,0,0
BRDA:364,25,1,0
BRDA:371,26,0,0
BRDA:378,27,0,0
BRDA:385,28,0,0
BRDA:386,29,0,0
BRDA:386,29,1,0
BRF:55
BRH:0
end_of_record
TN:
SF:src/types.ts
FN:4,(anonymous_4)
FN:11,(anonymous_5)
FN:27,(anonymous_6)
FN:35,(anonymous_7)
FN:41,(anonymous_8)
FN:48,(anonymous_9)
FN:57,(anonymous_10)
FN:67,(anonymous_11)
FN:80,(anonymous_12)
FN:89,(anonymous_13)
FN:475,(anonymous_14)
FN:486,(anonymous_15)
FN:493,(anonymous_16)
FN:504,(anonymous_17)
FN:515,(anonymous_18)
FN:522,(anonymous_19)
FN:554,createWebSocketMessage
FNF:17
FNH:0
FNDA:0,(anonymous_4)
FNDA:0,(anonymous_5)
FNDA:0,(anonymous_6)
FNDA:0,(anonymous_7)
FNDA:0,(anonymous_8)
FNDA:0,(anonymous_9)
FNDA:0,(anonymous_10)
FNDA:0,(anonymous_11)
FNDA:0,(anonymous_12)
FNDA:0,(anonymous_13)
FNDA:0,(anonymous_14)
FNDA:0,(anonymous_15)
FNDA:0,(anonymous_16)
FNDA:0,(anonymous_17)
FNDA:0,(anonymous_18)
FNDA:0,(anonymous_19)
FNDA:0,createWebSocketMessage
DA:1,0
DA:4,0
DA:5,0
DA:6,0
DA:7,0
DA:8,0
DA:11,0
DA:12,0
DA:13,0
DA:14,0
DA:15,0
DA:16,0
DA:17,0
DA:18,0
DA:19,0
DA:20,0
DA:21,0
DA:22,0
DA:23,0
DA:24,0
DA:27,0
DA:28,0
DA:29,0
DA:30,0
DA:31,0
DA:32,0
DA:35,0
DA:36,0
DA:37,0
DA:38,0
DA:41,0
DA:42,0
DA:43,0
DA:44,0
DA:45,0
DA:48,0
DA:49,0
DA:50,0
DA:51,0
DA:52,0
DA:53,0
DA:54,0
DA:57,0
DA:58,0
DA:59,0
DA:60,0
DA:61,0
DA:62,0
DA:63,0
DA:64,0
DA:67,0
DA:68,0
DA:69,0
DA:70,0
DA:71,0
DA:72,0
DA:73,0
DA:74,0
DA:75,0
DA:76,0
DA:77,0
DA:80,0
DA:81,0
DA:82,0
DA:83,0
DA:84,0
DA:85,0
DA:86,0
DA:89,0
DA:90,0
DA:91,0
DA:92,0
DA:93,0
DA:94,0
DA:95,0
DA:96,0
DA:97,0
DA:98,0
DA:102,0
DA:107,0
DA:112,0
DA:119,0
DA:126,0
DA:143,0
DA:165,0
DA:474,0
DA:476,0
DA:478,0
DA:480,0
DA:481,0
DA:485,0
DA:487,0
DA:488,0
DA:492,0
DA:494,0
DA:499,0
DA:503,0
DA:505,0
DA:510,0
DA:514,0
DA:516,0
DA:517,0
DA:521,0
DA:523,0
DA:524,0
DA:554,0
DA:565,0
DA:574,0
DA:576,0
LF:109
LH:0
BRDA:4,0,0,0
BRDA:4,0,1,0
BRDA:11,1,0,0
BRDA:11,1,1,0
BRDA:27,2,0,0
BRDA:27,2,1,0
BRDA:35,3,0,0
BRDA:35,3,1,0
BRDA:41,4,0,0
BRDA:41,4,1,0
BRDA:48,5,0,0
BRDA:48,5,1,0
BRDA:57,6,0,0
BRDA:57,6,1,0
BRDA:67,7,0,0
BRDA:67,7,1,0
BRDA:80,8,0,0
BRDA:80,8,1,0
BRDA:89,9,0,0
BRDA:89,9,1,0
BRF:20
BRH:0
end_of_record
TN:
SF:src/utils.ts
FN:5,(anonymous_0)
FN:24,(anonymous_1)
FN:34,(anonymous_2)
FN:38,(anonymous_3)
FN:54,(anonymous_4)
FN:55,(anonymous_5)
FN:64,(anonymous_6)
FN:65,(anonymous_7)
FN:68,(anonymous_8)
FN:73,(anonymous_9)
FN:84,(anonymous_10)
FN:94,(anonymous_11)
FN:111,(anonymous_12)
FN:117,(anonymous_13)
FN:121,(anonymous_14)
FN:125,(anonymous_15)
FN:129,(anonymous_16)
FN:134,(anonymous_17)
FN:144,(anonymous_18)
FN:148,(anonymous_19)
FN:152,(anonymous_20)
FN:156,(anonymous_21)
FN:172,(anonymous_22)
FN:176,(anonymous_23)
FN:180,(anonymous_24)
FN:198,(anonymous_25)
FN:200,(anonymous_26)
FN:205,(anonymous_27)
FN:209,(anonymous_28)
FN:213,(anonymous_29)
FNF:30
FNH:0
FNDA:0,(anonymous_0)
FNDA:0,(anonymous_1)
FNDA:0,(anonymous_2)
FNDA:0,(anonymous_3)
FNDA:0,(anonymous_4)
FNDA:0,(anonymous_5)
FNDA:0,(anonymous_6)
FNDA:0,(anonymous_7)
FNDA:0,(anonymous_8)
FNDA:0,(anonymous_9)
FNDA:0,(anonymous_10)
FNDA:0,(anonymous_11)
FNDA:0,(anonymous_12)
FNDA:0,(anonymous_13)
FNDA:0,(anonymous_14)
FNDA:0,(anonymous_15)
FNDA:0,(anonymous_16)
FNDA:0,(anonymous_17)
FNDA:0,(anonymous_18)
FNDA:0,(anonymous_19)
FNDA:0,(anonymous_20)
FNDA:0,(anonymous_21)
FNDA:0,(anonymous_22)
FNDA:0,(anonymous_23)
FNDA:0,(anonymous_24)
FNDA:0,(anonymous_25)
FNDA:0,(anonymous_26)
FNDA:0,(anonymous_27)
FNDA:0,(anonymous_28)
FNDA:0,(anonymous_29)
DA:2,0
DA:4,0
DA:6,0
DA:21,0
DA:25,0
DA:26,0
DA:27,0
DA:28,0
DA:31,0
DA:35,0
DA:39,0
DA:40,0
DA:41,0
DA:47,0
DA:48,0
DA:49,0
DA:51,0
DA:55,0
DA:56,0
DA:57,0
DA:58,0
DA:63,0
DA:65,0
DA:72,0
DA:73,0
DA:75,0
DA:76,0
DA:77,0
DA:78,0
DA:80,0
DA:81,0
DA:83,0
DA:84,0
DA:85,0
DA:86,0
DA:87,0
DA:91,0
DA:98,0
DA:99,0
DA:105,0
DA:112,0
DA:116,0
DA:118,0
DA:122,0
DA:126,0
DA:131,0
DA:132,0
DA:134,0
DA:135,0
DA:136,0
DA:139,0
DA:143,0
DA:145,0
DA:149,0
DA:153,0
DA:157,0
DA:158,0
DA:159,0
DA:161,0
DA:162,0
DA:163,0
DA:164,0
DA:166,0
DA:171,0
DA:173,0
DA:177,0
DA:181,0
DA:182,0
DA:183,0
DA:184,0
DA:185,0
DA:187,0
DA:188,0
DA:189,0
DA:190,0
DA:191,0
DA:192,0
DA:195,0
DA:199,0
DA:200,0
DA:204,0
DA:206,0
DA:210,0
DA:214,0
DA:219,0
LF:85
LH:0
BRDA:35,0,0,0
BRDA:35,0,1,0
BRDA:48,1,0,0
BRDA:78,2,0,0
BRDA:83,3,0,0
BRDA:98,4,0,0
BRDA:118,5,0,0
BRDA:118,5,1,0
BRDA:118,5,2,0
BRDA:161,6,0,0
BRDA:161,6,1,0
BRDA:163,7,0,0
BRDA:163,7,1,0
BRDA:185,8,0,0
BRDA:190,9,0,0
BRDA:190,10,0,0
BRDA:190,10,1,0
BRF:17
BRH:0
end_of_record
TN:
SF:src/websocket-utils.ts
FN:4,(anonymous_0)
FN:16,(anonymous_1)
FN:55,(anonymous_2)
FN:59,(anonymous_3)
FN:77,(anonymous_4)
FN:104,(anonymous_5)
FN:127,(anonymous_6)
FN:131,(anonymous_7)
FN:135,(anonymous_8)
FN:142,(anonymous_9)
FN:158,(anonymous_10)
FN:169,(anonymous_11)
FN:174,(anonymous_12)
FN:203,(anonymous_13)
FN:207,(anonymous_14)
FN:211,(anonymous_15)
FN:215,(anonymous_16)
FN:220,(anonymous_17)
FN:239,(anonymous_18)
FN:248,(anonymous_19)
FN:256,(anonymous_20)
FN:263,(anonymous_21)
FN:268,(anonymous_22)
FN:272,(anonymous_23)
FN:276,(anonymous_24)
FN:277,(anonymous_25)
FN:280,(anonymous_26)
FN:290,(anonymous_27)
FN:294,(anonymous_28)
FN:299,(anonymous_29)
FN:314,createWebSocketBroadcaster
FN:318,(anonymous_31)
FN:320,(anonymous_32)
FN:329,(anonymous_33)
FN:335,(anonymous_34)
FN:338,(anonymous_35)
FN:343,(anonymous_36)
FN:349,(anonymous_37)
FN:350,(anonymous_38)
FNF:39
FNH:0
FNDA:0,(anonymous_0)
FNDA:0,(anonymous_1)
FNDA:0,(anonymous_2)
FNDA:0,(anonymous_3)
FNDA:0,(anonymous_4)
FNDA:0,(anonymous_5)
FNDA:0,(anonymous_6)
FNDA:0,(anonymous_7)
FNDA:0,(anonymous_8)
FNDA:0,(anonymous_9)
FNDA:0,(anonymous_10)
FNDA:0,(anonymous_11)
FNDA:0,(anonymous_12)
FNDA:0,(anonymous_13)
FNDA:0,(anonymous_14)
FNDA:0,(anonymous_15)
FNDA:0,(anonymous_16)
FNDA:0,(anonymous_17)
FNDA:0,(anonymous_18)
FNDA:0,(anonymous_19)
FNDA:0,(anonymous_20)
FNDA:0,(anonymous_21)
FNDA:0,(anonymous_22)
FNDA:0,(anonymous_23)
FNDA:0,(anonymous_24)
FNDA:0,(anonymous_25)
FNDA:0,(anonymous_26)
FNDA:0,(anonymous_27)
FNDA:0,(anonymous_28)
FNDA:0,(anonymous_29)
FNDA:0,createWebSocketBroadcaster
FNDA:0,(anonymous_31)
FNDA:0,(anonymous_32)
FNDA:0,(anonymous_33)
FNDA:0,(anonymous_34)
FNDA:0,(anonymous_35)
FNDA:0,(anonymous_36)
FNDA:0,(anonymous_37)
FNDA:0,(anonymous_38)
DA:1,0
DA:4,0
DA:5,0
DA:6,0
DA:7,0
DA:8,0
DA:9,0
DA:10,0
DA:11,0
DA:12,0
DA:13,0
DA:16,0
DA:17,0
DA:18,0
DA:19,0
DA:20,0
DA:21,0
DA:22,0
DA:23,0
DA:24,0
DA:25,0
DA:26,0
DA:27,0
DA:30,0
DA:38,0
DA:54,0
DA:56,0
DA:68,0
DA:90,0
DA:114,0
DA:128,0
DA:132,0
DA:136,0
DA:143,0
DA:145,0
DA:146,0
DA:148,0
DA:150,0
DA:151,0
DA:153,0
DA:154,0
DA:159,0
DA:163,0
DA:164,0
DA:166,0
DA:170,0
DA:171,0
DA:175,0
DA:176,0
DA:179,0
DA:180,0
DA:181,0
DA:184,0
DA:185,0
DA:186,0
DA:187,0
DA:188,0
DA:189,0
DA:190,0
DA:196,0
DA:197,0
DA:200,0
DA:204,0
DA:208,0
DA:212,0
DA:216,0
DA:217,0
DA:221,0
DA:233,0
DA:234,0
DA:235,0
DA:236,0
DA:237,0
DA:240,0
DA:249,0
DA:250,0
DA:251,0
DA:252,0
DA:257,0
DA:258,0
DA:259,0
DA:264,0
DA:265,0
DA:269,0
DA:273,0
DA:277,0
DA:281,0
DA:282,0
DA:286,0
DA:287,0
DA:291,0
DA:295,0
DA:296,0
DA:300,0
DA:301,0
DA:303,0
DA:304,0
DA:305,0
DA:306,0
DA:310,0
DA:314,0
DA:317,0
DA:319,0
DA:320,0
DA:321,0
DA:322,0
DA:324,0
DA:334,0
DA:335,0
DA:337,0
DA:338,0
DA:348,0
DA:349,0
DA:350,0
DA:352,0
LF:115
LH:0
BRDA:4,0,0,0
BRDA:4,0,1,0
BRDA:16,1,0,0
BRDA:16,1,1,0
BRDA:71,2,0,0
BRDA:71,2,1,0
BRDA:73,3,0,0
BRDA:73,3,1,0
BRDA:98,4,0,0
BRDA:98,4,1,0
BRDA:100,5,0,0
BRDA:100,5,1,0
BRDA:117,6,0,0
BRDA:117,6,1,0
BRDA:118,7,0,0
BRDA:118,7,1,0
BRDA:121,8,0,0
BRDA:121,8,1,0
BRDA:123,9,0,0
BRDA:123,9,1,0
BRDA:145,10,0,0
BRDA:145,10,1,0
BRDA:169,11,0,0
BRDA:175,12,0,0
BRDA:175,13,0,0
BRDA:175,13,1,0
BRDA:180,14,0,0
BRDA:184,15,0,0
BRDA:189,16,0,0
BRDA:196,17,0,0
BRDA:250,18,0,0
BRDA:258,19,0,0
BRDA:281,20,0,0
BRDA:281,20,1,0
BRDA:295,21,0,0
BRDA:295,21,1,0
BRDA:299,22,0,0
BRDA:304,23,0,0
BRDA:349,24,0,0
BRDA:349,24,1,0
BRF:40
BRH:0
end_of_record
TN:
SF:src/types/social.ts
FN:166,(anonymous_0)
FN:173,(anonymous_1)
FN:179,(anonymous_2)
FN:185,(anonymous_3)
FN:191,(anonymous_4)
FN:197,(anonymous_5)
FN:204,(anonymous_6)
FN:211,(anonymous_7)
FNF:8
FNH:0
FNDA:0,(anonymous_0)
FNDA:0,(anonymous_1)
FNDA:0,(anonymous_2)
FNDA:0,(anonymous_3)
FNDA:0,(anonymous_4)
FNDA:0,(anonymous_5)
FNDA:0,(anonymous_6)
FNDA:0,(anonymous_7)
DA:1,0
DA:5,0
DA:14,0
DA:18,0
DA:29,0
DA:35,0
DA:46,0
DA:53,0
DA:63,0
DA:70,0
DA:79,0
DA:83,0
DA:95,0
DA:106,0
DA:116,0
DA:128,0
DA:165,0
DA:167,0
DA:168,0
DA:172,0
DA:174,0
DA:178,0
DA:180,0
DA:184,0
DA:186,0
DA:190,0
DA:192,0
DA:196,0
DA:198,0
DA:199,0
DA:203,0
DA:205,0
DA:206,0
DA:210,0
DA:212,0
LF:35
LH:0
BRDA:197,0,0,0
BRF:1
BRH:0
end_of_record
TN:
SF:src/types/statistics.ts
FN:4,(anonymous_0)
FN:12,(anonymous_1)
FNF:2
FNH:2
FNDA:1,(anonymous_0)
FNDA:1,(anonymous_1)
DA:1,1
DA:4,1
DA:5,1
DA:6,1
DA:7,1
DA:8,1
DA:9,1
DA:12,1
DA:13,1
DA:14,1
DA:15,1
DA:16,1
DA:20,1
DA:77,1
DA:108,1
DA:143,1
DA:169,1
DA:177,1
LF:18
LH:18
BRDA:4,0,0,1
BRDA:4,0,1,1
BRDA:12,1,0,1
BRDA:12,1,1,1
BRF:4
BRH:4
end_of_record
